[0.158s] DEBUG:colcon:Command line arguments: ['/usr/bin/colcon', 'build']
[0.158s] DEBUG:colcon:Parsed command line arguments: Namespace(allow_overriding=[], ament_cmake_args=None, base_paths=['.'], build_base='build', catkin_cmake_args=None, catkin_skip_building_tests=False, cmake_args=None, cmake_clean_cache=False, cmake_clean_first=False, cmake_force_configure=False, cmake_target=None, cmake_target_skip_unavailable=False, continue_on_error=False, event_handlers=None, executor='parallel', ignore_user_meta=False, install_base='install', log_base=None, log_level=None, main=<bound method BuildVerb.main of <colcon_core.verb.build.BuildVerb object at 0x7f4103093af0>>, merge_install=False, metas=['./colcon.meta'], mixin=None, mixin_files=None, mixin_verb=('build',), packages_above=None, packages_above_and_dependencies=None, packages_above_depth=None, packages_end=None, packages_ignore=None, packages_ignore_regex=None, packages_select=None, packages_select_build_failed=False, packages_select_by_dep=None, packages_select_regex=None, packages_select_test_failures=False, packages_skip=None, packages_skip_build_finished=False, packages_skip_by_dep=None, packages_skip_regex=None, packages_skip_test_passed=False, packages_skip_up_to=None, packages_start=None, packages_up_to=None, packages_up_to_regex=None, parallel_workers=8, paths=None, symlink_install=False, test_result_base=None, verb_extension=<colcon_core.verb.build.BuildVerb object at 0x7f4103093af0>, verb_name='build', verb_parser=<colcon_mixin.mixin.mixin_argument.MixinArgumentDecorator object at 0x7f41030a0100>)
[0.178s] Level 1:colcon.colcon_core.package_discovery:discover_packages(colcon_meta) check parameters
[0.179s] INFO:colcon.colcon_metadata.package_discovery.colcon_meta:Using configuration from '/home/mara/.colcon/metadata/default/Gazebo.meta'
[0.179s] INFO:colcon.colcon_metadata.package_discovery.colcon_meta:Using configuration from '/home/mara/.colcon/metadata/default/fastrtps.meta'
[0.179s] Level 1:colcon.colcon_core.package_discovery:discover_packages(recursive) check parameters
[0.179s] Level 1:colcon.colcon_core.package_discovery:discover_packages(ignore) check parameters
[0.179s] Level 1:colcon.colcon_core.package_discovery:discover_packages(path) check parameters
[0.179s] Level 1:colcon.colcon_core.package_discovery:discover_packages(colcon_meta) discover
[0.180s] Level 1:colcon.colcon_core.package_discovery:discover_packages(recursive) discover
[0.180s] INFO:colcon.colcon_core.package_discovery:Crawling recursively for packages in '/home/mara/demo_ws'
[0.180s] Level 1:colcon.colcon_core.package_identification:_identify(.) by extensions ['ignore', 'ignore_ament_install']
[0.180s] Level 1:colcon.colcon_core.package_identification:_identify(.) by extension 'ignore'
[0.180s] Level 1:colcon.colcon_core.package_identification:_identify(.) by extension 'ignore_ament_install'
[0.180s] Level 1:colcon.colcon_core.package_identification:_identify(.) by extensions ['colcon_pkg']
[0.180s] Level 1:colcon.colcon_core.package_identification:_identify(.) by extension 'colcon_pkg'
[0.180s] Level 1:colcon.colcon_core.package_identification:_identify(.) by extensions ['colcon_meta']
[0.180s] Level 1:colcon.colcon_core.package_identification:_identify(.) by extension 'colcon_meta'
[0.180s] Level 1:colcon.colcon_core.package_identification:_identify(.) by extensions ['ros']
[0.180s] Level 1:colcon.colcon_core.package_identification:_identify(.) by extension 'ros'
[0.242s] Level 1:colcon.colcon_core.package_identification:_identify(.) by extensions ['cmake', 'python']
[0.242s] Level 1:colcon.colcon_core.package_identification:_identify(.) by extension 'cmake'
[0.242s] Level 1:colcon.colcon_core.package_identification:_identify(.) by extension 'python'
[0.242s] Level 1:colcon.colcon_core.package_identification:_identify(.) by extensions ['python_setup_py']
[0.242s] Level 1:colcon.colcon_core.package_identification:_identify(.) by extension 'python_setup_py'
[0.242s] Level 1:colcon.colcon_core.package_identification:_identify(build) by extensions ['ignore', 'ignore_ament_install']
[0.243s] Level 1:colcon.colcon_core.package_identification:_identify(build) by extension 'ignore'
[0.243s] Level 1:colcon.colcon_core.package_identification:_identify(build) ignored
[0.243s] Level 1:colcon.colcon_core.package_identification:_identify(install) by extensions ['ignore', 'ignore_ament_install']
[0.243s] Level 1:colcon.colcon_core.package_identification:_identify(install) by extension 'ignore'
[0.243s] Level 1:colcon.colcon_core.package_identification:_identify(install) ignored
[0.243s] Level 1:colcon.colcon_core.package_identification:_identify(log) by extensions ['ignore', 'ignore_ament_install']
[0.243s] Level 1:colcon.colcon_core.package_identification:_identify(log) by extension 'ignore'
[0.243s] Level 1:colcon.colcon_core.package_identification:_identify(log) ignored
[0.243s] Level 1:colcon.colcon_core.package_identification:_identify(src) by extensions ['ignore', 'ignore_ament_install']
[0.243s] Level 1:colcon.colcon_core.package_identification:_identify(src) by extension 'ignore'
[0.243s] Level 1:colcon.colcon_core.package_identification:_identify(src) by extension 'ignore_ament_install'
[0.243s] Level 1:colcon.colcon_core.package_identification:_identify(src) by extensions ['colcon_pkg']
[0.243s] Level 1:colcon.colcon_core.package_identification:_identify(src) by extension 'colcon_pkg'
[0.244s] Level 1:colcon.colcon_core.package_identification:_identify(src) by extensions ['colcon_meta']
[0.244s] Level 1:colcon.colcon_core.package_identification:_identify(src) by extension 'colcon_meta'
[0.244s] Level 1:colcon.colcon_core.package_identification:_identify(src) by extensions ['ros']
[0.244s] Level 1:colcon.colcon_core.package_identification:_identify(src) by extension 'ros'
[0.244s] Level 1:colcon.colcon_core.package_identification:_identify(src) by extensions ['cmake', 'python']
[0.244s] Level 1:colcon.colcon_core.package_identification:_identify(src) by extension 'cmake'
[0.244s] Level 1:colcon.colcon_core.package_identification:_identify(src) by extension 'python'
[0.244s] Level 1:colcon.colcon_core.package_identification:_identify(src) by extensions ['python_setup_py']
[0.244s] Level 1:colcon.colcon_core.package_identification:_identify(src) by extension 'python_setup_py'
[0.244s] Level 1:colcon.colcon_core.package_identification:_identify(src/build) by extensions ['ignore', 'ignore_ament_install']
[0.244s] Level 1:colcon.colcon_core.package_identification:_identify(src/build) by extension 'ignore'
[0.244s] Level 1:colcon.colcon_core.package_identification:_identify(src/build) ignored
[0.244s] Level 1:colcon.colcon_core.package_identification:_identify(src/carro_pkg) by extensions ['ignore', 'ignore_ament_install']
[0.244s] Level 1:colcon.colcon_core.package_identification:_identify(src/carro_pkg) by extension 'ignore'
[0.244s] Level 1:colcon.colcon_core.package_identification:_identify(src/carro_pkg) by extension 'ignore_ament_install'
[0.244s] Level 1:colcon.colcon_core.package_identification:_identify(src/carro_pkg) by extensions ['colcon_pkg']
[0.244s] Level 1:colcon.colcon_core.package_identification:_identify(src/carro_pkg) by extension 'colcon_pkg'
[0.244s] Level 1:colcon.colcon_core.package_identification:_identify(src/carro_pkg) by extensions ['colcon_meta']
[0.244s] Level 1:colcon.colcon_core.package_identification:_identify(src/carro_pkg) by extension 'colcon_meta'
[0.245s] Level 1:colcon.colcon_core.package_identification:_identify(src/carro_pkg) by extensions ['ros']
[0.245s] Level 1:colcon.colcon_core.package_identification:_identify(src/carro_pkg) by extension 'ros'
[0.247s] DEBUG:colcon.colcon_core.package_identification:Package 'src/carro_pkg' with type 'ros.ament_python' and name 'carro_pkg'
[0.247s] Level 1:colcon.colcon_core.package_identification:_identify(src/install) by extensions ['ignore', 'ignore_ament_install']
[0.247s] Level 1:colcon.colcon_core.package_identification:_identify(src/install) by extension 'ignore'
[0.247s] Level 1:colcon.colcon_core.package_identification:_identify(src/install) ignored
[0.247s] Level 1:colcon.colcon_core.package_identification:_identify(src/log) by extensions ['ignore', 'ignore_ament_install']
[0.247s] Level 1:colcon.colcon_core.package_identification:_identify(src/log) by extension 'ignore'
[0.247s] Level 1:colcon.colcon_core.package_identification:_identify(src/log) ignored
[0.247s] Level 1:colcon.colcon_core.package_identification:_identify(src/my_pkg) by extensions ['ignore', 'ignore_ament_install']
[0.247s] Level 1:colcon.colcon_core.package_identification:_identify(src/my_pkg) by extension 'ignore'
[0.247s] Level 1:colcon.colcon_core.package_identification:_identify(src/my_pkg) by extension 'ignore_ament_install'
[0.247s] Level 1:colcon.colcon_core.package_identification:_identify(src/my_pkg) by extensions ['colcon_pkg']
[0.247s] Level 1:colcon.colcon_core.package_identification:_identify(src/my_pkg) by extension 'colcon_pkg'
[0.247s] Level 1:colcon.colcon_core.package_identification:_identify(src/my_pkg) by extensions ['colcon_meta']
[0.247s] Level 1:colcon.colcon_core.package_identification:_identify(src/my_pkg) by extension 'colcon_meta'
[0.248s] Level 1:colcon.colcon_core.package_identification:_identify(src/my_pkg) by extensions ['ros']
[0.248s] Level 1:colcon.colcon_core.package_identification:_identify(src/my_pkg) by extension 'ros'
[0.248s] DEBUG:colcon.colcon_core.package_identification:Package 'src/my_pkg' with type 'ros.ament_python' and name 'my_pkg'
[0.248s] Level 1:colcon.colcon_core.package_discovery:discover_packages(recursive) using defaults
[0.248s] Level 1:colcon.colcon_core.package_discovery:discover_packages(ignore) discover
[0.248s] Level 1:colcon.colcon_core.package_discovery:discover_packages(ignore) using defaults
[0.248s] Level 1:colcon.colcon_core.package_discovery:discover_packages(path) discover
[0.248s] Level 1:colcon.colcon_core.package_discovery:discover_packages(path) using defaults
[0.267s] Level 1:colcon.colcon_core.package_discovery:discover_packages(prefix_path) check parameters
[0.267s] Level 1:colcon.colcon_core.package_discovery:discover_packages(prefix_path) discover
[0.269s] DEBUG:colcon.colcon_installed_package_information.package_discovery:Found 5 installed packages in /home/mara/demo_ws/install
[0.270s] DEBUG:colcon.colcon_installed_package_information.package_discovery:Found 2 installed packages in /home/mara/px4_ros_com_ros2/install
[0.271s] DEBUG:colcon.colcon_installed_package_information.package_discovery:Found 342 installed packages in /opt/ros/foxy
[0.273s] Level 1:colcon.colcon_core.package_discovery:discover_packages(prefix_path) using defaults
[0.344s] Level 5:colcon.colcon_core.verb:set package 'carro_pkg' build argument 'cmake_args' from command line to 'None'
[0.344s] Level 5:colcon.colcon_core.verb:set package 'carro_pkg' build argument 'cmake_target' from command line to 'None'
[0.344s] Level 5:colcon.colcon_core.verb:set package 'carro_pkg' build argument 'cmake_target_skip_unavailable' from command line to 'False'
[0.344s] Level 5:colcon.colcon_core.verb:set package 'carro_pkg' build argument 'cmake_clean_cache' from command line to 'False'
[0.344s] Level 5:colcon.colcon_core.verb:set package 'carro_pkg' build argument 'cmake_clean_first' from command line to 'False'
[0.344s] Level 5:colcon.colcon_core.verb:set package 'carro_pkg' build argument 'cmake_force_configure' from command line to 'False'
[0.344s] Level 5:colcon.colcon_core.verb:set package 'carro_pkg' build argument 'ament_cmake_args' from command line to 'None'
[0.344s] Level 5:colcon.colcon_core.verb:set package 'carro_pkg' build argument 'catkin_cmake_args' from command line to 'None'
[0.344s] Level 5:colcon.colcon_core.verb:set package 'carro_pkg' build argument 'catkin_skip_building_tests' from command line to 'False'
[0.344s] DEBUG:colcon.colcon_core.verb:Building package 'carro_pkg' with the following arguments: {'ament_cmake_args': None, 'build_base': '/home/mara/demo_ws/build/carro_pkg', 'catkin_cmake_args': None, 'catkin_skip_building_tests': False, 'cmake_args': None, 'cmake_clean_cache': False, 'cmake_clean_first': False, 'cmake_force_configure': False, 'cmake_target': None, 'cmake_target_skip_unavailable': False, 'install_base': '/home/mara/demo_ws/install/carro_pkg', 'merge_install': False, 'path': '/home/mara/demo_ws/src/carro_pkg', 'symlink_install': False, 'test_result_base': None}
[0.345s] Level 5:colcon.colcon_core.verb:set package 'my_pkg' build argument 'cmake_args' from command line to 'None'
[0.345s] Level 5:colcon.colcon_core.verb:set package 'my_pkg' build argument 'cmake_target' from command line to 'None'
[0.345s] Level 5:colcon.colcon_core.verb:set package 'my_pkg' build argument 'cmake_target_skip_unavailable' from command line to 'False'
[0.345s] Level 5:colcon.colcon_core.verb:set package 'my_pkg' build argument 'cmake_clean_cache' from command line to 'False'
[0.345s] Level 5:colcon.colcon_core.verb:set package 'my_pkg' build argument 'cmake_clean_first' from command line to 'False'
[0.345s] Level 5:colcon.colcon_core.verb:set package 'my_pkg' build argument 'cmake_force_configure' from command line to 'False'
[0.345s] Level 5:colcon.colcon_core.verb:set package 'my_pkg' build argument 'ament_cmake_args' from command line to 'None'
[0.345s] Level 5:colcon.colcon_core.verb:set package 'my_pkg' build argument 'catkin_cmake_args' from command line to 'None'
[0.345s] Level 5:colcon.colcon_core.verb:set package 'my_pkg' build argument 'catkin_skip_building_tests' from command line to 'False'
[0.345s] DEBUG:colcon.colcon_core.verb:Building package 'my_pkg' with the following arguments: {'ament_cmake_args': None, 'build_base': '/home/mara/demo_ws/build/my_pkg', 'catkin_cmake_args': None, 'catkin_skip_building_tests': False, 'cmake_args': None, 'cmake_clean_cache': False, 'cmake_clean_first': False, 'cmake_force_configure': False, 'cmake_target': None, 'cmake_target_skip_unavailable': False, 'install_base': '/home/mara/demo_ws/install/my_pkg', 'merge_install': False, 'path': '/home/mara/demo_ws/src/my_pkg', 'symlink_install': False, 'test_result_base': None}
[0.345s] INFO:colcon.colcon_core.executor:Executing jobs using 'parallel' executor
[0.347s] DEBUG:colcon.colcon_parallel_executor.executor.parallel:run_until_complete
[0.348s] INFO:colcon.colcon_ros.task.ament_python.build:Building ROS package in '/home/mara/demo_ws/src/carro_pkg' with build type 'ament_python'
[0.348s] Level 1:colcon.colcon_core.shell:create_environment_hook('carro_pkg', 'ament_prefix_path')
[0.351s] INFO:colcon.colcon_core.plugin_system:Skipping extension 'colcon_core.shell.bat': Not used on non-Windows systems
[0.351s] INFO:colcon.colcon_core.shell:Creating environment hook '/home/mara/demo_ws/install/carro_pkg/share/carro_pkg/hook/ament_prefix_path.ps1'
[0.352s] INFO:colcon.colcon_core.shell:Creating environment descriptor '/home/mara/demo_ws/install/carro_pkg/share/carro_pkg/hook/ament_prefix_path.dsv'
[0.352s] INFO:colcon.colcon_core.shell:Creating environment hook '/home/mara/demo_ws/install/carro_pkg/share/carro_pkg/hook/ament_prefix_path.sh'
[0.353s] INFO:colcon.colcon_core.shell:Skip shell extension 'powershell' for command environment: Not usable outside of PowerShell
[0.353s] DEBUG:colcon.colcon_core.shell:Skip shell extension 'dsv' for command environment
[0.359s] INFO:colcon.colcon_ros.task.ament_python.build:Building ROS package in '/home/mara/demo_ws/src/my_pkg' with build type 'ament_python'
[0.359s] Level 1:colcon.colcon_core.shell:create_environment_hook('my_pkg', 'ament_prefix_path')
[0.360s] INFO:colcon.colcon_core.shell:Creating environment hook '/home/mara/demo_ws/install/my_pkg/share/my_pkg/hook/ament_prefix_path.ps1'
[0.361s] INFO:colcon.colcon_core.shell:Creating environment descriptor '/home/mara/demo_ws/install/my_pkg/share/my_pkg/hook/ament_prefix_path.dsv'
[0.361s] INFO:colcon.colcon_core.shell:Creating environment hook '/home/mara/demo_ws/install/my_pkg/share/my_pkg/hook/ament_prefix_path.sh'
[0.362s] INFO:colcon.colcon_core.shell:Skip shell extension 'powershell' for command environment: Not usable outside of PowerShell
[0.362s] DEBUG:colcon.colcon_core.shell:Skip shell extension 'dsv' for command environment
[0.654s] INFO:colcon.colcon_core.task.python.build:Building Python package in '/home/mara/demo_ws/src/carro_pkg'
[0.655s] INFO:colcon.colcon_core.shell:Skip shell extension 'powershell' for command environment: Not usable outside of PowerShell
[0.655s] DEBUG:colcon.colcon_core.shell:Skip shell extension 'dsv' for command environment
[0.945s] INFO:colcon.colcon_core.task.python.build:Building Python package in '/home/mara/demo_ws/src/my_pkg'
[0.946s] INFO:colcon.colcon_core.shell:Skip shell extension 'powershell' for command environment: Not usable outside of PowerShell
[0.946s] DEBUG:colcon.colcon_core.shell:Skip shell extension 'dsv' for command environment
[1.402s] DEBUG:colcon.colcon_core.event_handler.log_command:Invoking command in '/home/mara/demo_ws/src/my_pkg': PYTHONPATH=/home/mara/demo_ws/install/my_pkg/lib/python3.8/site-packages:${PYTHONPATH} /usr/bin/python3 setup.py egg_info --egg-base ../../build/my_pkg build --build-base /home/mara/demo_ws/build/my_pkg/build install --prefix /home/mara/demo_ws/install/my_pkg --record /home/mara/demo_ws/build/my_pkg/install.log --single-version-externally-managed
[1.410s] DEBUG:colcon.colcon_core.event_handler.log_command:Invoking command in '/home/mara/demo_ws/build/carro_pkg': PYTHONPATH=/home/mara/demo_ws/install/carro_pkg/lib/python3.8/site-packages:${PYTHONPATH} /usr/bin/python3 setup.py develop --prefix /home/mara/demo_ws/install/carro_pkg --uninstall --editable --build-directory /home/mara/demo_ws/build/carro_pkg/build
[1.733s] DEBUG:colcon.colcon_core.event_handler.log_command:Invoked command in '/home/mara/demo_ws/src/my_pkg' returned '0': PYTHONPATH=/home/mara/demo_ws/install/my_pkg/lib/python3.8/site-packages:${PYTHONPATH} /usr/bin/python3 setup.py egg_info --egg-base ../../build/my_pkg build --build-base /home/mara/demo_ws/build/my_pkg/build install --prefix /home/mara/demo_ws/install/my_pkg --record /home/mara/demo_ws/build/my_pkg/install.log --single-version-externally-managed
[1.737s] Level 1:colcon.colcon_core.environment:checking '/home/mara/demo_ws/install/my_pkg' for CMake module files
[1.738s] Level 1:colcon.colcon_core.environment:checking '/home/mara/demo_ws/install/my_pkg' for CMake config files
[1.738s] Level 1:colcon.colcon_core.environment:checking '/home/mara/demo_ws/install/my_pkg/lib'
[1.738s] Level 1:colcon.colcon_core.environment:checking '/home/mara/demo_ws/install/my_pkg/bin'
[1.738s] Level 1:colcon.colcon_core.environment:checking '/home/mara/demo_ws/install/my_pkg/lib/pkgconfig/my_pkg.pc'
[1.739s] Level 1:colcon.colcon_core.environment:checking '/home/mara/demo_ws/install/my_pkg/lib/python3.8/site-packages'
[1.739s] Level 1:colcon.colcon_core.shell:create_environment_hook('my_pkg', 'pythonpath')
[1.739s] INFO:colcon.colcon_core.shell:Creating environment hook '/home/mara/demo_ws/install/my_pkg/share/my_pkg/hook/pythonpath.ps1'
[1.740s] INFO:colcon.colcon_core.shell:Creating environment descriptor '/home/mara/demo_ws/install/my_pkg/share/my_pkg/hook/pythonpath.dsv'
[1.740s] INFO:colcon.colcon_core.shell:Creating environment hook '/home/mara/demo_ws/install/my_pkg/share/my_pkg/hook/pythonpath.sh'
[1.740s] Level 1:colcon.colcon_core.environment:checking '/home/mara/demo_ws/install/my_pkg/bin'
[1.740s] Level 1:colcon.colcon_core.environment:create_environment_scripts_only(my_pkg)
[1.741s] INFO:colcon.colcon_core.shell:Creating package script '/home/mara/demo_ws/install/my_pkg/share/my_pkg/package.ps1'
[1.742s] INFO:colcon.colcon_core.shell:Creating package descriptor '/home/mara/demo_ws/install/my_pkg/share/my_pkg/package.dsv'
[1.742s] INFO:colcon.colcon_core.shell:Creating package script '/home/mara/demo_ws/install/my_pkg/share/my_pkg/package.sh'
[1.743s] INFO:colcon.colcon_core.shell:Creating package script '/home/mara/demo_ws/install/my_pkg/share/my_pkg/package.bash'
[1.743s] INFO:colcon.colcon_core.shell:Creating package script '/home/mara/demo_ws/install/my_pkg/share/my_pkg/package.zsh'
[1.744s] Level 1:colcon.colcon_core.environment:create_file_with_runtime_dependencies(/home/mara/demo_ws/install/my_pkg/share/colcon-core/packages/my_pkg)
[1.915s] DEBUG:colcon.colcon_core.event_handler.log_command:Invoked command in '/home/mara/demo_ws/build/carro_pkg' returned '0': PYTHONPATH=/home/mara/demo_ws/install/carro_pkg/lib/python3.8/site-packages:${PYTHONPATH} /usr/bin/python3 setup.py develop --prefix /home/mara/demo_ws/install/carro_pkg --uninstall --editable --build-directory /home/mara/demo_ws/build/carro_pkg/build
[1.917s] DEBUG:colcon.colcon_core.event_handler.log_command:Invoking command in '/home/mara/demo_ws/src/carro_pkg': PYTHONPATH=/home/mara/demo_ws/install/carro_pkg/lib/python3.8/site-packages:${PYTHONPATH} /usr/bin/python3 setup.py egg_info --egg-base ../../build/carro_pkg build --build-base /home/mara/demo_ws/build/carro_pkg/build install --prefix /home/mara/demo_ws/install/carro_pkg --record /home/mara/demo_ws/build/carro_pkg/install.log --single-version-externally-managed
[2.232s] Level 1:colcon.colcon_core.environment:checking '/home/mara/demo_ws/install/carro_pkg' for CMake module files
[2.232s] DEBUG:colcon.colcon_core.event_handler.log_command:Invoked command in '/home/mara/demo_ws/src/carro_pkg' returned '0': PYTHONPATH=/home/mara/demo_ws/install/carro_pkg/lib/python3.8/site-packages:${PYTHONPATH} /usr/bin/python3 setup.py egg_info --egg-base ../../build/carro_pkg build --build-base /home/mara/demo_ws/build/carro_pkg/build install --prefix /home/mara/demo_ws/install/carro_pkg --record /home/mara/demo_ws/build/carro_pkg/install.log --single-version-externally-managed
[2.233s] Level 1:colcon.colcon_core.environment:checking '/home/mara/demo_ws/install/carro_pkg' for CMake config files
[2.233s] Level 1:colcon.colcon_core.environment:checking '/home/mara/demo_ws/install/carro_pkg/lib'
[2.233s] Level 1:colcon.colcon_core.environment:checking '/home/mara/demo_ws/install/carro_pkg/bin'
[2.233s] Level 1:colcon.colcon_core.environment:checking '/home/mara/demo_ws/install/carro_pkg/lib/pkgconfig/carro_pkg.pc'
[2.233s] Level 1:colcon.colcon_core.environment:checking '/home/mara/demo_ws/install/carro_pkg/lib/python3.8/site-packages'
[2.234s] Level 1:colcon.colcon_core.shell:create_environment_hook('carro_pkg', 'pythonpath')
[2.234s] INFO:colcon.colcon_core.shell:Creating environment hook '/home/mara/demo_ws/install/carro_pkg/share/carro_pkg/hook/pythonpath.ps1'
[2.235s] INFO:colcon.colcon_core.shell:Creating environment descriptor '/home/mara/demo_ws/install/carro_pkg/share/carro_pkg/hook/pythonpath.dsv'
[2.235s] INFO:colcon.colcon_core.shell:Creating environment hook '/home/mara/demo_ws/install/carro_pkg/share/carro_pkg/hook/pythonpath.sh'
[2.235s] Level 1:colcon.colcon_core.environment:checking '/home/mara/demo_ws/install/carro_pkg/bin'
[2.236s] Level 1:colcon.colcon_core.environment:create_environment_scripts_only(carro_pkg)
[2.236s] INFO:colcon.colcon_core.shell:Creating package script '/home/mara/demo_ws/install/carro_pkg/share/carro_pkg/package.ps1'
[2.237s] INFO:colcon.colcon_core.shell:Creating package descriptor '/home/mara/demo_ws/install/carro_pkg/share/carro_pkg/package.dsv'
[2.237s] INFO:colcon.colcon_core.shell:Creating package script '/home/mara/demo_ws/install/carro_pkg/share/carro_pkg/package.sh'
[2.237s] INFO:colcon.colcon_core.shell:Creating package script '/home/mara/demo_ws/install/carro_pkg/share/carro_pkg/package.bash'
[2.238s] INFO:colcon.colcon_core.shell:Creating package script '/home/mara/demo_ws/install/carro_pkg/share/carro_pkg/package.zsh'
[2.238s] Level 1:colcon.colcon_core.environment:create_file_with_runtime_dependencies(/home/mara/demo_ws/install/carro_pkg/share/colcon-core/packages/carro_pkg)
[2.238s] DEBUG:colcon.colcon_parallel_executor.executor.parallel:closing loop
[2.239s] DEBUG:colcon.colcon_parallel_executor.executor.parallel:loop closed
[2.239s] DEBUG:colcon.colcon_parallel_executor.executor.parallel:run_until_complete finished with '0'
[2.239s] DEBUG:colcon.colcon_core.event_reactor:joining thread
[2.245s] INFO:colcon.colcon_core.plugin_system:Skipping extension 'colcon_notification.desktop_notification.terminal_notifier': Not used on non-Darwin systems
[2.245s] INFO:colcon.colcon_core.plugin_system:Skipping extension 'colcon_notification.desktop_notification.win32': Not used on non-Windows systems
[2.245s] INFO:colcon.colcon_notification.desktop_notification:Sending desktop notification using 'notify2'
[2.259s] DEBUG:colcon.colcon_core.event_reactor:joined thread
[2.260s] INFO:colcon.colcon_core.shell:Creating prefix script '/home/mara/demo_ws/install/local_setup.ps1'
[2.261s] INFO:colcon.colcon_core.shell:Creating prefix util module '/home/mara/demo_ws/install/_local_setup_util_ps1.py'
[2.262s] INFO:colcon.colcon_core.shell:Creating prefix chain script '/home/mara/demo_ws/install/setup.ps1'
[2.263s] INFO:colcon.colcon_core.shell:Creating prefix script '/home/mara/demo_ws/install/local_setup.sh'
[2.264s] INFO:colcon.colcon_core.shell:Creating prefix util module '/home/mara/demo_ws/install/_local_setup_util_sh.py'
[2.264s] INFO:colcon.colcon_core.shell:Creating prefix chain script '/home/mara/demo_ws/install/setup.sh'
[2.265s] INFO:colcon.colcon_core.shell:Creating prefix script '/home/mara/demo_ws/install/local_setup.bash'
[2.266s] INFO:colcon.colcon_core.shell:Creating prefix chain script '/home/mara/demo_ws/install/setup.bash'
[2.267s] INFO:colcon.colcon_core.shell:Creating prefix script '/home/mara/demo_ws/install/local_setup.zsh'
[2.268s] INFO:colcon.colcon_core.shell:Creating prefix chain script '/home/mara/demo_ws/install/setup.zsh'
