running egg_info
creating ../build/carro_pkg/carro_pkg.egg-info
writing ../build/carro_pkg/carro_pkg.egg-info/PKG-INFO
writing dependency_links to ../build/carro_pkg/carro_pkg.egg-info/dependency_links.txt
writing requirements to ../build/carro_pkg/carro_pkg.egg-info/requires.txt
writing top-level names to ../build/carro_pkg/carro_pkg.egg-info/top_level.txt
writing manifest file '../build/carro_pkg/carro_pkg.egg-info/SOURCES.txt'
reading manifest file '../build/carro_pkg/carro_pkg.egg-info/SOURCES.txt'
writing manifest file '../build/carro_pkg/carro_pkg.egg-info/SOURCES.txt'
running build
running build_py
creating /home/mara/demo_ws/src/build/carro_pkg/build
creating /home/mara/demo_ws/src/build/carro_pkg/build/lib
creating /home/mara/demo_ws/src/build/carro_pkg/build/lib/carro_pkg
copying carro_pkg/__init__.py -> /home/mara/demo_ws/src/build/carro_pkg/build/lib/carro_pkg
running install
/usr/local/lib/python3.8/dist-packages/setuptools/command/install.py:34: SetuptoolsDeprecationWarning: setup.py install is deprecated. Use build and pip and other standards-based tools.
  warnings.warn(
running install_lib
creating /home/mara/demo_ws/src/install/carro_pkg/lib/python3.8/site-packages/carro_pkg
copying /home/mara/demo_ws/src/build/carro_pkg/build/lib/carro_pkg/__init__.py -> /home/mara/demo_ws/src/install/carro_pkg/lib/python3.8/site-packages/carro_pkg
byte-compiling /home/mara/demo_ws/src/install/carro_pkg/lib/python3.8/site-packages/carro_pkg/__init__.py to __init__.cpython-38.pyc
running install_data
creating /home/mara/demo_ws/src/install/carro_pkg/share/ament_index
creating /home/mara/demo_ws/src/install/carro_pkg/share/ament_index/resource_index
creating /home/mara/demo_ws/src/install/carro_pkg/share/ament_index/resource_index/packages
copying resource/carro_pkg -> /home/mara/demo_ws/src/install/carro_pkg/share/ament_index/resource_index/packages
copying package.xml -> /home/mara/demo_ws/src/install/carro_pkg/share/carro_pkg
running install_egg_info
Copying ../build/carro_pkg/carro_pkg.egg-info to /home/mara/demo_ws/src/install/carro_pkg/lib/python3.8/site-packages/carro_pkg-0.0.0-py3.8.egg-info
running install_scripts
writing list of installed files to '/home/mara/demo_ws/src/build/carro_pkg/install.log'
