[1.820s] Invoking command in '/home/mara/demo_ws/src/carro_pkg': PYTHONPATH=/home/mara/demo_ws/src/install/carro_pkg/lib/python3.8/site-packages:${PYTHONPATH} /usr/bin/python3 setup.py egg_info --egg-base ../build/carro_pkg build --build-base /home/mara/demo_ws/src/build/carro_pkg/build install --prefix /home/mara/demo_ws/src/install/carro_pkg --record /home/mara/demo_ws/src/build/carro_pkg/install.log --single-version-externally-managed
[2.673s] running egg_info
[2.674s] creating ../build/carro_pkg/carro_pkg.egg-info
[2.736s] writing ../build/carro_pkg/carro_pkg.egg-info/PKG-INFO
[2.784s] writing dependency_links to ../build/carro_pkg/carro_pkg.egg-info/dependency_links.txt
[3.023s] writing requirements to ../build/carro_pkg/carro_pkg.egg-info/requires.txt
[3.072s] writing top-level names to ../build/carro_pkg/carro_pkg.egg-info/top_level.txt
[3.074s] writing manifest file '../build/carro_pkg/carro_pkg.egg-info/SOURCES.txt'
[3.148s] reading manifest file '../build/carro_pkg/carro_pkg.egg-info/SOURCES.txt'
[3.148s] writing manifest file '../build/carro_pkg/carro_pkg.egg-info/SOURCES.txt'
[3.149s] running build
[3.149s] running build_py
[3.149s] creating /home/mara/demo_ws/src/build/carro_pkg/build
[3.149s] creating /home/mara/demo_ws/src/build/carro_pkg/build/lib
[3.149s] creating /home/mara/demo_ws/src/build/carro_pkg/build/lib/carro_pkg
[3.149s] copying carro_pkg/__init__.py -> /home/mara/demo_ws/src/build/carro_pkg/build/lib/carro_pkg
[3.150s] running install
[3.150s] /usr/local/lib/python3.8/dist-packages/setuptools/command/install.py:34: SetuptoolsDeprecationWarning: setup.py install is deprecated. Use build and pip and other standards-based tools.
[3.150s]   warnings.warn(
[3.154s] running install_lib
[3.225s] creating /home/mara/demo_ws/src/install/carro_pkg/lib/python3.8/site-packages/carro_pkg
[3.226s] copying /home/mara/demo_ws/src/build/carro_pkg/build/lib/carro_pkg/__init__.py -> /home/mara/demo_ws/src/install/carro_pkg/lib/python3.8/site-packages/carro_pkg
[3.226s] byte-compiling /home/mara/demo_ws/src/install/carro_pkg/lib/python3.8/site-packages/carro_pkg/__init__.py to __init__.cpython-38.pyc
[3.226s] running install_data
[3.240s] creating /home/mara/demo_ws/src/install/carro_pkg/share/ament_index
[3.240s] creating /home/mara/demo_ws/src/install/carro_pkg/share/ament_index/resource_index
[3.240s] creating /home/mara/demo_ws/src/install/carro_pkg/share/ament_index/resource_index/packages
[3.240s] copying resource/carro_pkg -> /home/mara/demo_ws/src/install/carro_pkg/share/ament_index/resource_index/packages
[3.240s] copying package.xml -> /home/mara/demo_ws/src/install/carro_pkg/share/carro_pkg
[3.240s] running install_egg_info
[3.302s] Copying ../build/carro_pkg/carro_pkg.egg-info to /home/mara/demo_ws/src/install/carro_pkg/lib/python3.8/site-packages/carro_pkg-0.0.0-py3.8.egg-info
[3.303s] running install_scripts
[3.416s] writing list of installed files to '/home/mara/demo_ws/src/build/carro_pkg/install.log'
[3.456s] Invoked command in '/home/mara/demo_ws/src/carro_pkg' returned '0': PYTHONPATH=/home/mara/demo_ws/src/install/carro_pkg/lib/python3.8/site-packages:${PYTHONPATH} /usr/bin/python3 setup.py egg_info --egg-base ../build/carro_pkg build --build-base /home/mara/demo_ws/src/build/carro_pkg/build install --prefix /home/mara/demo_ws/src/install/carro_pkg --record /home/mara/demo_ws/src/build/carro_pkg/install.log --single-version-externally-managed
