running egg_info
creating ../../build/my_pkg/my_pkg.egg-info
writing manifest file '../../build/my_pkg/my_pkg.egg-info/SOURCES.txt'
writing manifest file '../../build/my_pkg/my_pkg.egg-info/SOURCES.txt'
running build
running build_py
creating /home/mara/demo_ws/build/my_pkg/build
creating /home/mara/demo_ws/build/my_pkg/build/lib
creating /home/mara/demo_ws/build/my_pkg/build/lib/my_pkg
copying my_pkg/__init__.py -> /home/mara/demo_ws/build/my_pkg/build/lib/my_pkg
running install
running install_lib
creating /home/mara/demo_ws/install/my_pkg/lib/python3.8/site-packages/my_pkg
byte-compiling /home/mara/demo_ws/install/my_pkg/lib/python3.8/site-packages/my_pkg/__init__.py to __init__.cpython-38.pyc
running install_data
creating /home/mara/demo_ws/install/my_pkg/share/ament_index
creating /home/mara/demo_ws/install/my_pkg/share/ament_index/resource_index
creating /home/mara/demo_ws/install/my_pkg/share/ament_index/resource_index/packages
copying resource/my_pkg -> /home/mara/demo_ws/install/my_pkg/share/ament_index/resource_index/packages
copying package.xml -> /home/mara/demo_ws/install/my_pkg/share/my_pkg
running install_egg_info
Copying ../../build/my_pkg/my_pkg.egg-info to /home/mara/demo_ws/install/my_pkg/lib/python3.8/site-packages/my_pkg-0.0.0-py3.8.egg-info
running install_scripts
writing list of installed files to '/home/mara/demo_ws/build/my_pkg/install.log'
