[3.642s] Invoking command in '/home/mara/demo_ws/src/my_pkg': PYTHONPATH=/home/mara/demo_ws/install/my_pkg/lib/python3.8/site-packages:${PYTHONPATH} /usr/bin/python3 setup.py egg_info --egg-base ../../build/my_pkg build --build-base /home/mara/demo_ws/build/my_pkg/build install --prefix /home/mara/demo_ws/install/my_pkg --record /home/mara/demo_ws/build/my_pkg/install.log --single-version-externally-managed
[3.903s] /home/mara/.local/lib/python3.8/site-packages/setuptools/dist.py:717: UserWarning: Usage of dash-separated 'script-dir' will not be supported in future versions. Please use the underscore name 'script_dir' instead
[3.903s]   warnings.warn(
[3.903s] /home/mara/.local/lib/python3.8/site-packages/setuptools/dist.py:717: UserWarning: Usage of dash-separated 'install-scripts' will not be supported in future versions. Please use the underscore name 'install_scripts' instead
[3.903s]   warnings.warn(
[3.930s] running egg_info
[3.930s] creating ../../build/my_pkg/my_pkg.egg-info
[4.433s] writing manifest file '../../build/my_pkg/my_pkg.egg-info/SOURCES.txt'
[4.436s] writing manifest file '../../build/my_pkg/my_pkg.egg-info/SOURCES.txt'
[4.436s] running build
[4.436s] running build_py
[4.436s] creating /home/mara/demo_ws/build/my_pkg/build
[4.436s] creating /home/mara/demo_ws/build/my_pkg/build/lib
[4.436s] creating /home/mara/demo_ws/build/my_pkg/build/lib/my_pkg
[4.436s] copying my_pkg/__init__.py -> /home/mara/demo_ws/build/my_pkg/build/lib/my_pkg
[4.436s] running install
[4.437s] running install_lib
[4.437s] creating /home/mara/demo_ws/install/my_pkg/lib/python3.8/site-packages/my_pkg
[4.438s] byte-compiling /home/mara/demo_ws/install/my_pkg/lib/python3.8/site-packages/my_pkg/__init__.py to __init__.cpython-38.pyc
[4.438s] running install_data
[4.439s] creating /home/mara/demo_ws/install/my_pkg/share/ament_index
[4.439s] creating /home/mara/demo_ws/install/my_pkg/share/ament_index/resource_index
[4.439s] creating /home/mara/demo_ws/install/my_pkg/share/ament_index/resource_index/packages
[4.439s] copying resource/my_pkg -> /home/mara/demo_ws/install/my_pkg/share/ament_index/resource_index/packages
[4.439s] copying package.xml -> /home/mara/demo_ws/install/my_pkg/share/my_pkg
[4.439s] running install_egg_info
[4.441s] Copying ../../build/my_pkg/my_pkg.egg-info to /home/mara/demo_ws/install/my_pkg/lib/python3.8/site-packages/my_pkg-0.0.0-py3.8.egg-info
[4.441s] running install_scripts
[4.459s] writing list of installed files to '/home/mara/demo_ws/build/my_pkg/install.log'
[4.480s] Invoked command in '/home/mara/demo_ws/src/my_pkg' returned '0': PYTHONPATH=/home/mara/demo_ws/install/my_pkg/lib/python3.8/site-packages:${PYTHONPATH} /usr/bin/python3 setup.py egg_info --egg-base ../../build/my_pkg build --build-base /home/mara/demo_ws/build/my_pkg/build install --prefix /home/mara/demo_ws/install/my_pkg --record /home/mara/demo_ws/build/my_pkg/install.log --single-version-externally-managed
