/home/mara/.local/lib/python3.8/site-packages/setuptools/dist.py:717: UserWarning: Usage of dash-separated 'script-dir' will not be supported in future versions. Please use the underscore name 'script_dir' instead
  warnings.warn(
/home/mara/.local/lib/python3.8/site-packages/setuptools/dist.py:717: UserWarning: Usage of dash-separated 'install-scripts' will not be supported in future versions. Please use the underscore name 'install_scripts' instead
  warnings.warn(
running egg_info
creating ../../build/model_control/model_control.egg-info
writing manifest file '../../build/model_control/model_control.egg-info/SOURCES.txt'
writing manifest file '../../build/model_control/model_control.egg-info/SOURCES.txt'
running build
running build_py
creating /home/mara/demo_ws/build/model_control/build
creating /home/mara/demo_ws/build/model_control/build/lib
creating /home/mara/demo_ws/build/model_control/build/lib/model_control
copying model_control/__init__.py -> /home/mara/demo_ws/build/model_control/build/lib/model_control
running install
running install_lib
creating /home/mara/demo_ws/install/model_control/lib/python3.8/site-packages/model_control
byte-compiling /home/mara/demo_ws/install/model_control/lib/python3.8/site-packages/model_control/__init__.py to __init__.cpython-38.pyc
running install_data
creating /home/mara/demo_ws/install/model_control/share/ament_index
creating /home/mara/demo_ws/install/model_control/share/ament_index/resource_index
creating /home/mara/demo_ws/install/model_control/share/ament_index/resource_index/packages
copying resource/model_control -> /home/mara/demo_ws/install/model_control/share/ament_index/resource_index/packages
copying package.xml -> /home/mara/demo_ws/install/model_control/share/model_control
running install_egg_info
Copying ../../build/model_control/model_control.egg-info to /home/mara/demo_ws/install/model_control/lib/python3.8/site-packages/model_control-0.0.0-py3.8.egg-info
running install_scripts
writing list of installed files to '/home/mara/demo_ws/build/model_control/install.log'
