[2.029s] Invoking command in '/home/mara/demo_ws/src/model_control': PYTHONPATH=/home/mara/demo_ws/install/model_control/lib/python3.8/site-packages:${PYTHONPATH} /usr/bin/python3 setup.py egg_info --egg-base ../../build/model_control build --build-base /home/mara/demo_ws/build/model_control/build install --prefix /home/mara/demo_ws/install/model_control --record /home/mara/demo_ws/build/model_control/install.log --single-version-externally-managed
[2.275s] /home/mara/.local/lib/python3.8/site-packages/setuptools/dist.py:717: UserWarning: Usage of dash-separated 'script-dir' will not be supported in future versions. Please use the underscore name 'script_dir' instead
[2.275s]   warnings.warn(
[2.275s] /home/mara/.local/lib/python3.8/site-packages/setuptools/dist.py:717: UserWarning: Usage of dash-separated 'install-scripts' will not be supported in future versions. Please use the underscore name 'install_scripts' instead
[2.275s]   warnings.warn(
[2.302s] running egg_info
[2.303s] creating ../../build/model_control/model_control.egg-info
[2.305s] writing manifest file '../../build/model_control/model_control.egg-info/SOURCES.txt'
[2.307s] writing manifest file '../../build/model_control/model_control.egg-info/SOURCES.txt'
[2.308s] running build
[2.308s] running build_py
[2.308s] creating /home/mara/demo_ws/build/model_control/build
[2.308s] creating /home/mara/demo_ws/build/model_control/build/lib
[2.308s] creating /home/mara/demo_ws/build/model_control/build/lib/model_control
[2.308s] copying model_control/__init__.py -> /home/mara/demo_ws/build/model_control/build/lib/model_control
[2.308s] running install
[2.309s] running install_lib
[2.309s] creating /home/mara/demo_ws/install/model_control/lib/python3.8/site-packages/model_control
[2.310s] byte-compiling /home/mara/demo_ws/install/model_control/lib/python3.8/site-packages/model_control/__init__.py to __init__.cpython-38.pyc
[2.310s] running install_data
[2.311s] creating /home/mara/demo_ws/install/model_control/share/ament_index
[2.311s] creating /home/mara/demo_ws/install/model_control/share/ament_index/resource_index
[2.311s] creating /home/mara/demo_ws/install/model_control/share/ament_index/resource_index/packages
[2.311s] copying resource/model_control -> /home/mara/demo_ws/install/model_control/share/ament_index/resource_index/packages
[2.311s] copying package.xml -> /home/mara/demo_ws/install/model_control/share/model_control
[2.312s] running install_egg_info
[2.313s] Copying ../../build/model_control/model_control.egg-info to /home/mara/demo_ws/install/model_control/lib/python3.8/site-packages/model_control-0.0.0-py3.8.egg-info
[2.313s] running install_scripts
[2.332s] writing list of installed files to '/home/mara/demo_ws/build/model_control/install.log'
[2.353s] Invoked command in '/home/mara/demo_ws/src/model_control' returned '0': PYTHONPATH=/home/mara/demo_ws/install/model_control/lib/python3.8/site-packages:${PYTHONPATH} /usr/bin/python3 setup.py egg_info --egg-base ../../build/model_control build --build-base /home/mara/demo_ws/build/model_control/build install --prefix /home/mara/demo_ws/install/model_control --record /home/mara/demo_ws/build/model_control/install.log --single-version-externally-managed
