-- Found ament_cmake: 0.9.9 (/opt/ros/foxy/share/ament_cmake/cmake)
-- Found PythonInterp: /usr/bin/python3 (found suitable version "3.8.10", minimum required is "3") 
-- Using PYTHON_EXECUTABLE: /usr/bin/python3
-- Found rosidl_default_generators: 1.0.1 (/opt/ros/foxy/share/rosidl_default_generators/cmake)
-- Using all available rosidl_typesupport_c: rosidl_typesupport_fastrtps_c;rosidl_typesupport_introspection_c
-- Found rosidl_adapter: 1.2.1 (/opt/ros/foxy/share/rosidl_adapter/cmake)
-- Using all available rosidl_typesupport_cpp: rosidl_typesupport_fastrtps_cpp;rosidl_typesupport_introspection_cpp
-- Found PythonInterp: /usr/bin/python3 (found version "3.8.10") 
-- Found ament_cmake_ros: 0.9.2 (/opt/ros/foxy/share/ament_cmake_ros/cmake)
-- Using all available rosidl_typesupport_c: rosidl_typesupport_fastrtps_c;rosidl_typesupport_introspection_c
-- Using all available rosidl_typesupport_cpp: rosidl_typesupport_fastrtps_cpp;rosidl_typesupport_introspection_cpp
-- Found PythonInterp: /usr/bin/python3 (found suitable version "3.8.10", minimum required is "3.5") 
-- Found python_cmake_module: 0.8.1 (/opt/ros/foxy/share/python_cmake_module/cmake)
-- Found PythonLibs: /usr/lib/x86_64-linux-gnu/libpython3.8.so (found suitable version "3.8.10", minimum required is "3.5") 
-- Using PYTHON_EXECUTABLE: /usr/bin/python3
-- Using PYTHON_INCLUDE_DIRS: /usr/include/python3.8
-- Using PYTHON_LIBRARIES: /usr/lib/x86_64-linux-gnu/libpython3.8.so
-- Found PythonExtra: .so  
-- Found ament_lint_auto: 0.9.6 (/opt/ros/foxy/share/ament_lint_auto/cmake)
-- Added test 'copyright' to check source files copyright and LICENSE
-- Added test 'lint_cmake' to check CMake code style
-- Added test 'xmllint' to check XML markup files
-- Configuring done
-- Generating done
-- Build files have been written to: /home/mara/demo_ws/build/my_pkg
[  2%] [34m[1mGenerating C code for ROS interfaces[0m
[35m[1mScanning dependencies of target my_pkg__cpp[0m
[  5%] [34m[1mGenerating C++ code for ROS interfaces[0m
[  5%] Built target my_pkg__cpp
[ 10%] [34m[1mGenerating C++ type support dispatch for ROS interfaces[0m
[ 10%] [34m[1mGenerating C++ type support for eProsima Fast-RTPS[0m
[ 12%] [34m[1mGenerating C++ introspection for ROS interfaces[0m
[35m[1mScanning dependencies of target my_pkg__rosidl_generator_c[0m
[ 15%] [32mBuilding C object CMakeFiles/my_pkg__rosidl_generator_c.dir/rosidl_generator_c/my_pkg/srv/detail/distancia_euclidiana__functions.c.o[0m
[ 17%] [32mBuilding C object CMakeFiles/my_pkg__rosidl_generator_c.dir/rosidl_generator_c/my_pkg/msg/detail/distancia_dois_pontos__functions.c.o[0m
[35m[1mScanning dependencies of target my_pkg__rosidl_typesupport_cpp[0m
[35m[1mScanning dependencies of target my_pkg__rosidl_typesupport_fastrtps_cpp[0m
[35m[1mScanning dependencies of target my_pkg__rosidl_typesupport_introspection_cpp[0m
[ 20%] [32mBuilding CXX object CMakeFiles/my_pkg__rosidl_typesupport_cpp.dir/rosidl_typesupport_cpp/my_pkg/srv/distancia_euclidiana__type_support.cpp.o[0m
[ 23%] [32mBuilding CXX object CMakeFiles/my_pkg__rosidl_typesupport_cpp.dir/rosidl_typesupport_cpp/my_pkg/msg/distancia_dois_pontos__type_support.cpp.o[0m
[ 25%] [32mBuilding CXX object CMakeFiles/my_pkg__rosidl_typesupport_introspection_cpp.dir/rosidl_typesupport_introspection_cpp/my_pkg/srv/detail/distancia_euclidiana__type_support.cpp.o[0m
[ 28%] [32mBuilding CXX object CMakeFiles/my_pkg__rosidl_typesupport_introspection_cpp.dir/rosidl_typesupport_introspection_cpp/my_pkg/msg/detail/distancia_dois_pontos__type_support.cpp.o[0m
[ 30%] [32mBuilding CXX object CMakeFiles/my_pkg__rosidl_typesupport_fastrtps_cpp.dir/rosidl_typesupport_fastrtps_cpp/my_pkg/msg/detail/dds_fastrtps/distancia_dois_pontos__type_support.cpp.o[0m
[ 33%] [32mBuilding CXX object CMakeFiles/my_pkg__rosidl_typesupport_fastrtps_cpp.dir/rosidl_typesupport_fastrtps_cpp/my_pkg/srv/detail/dds_fastrtps/distancia_euclidiana__type_support.cpp.o[0m
[ 35%] [32m[1mLinking C shared library libmy_pkg__rosidl_generator_c.so[0m
[ 35%] Built target my_pkg__rosidl_generator_c
[ 41%] [34m[1mGenerating C type support dispatch for ROS interfaces[0m
[ 41%] [34m[1mGenerating C introspection for ROS interfaces[0m
[35m[1mScanning dependencies of target my_pkg__rosidl_typesupport_c[0m
[ 43%] [32mBuilding CXX object CMakeFiles/my_pkg__rosidl_typesupport_c.dir/rosidl_typesupport_c/my_pkg/msg/distancia_dois_pontos__type_support.cpp.o[0m
[35m[1mScanning dependencies of target my_pkg__rosidl_typesupport_introspection_c[0m
[ 46%] [32mBuilding C object CMakeFiles/my_pkg__rosidl_typesupport_introspection_c.dir/rosidl_typesupport_introspection_c/my_pkg/msg/detail/distancia_dois_pontos__type_support.c.o[0m
[ 48%] [32mBuilding C object CMakeFiles/my_pkg__rosidl_typesupport_introspection_c.dir/rosidl_typesupport_introspection_c/my_pkg/srv/detail/distancia_euclidiana__type_support.c.o[0m
[ 51%] [32mBuilding CXX object CMakeFiles/my_pkg__rosidl_typesupport_c.dir/rosidl_typesupport_c/my_pkg/srv/distancia_euclidiana__type_support.cpp.o[0m
[ 53%] [32m[1mLinking C shared library libmy_pkg__rosidl_typesupport_introspection_c.so[0m
[ 56%] [32m[1mLinking CXX shared library libmy_pkg__rosidl_typesupport_c.so[0m
[ 56%] Built target my_pkg__rosidl_typesupport_introspection_c
[ 56%] Built target my_pkg__rosidl_typesupport_c
[ 58%] [32m[1mLinking CXX shared library libmy_pkg__rosidl_typesupport_introspection_cpp.so[0m
[ 61%] [32m[1mLinking CXX shared library libmy_pkg__rosidl_typesupport_cpp.so[0m
[ 61%] Built target my_pkg__rosidl_typesupport_introspection_cpp
[ 61%] Built target my_pkg__rosidl_typesupport_cpp
[ 64%] [32m[1mLinking CXX shared library libmy_pkg__rosidl_typesupport_fastrtps_cpp.so[0m
[ 64%] Built target my_pkg__rosidl_typesupport_fastrtps_cpp
[ 66%] [34m[1mGenerating C type support for eProsima Fast-RTPS[0m
[35m[1mScanning dependencies of target my_pkg__rosidl_typesupport_fastrtps_c[0m
[ 71%] [32mBuilding CXX object CMakeFiles/my_pkg__rosidl_typesupport_fastrtps_c.dir/rosidl_typesupport_fastrtps_c/my_pkg/msg/detail/distancia_dois_pontos__type_support_c.cpp.o[0m
[ 71%] [32mBuilding CXX object CMakeFiles/my_pkg__rosidl_typesupport_fastrtps_c.dir/rosidl_typesupport_fastrtps_c/my_pkg/srv/detail/distancia_euclidiana__type_support_c.cpp.o[0m
[ 74%] [32m[1mLinking CXX shared library libmy_pkg__rosidl_typesupport_fastrtps_c.so[0m
[ 74%] Built target my_pkg__rosidl_typesupport_fastrtps_c
[35m[1mScanning dependencies of target my_pkg[0m
[ 74%] Built target my_pkg
[35m[1mScanning dependencies of target my_pkg__py[0m
[ 76%] [34m[1mGenerating Python code for ROS interfaces[0m
[ 76%] Built target my_pkg__py
[35m[1mScanning dependencies of target my_pkg__python[0m
[ 82%] [32mBuilding C object CMakeFiles/my_pkg__python.dir/rosidl_generator_py/my_pkg/msg/_distancia_dois_pontos_s.c.o[0m
[ 82%] [32mBuilding C object CMakeFiles/my_pkg__python.dir/rosidl_generator_py/my_pkg/srv/_distancia_euclidiana_s.c.o[0m
[ 84%] [32m[1mLinking C shared library rosidl_generator_py/my_pkg/libmy_pkg__python.so[0m
[ 84%] Built target my_pkg__python
[35m[1mScanning dependencies of target my_pkg__rosidl_typesupport_c__pyext[0m
[35m[1mScanning dependencies of target my_pkg__rosidl_typesupport_fastrtps_c__pyext[0m
[35m[1mScanning dependencies of target my_pkg__rosidl_typesupport_introspection_c__pyext[0m
[ 87%] [32mBuilding C object CMakeFiles/my_pkg__rosidl_typesupport_fastrtps_c__pyext.dir/rosidl_generator_py/my_pkg/_my_pkg_s.ep.rosidl_typesupport_fastrtps_c.c.o[0m
[ 92%] [32mBuilding C object CMakeFiles/my_pkg__rosidl_typesupport_introspection_c__pyext.dir/rosidl_generator_py/my_pkg/_my_pkg_s.ep.rosidl_typesupport_introspection_c.c.o[0m
[ 92%] [32mBuilding C object CMakeFiles/my_pkg__rosidl_typesupport_c__pyext.dir/rosidl_generator_py/my_pkg/_my_pkg_s.ep.rosidl_typesupport_c.c.o[0m
[ 94%] [32m[1mLinking CXX shared library rosidl_generator_py/my_pkg/my_pkg_s__rosidl_typesupport_fastrtps_c.cpython-38-x86_64-linux-gnu.so[0m
[ 97%] [32m[1mLinking C shared library rosidl_generator_py/my_pkg/my_pkg_s__rosidl_typesupport_introspection_c.cpython-38-x86_64-linux-gnu.so[0m
[100%] [32m[1mLinking C shared library rosidl_generator_py/my_pkg/my_pkg_s__rosidl_typesupport_c.cpython-38-x86_64-linux-gnu.so[0m
[100%] Built target my_pkg__rosidl_typesupport_introspection_c__pyext
[100%] Built target my_pkg__rosidl_typesupport_c__pyext
[100%] Built target my_pkg__rosidl_typesupport_fastrtps_c__pyext
-- Install configuration: ""
-- Installing: /home/mara/demo_ws/install/my_pkg/share/ament_index/resource_index/rosidl_interfaces/my_pkg
-- Installing: /home/mara/demo_ws/install/my_pkg/include/my_pkg
-- Installing: /home/mara/demo_ws/install/my_pkg/include/my_pkg/msg
-- Installing: /home/mara/demo_ws/install/my_pkg/include/my_pkg/msg/detail
-- Installing: /home/mara/demo_ws/install/my_pkg/include/my_pkg/msg/detail/distancia_dois_pontos__type_support.h
-- Installing: /home/mara/demo_ws/install/my_pkg/include/my_pkg/msg/detail/distancia_dois_pontos__functions.h
-- Installing: /home/mara/demo_ws/install/my_pkg/include/my_pkg/msg/detail/distancia_dois_pontos__struct.h
-- Installing: /home/mara/demo_ws/install/my_pkg/include/my_pkg/msg/detail/distancia_dois_pontos__functions.c
-- Installing: /home/mara/demo_ws/install/my_pkg/include/my_pkg/msg/distancia_dois_pontos.h
-- Installing: /home/mara/demo_ws/install/my_pkg/include/my_pkg/msg/rosidl_generator_c__visibility_control.h
-- Installing: /home/mara/demo_ws/install/my_pkg/include/my_pkg/srv
-- Installing: /home/mara/demo_ws/install/my_pkg/include/my_pkg/srv/detail
-- Installing: /home/mara/demo_ws/install/my_pkg/include/my_pkg/srv/detail/distancia_euclidiana__struct.h
-- Installing: /home/mara/demo_ws/install/my_pkg/include/my_pkg/srv/detail/distancia_euclidiana__type_support.h
-- Installing: /home/mara/demo_ws/install/my_pkg/include/my_pkg/srv/detail/distancia_euclidiana__functions.h
-- Installing: /home/mara/demo_ws/install/my_pkg/include/my_pkg/srv/detail/distancia_euclidiana__functions.c
-- Installing: /home/mara/demo_ws/install/my_pkg/include/my_pkg/srv/distancia_euclidiana.h
-- Installing: /home/mara/demo_ws/install/my_pkg/share/my_pkg/environment/library_path.sh
-- Installing: /home/mara/demo_ws/install/my_pkg/share/my_pkg/environment/library_path.dsv
-- Installing: /home/mara/demo_ws/install/my_pkg/lib/libmy_pkg__rosidl_generator_c.so
-- Set runtime path of "/home/mara/demo_ws/install/my_pkg/lib/libmy_pkg__rosidl_generator_c.so" to ""
-- Up-to-date: /home/mara/demo_ws/install/my_pkg/include/my_pkg
-- Up-to-date: /home/mara/demo_ws/install/my_pkg/include/my_pkg/msg
-- Up-to-date: /home/mara/demo_ws/install/my_pkg/include/my_pkg/msg/detail
-- Installing: /home/mara/demo_ws/install/my_pkg/include/my_pkg/msg/detail/distancia_dois_pontos__rosidl_typesupport_fastrtps_c.h
-- Installing: /home/mara/demo_ws/install/my_pkg/include/my_pkg/msg/rosidl_typesupport_fastrtps_c__visibility_control.h
-- Up-to-date: /home/mara/demo_ws/install/my_pkg/include/my_pkg/srv
-- Up-to-date: /home/mara/demo_ws/install/my_pkg/include/my_pkg/srv/detail
-- Installing: /home/mara/demo_ws/install/my_pkg/include/my_pkg/srv/detail/distancia_euclidiana__rosidl_typesupport_fastrtps_c.h
-- Installing: /home/mara/demo_ws/install/my_pkg/lib/libmy_pkg__rosidl_typesupport_fastrtps_c.so
-- Set runtime path of "/home/mara/demo_ws/install/my_pkg/lib/libmy_pkg__rosidl_typesupport_fastrtps_c.so" to ""
-- Up-to-date: /home/mara/demo_ws/install/my_pkg/include/my_pkg
-- Up-to-date: /home/mara/demo_ws/install/my_pkg/include/my_pkg/msg
-- Installing: /home/mara/demo_ws/install/my_pkg/include/my_pkg/msg/rosidl_typesupport_fastrtps_cpp__visibility_control.h
-- Up-to-date: /home/mara/demo_ws/install/my_pkg/include/my_pkg/msg/detail
-- Installing: /home/mara/demo_ws/install/my_pkg/include/my_pkg/msg/detail/distancia_dois_pontos__rosidl_typesupport_fastrtps_cpp.hpp
-- Installing: /home/mara/demo_ws/install/my_pkg/include/my_pkg/msg/detail/dds_fastrtps
-- Up-to-date: /home/mara/demo_ws/install/my_pkg/include/my_pkg/srv
-- Up-to-date: /home/mara/demo_ws/install/my_pkg/include/my_pkg/srv/detail
-- Installing: /home/mara/demo_ws/install/my_pkg/include/my_pkg/srv/detail/distancia_euclidiana__rosidl_typesupport_fastrtps_cpp.hpp
-- Installing: /home/mara/demo_ws/install/my_pkg/include/my_pkg/srv/detail/dds_fastrtps
-- Installing: /home/mara/demo_ws/install/my_pkg/lib/libmy_pkg__rosidl_typesupport_fastrtps_cpp.so
-- Set runtime path of "/home/mara/demo_ws/install/my_pkg/lib/libmy_pkg__rosidl_typesupport_fastrtps_cpp.so" to ""
-- Up-to-date: /home/mara/demo_ws/install/my_pkg/include/my_pkg
-- Up-to-date: /home/mara/demo_ws/install/my_pkg/include/my_pkg/msg
-- Up-to-date: /home/mara/demo_ws/install/my_pkg/include/my_pkg/msg/detail
-- Installing: /home/mara/demo_ws/install/my_pkg/include/my_pkg/msg/detail/distancia_dois_pontos__type_support.c
-- Installing: /home/mara/demo_ws/install/my_pkg/include/my_pkg/msg/detail/distancia_dois_pontos__rosidl_typesupport_introspection_c.h
-- Installing: /home/mara/demo_ws/install/my_pkg/include/my_pkg/msg/rosidl_typesupport_introspection_c__visibility_control.h
-- Up-to-date: /home/mara/demo_ws/install/my_pkg/include/my_pkg/srv
-- Up-to-date: /home/mara/demo_ws/install/my_pkg/include/my_pkg/srv/detail
-- Installing: /home/mara/demo_ws/install/my_pkg/include/my_pkg/srv/detail/distancia_euclidiana__rosidl_typesupport_introspection_c.h
-- Installing: /home/mara/demo_ws/install/my_pkg/include/my_pkg/srv/detail/distancia_euclidiana__type_support.c
-- Installing: /home/mara/demo_ws/install/my_pkg/lib/libmy_pkg__rosidl_typesupport_introspection_c.so
-- Set runtime path of "/home/mara/demo_ws/install/my_pkg/lib/libmy_pkg__rosidl_typesupport_introspection_c.so" to ""
-- Installing: /home/mara/demo_ws/install/my_pkg/lib/libmy_pkg__rosidl_typesupport_c.so
-- Set runtime path of "/home/mara/demo_ws/install/my_pkg/lib/libmy_pkg__rosidl_typesupport_c.so" to ""
-- Up-to-date: /home/mara/demo_ws/install/my_pkg/include/my_pkg
-- Up-to-date: /home/mara/demo_ws/install/my_pkg/include/my_pkg/msg
-- Up-to-date: /home/mara/demo_ws/install/my_pkg/include/my_pkg/msg/detail
-- Installing: /home/mara/demo_ws/install/my_pkg/include/my_pkg/msg/detail/distancia_dois_pontos__builder.hpp
-- Installing: /home/mara/demo_ws/install/my_pkg/include/my_pkg/msg/detail/distancia_dois_pontos__traits.hpp
-- Installing: /home/mara/demo_ws/install/my_pkg/include/my_pkg/msg/detail/distancia_dois_pontos__struct.hpp
-- Installing: /home/mara/demo_ws/install/my_pkg/include/my_pkg/msg/distancia_dois_pontos.hpp
-- Up-to-date: /home/mara/demo_ws/install/my_pkg/include/my_pkg/srv
-- Up-to-date: /home/mara/demo_ws/install/my_pkg/include/my_pkg/srv/detail
-- Installing: /home/mara/demo_ws/install/my_pkg/include/my_pkg/srv/detail/distancia_euclidiana__traits.hpp
-- Installing: /home/mara/demo_ws/install/my_pkg/include/my_pkg/srv/detail/distancia_euclidiana__struct.hpp
-- Installing: /home/mara/demo_ws/install/my_pkg/include/my_pkg/srv/detail/distancia_euclidiana__builder.hpp
-- Installing: /home/mara/demo_ws/install/my_pkg/include/my_pkg/srv/distancia_euclidiana.hpp
-- Up-to-date: /home/mara/demo_ws/install/my_pkg/include/my_pkg
-- Up-to-date: /home/mara/demo_ws/install/my_pkg/include/my_pkg/msg
-- Up-to-date: /home/mara/demo_ws/install/my_pkg/include/my_pkg/msg/detail
-- Installing: /home/mara/demo_ws/install/my_pkg/include/my_pkg/msg/detail/distancia_dois_pontos__rosidl_typesupport_introspection_cpp.hpp
-- Installing: /home/mara/demo_ws/install/my_pkg/include/my_pkg/msg/detail/distancia_dois_pontos__type_support.cpp
-- Up-to-date: /home/mara/demo_ws/install/my_pkg/include/my_pkg/srv
-- Up-to-date: /home/mara/demo_ws/install/my_pkg/include/my_pkg/srv/detail
-- Installing: /home/mara/demo_ws/install/my_pkg/include/my_pkg/srv/detail/distancia_euclidiana__type_support.cpp
-- Installing: /home/mara/demo_ws/install/my_pkg/include/my_pkg/srv/detail/distancia_euclidiana__rosidl_typesupport_introspection_cpp.hpp
-- Installing: /home/mara/demo_ws/install/my_pkg/lib/libmy_pkg__rosidl_typesupport_introspection_cpp.so
-- Set runtime path of "/home/mara/demo_ws/install/my_pkg/lib/libmy_pkg__rosidl_typesupport_introspection_cpp.so" to ""
-- Installing: /home/mara/demo_ws/install/my_pkg/lib/libmy_pkg__rosidl_typesupport_cpp.so
-- Set runtime path of "/home/mara/demo_ws/install/my_pkg/lib/libmy_pkg__rosidl_typesupport_cpp.so" to ""
-- Installing: /home/mara/demo_ws/install/my_pkg/share/my_pkg/environment/pythonpath.sh
-- Installing: /home/mara/demo_ws/install/my_pkg/share/my_pkg/environment/pythonpath.dsv
-- Installing: /home/mara/demo_ws/install/my_pkg/lib/python3.8/site-packages/my_pkg/__init__.py
Compiling '/home/mara/demo_ws/install/my_pkg/lib/python3.8/site-packages/my_pkg/__init__.py'...
-- Installing: /home/mara/demo_ws/install/my_pkg/lib/python3.8/site-packages/my_pkg/msg
-- Installing: /home/mara/demo_ws/install/my_pkg/lib/python3.8/site-packages/my_pkg/msg/_distancia_dois_pontos_s.c
-- Installing: /home/mara/demo_ws/install/my_pkg/lib/python3.8/site-packages/my_pkg/msg/__init__.py
-- Installing: /home/mara/demo_ws/install/my_pkg/lib/python3.8/site-packages/my_pkg/msg/_distancia_dois_pontos.py
-- Installing: /home/mara/demo_ws/install/my_pkg/lib/python3.8/site-packages/my_pkg/srv
-- Installing: /home/mara/demo_ws/install/my_pkg/lib/python3.8/site-packages/my_pkg/srv/_distancia_euclidiana.py
-- Installing: /home/mara/demo_ws/install/my_pkg/lib/python3.8/site-packages/my_pkg/srv/__init__.py
-- Installing: /home/mara/demo_ws/install/my_pkg/lib/python3.8/site-packages/my_pkg/srv/_distancia_euclidiana_s.c
-- Installing: /home/mara/demo_ws/install/my_pkg/lib/python3.8/site-packages/my_pkg/my_pkg_s__rosidl_typesupport_fastrtps_c.cpython-38-x86_64-linux-gnu.so
-- Set runtime path of "/home/mara/demo_ws/install/my_pkg/lib/python3.8/site-packages/my_pkg/my_pkg_s__rosidl_typesupport_fastrtps_c.cpython-38-x86_64-linux-gnu.so" to ""
-- Installing: /home/mara/demo_ws/install/my_pkg/lib/python3.8/site-packages/my_pkg/my_pkg_s__rosidl_typesupport_introspection_c.cpython-38-x86_64-linux-gnu.so
-- Set runtime path of "/home/mara/demo_ws/install/my_pkg/lib/python3.8/site-packages/my_pkg/my_pkg_s__rosidl_typesupport_introspection_c.cpython-38-x86_64-linux-gnu.so" to ""
-- Installing: /home/mara/demo_ws/install/my_pkg/lib/python3.8/site-packages/my_pkg/my_pkg_s__rosidl_typesupport_c.cpython-38-x86_64-linux-gnu.so
-- Set runtime path of "/home/mara/demo_ws/install/my_pkg/lib/python3.8/site-packages/my_pkg/my_pkg_s__rosidl_typesupport_c.cpython-38-x86_64-linux-gnu.so" to ""
-- Installing: /home/mara/demo_ws/install/my_pkg/lib/libmy_pkg__python.so
-- Set runtime path of "/home/mara/demo_ws/install/my_pkg/lib/libmy_pkg__python.so" to ""
-- Installing: /home/mara/demo_ws/install/my_pkg/share/my_pkg/msg/DistanciaDoisPontos.idl
-- Installing: /home/mara/demo_ws/install/my_pkg/share/my_pkg/srv/DistanciaEuclidiana.idl
-- Installing: /home/mara/demo_ws/install/my_pkg/share/my_pkg/msg/DistanciaDoisPontos.msg
-- Installing: /home/mara/demo_ws/install/my_pkg/share/my_pkg/srv/DistanciaEuclidiana.srv
-- Installing: /home/mara/demo_ws/install/my_pkg/share/my_pkg/srv/DistanciaEuclidiana_Request.msg
-- Installing: /home/mara/demo_ws/install/my_pkg/share/my_pkg/srv/DistanciaEuclidiana_Response.msg
-- Installing: /home/mara/demo_ws/install/my_pkg/share/ament_index/resource_index/package_run_dependencies/my_pkg
-- Installing: /home/mara/demo_ws/install/my_pkg/share/ament_index/resource_index/parent_prefix_path/my_pkg
-- Installing: /home/mara/demo_ws/install/my_pkg/share/my_pkg/environment/ament_prefix_path.sh
-- Installing: /home/mara/demo_ws/install/my_pkg/share/my_pkg/environment/ament_prefix_path.dsv
-- Installing: /home/mara/demo_ws/install/my_pkg/share/my_pkg/environment/path.sh
-- Installing: /home/mara/demo_ws/install/my_pkg/share/my_pkg/environment/path.dsv
-- Installing: /home/mara/demo_ws/install/my_pkg/share/my_pkg/local_setup.bash
-- Installing: /home/mara/demo_ws/install/my_pkg/share/my_pkg/local_setup.sh
-- Installing: /home/mara/demo_ws/install/my_pkg/share/my_pkg/local_setup.zsh
-- Installing: /home/mara/demo_ws/install/my_pkg/share/my_pkg/local_setup.dsv
-- Installing: /home/mara/demo_ws/install/my_pkg/share/my_pkg/package.dsv
-- Installing: /home/mara/demo_ws/install/my_pkg/share/ament_index/resource_index/packages/my_pkg
-- Installing: /home/mara/demo_ws/install/my_pkg/share/my_pkg/cmake/my_pkg__rosidl_generator_cExport.cmake
-- Installing: /home/mara/demo_ws/install/my_pkg/share/my_pkg/cmake/my_pkg__rosidl_generator_cExport-noconfig.cmake
-- Installing: /home/mara/demo_ws/install/my_pkg/share/my_pkg/cmake/my_pkg__rosidl_typesupport_introspection_cExport.cmake
-- Installing: /home/mara/demo_ws/install/my_pkg/share/my_pkg/cmake/my_pkg__rosidl_typesupport_introspection_cExport-noconfig.cmake
-- Installing: /home/mara/demo_ws/install/my_pkg/share/my_pkg/cmake/my_pkg__rosidl_typesupport_cExport.cmake
-- Installing: /home/mara/demo_ws/install/my_pkg/share/my_pkg/cmake/my_pkg__rosidl_typesupport_cExport-noconfig.cmake
-- Installing: /home/mara/demo_ws/install/my_pkg/share/my_pkg/cmake/my_pkg__rosidl_generator_cppExport.cmake
-- Installing: /home/mara/demo_ws/install/my_pkg/share/my_pkg/cmake/my_pkg__rosidl_typesupport_introspection_cppExport.cmake
-- Installing: /home/mara/demo_ws/install/my_pkg/share/my_pkg/cmake/my_pkg__rosidl_typesupport_introspection_cppExport-noconfig.cmake
-- Installing: /home/mara/demo_ws/install/my_pkg/share/my_pkg/cmake/my_pkg__rosidl_typesupport_cppExport.cmake
-- Installing: /home/mara/demo_ws/install/my_pkg/share/my_pkg/cmake/my_pkg__rosidl_typesupport_cppExport-noconfig.cmake
-- Installing: /home/mara/demo_ws/install/my_pkg/share/my_pkg/cmake/rosidl_cmake-extras.cmake
-- Installing: /home/mara/demo_ws/install/my_pkg/share/my_pkg/cmake/ament_cmake_export_dependencies-extras.cmake
-- Installing: /home/mara/demo_ws/install/my_pkg/share/my_pkg/cmake/ament_cmake_export_libraries-extras.cmake
-- Installing: /home/mara/demo_ws/install/my_pkg/share/my_pkg/cmake/ament_cmake_export_targets-extras.cmake
-- Installing: /home/mara/demo_ws/install/my_pkg/share/my_pkg/cmake/ament_cmake_export_include_directories-extras.cmake
-- Installing: /home/mara/demo_ws/install/my_pkg/share/my_pkg/cmake/rosidl_cmake_export_typesupport_libraries-extras.cmake
-- Installing: /home/mara/demo_ws/install/my_pkg/share/my_pkg/cmake/rosidl_cmake_export_typesupport_targets-extras.cmake
-- Installing: /home/mara/demo_ws/install/my_pkg/share/my_pkg/cmake/my_pkgConfig.cmake
-- Installing: /home/mara/demo_ws/install/my_pkg/share/my_pkg/cmake/my_pkgConfig-version.cmake
-- Installing: /home/mara/demo_ws/install/my_pkg/share/my_pkg/package.xml
