[0.319s] Invoking command in '/home/mara/demo_ws/build/my_pkg': CMAKE_PREFIX_PATH=${CMAKE_PREFIX_PATH}:/home/mara/demo_ws/install/my_pkg:/home/mara/demo_ws/src/install/carro_pkg:/home/mara/demo_ws/install/carro_pkg:/opt/ros/foxy /usr/bin/cmake /home/mara/demo_ws/src/my_pkg -DCMAKE_INSTALL_PREFIX=/home/mara/demo_ws/install/my_pkg
[0.332s] -- Found ament_cmake: 0.9.9 (/opt/ros/foxy/share/ament_cmake/cmake)
[0.357s] -- Found PythonInterp: /usr/bin/python3 (found suitable version "3.8.10", minimum required is "3") 
[0.357s] -- Using PYTHON_EXECUTABLE: /usr/bin/python3
[0.583s] -- Found rosidl_default_generators: 1.0.1 (/opt/ros/foxy/share/rosidl_default_generators/cmake)
[0.586s] -- Using all available rosidl_typesupport_c: rosidl_typesupport_fastrtps_c;rosidl_typesupport_introspection_c
[0.590s] -- Found rosidl_adapter: 1.2.1 (/opt/ros/foxy/share/rosidl_adapter/cmake)
[0.724s] -- Using all available rosidl_typesupport_cpp: rosidl_typesupport_fastrtps_cpp;rosidl_typesupport_introspection_cpp
[0.775s] -- Found PythonInterp: /usr/bin/python3 (found version "3.8.10") 
[1.516s] -- Found ament_cmake_ros: 0.9.2 (/opt/ros/foxy/share/ament_cmake_ros/cmake)
[1.640s] -- Using all available rosidl_typesupport_c: rosidl_typesupport_fastrtps_c;rosidl_typesupport_introspection_c
[1.662s] -- Using all available rosidl_typesupport_cpp: rosidl_typesupport_fastrtps_cpp;rosidl_typesupport_introspection_cpp
[1.688s] -- Found PythonInterp: /usr/bin/python3 (found suitable version "3.8.10", minimum required is "3.5") 
[1.695s] -- Found python_cmake_module: 0.8.1 (/opt/ros/foxy/share/python_cmake_module/cmake)
[1.844s] -- Found PythonLibs: /usr/lib/x86_64-linux-gnu/libpython3.8.so (found suitable version "3.8.10", minimum required is "3.5") 
[1.845s] -- Using PYTHON_EXECUTABLE: /usr/bin/python3
[1.845s] -- Using PYTHON_INCLUDE_DIRS: /usr/include/python3.8
[1.846s] -- Using PYTHON_LIBRARIES: /usr/lib/x86_64-linux-gnu/libpython3.8.so
[1.891s] -- Found PythonExtra: .so  
[2.201s] -- Found ament_lint_auto: 0.9.6 (/opt/ros/foxy/share/ament_lint_auto/cmake)
[2.558s] -- Added test 'copyright' to check source files copyright and LICENSE
[2.566s] -- Added test 'lint_cmake' to check CMake code style
[2.571s] -- Added test 'xmllint' to check XML markup files
[2.587s] -- Configuring done
[2.621s] -- Generating done
[2.623s] -- Build files have been written to: /home/mara/demo_ws/build/my_pkg
[2.629s] Invoked command in '/home/mara/demo_ws/build/my_pkg' returned '0': CMAKE_PREFIX_PATH=${CMAKE_PREFIX_PATH}:/home/mara/demo_ws/install/my_pkg:/home/mara/demo_ws/src/install/carro_pkg:/home/mara/demo_ws/install/carro_pkg:/opt/ros/foxy /usr/bin/cmake /home/mara/demo_ws/src/my_pkg -DCMAKE_INSTALL_PREFIX=/home/mara/demo_ws/install/my_pkg
[2.632s] Invoking command in '/home/mara/demo_ws/build/my_pkg': CMAKE_PREFIX_PATH=${CMAKE_PREFIX_PATH}:/home/mara/demo_ws/install/my_pkg:/home/mara/demo_ws/src/install/carro_pkg:/home/mara/demo_ws/install/carro_pkg:/opt/ros/foxy /usr/bin/cmake --build /home/mara/demo_ws/build/my_pkg -- -j8 -l8
[2.668s] [  2%] [34m[1mGenerating C code for ROS interfaces[0m
[2.668s] [35m[1mScanning dependencies of target my_pkg__cpp[0m
[2.678s] [  5%] [34m[1mGenerating C++ code for ROS interfaces[0m
[2.941s] [  5%] Built target my_pkg__cpp
[2.950s] [ 10%] [34m[1mGenerating C++ type support dispatch for ROS interfaces[0m
[2.950s] [ 10%] [34m[1mGenerating C++ type support for eProsima Fast-RTPS[0m
[2.952s] [ 12%] [34m[1mGenerating C++ introspection for ROS interfaces[0m
[2.956s] [35m[1mScanning dependencies of target my_pkg__rosidl_generator_c[0m
[3.039s] [ 15%] [32mBuilding C object CMakeFiles/my_pkg__rosidl_generator_c.dir/rosidl_generator_c/my_pkg/srv/detail/distancia_euclidiana__functions.c.o[0m
[3.039s] [ 17%] [32mBuilding C object CMakeFiles/my_pkg__rosidl_generator_c.dir/rosidl_generator_c/my_pkg/msg/detail/distancia_dois_pontos__functions.c.o[0m
[3.172s] [35m[1mScanning dependencies of target my_pkg__rosidl_typesupport_cpp[0m
[3.244s] [35m[1mScanning dependencies of target my_pkg__rosidl_typesupport_fastrtps_cpp[0m
[3.292s] [35m[1mScanning dependencies of target my_pkg__rosidl_typesupport_introspection_cpp[0m
[3.348s] [ 20%] [32mBuilding CXX object CMakeFiles/my_pkg__rosidl_typesupport_cpp.dir/rosidl_typesupport_cpp/my_pkg/srv/distancia_euclidiana__type_support.cpp.o[0m
[3.350s] [ 23%] [32mBuilding CXX object CMakeFiles/my_pkg__rosidl_typesupport_cpp.dir/rosidl_typesupport_cpp/my_pkg/msg/distancia_dois_pontos__type_support.cpp.o[0m
[3.399s] [ 25%] [32mBuilding CXX object CMakeFiles/my_pkg__rosidl_typesupport_introspection_cpp.dir/rosidl_typesupport_introspection_cpp/my_pkg/srv/detail/distancia_euclidiana__type_support.cpp.o[0m
[3.400s] [ 28%] [32mBuilding CXX object CMakeFiles/my_pkg__rosidl_typesupport_introspection_cpp.dir/rosidl_typesupport_introspection_cpp/my_pkg/msg/detail/distancia_dois_pontos__type_support.cpp.o[0m
[3.653s] [ 30%] [32mBuilding CXX object CMakeFiles/my_pkg__rosidl_typesupport_fastrtps_cpp.dir/rosidl_typesupport_fastrtps_cpp/my_pkg/msg/detail/dds_fastrtps/distancia_dois_pontos__type_support.cpp.o[0m
[3.653s] [ 33%] [32mBuilding CXX object CMakeFiles/my_pkg__rosidl_typesupport_fastrtps_cpp.dir/rosidl_typesupport_fastrtps_cpp/my_pkg/srv/detail/dds_fastrtps/distancia_euclidiana__type_support.cpp.o[0m
[3.733s] [ 35%] [32m[1mLinking C shared library libmy_pkg__rosidl_generator_c.so[0m
[3.789s] [ 35%] Built target my_pkg__rosidl_generator_c
[3.803s] [ 41%] [34m[1mGenerating C type support dispatch for ROS interfaces[0m
[3.803s] [ 41%] [34m[1mGenerating C introspection for ROS interfaces[0m
[4.162s] [35m[1mScanning dependencies of target my_pkg__rosidl_typesupport_c[0m
[4.178s] [ 43%] [32mBuilding CXX object CMakeFiles/my_pkg__rosidl_typesupport_c.dir/rosidl_typesupport_c/my_pkg/msg/distancia_dois_pontos__type_support.cpp.o[0m
[4.225s] [35m[1mScanning dependencies of target my_pkg__rosidl_typesupport_introspection_c[0m
[4.298s] [ 46%] [32mBuilding C object CMakeFiles/my_pkg__rosidl_typesupport_introspection_c.dir/rosidl_typesupport_introspection_c/my_pkg/msg/detail/distancia_dois_pontos__type_support.c.o[0m
[4.380s] [ 48%] [32mBuilding C object CMakeFiles/my_pkg__rosidl_typesupport_introspection_c.dir/rosidl_typesupport_introspection_c/my_pkg/srv/detail/distancia_euclidiana__type_support.c.o[0m
[4.398s] [ 51%] [32mBuilding CXX object CMakeFiles/my_pkg__rosidl_typesupport_c.dir/rosidl_typesupport_c/my_pkg/srv/distancia_euclidiana__type_support.cpp.o[0m
[4.425s] [ 53%] [32m[1mLinking C shared library libmy_pkg__rosidl_typesupport_introspection_c.so[0m
[4.444s] [ 56%] [32m[1mLinking CXX shared library libmy_pkg__rosidl_typesupport_c.so[0m
[4.455s] [ 56%] Built target my_pkg__rosidl_typesupport_introspection_c
[4.493s] [ 56%] Built target my_pkg__rosidl_typesupport_c
[4.758s] [ 58%] [32m[1mLinking CXX shared library libmy_pkg__rosidl_typesupport_introspection_cpp.so[0m
[4.788s] [ 61%] [32m[1mLinking CXX shared library libmy_pkg__rosidl_typesupport_cpp.so[0m
[4.797s] [ 61%] Built target my_pkg__rosidl_typesupport_introspection_cpp
[4.824s] [ 61%] Built target my_pkg__rosidl_typesupport_cpp
[4.963s] [ 64%] [32m[1mLinking CXX shared library libmy_pkg__rosidl_typesupport_fastrtps_cpp.so[0m
[5.083s] [ 64%] Built target my_pkg__rosidl_typesupport_fastrtps_cpp
[5.093s] [ 66%] [34m[1mGenerating C type support for eProsima Fast-RTPS[0m
[5.341s] [35m[1mScanning dependencies of target my_pkg__rosidl_typesupport_fastrtps_c[0m
[5.357s] [ 71%] [32mBuilding CXX object CMakeFiles/my_pkg__rosidl_typesupport_fastrtps_c.dir/rosidl_typesupport_fastrtps_c/my_pkg/msg/detail/distancia_dois_pontos__type_support_c.cpp.o[0m
[5.357s] [ 71%] [32mBuilding CXX object CMakeFiles/my_pkg__rosidl_typesupport_fastrtps_c.dir/rosidl_typesupport_fastrtps_c/my_pkg/srv/detail/distancia_euclidiana__type_support_c.cpp.o[0m
[5.678s] [ 74%] [32m[1mLinking CXX shared library libmy_pkg__rosidl_typesupport_fastrtps_c.so[0m
[5.759s] [ 74%] Built target my_pkg__rosidl_typesupport_fastrtps_c
[5.769s] [35m[1mScanning dependencies of target my_pkg[0m
[5.778s] [ 74%] Built target my_pkg
[5.788s] [35m[1mScanning dependencies of target my_pkg__py[0m
[5.798s] [ 76%] [34m[1mGenerating Python code for ROS interfaces[0m
[6.253s] [ 76%] Built target my_pkg__py
[6.263s] [35m[1mScanning dependencies of target my_pkg__python[0m
[6.550s] [ 82%] [32mBuilding C object CMakeFiles/my_pkg__python.dir/rosidl_generator_py/my_pkg/msg/_distancia_dois_pontos_s.c.o[0m
[6.550s] [ 82%] [32mBuilding C object CMakeFiles/my_pkg__python.dir/rosidl_generator_py/my_pkg/srv/_distancia_euclidiana_s.c.o[0m
[7.108s] [ 84%] [32m[1mLinking C shared library rosidl_generator_py/my_pkg/libmy_pkg__python.so[0m
[7.142s] [ 84%] Built target my_pkg__python
[7.152s] [35m[1mScanning dependencies of target my_pkg__rosidl_typesupport_c__pyext[0m
[7.155s] [35m[1mScanning dependencies of target my_pkg__rosidl_typesupport_fastrtps_c__pyext[0m
[7.155s] [35m[1mScanning dependencies of target my_pkg__rosidl_typesupport_introspection_c__pyext[0m
[7.177s] [ 87%] [32mBuilding C object CMakeFiles/my_pkg__rosidl_typesupport_fastrtps_c__pyext.dir/rosidl_generator_py/my_pkg/_my_pkg_s.ep.rosidl_typesupport_fastrtps_c.c.o[0m
[7.183s] [ 92%] [32mBuilding C object CMakeFiles/my_pkg__rosidl_typesupport_introspection_c__pyext.dir/rosidl_generator_py/my_pkg/_my_pkg_s.ep.rosidl_typesupport_introspection_c.c.o[0m
[7.183s] [ 92%] [32mBuilding C object CMakeFiles/my_pkg__rosidl_typesupport_c__pyext.dir/rosidl_generator_py/my_pkg/_my_pkg_s.ep.rosidl_typesupport_c.c.o[0m
[7.277s] [ 94%] [32m[1mLinking CXX shared library rosidl_generator_py/my_pkg/my_pkg_s__rosidl_typesupport_fastrtps_c.cpython-38-x86_64-linux-gnu.so[0m
[7.279s] [ 97%] [32m[1mLinking C shared library rosidl_generator_py/my_pkg/my_pkg_s__rosidl_typesupport_introspection_c.cpython-38-x86_64-linux-gnu.so[0m
[7.306s] [100%] [32m[1mLinking C shared library rosidl_generator_py/my_pkg/my_pkg_s__rosidl_typesupport_c.cpython-38-x86_64-linux-gnu.so[0m
[7.317s] [100%] Built target my_pkg__rosidl_typesupport_introspection_c__pyext
[7.345s] [100%] Built target my_pkg__rosidl_typesupport_c__pyext
[7.367s] [100%] Built target my_pkg__rosidl_typesupport_fastrtps_c__pyext
[7.380s] Invoked command in '/home/mara/demo_ws/build/my_pkg' returned '0': CMAKE_PREFIX_PATH=${CMAKE_PREFIX_PATH}:/home/mara/demo_ws/install/my_pkg:/home/mara/demo_ws/src/install/carro_pkg:/home/mara/demo_ws/install/carro_pkg:/opt/ros/foxy /usr/bin/cmake --build /home/mara/demo_ws/build/my_pkg -- -j8 -l8
[7.455s] Invoking command in '/home/mara/demo_ws/build/my_pkg': CMAKE_PREFIX_PATH=${CMAKE_PREFIX_PATH}:/home/mara/demo_ws/install/my_pkg:/home/mara/demo_ws/src/install/carro_pkg:/home/mara/demo_ws/install/carro_pkg:/opt/ros/foxy /usr/bin/cmake --install /home/mara/demo_ws/build/my_pkg
[7.467s] -- Install configuration: ""
[7.467s] -- Installing: /home/mara/demo_ws/install/my_pkg/share/ament_index/resource_index/rosidl_interfaces/my_pkg
[7.467s] -- Installing: /home/mara/demo_ws/install/my_pkg/include/my_pkg
[7.468s] -- Installing: /home/mara/demo_ws/install/my_pkg/include/my_pkg/msg
[7.468s] -- Installing: /home/mara/demo_ws/install/my_pkg/include/my_pkg/msg/detail
[7.468s] -- Installing: /home/mara/demo_ws/install/my_pkg/include/my_pkg/msg/detail/distancia_dois_pontos__type_support.h
[7.468s] -- Installing: /home/mara/demo_ws/install/my_pkg/include/my_pkg/msg/detail/distancia_dois_pontos__functions.h
[7.469s] -- Installing: /home/mara/demo_ws/install/my_pkg/include/my_pkg/msg/detail/distancia_dois_pontos__struct.h
[7.469s] -- Installing: /home/mara/demo_ws/install/my_pkg/include/my_pkg/msg/detail/distancia_dois_pontos__functions.c
[7.469s] -- Installing: /home/mara/demo_ws/install/my_pkg/include/my_pkg/msg/distancia_dois_pontos.h
[7.469s] -- Installing: /home/mara/demo_ws/install/my_pkg/include/my_pkg/msg/rosidl_generator_c__visibility_control.h
[7.469s] -- Installing: /home/mara/demo_ws/install/my_pkg/include/my_pkg/srv
[7.469s] -- Installing: /home/mara/demo_ws/install/my_pkg/include/my_pkg/srv/detail
[7.469s] -- Installing: /home/mara/demo_ws/install/my_pkg/include/my_pkg/srv/detail/distancia_euclidiana__struct.h
[7.470s] -- Installing: /home/mara/demo_ws/install/my_pkg/include/my_pkg/srv/detail/distancia_euclidiana__type_support.h
[7.470s] -- Installing: /home/mara/demo_ws/install/my_pkg/include/my_pkg/srv/detail/distancia_euclidiana__functions.h
[7.470s] -- Installing: /home/mara/demo_ws/install/my_pkg/include/my_pkg/srv/detail/distancia_euclidiana__functions.c
[7.470s] -- Installing: /home/mara/demo_ws/install/my_pkg/include/my_pkg/srv/distancia_euclidiana.h
[7.470s] -- Installing: /home/mara/demo_ws/install/my_pkg/share/my_pkg/environment/library_path.sh
[7.470s] -- Installing: /home/mara/demo_ws/install/my_pkg/share/my_pkg/environment/library_path.dsv
[7.470s] -- Installing: /home/mara/demo_ws/install/my_pkg/lib/libmy_pkg__rosidl_generator_c.so
[7.470s] -- Set runtime path of "/home/mara/demo_ws/install/my_pkg/lib/libmy_pkg__rosidl_generator_c.so" to ""
[7.470s] -- Up-to-date: /home/mara/demo_ws/install/my_pkg/include/my_pkg
[7.471s] -- Up-to-date: /home/mara/demo_ws/install/my_pkg/include/my_pkg/msg
[7.471s] -- Up-to-date: /home/mara/demo_ws/install/my_pkg/include/my_pkg/msg/detail
[7.471s] -- Installing: /home/mara/demo_ws/install/my_pkg/include/my_pkg/msg/detail/distancia_dois_pontos__rosidl_typesupport_fastrtps_c.h
[7.471s] -- Installing: /home/mara/demo_ws/install/my_pkg/include/my_pkg/msg/rosidl_typesupport_fastrtps_c__visibility_control.h
[7.471s] -- Up-to-date: /home/mara/demo_ws/install/my_pkg/include/my_pkg/srv
[7.471s] -- Up-to-date: /home/mara/demo_ws/install/my_pkg/include/my_pkg/srv/detail
[7.472s] -- Installing: /home/mara/demo_ws/install/my_pkg/include/my_pkg/srv/detail/distancia_euclidiana__rosidl_typesupport_fastrtps_c.h
[7.472s] -- Installing: /home/mara/demo_ws/install/my_pkg/lib/libmy_pkg__rosidl_typesupport_fastrtps_c.so
[7.472s] -- Set runtime path of "/home/mara/demo_ws/install/my_pkg/lib/libmy_pkg__rosidl_typesupport_fastrtps_c.so" to ""
[7.472s] -- Up-to-date: /home/mara/demo_ws/install/my_pkg/include/my_pkg
[7.472s] -- Up-to-date: /home/mara/demo_ws/install/my_pkg/include/my_pkg/msg
[7.473s] -- Installing: /home/mara/demo_ws/install/my_pkg/include/my_pkg/msg/rosidl_typesupport_fastrtps_cpp__visibility_control.h
[7.473s] -- Up-to-date: /home/mara/demo_ws/install/my_pkg/include/my_pkg/msg/detail
[7.473s] -- Installing: /home/mara/demo_ws/install/my_pkg/include/my_pkg/msg/detail/distancia_dois_pontos__rosidl_typesupport_fastrtps_cpp.hpp
[7.473s] -- Installing: /home/mara/demo_ws/install/my_pkg/include/my_pkg/msg/detail/dds_fastrtps
[7.473s] -- Up-to-date: /home/mara/demo_ws/install/my_pkg/include/my_pkg/srv
[7.473s] -- Up-to-date: /home/mara/demo_ws/install/my_pkg/include/my_pkg/srv/detail
[7.474s] -- Installing: /home/mara/demo_ws/install/my_pkg/include/my_pkg/srv/detail/distancia_euclidiana__rosidl_typesupport_fastrtps_cpp.hpp
[7.474s] -- Installing: /home/mara/demo_ws/install/my_pkg/include/my_pkg/srv/detail/dds_fastrtps
[7.474s] -- Installing: /home/mara/demo_ws/install/my_pkg/lib/libmy_pkg__rosidl_typesupport_fastrtps_cpp.so
[7.474s] -- Set runtime path of "/home/mara/demo_ws/install/my_pkg/lib/libmy_pkg__rosidl_typesupport_fastrtps_cpp.so" to ""
[7.474s] -- Up-to-date: /home/mara/demo_ws/install/my_pkg/include/my_pkg
[7.474s] -- Up-to-date: /home/mara/demo_ws/install/my_pkg/include/my_pkg/msg
[7.474s] -- Up-to-date: /home/mara/demo_ws/install/my_pkg/include/my_pkg/msg/detail
[7.475s] -- Installing: /home/mara/demo_ws/install/my_pkg/include/my_pkg/msg/detail/distancia_dois_pontos__type_support.c
[7.475s] -- Installing: /home/mara/demo_ws/install/my_pkg/include/my_pkg/msg/detail/distancia_dois_pontos__rosidl_typesupport_introspection_c.h
[7.475s] -- Installing: /home/mara/demo_ws/install/my_pkg/include/my_pkg/msg/rosidl_typesupport_introspection_c__visibility_control.h
[7.475s] -- Up-to-date: /home/mara/demo_ws/install/my_pkg/include/my_pkg/srv
[7.475s] -- Up-to-date: /home/mara/demo_ws/install/my_pkg/include/my_pkg/srv/detail
[7.475s] -- Installing: /home/mara/demo_ws/install/my_pkg/include/my_pkg/srv/detail/distancia_euclidiana__rosidl_typesupport_introspection_c.h
[7.476s] -- Installing: /home/mara/demo_ws/install/my_pkg/include/my_pkg/srv/detail/distancia_euclidiana__type_support.c
[7.476s] -- Installing: /home/mara/demo_ws/install/my_pkg/lib/libmy_pkg__rosidl_typesupport_introspection_c.so
[7.476s] -- Set runtime path of "/home/mara/demo_ws/install/my_pkg/lib/libmy_pkg__rosidl_typesupport_introspection_c.so" to ""
[7.476s] -- Installing: /home/mara/demo_ws/install/my_pkg/lib/libmy_pkg__rosidl_typesupport_c.so
[7.476s] -- Set runtime path of "/home/mara/demo_ws/install/my_pkg/lib/libmy_pkg__rosidl_typesupport_c.so" to ""
[7.476s] -- Up-to-date: /home/mara/demo_ws/install/my_pkg/include/my_pkg
[7.476s] -- Up-to-date: /home/mara/demo_ws/install/my_pkg/include/my_pkg/msg
[7.477s] -- Up-to-date: /home/mara/demo_ws/install/my_pkg/include/my_pkg/msg/detail
[7.477s] -- Installing: /home/mara/demo_ws/install/my_pkg/include/my_pkg/msg/detail/distancia_dois_pontos__builder.hpp
[7.477s] -- Installing: /home/mara/demo_ws/install/my_pkg/include/my_pkg/msg/detail/distancia_dois_pontos__traits.hpp
[7.477s] -- Installing: /home/mara/demo_ws/install/my_pkg/include/my_pkg/msg/detail/distancia_dois_pontos__struct.hpp
[7.477s] -- Installing: /home/mara/demo_ws/install/my_pkg/include/my_pkg/msg/distancia_dois_pontos.hpp
[7.477s] -- Up-to-date: /home/mara/demo_ws/install/my_pkg/include/my_pkg/srv
[7.478s] -- Up-to-date: /home/mara/demo_ws/install/my_pkg/include/my_pkg/srv/detail
[7.478s] -- Installing: /home/mara/demo_ws/install/my_pkg/include/my_pkg/srv/detail/distancia_euclidiana__traits.hpp
[7.478s] -- Installing: /home/mara/demo_ws/install/my_pkg/include/my_pkg/srv/detail/distancia_euclidiana__struct.hpp
[7.478s] -- Installing: /home/mara/demo_ws/install/my_pkg/include/my_pkg/srv/detail/distancia_euclidiana__builder.hpp
[7.478s] -- Installing: /home/mara/demo_ws/install/my_pkg/include/my_pkg/srv/distancia_euclidiana.hpp
[7.478s] -- Up-to-date: /home/mara/demo_ws/install/my_pkg/include/my_pkg
[7.478s] -- Up-to-date: /home/mara/demo_ws/install/my_pkg/include/my_pkg/msg
[7.478s] -- Up-to-date: /home/mara/demo_ws/install/my_pkg/include/my_pkg/msg/detail
[7.478s] -- Installing: /home/mara/demo_ws/install/my_pkg/include/my_pkg/msg/detail/distancia_dois_pontos__rosidl_typesupport_introspection_cpp.hpp
[7.478s] -- Installing: /home/mara/demo_ws/install/my_pkg/include/my_pkg/msg/detail/distancia_dois_pontos__type_support.cpp
[7.479s] -- Up-to-date: /home/mara/demo_ws/install/my_pkg/include/my_pkg/srv
[7.479s] -- Up-to-date: /home/mara/demo_ws/install/my_pkg/include/my_pkg/srv/detail
[7.479s] -- Installing: /home/mara/demo_ws/install/my_pkg/include/my_pkg/srv/detail/distancia_euclidiana__type_support.cpp
[7.479s] -- Installing: /home/mara/demo_ws/install/my_pkg/include/my_pkg/srv/detail/distancia_euclidiana__rosidl_typesupport_introspection_cpp.hpp
[7.479s] -- Installing: /home/mara/demo_ws/install/my_pkg/lib/libmy_pkg__rosidl_typesupport_introspection_cpp.so
[7.479s] -- Set runtime path of "/home/mara/demo_ws/install/my_pkg/lib/libmy_pkg__rosidl_typesupport_introspection_cpp.so" to ""
[7.479s] -- Installing: /home/mara/demo_ws/install/my_pkg/lib/libmy_pkg__rosidl_typesupport_cpp.so
[7.479s] -- Set runtime path of "/home/mara/demo_ws/install/my_pkg/lib/libmy_pkg__rosidl_typesupport_cpp.so" to ""
[7.479s] -- Installing: /home/mara/demo_ws/install/my_pkg/share/my_pkg/environment/pythonpath.sh
[7.479s] -- Installing: /home/mara/demo_ws/install/my_pkg/share/my_pkg/environment/pythonpath.dsv
[7.479s] -- Installing: /home/mara/demo_ws/install/my_pkg/lib/python3.8/site-packages/my_pkg/__init__.py
[7.519s] Compiling '/home/mara/demo_ws/install/my_pkg/lib/python3.8/site-packages/my_pkg/__init__.py'...
[7.523s] -- Installing: /home/mara/demo_ws/install/my_pkg/lib/python3.8/site-packages/my_pkg/msg
[7.523s] -- Installing: /home/mara/demo_ws/install/my_pkg/lib/python3.8/site-packages/my_pkg/msg/_distancia_dois_pontos_s.c
[7.524s] -- Installing: /home/mara/demo_ws/install/my_pkg/lib/python3.8/site-packages/my_pkg/msg/__init__.py
[7.524s] -- Installing: /home/mara/demo_ws/install/my_pkg/lib/python3.8/site-packages/my_pkg/msg/_distancia_dois_pontos.py
[7.524s] -- Installing: /home/mara/demo_ws/install/my_pkg/lib/python3.8/site-packages/my_pkg/srv
[7.524s] -- Installing: /home/mara/demo_ws/install/my_pkg/lib/python3.8/site-packages/my_pkg/srv/_distancia_euclidiana.py
[7.524s] -- Installing: /home/mara/demo_ws/install/my_pkg/lib/python3.8/site-packages/my_pkg/srv/__init__.py
[7.524s] -- Installing: /home/mara/demo_ws/install/my_pkg/lib/python3.8/site-packages/my_pkg/srv/_distancia_euclidiana_s.c
[7.524s] -- Installing: /home/mara/demo_ws/install/my_pkg/lib/python3.8/site-packages/my_pkg/my_pkg_s__rosidl_typesupport_fastrtps_c.cpython-38-x86_64-linux-gnu.so
[7.525s] -- Set runtime path of "/home/mara/demo_ws/install/my_pkg/lib/python3.8/site-packages/my_pkg/my_pkg_s__rosidl_typesupport_fastrtps_c.cpython-38-x86_64-linux-gnu.so" to ""
[7.525s] -- Installing: /home/mara/demo_ws/install/my_pkg/lib/python3.8/site-packages/my_pkg/my_pkg_s__rosidl_typesupport_introspection_c.cpython-38-x86_64-linux-gnu.so
[7.525s] -- Set runtime path of "/home/mara/demo_ws/install/my_pkg/lib/python3.8/site-packages/my_pkg/my_pkg_s__rosidl_typesupport_introspection_c.cpython-38-x86_64-linux-gnu.so" to ""
[7.525s] -- Installing: /home/mara/demo_ws/install/my_pkg/lib/python3.8/site-packages/my_pkg/my_pkg_s__rosidl_typesupport_c.cpython-38-x86_64-linux-gnu.so
[7.526s] -- Set runtime path of "/home/mara/demo_ws/install/my_pkg/lib/python3.8/site-packages/my_pkg/my_pkg_s__rosidl_typesupport_c.cpython-38-x86_64-linux-gnu.so" to ""
[7.526s] -- Installing: /home/mara/demo_ws/install/my_pkg/lib/libmy_pkg__python.so
[7.526s] -- Set runtime path of "/home/mara/demo_ws/install/my_pkg/lib/libmy_pkg__python.so" to ""
[7.526s] -- Installing: /home/mara/demo_ws/install/my_pkg/share/my_pkg/msg/DistanciaDoisPontos.idl
[7.527s] -- Installing: /home/mara/demo_ws/install/my_pkg/share/my_pkg/srv/DistanciaEuclidiana.idl
[7.527s] -- Installing: /home/mara/demo_ws/install/my_pkg/share/my_pkg/msg/DistanciaDoisPontos.msg
[7.527s] -- Installing: /home/mara/demo_ws/install/my_pkg/share/my_pkg/srv/DistanciaEuclidiana.srv
[7.527s] -- Installing: /home/mara/demo_ws/install/my_pkg/share/my_pkg/srv/DistanciaEuclidiana_Request.msg
[7.527s] -- Installing: /home/mara/demo_ws/install/my_pkg/share/my_pkg/srv/DistanciaEuclidiana_Response.msg
[7.527s] -- Installing: /home/mara/demo_ws/install/my_pkg/share/ament_index/resource_index/package_run_dependencies/my_pkg
[7.527s] -- Installing: /home/mara/demo_ws/install/my_pkg/share/ament_index/resource_index/parent_prefix_path/my_pkg
[7.528s] -- Installing: /home/mara/demo_ws/install/my_pkg/share/my_pkg/environment/ament_prefix_path.sh
[7.528s] -- Installing: /home/mara/demo_ws/install/my_pkg/share/my_pkg/environment/ament_prefix_path.dsv
[7.528s] -- Installing: /home/mara/demo_ws/install/my_pkg/share/my_pkg/environment/path.sh
[7.528s] -- Installing: /home/mara/demo_ws/install/my_pkg/share/my_pkg/environment/path.dsv
[7.528s] -- Installing: /home/mara/demo_ws/install/my_pkg/share/my_pkg/local_setup.bash
[7.528s] -- Installing: /home/mara/demo_ws/install/my_pkg/share/my_pkg/local_setup.sh
[7.528s] -- Installing: /home/mara/demo_ws/install/my_pkg/share/my_pkg/local_setup.zsh
[7.528s] -- Installing: /home/mara/demo_ws/install/my_pkg/share/my_pkg/local_setup.dsv
[7.528s] -- Installing: /home/mara/demo_ws/install/my_pkg/share/my_pkg/package.dsv
[7.528s] -- Installing: /home/mara/demo_ws/install/my_pkg/share/ament_index/resource_index/packages/my_pkg
[7.529s] -- Installing: /home/mara/demo_ws/install/my_pkg/share/my_pkg/cmake/my_pkg__rosidl_generator_cExport.cmake
[7.529s] -- Installing: /home/mara/demo_ws/install/my_pkg/share/my_pkg/cmake/my_pkg__rosidl_generator_cExport-noconfig.cmake
[7.529s] -- Installing: /home/mara/demo_ws/install/my_pkg/share/my_pkg/cmake/my_pkg__rosidl_typesupport_introspection_cExport.cmake
[7.529s] -- Installing: /home/mara/demo_ws/install/my_pkg/share/my_pkg/cmake/my_pkg__rosidl_typesupport_introspection_cExport-noconfig.cmake
[7.529s] -- Installing: /home/mara/demo_ws/install/my_pkg/share/my_pkg/cmake/my_pkg__rosidl_typesupport_cExport.cmake
[7.529s] -- Installing: /home/mara/demo_ws/install/my_pkg/share/my_pkg/cmake/my_pkg__rosidl_typesupport_cExport-noconfig.cmake
[7.530s] -- Installing: /home/mara/demo_ws/install/my_pkg/share/my_pkg/cmake/my_pkg__rosidl_generator_cppExport.cmake
[7.530s] -- Installing: /home/mara/demo_ws/install/my_pkg/share/my_pkg/cmake/my_pkg__rosidl_typesupport_introspection_cppExport.cmake
[7.530s] -- Installing: /home/mara/demo_ws/install/my_pkg/share/my_pkg/cmake/my_pkg__rosidl_typesupport_introspection_cppExport-noconfig.cmake
[7.531s] -- Installing: /home/mara/demo_ws/install/my_pkg/share/my_pkg/cmake/my_pkg__rosidl_typesupport_cppExport.cmake
[7.531s] -- Installing: /home/mara/demo_ws/install/my_pkg/share/my_pkg/cmake/my_pkg__rosidl_typesupport_cppExport-noconfig.cmake
[7.531s] -- Installing: /home/mara/demo_ws/install/my_pkg/share/my_pkg/cmake/rosidl_cmake-extras.cmake
[7.531s] -- Installing: /home/mara/demo_ws/install/my_pkg/share/my_pkg/cmake/ament_cmake_export_dependencies-extras.cmake
[7.531s] -- Installing: /home/mara/demo_ws/install/my_pkg/share/my_pkg/cmake/ament_cmake_export_libraries-extras.cmake
[7.531s] -- Installing: /home/mara/demo_ws/install/my_pkg/share/my_pkg/cmake/ament_cmake_export_targets-extras.cmake
[7.531s] -- Installing: /home/mara/demo_ws/install/my_pkg/share/my_pkg/cmake/ament_cmake_export_include_directories-extras.cmake
[7.532s] -- Installing: /home/mara/demo_ws/install/my_pkg/share/my_pkg/cmake/rosidl_cmake_export_typesupport_libraries-extras.cmake
[7.532s] -- Installing: /home/mara/demo_ws/install/my_pkg/share/my_pkg/cmake/rosidl_cmake_export_typesupport_targets-extras.cmake
[7.532s] -- Installing: /home/mara/demo_ws/install/my_pkg/share/my_pkg/cmake/my_pkgConfig.cmake
[7.532s] -- Installing: /home/mara/demo_ws/install/my_pkg/share/my_pkg/cmake/my_pkgConfig-version.cmake
[7.532s] -- Installing: /home/mara/demo_ws/install/my_pkg/share/my_pkg/package.xml
[7.535s] Invoked command in '/home/mara/demo_ws/build/my_pkg' returned '0': CMAKE_PREFIX_PATH=${CMAKE_PREFIX_PATH}:/home/mara/demo_ws/install/my_pkg:/home/mara/demo_ws/src/install/carro_pkg:/home/mara/demo_ws/install/carro_pkg:/opt/ros/foxy /usr/bin/cmake --install /home/mara/demo_ws/build/my_pkg
