[0.579s] Invoking command in '/home/mara/demo_ws/build/my_pkg': CMAKE_PREFIX_PATH=${CMAKE_PREFIX_PATH}:/home/mara/demo_ws/install/exec_pkg:/home/mara/demo_ws/install/carro_pkg:/home/mara/avant_ws/install/turtlebot3_teleop:/home/mara/avant_ws/install/turtlebot3_example:/home/mara/avant_ws/install/exec_pkg:/opt/ros/foxy /usr/bin/cmake --build /home/mara/demo_ws/build/my_pkg -- -j8 -l8
[0.628s] [  9%] Built target my_pkg__cpp
[0.628s] [ 12%] Built target my_pkg__rosidl_generator_c
[0.653s] [ 22%] Built target my_pkg__rosidl_typesupport_c
[0.654s] [ 32%] Built target my_pkg__rosidl_typesupport_introspection_c
[0.654s] [ 41%] Built target my_pkg__rosidl_typesupport_introspection_cpp
[0.655s] [ 51%] Built target my_pkg__rosidl_typesupport_cpp
[0.660s] [ 61%] Built target my_pkg__rosidl_typesupport_fastrtps_cpp
[0.683s] [ 70%] Built target my_pkg__rosidl_typesupport_fastrtps_c
[0.701s] [ 70%] Built target my_pkg
[0.719s] [ 74%] Built target my_pkg__py
[0.742s] [ 80%] Built target my_pkg__python
[0.766s] [ 87%] Built target my_pkg__rosidl_typesupport_c__pyext
[0.768s] [ 93%] Built target my_pkg__rosidl_typesupport_introspection_c__pyext
[0.776s] [100%] Built target my_pkg__rosidl_typesupport_fastrtps_c__pyext
[0.786s] Invoked command in '/home/mara/demo_ws/build/my_pkg' returned '0': CMAKE_PREFIX_PATH=${CMAKE_PREFIX_PATH}:/home/mara/demo_ws/install/exec_pkg:/home/mara/demo_ws/install/carro_pkg:/home/mara/avant_ws/install/turtlebot3_teleop:/home/mara/avant_ws/install/turtlebot3_example:/home/mara/avant_ws/install/exec_pkg:/opt/ros/foxy /usr/bin/cmake --build /home/mara/demo_ws/build/my_pkg -- -j8 -l8
[0.839s] Invoking command in '/home/mara/demo_ws/build/my_pkg': CMAKE_PREFIX_PATH=${CMAKE_PREFIX_PATH}:/home/mara/demo_ws/install/exec_pkg:/home/mara/demo_ws/install/carro_pkg:/home/mara/avant_ws/install/turtlebot3_teleop:/home/mara/avant_ws/install/turtlebot3_example:/home/mara/avant_ws/install/exec_pkg:/opt/ros/foxy /usr/bin/cmake --install /home/mara/demo_ws/build/my_pkg
[0.847s] -- Install configuration: ""
[0.848s] -- Up-to-date: /home/mara/demo_ws/install/my_pkg/share/ament_index/resource_index/rosidl_interfaces/my_pkg
[0.848s] -- Up-to-date: /home/mara/demo_ws/install/my_pkg/include/my_pkg
[0.848s] -- Up-to-date: /home/mara/demo_ws/install/my_pkg/include/my_pkg/msg
[0.848s] -- Up-to-date: /home/mara/demo_ws/install/my_pkg/include/my_pkg/msg/detail
[0.848s] -- Up-to-date: /home/mara/demo_ws/install/my_pkg/include/my_pkg/msg/detail/distancia_dois_pontos__type_support.h
[0.848s] -- Up-to-date: /home/mara/demo_ws/install/my_pkg/include/my_pkg/msg/detail/distancia_dois_pontos__functions.h
[0.848s] -- Up-to-date: /home/mara/demo_ws/install/my_pkg/include/my_pkg/msg/detail/distancia_dois_pontos__struct.h
[0.848s] -- Up-to-date: /home/mara/demo_ws/install/my_pkg/include/my_pkg/msg/detail/distancia_dois_pontos__functions.c
[0.848s] -- Up-to-date: /home/mara/demo_ws/install/my_pkg/include/my_pkg/msg/distancia_dois_pontos.h
[0.848s] -- Up-to-date: /home/mara/demo_ws/install/my_pkg/include/my_pkg/msg/rosidl_generator_c__visibility_control.h
[0.848s] -- Installing: /home/mara/demo_ws/install/my_pkg/include/my_pkg/srv
[0.848s] -- Installing: /home/mara/demo_ws/install/my_pkg/include/my_pkg/srv/detail
[0.848s] -- Installing: /home/mara/demo_ws/install/my_pkg/include/my_pkg/srv/detail/distancia_euclidiana__struct.h
[0.849s] -- Installing: /home/mara/demo_ws/install/my_pkg/include/my_pkg/srv/detail/distancia_euclidiana__type_support.h
[0.849s] -- Installing: /home/mara/demo_ws/install/my_pkg/include/my_pkg/srv/detail/distancia_euclidiana__functions.h
[0.849s] -- Installing: /home/mara/demo_ws/install/my_pkg/include/my_pkg/srv/detail/distancia_euclidiana__functions.c
[0.849s] -- Installing: /home/mara/demo_ws/install/my_pkg/include/my_pkg/srv/distancia_euclidiana.h
[0.849s] -- Up-to-date: /home/mara/demo_ws/install/my_pkg/share/my_pkg/environment/library_path.sh
[0.849s] -- Up-to-date: /home/mara/demo_ws/install/my_pkg/share/my_pkg/environment/library_path.dsv
[0.849s] -- Up-to-date: /home/mara/demo_ws/install/my_pkg/lib/libmy_pkg__rosidl_generator_c.so
[0.849s] -- Up-to-date: /home/mara/demo_ws/install/my_pkg/include/my_pkg
[0.849s] -- Up-to-date: /home/mara/demo_ws/install/my_pkg/include/my_pkg/msg
[0.849s] -- Up-to-date: /home/mara/demo_ws/install/my_pkg/include/my_pkg/msg/detail
[0.849s] -- Up-to-date: /home/mara/demo_ws/install/my_pkg/include/my_pkg/msg/detail/distancia_dois_pontos__rosidl_typesupport_fastrtps_c.h
[0.850s] -- Up-to-date: /home/mara/demo_ws/install/my_pkg/include/my_pkg/msg/rosidl_typesupport_fastrtps_c__visibility_control.h
[0.850s] -- Up-to-date: /home/mara/demo_ws/install/my_pkg/include/my_pkg/srv
[0.850s] -- Up-to-date: /home/mara/demo_ws/install/my_pkg/include/my_pkg/srv/detail
[0.850s] -- Installing: /home/mara/demo_ws/install/my_pkg/include/my_pkg/srv/detail/distancia_euclidiana__rosidl_typesupport_fastrtps_c.h
[0.850s] -- Up-to-date: /home/mara/demo_ws/install/my_pkg/lib/libmy_pkg__rosidl_typesupport_fastrtps_c.so
[0.850s] -- Up-to-date: /home/mara/demo_ws/install/my_pkg/include/my_pkg
[0.850s] -- Up-to-date: /home/mara/demo_ws/install/my_pkg/include/my_pkg/msg
[0.850s] -- Up-to-date: /home/mara/demo_ws/install/my_pkg/include/my_pkg/msg/rosidl_typesupport_fastrtps_cpp__visibility_control.h
[0.850s] -- Up-to-date: /home/mara/demo_ws/install/my_pkg/include/my_pkg/msg/detail
[0.850s] -- Up-to-date: /home/mara/demo_ws/install/my_pkg/include/my_pkg/msg/detail/distancia_dois_pontos__rosidl_typesupport_fastrtps_cpp.hpp
[0.850s] -- Up-to-date: /home/mara/demo_ws/install/my_pkg/include/my_pkg/msg/detail/dds_fastrtps
[0.850s] -- Up-to-date: /home/mara/demo_ws/install/my_pkg/include/my_pkg/srv
[0.851s] -- Up-to-date: /home/mara/demo_ws/install/my_pkg/include/my_pkg/srv/detail
[0.851s] -- Installing: /home/mara/demo_ws/install/my_pkg/include/my_pkg/srv/detail/distancia_euclidiana__rosidl_typesupport_fastrtps_cpp.hpp
[0.851s] -- Installing: /home/mara/demo_ws/install/my_pkg/include/my_pkg/srv/detail/dds_fastrtps
[0.851s] -- Up-to-date: /home/mara/demo_ws/install/my_pkg/lib/libmy_pkg__rosidl_typesupport_fastrtps_cpp.so
[0.851s] -- Up-to-date: /home/mara/demo_ws/install/my_pkg/include/my_pkg
[0.851s] -- Up-to-date: /home/mara/demo_ws/install/my_pkg/include/my_pkg/msg
[0.851s] -- Up-to-date: /home/mara/demo_ws/install/my_pkg/include/my_pkg/msg/detail
[0.851s] -- Up-to-date: /home/mara/demo_ws/install/my_pkg/include/my_pkg/msg/detail/distancia_dois_pontos__type_support.c
[0.851s] -- Up-to-date: /home/mara/demo_ws/install/my_pkg/include/my_pkg/msg/detail/distancia_dois_pontos__rosidl_typesupport_introspection_c.h
[0.851s] -- Up-to-date: /home/mara/demo_ws/install/my_pkg/include/my_pkg/msg/rosidl_typesupport_introspection_c__visibility_control.h
[0.851s] -- Up-to-date: /home/mara/demo_ws/install/my_pkg/include/my_pkg/srv
[0.851s] -- Up-to-date: /home/mara/demo_ws/install/my_pkg/include/my_pkg/srv/detail
[0.851s] -- Installing: /home/mara/demo_ws/install/my_pkg/include/my_pkg/srv/detail/distancia_euclidiana__rosidl_typesupport_introspection_c.h
[0.852s] -- Installing: /home/mara/demo_ws/install/my_pkg/include/my_pkg/srv/detail/distancia_euclidiana__type_support.c
[0.852s] -- Up-to-date: /home/mara/demo_ws/install/my_pkg/lib/libmy_pkg__rosidl_typesupport_introspection_c.so
[0.852s] -- Up-to-date: /home/mara/demo_ws/install/my_pkg/lib/libmy_pkg__rosidl_typesupport_c.so
[0.852s] -- Up-to-date: /home/mara/demo_ws/install/my_pkg/include/my_pkg
[0.852s] -- Up-to-date: /home/mara/demo_ws/install/my_pkg/include/my_pkg/msg
[0.852s] -- Up-to-date: /home/mara/demo_ws/install/my_pkg/include/my_pkg/msg/detail
[0.852s] -- Up-to-date: /home/mara/demo_ws/install/my_pkg/include/my_pkg/msg/detail/distancia_dois_pontos__builder.hpp
[0.852s] -- Up-to-date: /home/mara/demo_ws/install/my_pkg/include/my_pkg/msg/detail/distancia_dois_pontos__traits.hpp
[0.852s] -- Up-to-date: /home/mara/demo_ws/install/my_pkg/include/my_pkg/msg/detail/distancia_dois_pontos__struct.hpp
[0.852s] -- Up-to-date: /home/mara/demo_ws/install/my_pkg/include/my_pkg/msg/distancia_dois_pontos.hpp
[0.852s] -- Up-to-date: /home/mara/demo_ws/install/my_pkg/include/my_pkg/srv
[0.852s] -- Up-to-date: /home/mara/demo_ws/install/my_pkg/include/my_pkg/srv/detail
[0.852s] -- Installing: /home/mara/demo_ws/install/my_pkg/include/my_pkg/srv/detail/distancia_euclidiana__traits.hpp
[0.853s] -- Installing: /home/mara/demo_ws/install/my_pkg/include/my_pkg/srv/detail/distancia_euclidiana__struct.hpp
[0.853s] -- Installing: /home/mara/demo_ws/install/my_pkg/include/my_pkg/srv/detail/distancia_euclidiana__builder.hpp
[0.853s] -- Installing: /home/mara/demo_ws/install/my_pkg/include/my_pkg/srv/distancia_euclidiana.hpp
[0.853s] -- Up-to-date: /home/mara/demo_ws/install/my_pkg/include/my_pkg
[0.853s] -- Up-to-date: /home/mara/demo_ws/install/my_pkg/include/my_pkg/msg
[0.853s] -- Up-to-date: /home/mara/demo_ws/install/my_pkg/include/my_pkg/msg/detail
[0.853s] -- Up-to-date: /home/mara/demo_ws/install/my_pkg/include/my_pkg/msg/detail/distancia_dois_pontos__rosidl_typesupport_introspection_cpp.hpp
[0.853s] -- Up-to-date: /home/mara/demo_ws/install/my_pkg/include/my_pkg/msg/detail/distancia_dois_pontos__type_support.cpp
[0.853s] -- Up-to-date: /home/mara/demo_ws/install/my_pkg/include/my_pkg/srv
[0.853s] -- Up-to-date: /home/mara/demo_ws/install/my_pkg/include/my_pkg/srv/detail
[0.853s] -- Installing: /home/mara/demo_ws/install/my_pkg/include/my_pkg/srv/detail/distancia_euclidiana__type_support.cpp
[0.853s] -- Installing: /home/mara/demo_ws/install/my_pkg/include/my_pkg/srv/detail/distancia_euclidiana__rosidl_typesupport_introspection_cpp.hpp
[0.853s] -- Up-to-date: /home/mara/demo_ws/install/my_pkg/lib/libmy_pkg__rosidl_typesupport_introspection_cpp.so
[0.853s] -- Up-to-date: /home/mara/demo_ws/install/my_pkg/lib/libmy_pkg__rosidl_typesupport_cpp.so
[0.854s] -- Up-to-date: /home/mara/demo_ws/install/my_pkg/share/my_pkg/environment/pythonpath.sh
[0.854s] -- Up-to-date: /home/mara/demo_ws/install/my_pkg/share/my_pkg/environment/pythonpath.dsv
[0.854s] -- Up-to-date: /home/mara/demo_ws/install/my_pkg/lib/python3.8/site-packages/my_pkg/__init__.py
[0.888s] -- Up-to-date: /home/mara/demo_ws/install/my_pkg/lib/python3.8/site-packages/my_pkg/msg
[0.888s] -- Up-to-date: /home/mara/demo_ws/install/my_pkg/lib/python3.8/site-packages/my_pkg/msg/_distancia_dois_pontos_s.c
[0.888s] -- Up-to-date: /home/mara/demo_ws/install/my_pkg/lib/python3.8/site-packages/my_pkg/msg/__init__.py
[0.888s] -- Up-to-date: /home/mara/demo_ws/install/my_pkg/lib/python3.8/site-packages/my_pkg/msg/_distancia_dois_pontos.py
[0.888s] -- Up-to-date: /home/mara/demo_ws/install/my_pkg/lib/python3.8/site-packages/my_pkg/my_pkg_s__rosidl_typesupport_fastrtps_c.cpython-38-x86_64-linux-gnu.so
[0.888s] -- Up-to-date: /home/mara/demo_ws/install/my_pkg/lib/python3.8/site-packages/my_pkg/my_pkg_s__rosidl_typesupport_introspection_c.cpython-38-x86_64-linux-gnu.so
[0.889s] -- Up-to-date: /home/mara/demo_ws/install/my_pkg/lib/python3.8/site-packages/my_pkg/my_pkg_s__rosidl_typesupport_c.cpython-38-x86_64-linux-gnu.so
[0.889s] -- Up-to-date: /home/mara/demo_ws/install/my_pkg/lib/libmy_pkg__python.so
[0.889s] -- Up-to-date: /home/mara/demo_ws/install/my_pkg/share/my_pkg/msg/DistanciaDoisPontos.idl
[0.890s] -- Up-to-date: /home/mara/demo_ws/install/my_pkg/share/my_pkg/msg/DistanciaDoisPontos.msg
[0.890s] -- Up-to-date: /home/mara/demo_ws/install/my_pkg/share/ament_index/resource_index/package_run_dependencies/my_pkg
[0.890s] -- Up-to-date: /home/mara/demo_ws/install/my_pkg/share/ament_index/resource_index/parent_prefix_path/my_pkg
[0.890s] -- Up-to-date: /home/mara/demo_ws/install/my_pkg/share/my_pkg/environment/ament_prefix_path.sh
[0.890s] -- Up-to-date: /home/mara/demo_ws/install/my_pkg/share/my_pkg/environment/ament_prefix_path.dsv
[0.890s] -- Up-to-date: /home/mara/demo_ws/install/my_pkg/share/my_pkg/environment/path.sh
[0.891s] -- Up-to-date: /home/mara/demo_ws/install/my_pkg/share/my_pkg/environment/path.dsv
[0.891s] -- Up-to-date: /home/mara/demo_ws/install/my_pkg/share/my_pkg/local_setup.bash
[0.891s] -- Up-to-date: /home/mara/demo_ws/install/my_pkg/share/my_pkg/local_setup.sh
[0.891s] -- Up-to-date: /home/mara/demo_ws/install/my_pkg/share/my_pkg/local_setup.zsh
[0.891s] -- Up-to-date: /home/mara/demo_ws/install/my_pkg/share/my_pkg/local_setup.dsv
[0.891s] -- Installing: /home/mara/demo_ws/install/my_pkg/share/my_pkg/package.dsv
[0.891s] -- Up-to-date: /home/mara/demo_ws/install/my_pkg/share/ament_index/resource_index/packages/my_pkg
[0.891s] -- Up-to-date: /home/mara/demo_ws/install/my_pkg/share/my_pkg/cmake/my_pkg__rosidl_generator_cExport.cmake
[0.892s] -- Up-to-date: /home/mara/demo_ws/install/my_pkg/share/my_pkg/cmake/my_pkg__rosidl_generator_cExport-noconfig.cmake
[0.892s] -- Up-to-date: /home/mara/demo_ws/install/my_pkg/share/my_pkg/cmake/my_pkg__rosidl_typesupport_introspection_cExport.cmake
[0.892s] -- Up-to-date: /home/mara/demo_ws/install/my_pkg/share/my_pkg/cmake/my_pkg__rosidl_typesupport_introspection_cExport-noconfig.cmake
[0.892s] -- Up-to-date: /home/mara/demo_ws/install/my_pkg/share/my_pkg/cmake/my_pkg__rosidl_typesupport_cExport.cmake
[0.892s] -- Up-to-date: /home/mara/demo_ws/install/my_pkg/share/my_pkg/cmake/my_pkg__rosidl_typesupport_cExport-noconfig.cmake
[0.892s] -- Up-to-date: /home/mara/demo_ws/install/my_pkg/share/my_pkg/cmake/my_pkg__rosidl_generator_cppExport.cmake
[0.892s] -- Up-to-date: /home/mara/demo_ws/install/my_pkg/share/my_pkg/cmake/my_pkg__rosidl_typesupport_introspection_cppExport.cmake
[0.893s] -- Up-to-date: /home/mara/demo_ws/install/my_pkg/share/my_pkg/cmake/my_pkg__rosidl_typesupport_introspection_cppExport-noconfig.cmake
[0.893s] -- Up-to-date: /home/mara/demo_ws/install/my_pkg/share/my_pkg/cmake/my_pkg__rosidl_typesupport_cppExport.cmake
[0.893s] -- Up-to-date: /home/mara/demo_ws/install/my_pkg/share/my_pkg/cmake/my_pkg__rosidl_typesupport_cppExport-noconfig.cmake
[0.893s] -- Up-to-date: /home/mara/demo_ws/install/my_pkg/share/my_pkg/cmake/rosidl_cmake-extras.cmake
[0.893s] -- Up-to-date: /home/mara/demo_ws/install/my_pkg/share/my_pkg/cmake/ament_cmake_export_dependencies-extras.cmake
[0.893s] -- Up-to-date: /home/mara/demo_ws/install/my_pkg/share/my_pkg/cmake/ament_cmake_export_libraries-extras.cmake
[0.893s] -- Up-to-date: /home/mara/demo_ws/install/my_pkg/share/my_pkg/cmake/ament_cmake_export_targets-extras.cmake
[0.893s] -- Up-to-date: /home/mara/demo_ws/install/my_pkg/share/my_pkg/cmake/ament_cmake_export_include_directories-extras.cmake
[0.894s] -- Up-to-date: /home/mara/demo_ws/install/my_pkg/share/my_pkg/cmake/rosidl_cmake_export_typesupport_libraries-extras.cmake
[0.894s] -- Up-to-date: /home/mara/demo_ws/install/my_pkg/share/my_pkg/cmake/rosidl_cmake_export_typesupport_targets-extras.cmake
[0.894s] -- Up-to-date: /home/mara/demo_ws/install/my_pkg/share/my_pkg/cmake/my_pkgConfig.cmake
[0.894s] -- Up-to-date: /home/mara/demo_ws/install/my_pkg/share/my_pkg/cmake/my_pkgConfig-version.cmake
[0.894s] -- Up-to-date: /home/mara/demo_ws/install/my_pkg/share/my_pkg/package.xml
[0.896s] Invoked command in '/home/mara/demo_ws/build/my_pkg' returned '0': CMAKE_PREFIX_PATH=${CMAKE_PREFIX_PATH}:/home/mara/demo_ws/install/exec_pkg:/home/mara/demo_ws/install/carro_pkg:/home/mara/avant_ws/install/turtlebot3_teleop:/home/mara/avant_ws/install/turtlebot3_example:/home/mara/avant_ws/install/exec_pkg:/opt/ros/foxy /usr/bin/cmake --install /home/mara/demo_ws/build/my_pkg
