[0.161s] DEBUG:colcon:Command line arguments: ['/usr/bin/colcon', 'build']
[0.161s] DEBUG:colcon:Parsed command line arguments: Namespace(allow_overriding=[], ament_cmake_args=None, base_paths=['.'], build_base='build', catkin_cmake_args=None, catkin_skip_building_tests=False, cmake_args=None, cmake_clean_cache=False, cmake_clean_first=False, cmake_force_configure=False, cmake_target=None, cmake_target_skip_unavailable=False, continue_on_error=False, event_handlers=None, executor='parallel', ignore_user_meta=False, install_base='install', log_base=None, log_level=None, main=<bound method BuildVerb.main of <colcon_core.verb.build.BuildVerb object at 0x7f208584e0a0>>, merge_install=False, metas=['./colcon.meta'], mixin=None, mixin_files=None, mixin_verb=('build',), packages_above=None, packages_above_and_dependencies=None, packages_above_depth=None, packages_end=None, packages_ignore=None, packages_ignore_regex=None, packages_select=None, packages_select_build_failed=False, packages_select_by_dep=None, packages_select_regex=None, packages_select_test_failures=False, packages_skip=None, packages_skip_build_finished=False, packages_skip_by_dep=None, packages_skip_regex=None, packages_skip_test_passed=False, packages_skip_up_to=None, packages_start=None, packages_up_to=None, packages_up_to_regex=None, parallel_workers=8, paths=None, symlink_install=False, test_result_base=None, verb_extension=<colcon_core.verb.build.BuildVerb object at 0x7f208584e0a0>, verb_name='build', verb_parser=<colcon_mixin.mixin.mixin_argument.MixinArgumentDecorator object at 0x7f208584e670>)
[0.183s] Level 1:colcon.colcon_core.package_discovery:discover_packages(colcon_meta) check parameters
[0.183s] INFO:colcon.colcon_metadata.package_discovery.colcon_meta:Using configuration from '/home/mara/.colcon/metadata/default/Gazebo.meta'
[0.184s] INFO:colcon.colcon_metadata.package_discovery.colcon_meta:Using configuration from '/home/mara/.colcon/metadata/default/fastrtps.meta'
[0.184s] Level 1:colcon.colcon_core.package_discovery:discover_packages(recursive) check parameters
[0.184s] Level 1:colcon.colcon_core.package_discovery:discover_packages(ignore) check parameters
[0.184s] Level 1:colcon.colcon_core.package_discovery:discover_packages(path) check parameters
[0.184s] Level 1:colcon.colcon_core.package_discovery:discover_packages(colcon_meta) discover
[0.184s] Level 1:colcon.colcon_core.package_discovery:discover_packages(recursive) discover
[0.184s] INFO:colcon.colcon_core.package_discovery:Crawling recursively for packages in '/home/mara/demo_ws'
[0.184s] Level 1:colcon.colcon_core.package_identification:_identify(.) by extensions ['ignore', 'ignore_ament_install']
[0.184s] Level 1:colcon.colcon_core.package_identification:_identify(.) by extension 'ignore'
[0.184s] Level 1:colcon.colcon_core.package_identification:_identify(.) by extension 'ignore_ament_install'
[0.184s] Level 1:colcon.colcon_core.package_identification:_identify(.) by extensions ['colcon_pkg']
[0.184s] Level 1:colcon.colcon_core.package_identification:_identify(.) by extension 'colcon_pkg'
[0.184s] Level 1:colcon.colcon_core.package_identification:_identify(.) by extensions ['colcon_meta']
[0.184s] Level 1:colcon.colcon_core.package_identification:_identify(.) by extension 'colcon_meta'
[0.185s] Level 1:colcon.colcon_core.package_identification:_identify(.) by extensions ['ros']
[0.185s] Level 1:colcon.colcon_core.package_identification:_identify(.) by extension 'ros'
[0.251s] Level 1:colcon.colcon_core.package_identification:_identify(.) by extensions ['cmake', 'python']
[0.251s] Level 1:colcon.colcon_core.package_identification:_identify(.) by extension 'cmake'
[0.251s] Level 1:colcon.colcon_core.package_identification:_identify(.) by extension 'python'
[0.251s] Level 1:colcon.colcon_core.package_identification:_identify(.) by extensions ['python_setup_py']
[0.251s] Level 1:colcon.colcon_core.package_identification:_identify(.) by extension 'python_setup_py'
[0.251s] Level 1:colcon.colcon_core.package_identification:_identify(build) by extensions ['ignore', 'ignore_ament_install']
[0.251s] Level 1:colcon.colcon_core.package_identification:_identify(build) by extension 'ignore'
[0.251s] Level 1:colcon.colcon_core.package_identification:_identify(build) ignored
[0.251s] Level 1:colcon.colcon_core.package_identification:_identify(install) by extensions ['ignore', 'ignore_ament_install']
[0.251s] Level 1:colcon.colcon_core.package_identification:_identify(install) by extension 'ignore'
[0.252s] Level 1:colcon.colcon_core.package_identification:_identify(install) ignored
[0.252s] Level 1:colcon.colcon_core.package_identification:_identify(log) by extensions ['ignore', 'ignore_ament_install']
[0.252s] Level 1:colcon.colcon_core.package_identification:_identify(log) by extension 'ignore'
[0.252s] Level 1:colcon.colcon_core.package_identification:_identify(log) ignored
[0.252s] Level 1:colcon.colcon_core.package_identification:_identify(src) by extensions ['ignore', 'ignore_ament_install']
[0.252s] Level 1:colcon.colcon_core.package_identification:_identify(src) by extension 'ignore'
[0.252s] Level 1:colcon.colcon_core.package_identification:_identify(src) by extension 'ignore_ament_install'
[0.252s] Level 1:colcon.colcon_core.package_identification:_identify(src) by extensions ['colcon_pkg']
[0.252s] Level 1:colcon.colcon_core.package_identification:_identify(src) by extension 'colcon_pkg'
[0.252s] Level 1:colcon.colcon_core.package_identification:_identify(src) by extensions ['colcon_meta']
[0.252s] Level 1:colcon.colcon_core.package_identification:_identify(src) by extension 'colcon_meta'
[0.252s] Level 1:colcon.colcon_core.package_identification:_identify(src) by extensions ['ros']
[0.252s] Level 1:colcon.colcon_core.package_identification:_identify(src) by extension 'ros'
[0.252s] Level 1:colcon.colcon_core.package_identification:_identify(src) by extensions ['cmake', 'python']
[0.252s] Level 1:colcon.colcon_core.package_identification:_identify(src) by extension 'cmake'
[0.252s] Level 1:colcon.colcon_core.package_identification:_identify(src) by extension 'python'
[0.252s] Level 1:colcon.colcon_core.package_identification:_identify(src) by extensions ['python_setup_py']
[0.253s] Level 1:colcon.colcon_core.package_identification:_identify(src) by extension 'python_setup_py'
[0.253s] Level 1:colcon.colcon_core.package_identification:_identify(src/build) by extensions ['ignore', 'ignore_ament_install']
[0.253s] Level 1:colcon.colcon_core.package_identification:_identify(src/build) by extension 'ignore'
[0.253s] Level 1:colcon.colcon_core.package_identification:_identify(src/build) ignored
[0.253s] Level 1:colcon.colcon_core.package_identification:_identify(src/carro_pkg) by extensions ['ignore', 'ignore_ament_install']
[0.253s] Level 1:colcon.colcon_core.package_identification:_identify(src/carro_pkg) by extension 'ignore'
[0.253s] Level 1:colcon.colcon_core.package_identification:_identify(src/carro_pkg) by extension 'ignore_ament_install'
[0.253s] Level 1:colcon.colcon_core.package_identification:_identify(src/carro_pkg) by extensions ['colcon_pkg']
[0.253s] Level 1:colcon.colcon_core.package_identification:_identify(src/carro_pkg) by extension 'colcon_pkg'
[0.253s] Level 1:colcon.colcon_core.package_identification:_identify(src/carro_pkg) by extensions ['colcon_meta']
[0.253s] Level 1:colcon.colcon_core.package_identification:_identify(src/carro_pkg) by extension 'colcon_meta'
[0.253s] Level 1:colcon.colcon_core.package_identification:_identify(src/carro_pkg) by extensions ['ros']
[0.253s] Level 1:colcon.colcon_core.package_identification:_identify(src/carro_pkg) by extension 'ros'
[0.255s] DEBUG:colcon.colcon_core.package_identification:Package 'src/carro_pkg' with type 'ros.ament_python' and name 'carro_pkg'
[0.255s] Level 1:colcon.colcon_core.package_identification:_identify(src/exec_pkg) by extensions ['ignore', 'ignore_ament_install']
[0.255s] Level 1:colcon.colcon_core.package_identification:_identify(src/exec_pkg) by extension 'ignore'
[0.256s] Level 1:colcon.colcon_core.package_identification:_identify(src/exec_pkg) by extension 'ignore_ament_install'
[0.256s] Level 1:colcon.colcon_core.package_identification:_identify(src/exec_pkg) by extensions ['colcon_pkg']
[0.256s] Level 1:colcon.colcon_core.package_identification:_identify(src/exec_pkg) by extension 'colcon_pkg'
[0.256s] Level 1:colcon.colcon_core.package_identification:_identify(src/exec_pkg) by extensions ['colcon_meta']
[0.256s] Level 1:colcon.colcon_core.package_identification:_identify(src/exec_pkg) by extension 'colcon_meta'
[0.256s] Level 1:colcon.colcon_core.package_identification:_identify(src/exec_pkg) by extensions ['ros']
[0.256s] Level 1:colcon.colcon_core.package_identification:_identify(src/exec_pkg) by extension 'ros'
[0.256s] DEBUG:colcon.colcon_core.package_identification:Package 'src/exec_pkg' with type 'ros.ament_python' and name 'exec_pkg'
[0.257s] Level 1:colcon.colcon_core.package_identification:_identify(src/install) by extensions ['ignore', 'ignore_ament_install']
[0.257s] Level 1:colcon.colcon_core.package_identification:_identify(src/install) by extension 'ignore'
[0.257s] Level 1:colcon.colcon_core.package_identification:_identify(src/install) ignored
[0.257s] Level 1:colcon.colcon_core.package_identification:_identify(src/log) by extensions ['ignore', 'ignore_ament_install']
[0.257s] Level 1:colcon.colcon_core.package_identification:_identify(src/log) by extension 'ignore'
[0.257s] Level 1:colcon.colcon_core.package_identification:_identify(src/log) ignored
[0.257s] Level 1:colcon.colcon_core.package_identification:_identify(src/my_pkg) by extensions ['ignore', 'ignore_ament_install']
[0.257s] Level 1:colcon.colcon_core.package_identification:_identify(src/my_pkg) by extension 'ignore'
[0.258s] Level 1:colcon.colcon_core.package_identification:_identify(src/my_pkg) by extension 'ignore_ament_install'
[0.258s] Level 1:colcon.colcon_core.package_identification:_identify(src/my_pkg) by extensions ['colcon_pkg']
[0.258s] Level 1:colcon.colcon_core.package_identification:_identify(src/my_pkg) by extension 'colcon_pkg'
[0.258s] Level 1:colcon.colcon_core.package_identification:_identify(src/my_pkg) by extensions ['colcon_meta']
[0.258s] Level 1:colcon.colcon_core.package_identification:_identify(src/my_pkg) by extension 'colcon_meta'
[0.258s] Level 1:colcon.colcon_core.package_identification:_identify(src/my_pkg) by extensions ['ros']
[0.258s] Level 1:colcon.colcon_core.package_identification:_identify(src/my_pkg) by extension 'ros'
[0.259s] DEBUG:colcon.colcon_core.package_identification:Package 'src/my_pkg' with type 'ros.ament_cmake' and name 'my_pkg'
[0.259s] Level 1:colcon.colcon_core.package_discovery:discover_packages(recursive) using defaults
[0.259s] Level 1:colcon.colcon_core.package_discovery:discover_packages(ignore) discover
[0.259s] Level 1:colcon.colcon_core.package_discovery:discover_packages(ignore) using defaults
[0.259s] Level 1:colcon.colcon_core.package_discovery:discover_packages(path) discover
[0.259s] Level 1:colcon.colcon_core.package_discovery:discover_packages(path) using defaults
[0.280s] Level 1:colcon.colcon_core.package_discovery:discover_packages(prefix_path) check parameters
[0.280s] Level 1:colcon.colcon_core.package_discovery:discover_packages(prefix_path) discover
[0.282s] DEBUG:colcon.colcon_installed_package_information.package_discovery:Found 6 installed packages in /home/mara/demo_ws/install
[0.283s] DEBUG:colcon.colcon_installed_package_information.package_discovery:Found 5 installed packages in /home/mara/demo_ws/src/install
[0.284s] DEBUG:colcon.colcon_installed_package_information.package_discovery:Found 2 installed packages in /home/mara/px4_ros_com_ros2/install
[0.285s] DEBUG:colcon.colcon_installed_package_information.package_discovery:Found 342 installed packages in /opt/ros/foxy
[0.287s] Level 1:colcon.colcon_core.package_discovery:discover_packages(prefix_path) using defaults
[0.365s] Level 5:colcon.colcon_core.verb:set package 'carro_pkg' build argument 'cmake_args' from command line to 'None'
[0.366s] Level 5:colcon.colcon_core.verb:set package 'carro_pkg' build argument 'cmake_target' from command line to 'None'
[0.366s] Level 5:colcon.colcon_core.verb:set package 'carro_pkg' build argument 'cmake_target_skip_unavailable' from command line to 'False'
[0.366s] Level 5:colcon.colcon_core.verb:set package 'carro_pkg' build argument 'cmake_clean_cache' from command line to 'False'
[0.366s] Level 5:colcon.colcon_core.verb:set package 'carro_pkg' build argument 'cmake_clean_first' from command line to 'False'
[0.366s] Level 5:colcon.colcon_core.verb:set package 'carro_pkg' build argument 'cmake_force_configure' from command line to 'False'
[0.366s] Level 5:colcon.colcon_core.verb:set package 'carro_pkg' build argument 'ament_cmake_args' from command line to 'None'
[0.366s] Level 5:colcon.colcon_core.verb:set package 'carro_pkg' build argument 'catkin_cmake_args' from command line to 'None'
[0.366s] Level 5:colcon.colcon_core.verb:set package 'carro_pkg' build argument 'catkin_skip_building_tests' from command line to 'False'
[0.366s] DEBUG:colcon.colcon_core.verb:Building package 'carro_pkg' with the following arguments: {'ament_cmake_args': None, 'build_base': '/home/mara/demo_ws/build/carro_pkg', 'catkin_cmake_args': None, 'catkin_skip_building_tests': False, 'cmake_args': None, 'cmake_clean_cache': False, 'cmake_clean_first': False, 'cmake_force_configure': False, 'cmake_target': None, 'cmake_target_skip_unavailable': False, 'install_base': '/home/mara/demo_ws/install/carro_pkg', 'merge_install': False, 'path': '/home/mara/demo_ws/src/carro_pkg', 'symlink_install': False, 'test_result_base': None}
[0.367s] Level 5:colcon.colcon_core.verb:set package 'exec_pkg' build argument 'cmake_args' from command line to 'None'
[0.367s] Level 5:colcon.colcon_core.verb:set package 'exec_pkg' build argument 'cmake_target' from command line to 'None'
[0.367s] Level 5:colcon.colcon_core.verb:set package 'exec_pkg' build argument 'cmake_target_skip_unavailable' from command line to 'False'
[0.367s] Level 5:colcon.colcon_core.verb:set package 'exec_pkg' build argument 'cmake_clean_cache' from command line to 'False'
[0.367s] Level 5:colcon.colcon_core.verb:set package 'exec_pkg' build argument 'cmake_clean_first' from command line to 'False'
[0.367s] Level 5:colcon.colcon_core.verb:set package 'exec_pkg' build argument 'cmake_force_configure' from command line to 'False'
[0.367s] Level 5:colcon.colcon_core.verb:set package 'exec_pkg' build argument 'ament_cmake_args' from command line to 'None'
[0.367s] Level 5:colcon.colcon_core.verb:set package 'exec_pkg' build argument 'catkin_cmake_args' from command line to 'None'
[0.367s] Level 5:colcon.colcon_core.verb:set package 'exec_pkg' build argument 'catkin_skip_building_tests' from command line to 'False'
[0.367s] DEBUG:colcon.colcon_core.verb:Building package 'exec_pkg' with the following arguments: {'ament_cmake_args': None, 'build_base': '/home/mara/demo_ws/build/exec_pkg', 'catkin_cmake_args': None, 'catkin_skip_building_tests': False, 'cmake_args': None, 'cmake_clean_cache': False, 'cmake_clean_first': False, 'cmake_force_configure': False, 'cmake_target': None, 'cmake_target_skip_unavailable': False, 'install_base': '/home/mara/demo_ws/install/exec_pkg', 'merge_install': False, 'path': '/home/mara/demo_ws/src/exec_pkg', 'symlink_install': False, 'test_result_base': None}
[0.368s] Level 5:colcon.colcon_core.verb:set package 'my_pkg' build argument 'cmake_args' from command line to 'None'
[0.368s] Level 5:colcon.colcon_core.verb:set package 'my_pkg' build argument 'cmake_target' from command line to 'None'
[0.368s] Level 5:colcon.colcon_core.verb:set package 'my_pkg' build argument 'cmake_target_skip_unavailable' from command line to 'False'
[0.368s] Level 5:colcon.colcon_core.verb:set package 'my_pkg' build argument 'cmake_clean_cache' from command line to 'False'
[0.368s] Level 5:colcon.colcon_core.verb:set package 'my_pkg' build argument 'cmake_clean_first' from command line to 'False'
[0.368s] Level 5:colcon.colcon_core.verb:set package 'my_pkg' build argument 'cmake_force_configure' from command line to 'False'
[0.368s] Level 5:colcon.colcon_core.verb:set package 'my_pkg' build argument 'ament_cmake_args' from command line to 'None'
[0.368s] Level 5:colcon.colcon_core.verb:set package 'my_pkg' build argument 'catkin_cmake_args' from command line to 'None'
[0.368s] Level 5:colcon.colcon_core.verb:set package 'my_pkg' build argument 'catkin_skip_building_tests' from command line to 'False'
[0.368s] DEBUG:colcon.colcon_core.verb:Building package 'my_pkg' with the following arguments: {'ament_cmake_args': None, 'build_base': '/home/mara/demo_ws/build/my_pkg', 'catkin_cmake_args': None, 'catkin_skip_building_tests': False, 'cmake_args': None, 'cmake_clean_cache': False, 'cmake_clean_first': False, 'cmake_force_configure': False, 'cmake_target': None, 'cmake_target_skip_unavailable': False, 'install_base': '/home/mara/demo_ws/install/my_pkg', 'merge_install': False, 'path': '/home/mara/demo_ws/src/my_pkg', 'symlink_install': False, 'test_result_base': None}
[0.368s] INFO:colcon.colcon_core.executor:Executing jobs using 'parallel' executor
[0.370s] DEBUG:colcon.colcon_parallel_executor.executor.parallel:run_until_complete
[0.370s] INFO:colcon.colcon_ros.task.ament_python.build:Building ROS package in '/home/mara/demo_ws/src/carro_pkg' with build type 'ament_python'
[0.371s] Level 1:colcon.colcon_core.shell:create_environment_hook('carro_pkg', 'ament_prefix_path')
[0.375s] INFO:colcon.colcon_core.plugin_system:Skipping extension 'colcon_core.shell.bat': Not used on non-Windows systems
[0.375s] INFO:colcon.colcon_core.shell:Creating environment hook '/home/mara/demo_ws/install/carro_pkg/share/carro_pkg/hook/ament_prefix_path.ps1'
[0.376s] INFO:colcon.colcon_core.shell:Creating environment descriptor '/home/mara/demo_ws/install/carro_pkg/share/carro_pkg/hook/ament_prefix_path.dsv'
[0.376s] INFO:colcon.colcon_core.shell:Creating environment hook '/home/mara/demo_ws/install/carro_pkg/share/carro_pkg/hook/ament_prefix_path.sh'
[0.377s] INFO:colcon.colcon_core.shell:Skip shell extension 'powershell' for command environment: Not usable outside of PowerShell
[0.377s] DEBUG:colcon.colcon_core.shell:Skip shell extension 'dsv' for command environment
[0.384s] INFO:colcon.colcon_ros.task.ament_python.build:Building ROS package in '/home/mara/demo_ws/src/exec_pkg' with build type 'ament_python'
[0.384s] Level 1:colcon.colcon_core.shell:create_environment_hook('exec_pkg', 'ament_prefix_path')
[0.385s] INFO:colcon.colcon_core.shell:Creating environment hook '/home/mara/demo_ws/install/exec_pkg/share/exec_pkg/hook/ament_prefix_path.ps1'
[0.386s] INFO:colcon.colcon_core.shell:Creating environment descriptor '/home/mara/demo_ws/install/exec_pkg/share/exec_pkg/hook/ament_prefix_path.dsv'
[0.387s] INFO:colcon.colcon_core.shell:Creating environment hook '/home/mara/demo_ws/install/exec_pkg/share/exec_pkg/hook/ament_prefix_path.sh'
[0.388s] INFO:colcon.colcon_core.shell:Skip shell extension 'powershell' for command environment: Not usable outside of PowerShell
[0.388s] DEBUG:colcon.colcon_core.shell:Skip shell extension 'dsv' for command environment
[0.410s] INFO:colcon.colcon_ros.task.ament_cmake.build:Building ROS package in '/home/mara/demo_ws/src/my_pkg' with build type 'ament_cmake'
[0.411s] INFO:colcon.colcon_cmake.task.cmake.build:Building CMake package in '/home/mara/demo_ws/src/my_pkg'
[0.412s] INFO:colcon.colcon_core.shell:Skip shell extension 'powershell' for command environment: Not usable outside of PowerShell
[0.412s] DEBUG:colcon.colcon_core.shell:Skip shell extension 'dsv' for command environment
[0.725s] INFO:colcon.colcon_core.task.python.build:Building Python package in '/home/mara/demo_ws/src/carro_pkg'
[0.726s] INFO:colcon.colcon_core.shell:Skip shell extension 'powershell' for command environment: Not usable outside of PowerShell
[0.726s] DEBUG:colcon.colcon_core.shell:Skip shell extension 'dsv' for command environment
[1.043s] INFO:colcon.colcon_core.task.python.build:Building Python package in '/home/mara/demo_ws/src/exec_pkg'
[1.044s] INFO:colcon.colcon_core.shell:Skip shell extension 'powershell' for command environment: Not usable outside of PowerShell
[1.044s] DEBUG:colcon.colcon_core.shell:Skip shell extension 'dsv' for command environment
[1.055s] DEBUG:colcon.colcon_core.event_handler.log_command:Invoking command in '/home/mara/demo_ws/build/my_pkg': CMAKE_PREFIX_PATH=${CMAKE_PREFIX_PATH}:/home/mara/demo_ws/install/carro_pkg:/home/mara/demo_ws/src/install/carro_pkg:/opt/ros/foxy /usr/bin/cmake --build /home/mara/demo_ws/build/my_pkg -- -j8 -l8
[1.302s] DEBUG:colcon.colcon_core.event_handler.log_command:Invoked command in '/home/mara/demo_ws/build/my_pkg' returned '0': CMAKE_PREFIX_PATH=${CMAKE_PREFIX_PATH}:/home/mara/demo_ws/install/carro_pkg:/home/mara/demo_ws/src/install/carro_pkg:/opt/ros/foxy /usr/bin/cmake --build /home/mara/demo_ws/build/my_pkg -- -j8 -l8
[1.384s] DEBUG:colcon.colcon_core.event_handler.log_command:Invoking command in '/home/mara/demo_ws/build/my_pkg': CMAKE_PREFIX_PATH=${CMAKE_PREFIX_PATH}:/home/mara/demo_ws/install/carro_pkg:/home/mara/demo_ws/src/install/carro_pkg:/opt/ros/foxy /usr/bin/cmake --install /home/mara/demo_ws/build/my_pkg
[1.448s] Level 1:colcon.colcon_core.environment:create_environment_scripts_only(my_pkg)
[1.453s] DEBUG:colcon.colcon_core.event_handler.log_command:Invoked command in '/home/mara/demo_ws/build/my_pkg' returned '0': CMAKE_PREFIX_PATH=${CMAKE_PREFIX_PATH}:/home/mara/demo_ws/install/carro_pkg:/home/mara/demo_ws/src/install/carro_pkg:/opt/ros/foxy /usr/bin/cmake --install /home/mara/demo_ws/build/my_pkg
[1.455s] Level 1:colcon.colcon_core.environment:checking '/home/mara/demo_ws/install/my_pkg' for CMake module files
[1.455s] Level 1:colcon.colcon_core.environment:checking '/home/mara/demo_ws/install/my_pkg' for CMake config files
[1.456s] Level 1:colcon.colcon_core.shell:create_environment_hook('my_pkg', 'cmake_prefix_path')
[1.457s] INFO:colcon.colcon_core.shell:Creating environment hook '/home/mara/demo_ws/install/my_pkg/share/my_pkg/hook/cmake_prefix_path.ps1'
[1.457s] INFO:colcon.colcon_core.shell:Creating environment descriptor '/home/mara/demo_ws/install/my_pkg/share/my_pkg/hook/cmake_prefix_path.dsv'
[1.458s] INFO:colcon.colcon_core.shell:Creating environment hook '/home/mara/demo_ws/install/my_pkg/share/my_pkg/hook/cmake_prefix_path.sh'
[1.459s] Level 1:colcon.colcon_core.environment:checking '/home/mara/demo_ws/install/my_pkg/lib'
[1.459s] Level 1:colcon.colcon_core.shell:create_environment_hook('my_pkg', 'ld_library_path_lib')
[1.460s] INFO:colcon.colcon_core.shell:Creating environment hook '/home/mara/demo_ws/install/my_pkg/share/my_pkg/hook/ld_library_path_lib.ps1'
[1.470s] INFO:colcon.colcon_core.shell:Creating environment descriptor '/home/mara/demo_ws/install/my_pkg/share/my_pkg/hook/ld_library_path_lib.dsv'
[1.471s] INFO:colcon.colcon_core.shell:Creating environment hook '/home/mara/demo_ws/install/my_pkg/share/my_pkg/hook/ld_library_path_lib.sh'
[1.471s] Level 1:colcon.colcon_core.environment:checking '/home/mara/demo_ws/install/my_pkg/bin'
[1.471s] Level 1:colcon.colcon_core.environment:checking '/home/mara/demo_ws/install/my_pkg/lib/pkgconfig/my_pkg.pc'
[1.471s] Level 1:colcon.colcon_core.environment:checking '/home/mara/demo_ws/install/my_pkg/lib/python3.8/site-packages'
[1.471s] Level 1:colcon.colcon_core.shell:create_environment_hook('my_pkg', 'pythonpath')
[1.472s] INFO:colcon.colcon_core.shell:Creating environment hook '/home/mara/demo_ws/install/my_pkg/share/my_pkg/hook/pythonpath.ps1'
[1.473s] INFO:colcon.colcon_core.shell:Creating environment descriptor '/home/mara/demo_ws/install/my_pkg/share/my_pkg/hook/pythonpath.dsv'
[1.483s] INFO:colcon.colcon_core.shell:Creating environment hook '/home/mara/demo_ws/install/my_pkg/share/my_pkg/hook/pythonpath.sh'
[1.484s] Level 1:colcon.colcon_core.environment:checking '/home/mara/demo_ws/install/my_pkg/bin'
[1.485s] INFO:colcon.colcon_core.shell:Creating package script '/home/mara/demo_ws/install/my_pkg/share/my_pkg/package.ps1'
[1.486s] INFO:colcon.colcon_core.shell:Creating package descriptor '/home/mara/demo_ws/install/my_pkg/share/my_pkg/package.dsv'
[1.487s] INFO:colcon.colcon_core.shell:Creating package script '/home/mara/demo_ws/install/my_pkg/share/my_pkg/package.sh'
[1.488s] INFO:colcon.colcon_core.shell:Creating package script '/home/mara/demo_ws/install/my_pkg/share/my_pkg/package.bash'
[1.494s] INFO:colcon.colcon_core.shell:Creating package script '/home/mara/demo_ws/install/my_pkg/share/my_pkg/package.zsh'
[1.495s] Level 1:colcon.colcon_core.environment:create_file_with_runtime_dependencies(/home/mara/demo_ws/install/my_pkg/share/colcon-core/packages/my_pkg)
[1.567s] Level 1:colcon.colcon_core.environment:create_environment_scripts_only(my_pkg)
[1.568s] Level 1:colcon.colcon_core.environment:checking '/home/mara/demo_ws/install/my_pkg' for CMake module files
[1.569s] Level 1:colcon.colcon_core.environment:checking '/home/mara/demo_ws/install/my_pkg' for CMake config files
[1.569s] Level 1:colcon.colcon_core.shell:create_environment_hook('my_pkg', 'cmake_prefix_path')
[1.570s] INFO:colcon.colcon_core.shell:Creating environment hook '/home/mara/demo_ws/install/my_pkg/share/my_pkg/hook/cmake_prefix_path.ps1'
[1.570s] INFO:colcon.colcon_core.shell:Creating environment descriptor '/home/mara/demo_ws/install/my_pkg/share/my_pkg/hook/cmake_prefix_path.dsv'
[1.571s] INFO:colcon.colcon_core.shell:Creating environment hook '/home/mara/demo_ws/install/my_pkg/share/my_pkg/hook/cmake_prefix_path.sh'
[1.572s] Level 1:colcon.colcon_core.environment:checking '/home/mara/demo_ws/install/my_pkg/lib'
[1.572s] Level 1:colcon.colcon_core.shell:create_environment_hook('my_pkg', 'ld_library_path_lib')
[1.572s] INFO:colcon.colcon_core.shell:Creating environment hook '/home/mara/demo_ws/install/my_pkg/share/my_pkg/hook/ld_library_path_lib.ps1'
[1.573s] INFO:colcon.colcon_core.shell:Creating environment descriptor '/home/mara/demo_ws/install/my_pkg/share/my_pkg/hook/ld_library_path_lib.dsv'
[1.574s] INFO:colcon.colcon_core.shell:Creating environment hook '/home/mara/demo_ws/install/my_pkg/share/my_pkg/hook/ld_library_path_lib.sh'
[1.574s] Level 1:colcon.colcon_core.environment:checking '/home/mara/demo_ws/install/my_pkg/bin'
[1.574s] Level 1:colcon.colcon_core.environment:checking '/home/mara/demo_ws/install/my_pkg/lib/pkgconfig/my_pkg.pc'
[1.575s] Level 1:colcon.colcon_core.environment:checking '/home/mara/demo_ws/install/my_pkg/lib/python3.8/site-packages'
[1.575s] Level 1:colcon.colcon_core.shell:create_environment_hook('my_pkg', 'pythonpath')
[1.576s] INFO:colcon.colcon_core.shell:Creating environment hook '/home/mara/demo_ws/install/my_pkg/share/my_pkg/hook/pythonpath.ps1'
[1.576s] INFO:colcon.colcon_core.shell:Creating environment descriptor '/home/mara/demo_ws/install/my_pkg/share/my_pkg/hook/pythonpath.dsv'
[1.576s] INFO:colcon.colcon_core.shell:Creating environment hook '/home/mara/demo_ws/install/my_pkg/share/my_pkg/hook/pythonpath.sh'
[1.577s] Level 1:colcon.colcon_core.environment:checking '/home/mara/demo_ws/install/my_pkg/bin'
[1.578s] INFO:colcon.colcon_core.shell:Creating package script '/home/mara/demo_ws/install/my_pkg/share/my_pkg/package.ps1'
[1.578s] INFO:colcon.colcon_core.shell:Creating package descriptor '/home/mara/demo_ws/install/my_pkg/share/my_pkg/package.dsv'
[1.602s] INFO:colcon.colcon_core.shell:Creating package script '/home/mara/demo_ws/install/my_pkg/share/my_pkg/package.sh'
[1.603s] INFO:colcon.colcon_core.shell:Creating package script '/home/mara/demo_ws/install/my_pkg/share/my_pkg/package.bash'
[1.603s] INFO:colcon.colcon_core.shell:Creating package script '/home/mara/demo_ws/install/my_pkg/share/my_pkg/package.zsh'
[1.604s] Level 1:colcon.colcon_core.environment:create_file_with_runtime_dependencies(/home/mara/demo_ws/install/my_pkg/share/colcon-core/packages/my_pkg)
[1.642s] DEBUG:colcon.colcon_core.event_handler.log_command:Invoking command in '/home/mara/demo_ws/src/exec_pkg': PYTHONPATH=/home/mara/demo_ws/install/exec_pkg/lib/python3.8/site-packages:${PYTHONPATH} /usr/bin/python3 setup.py egg_info --egg-base ../../build/exec_pkg build --build-base /home/mara/demo_ws/build/exec_pkg/build install --prefix /home/mara/demo_ws/install/exec_pkg --record /home/mara/demo_ws/build/exec_pkg/install.log --single-version-externally-managed
[1.650s] DEBUG:colcon.colcon_core.event_handler.log_command:Invoking command in '/home/mara/demo_ws/build/carro_pkg': PYTHONPATH=/home/mara/demo_ws/install/carro_pkg/lib/python3.8/site-packages:${PYTHONPATH} /usr/bin/python3 setup.py develop --prefix /home/mara/demo_ws/install/carro_pkg --uninstall --editable --build-directory /home/mara/demo_ws/build/carro_pkg/build
[2.015s] Level 1:colcon.colcon_core.environment:checking '/home/mara/demo_ws/install/exec_pkg' for CMake module files
[2.016s] DEBUG:colcon.colcon_core.event_handler.log_command:Invoked command in '/home/mara/demo_ws/src/exec_pkg' returned '0': PYTHONPATH=/home/mara/demo_ws/install/exec_pkg/lib/python3.8/site-packages:${PYTHONPATH} /usr/bin/python3 setup.py egg_info --egg-base ../../build/exec_pkg build --build-base /home/mara/demo_ws/build/exec_pkg/build install --prefix /home/mara/demo_ws/install/exec_pkg --record /home/mara/demo_ws/build/exec_pkg/install.log --single-version-externally-managed
[2.016s] Level 1:colcon.colcon_core.environment:checking '/home/mara/demo_ws/install/exec_pkg' for CMake config files
[2.017s] Level 1:colcon.colcon_core.environment:checking '/home/mara/demo_ws/install/exec_pkg/lib'
[2.017s] Level 1:colcon.colcon_core.environment:checking '/home/mara/demo_ws/install/exec_pkg/bin'
[2.017s] Level 1:colcon.colcon_core.environment:checking '/home/mara/demo_ws/install/exec_pkg/lib/pkgconfig/exec_pkg.pc'
[2.018s] Level 1:colcon.colcon_core.environment:checking '/home/mara/demo_ws/install/exec_pkg/lib/python3.8/site-packages'
[2.018s] Level 1:colcon.colcon_core.shell:create_environment_hook('exec_pkg', 'pythonpath')
[2.019s] INFO:colcon.colcon_core.shell:Creating environment hook '/home/mara/demo_ws/install/exec_pkg/share/exec_pkg/hook/pythonpath.ps1'
[2.020s] INFO:colcon.colcon_core.shell:Creating environment descriptor '/home/mara/demo_ws/install/exec_pkg/share/exec_pkg/hook/pythonpath.dsv'
[2.020s] INFO:colcon.colcon_core.shell:Creating environment hook '/home/mara/demo_ws/install/exec_pkg/share/exec_pkg/hook/pythonpath.sh'
[2.021s] Level 1:colcon.colcon_core.environment:checking '/home/mara/demo_ws/install/exec_pkg/bin'
[2.021s] Level 1:colcon.colcon_core.environment:create_environment_scripts_only(exec_pkg)
[2.022s] INFO:colcon.colcon_core.shell:Creating package script '/home/mara/demo_ws/install/exec_pkg/share/exec_pkg/package.ps1'
[2.023s] INFO:colcon.colcon_core.shell:Creating package descriptor '/home/mara/demo_ws/install/exec_pkg/share/exec_pkg/package.dsv'
[2.024s] INFO:colcon.colcon_core.shell:Creating package script '/home/mara/demo_ws/install/exec_pkg/share/exec_pkg/package.sh'
[2.024s] INFO:colcon.colcon_core.shell:Creating package script '/home/mara/demo_ws/install/exec_pkg/share/exec_pkg/package.bash'
[2.025s] INFO:colcon.colcon_core.shell:Creating package script '/home/mara/demo_ws/install/exec_pkg/share/exec_pkg/package.zsh'
[2.025s] Level 1:colcon.colcon_core.environment:create_file_with_runtime_dependencies(/home/mara/demo_ws/install/exec_pkg/share/colcon-core/packages/exec_pkg)
[2.212s] DEBUG:colcon.colcon_core.event_handler.log_command:Invoked command in '/home/mara/demo_ws/build/carro_pkg' returned '0': PYTHONPATH=/home/mara/demo_ws/install/carro_pkg/lib/python3.8/site-packages:${PYTHONPATH} /usr/bin/python3 setup.py develop --prefix /home/mara/demo_ws/install/carro_pkg --uninstall --editable --build-directory /home/mara/demo_ws/build/carro_pkg/build
[2.213s] DEBUG:colcon.colcon_core.event_handler.log_command:Invoking command in '/home/mara/demo_ws/src/carro_pkg': PYTHONPATH=/home/mara/demo_ws/install/carro_pkg/lib/python3.8/site-packages:${PYTHONPATH} /usr/bin/python3 setup.py egg_info --egg-base ../../build/carro_pkg build --build-base /home/mara/demo_ws/build/carro_pkg/build install --prefix /home/mara/demo_ws/install/carro_pkg --record /home/mara/demo_ws/build/carro_pkg/install.log --single-version-externally-managed
[2.566s] Level 1:colcon.colcon_core.environment:checking '/home/mara/demo_ws/install/carro_pkg' for CMake module files
[2.567s] DEBUG:colcon.colcon_core.event_handler.log_command:Invoked command in '/home/mara/demo_ws/src/carro_pkg' returned '0': PYTHONPATH=/home/mara/demo_ws/install/carro_pkg/lib/python3.8/site-packages:${PYTHONPATH} /usr/bin/python3 setup.py egg_info --egg-base ../../build/carro_pkg build --build-base /home/mara/demo_ws/build/carro_pkg/build install --prefix /home/mara/demo_ws/install/carro_pkg --record /home/mara/demo_ws/build/carro_pkg/install.log --single-version-externally-managed
[2.567s] Level 1:colcon.colcon_core.environment:checking '/home/mara/demo_ws/install/carro_pkg' for CMake config files
[2.568s] Level 1:colcon.colcon_core.environment:checking '/home/mara/demo_ws/install/carro_pkg/lib'
[2.568s] Level 1:colcon.colcon_core.environment:checking '/home/mara/demo_ws/install/carro_pkg/bin'
[2.568s] Level 1:colcon.colcon_core.environment:checking '/home/mara/demo_ws/install/carro_pkg/lib/pkgconfig/carro_pkg.pc'
[2.568s] Level 1:colcon.colcon_core.environment:checking '/home/mara/demo_ws/install/carro_pkg/lib/python3.8/site-packages'
[2.568s] Level 1:colcon.colcon_core.shell:create_environment_hook('carro_pkg', 'pythonpath')
[2.569s] INFO:colcon.colcon_core.shell:Creating environment hook '/home/mara/demo_ws/install/carro_pkg/share/carro_pkg/hook/pythonpath.ps1'
[2.569s] INFO:colcon.colcon_core.shell:Creating environment descriptor '/home/mara/demo_ws/install/carro_pkg/share/carro_pkg/hook/pythonpath.dsv'
[2.569s] INFO:colcon.colcon_core.shell:Creating environment hook '/home/mara/demo_ws/install/carro_pkg/share/carro_pkg/hook/pythonpath.sh'
[2.570s] Level 1:colcon.colcon_core.environment:checking '/home/mara/demo_ws/install/carro_pkg/bin'
[2.570s] Level 1:colcon.colcon_core.environment:create_environment_scripts_only(carro_pkg)
[2.571s] INFO:colcon.colcon_core.shell:Creating package script '/home/mara/demo_ws/install/carro_pkg/share/carro_pkg/package.ps1'
[2.571s] INFO:colcon.colcon_core.shell:Creating package descriptor '/home/mara/demo_ws/install/carro_pkg/share/carro_pkg/package.dsv'
[2.578s] INFO:colcon.colcon_core.shell:Creating package script '/home/mara/demo_ws/install/carro_pkg/share/carro_pkg/package.sh'
[2.580s] INFO:colcon.colcon_core.shell:Creating package script '/home/mara/demo_ws/install/carro_pkg/share/carro_pkg/package.bash'
[2.581s] INFO:colcon.colcon_core.shell:Creating package script '/home/mara/demo_ws/install/carro_pkg/share/carro_pkg/package.zsh'
[2.582s] Level 1:colcon.colcon_core.environment:create_file_with_runtime_dependencies(/home/mara/demo_ws/install/carro_pkg/share/colcon-core/packages/carro_pkg)
[2.583s] DEBUG:colcon.colcon_parallel_executor.executor.parallel:closing loop
[2.585s] DEBUG:colcon.colcon_parallel_executor.executor.parallel:loop closed
[2.585s] DEBUG:colcon.colcon_parallel_executor.executor.parallel:run_until_complete finished with '0'
[2.585s] DEBUG:colcon.colcon_core.event_reactor:joining thread
[2.612s] INFO:colcon.colcon_core.plugin_system:Skipping extension 'colcon_notification.desktop_notification.terminal_notifier': Not used on non-Darwin systems
[2.613s] INFO:colcon.colcon_core.plugin_system:Skipping extension 'colcon_notification.desktop_notification.win32': Not used on non-Windows systems
[2.613s] INFO:colcon.colcon_notification.desktop_notification:Sending desktop notification using 'notify2'
[2.642s] DEBUG:colcon.colcon_core.event_reactor:joined thread
[2.643s] INFO:colcon.colcon_core.shell:Creating prefix script '/home/mara/demo_ws/install/local_setup.ps1'
[2.645s] INFO:colcon.colcon_core.shell:Creating prefix util module '/home/mara/demo_ws/install/_local_setup_util_ps1.py'
[2.647s] INFO:colcon.colcon_core.shell:Creating prefix chain script '/home/mara/demo_ws/install/setup.ps1'
[2.649s] INFO:colcon.colcon_core.shell:Creating prefix script '/home/mara/demo_ws/install/local_setup.sh'
[2.650s] INFO:colcon.colcon_core.shell:Creating prefix util module '/home/mara/demo_ws/install/_local_setup_util_sh.py'
[2.651s] INFO:colcon.colcon_core.shell:Creating prefix chain script '/home/mara/demo_ws/install/setup.sh'
[2.653s] INFO:colcon.colcon_core.shell:Creating prefix script '/home/mara/demo_ws/install/local_setup.bash'
[2.653s] INFO:colcon.colcon_core.shell:Creating prefix chain script '/home/mara/demo_ws/install/setup.bash'
[2.658s] INFO:colcon.colcon_core.shell:Creating prefix script '/home/mara/demo_ws/install/local_setup.zsh'
[2.659s] INFO:colcon.colcon_core.shell:Creating prefix chain script '/home/mara/demo_ws/install/setup.zsh'
