[0.324s] Invoking command in '/home/mara/demo_ws/build/mara_bringup': CMAKE_PREFIX_PATH=${CMAKE_PREFIX_PATH}:/home/mara/demo_ws/install/carro_pkg:/opt/ros/foxy /usr/bin/cmake /home/mara/demo_ws/src/MARA/mara_bringup -DCMAKE_INSTALL_PREFIX=/home/mara/demo_ws/install/mara_bringup
[0.394s] -- The C compiler identification is GNU 9.4.0
[0.493s] -- The CXX compiler identification is GNU 9.4.0
[0.494s] -- Check for working C compiler: /usr/bin/cc
[0.592s] -- Check for working C compiler: /usr/bin/cc -- works
[0.594s] -- Detecting C compiler ABI info
[0.710s] -- Detecting C compiler ABI info - done
[0.730s] -- Detecting C compile features
[0.730s] -- Detecting C compile features - done
[0.734s] -- Check for working CXX compiler: /usr/bin/c++
[0.846s] -- Check for working CXX compiler: /usr/bin/c++ -- works
[0.848s] -- Detecting CXX compiler ABI info
[0.962s] -- Detecting CXX compiler ABI info - done
[0.983s] -- Detecting CXX compile features
[0.985s] -- Detecting CXX compile features - done
[0.988s] -- Found ament_cmake: 0.9.9 (/opt/ros/foxy/share/ament_cmake/cmake)
[1.033s] -- Found PythonInterp: /usr/bin/python3 (found suitable version "3.8.10", minimum required is "3") 
[1.033s] -- Using PYTHON_EXECUTABLE: /usr/bin/python3
[1.469s] -- Found rclcpp: 2.4.1 (/opt/ros/foxy/share/rclcpp/cmake)
[1.544s] -- Using all available rosidl_typesupport_c: rosidl_typesupport_fastrtps_c;rosidl_typesupport_introspection_c
[1.556s] -- Found rosidl_adapter: 1.2.1 (/opt/ros/foxy/share/rosidl_adapter/cmake)
[1.676s] -- Found OpenSSL: /usr/lib/x86_64-linux-gnu/libcrypto.so (found version "1.1.1f")  
[1.728s] -- Found FastRTPS: /opt/ros/foxy/include  
[1.854s] -- Using all available rosidl_typesupport_cpp: rosidl_typesupport_fastrtps_cpp;rosidl_typesupport_introspection_cpp
[1.952s] -- Found rmw_implementation_cmake: 1.0.3 (/opt/ros/foxy/share/rmw_implementation_cmake/cmake)
[1.955s] -- Using RMW implementation 'rmw_fastrtps_cpp' as default
[1.956s] -- Looking for pthread.h
[2.067s] -- Looking for pthread.h - found
[2.067s] -- Performing Test CMAKE_HAVE_LIBC_PTHREAD
[2.154s] -- Performing Test CMAKE_HAVE_LIBC_PTHREAD - Failed
[2.154s] -- Looking for pthread_create in pthreads
[2.218s] -- Looking for pthread_create in pthreads - not found
[2.218s] -- Looking for pthread_create in pthread
[2.305s] -- Looking for pthread_create in pthread - found
[2.306s] -- Found Threads: TRUE  
[2.624s] -- Configuring done
[2.625s] -- Generating done
[2.627s] -- Build files have been written to: /home/mara/demo_ws/build/mara_bringup
