[0.021s] Invoking command in '/home/mara/demo_ws/src/build/mara_utils_scripts': CMAKE_PREFIX_PATH=${CMAKE_PREFIX_PATH}:/home/mara/demo_ws/install/carro_pkg:/opt/ros/foxy /usr/bin/cmake /home/mara/demo_ws/src/MARA/mara_utils_scripts -DCMAKE_INSTALL_PREFIX=/home/mara/demo_ws/src/install/mara_utils_scripts
[0.094s] -- The C compiler identification is GNU 9.4.0
[0.147s] -- The CXX compiler identification is GNU 9.4.0
[0.152s] -- Check for working C compiler: /usr/bin/cc
[0.234s] -- Check for working C compiler: /usr/bin/cc -- works
[0.234s] -- Detecting C compiler ABI info
[0.304s] -- Detecting C compiler ABI info - done
[0.319s] -- Detecting C compile features
[0.320s] -- Detecting C compile features - done
[0.322s] -- Check for working CXX compiler: /usr/bin/c++
[0.400s] -- Check for working CXX compiler: /usr/bin/c++ -- works
[0.402s] -- Detecting CXX compiler ABI info
[0.476s] -- Detecting CXX compiler ABI info - done
[0.488s] -- Detecting CXX compile features
[0.488s] -- Detecting CXX compile features - done
[0.492s] -- Found ament_cmake: 0.9.9 (/opt/ros/foxy/share/ament_cmake/cmake)
[0.519s] -- Found PythonInterp: /usr/bin/python3 (found suitable version "3.8.10", minimum required is "3") 
[0.520s] -- Using PYTHON_EXECUTABLE: /usr/bin/python3
[0.896s] -- Configuring done
[0.898s] -- Generating done
[0.898s] -- Build files have been written to: /home/mara/demo_ws/src/build/mara_utils_scripts
[0.901s] Invoked command in '/home/mara/demo_ws/src/build/mara_utils_scripts' returned '0': CMAKE_PREFIX_PATH=${CMAKE_PREFIX_PATH}:/home/mara/demo_ws/install/carro_pkg:/opt/ros/foxy /usr/bin/cmake /home/mara/demo_ws/src/MARA/mara_utils_scripts -DCMAKE_INSTALL_PREFIX=/home/mara/demo_ws/src/install/mara_utils_scripts
[0.931s] Invoking command in '/home/mara/demo_ws/src/build/mara_utils_scripts': CMAKE_PREFIX_PATH=${CMAKE_PREFIX_PATH}:/home/mara/demo_ws/install/carro_pkg:/opt/ros/foxy /usr/bin/cmake --build /home/mara/demo_ws/src/build/mara_utils_scripts -- -j8 -l8
[0.944s] Invoked command in '/home/mara/demo_ws/src/build/mara_utils_scripts' returned '0': CMAKE_PREFIX_PATH=${CMAKE_PREFIX_PATH}:/home/mara/demo_ws/install/carro_pkg:/opt/ros/foxy /usr/bin/cmake --build /home/mara/demo_ws/src/build/mara_utils_scripts -- -j8 -l8
[0.994s] Invoking command in '/home/mara/demo_ws/src/build/mara_utils_scripts': CMAKE_PREFIX_PATH=${CMAKE_PREFIX_PATH}:/home/mara/demo_ws/install/carro_pkg:/opt/ros/foxy /usr/bin/cmake --install /home/mara/demo_ws/src/build/mara_utils_scripts
[1.004s] -- Install configuration: ""
[1.004s] -- Installing: /home/mara/demo_ws/src/install/mara_utils_scripts/lib/mara_utils_scripts/mara_control.py
[1.004s] -- Installing: /home/mara/demo_ws/src/install/mara_utils_scripts/lib/mara_utils_scripts/spawn_mara.py
[1.005s] -- Installing: /home/mara/demo_ws/src/install/mara_utils_scripts/share/ament_index/resource_index/package_run_dependencies/mara_utils_scripts
[1.006s] -- Installing: /home/mara/demo_ws/src/install/mara_utils_scripts/share/ament_index/resource_index/parent_prefix_path/mara_utils_scripts
[1.006s] -- Installing: /home/mara/demo_ws/src/install/mara_utils_scripts/share/mara_utils_scripts/environment/ament_prefix_path.sh
[1.006s] -- Installing: /home/mara/demo_ws/src/install/mara_utils_scripts/share/mara_utils_scripts/environment/ament_prefix_path.dsv
[1.006s] -- Installing: /home/mara/demo_ws/src/install/mara_utils_scripts/share/mara_utils_scripts/environment/path.sh
[1.006s] -- Installing: /home/mara/demo_ws/src/install/mara_utils_scripts/share/mara_utils_scripts/environment/path.dsv
[1.006s] -- Installing: /home/mara/demo_ws/src/install/mara_utils_scripts/share/mara_utils_scripts/local_setup.bash
[1.006s] -- Installing: /home/mara/demo_ws/src/install/mara_utils_scripts/share/mara_utils_scripts/local_setup.sh
[1.007s] -- Installing: /home/mara/demo_ws/src/install/mara_utils_scripts/share/mara_utils_scripts/local_setup.zsh
[1.007s] -- Installing: /home/mara/demo_ws/src/install/mara_utils_scripts/share/mara_utils_scripts/local_setup.dsv
[1.007s] -- Installing: /home/mara/demo_ws/src/install/mara_utils_scripts/share/mara_utils_scripts/package.dsv
[1.007s] -- Installing: /home/mara/demo_ws/src/install/mara_utils_scripts/share/ament_index/resource_index/packages/mara_utils_scripts
[1.007s] -- Installing: /home/mara/demo_ws/src/install/mara_utils_scripts/share/mara_utils_scripts/cmake/mara_utils_scriptsConfig.cmake
[1.007s] -- Installing: /home/mara/demo_ws/src/install/mara_utils_scripts/share/mara_utils_scripts/cmake/mara_utils_scriptsConfig-version.cmake
[1.007s] -- Installing: /home/mara/demo_ws/src/install/mara_utils_scripts/share/mara_utils_scripts/package.xml
[1.012s] Invoked command in '/home/mara/demo_ws/src/build/mara_utils_scripts' returned '0': CMAKE_PREFIX_PATH=${CMAKE_PREFIX_PATH}:/home/mara/demo_ws/install/carro_pkg:/opt/ros/foxy /usr/bin/cmake --install /home/mara/demo_ws/src/build/mara_utils_scripts
