[0.313s] Invoking command in '/home/mara/demo_ws/build/my_pkg': CMAKE_PREFIX_PATH=${CMAKE_PREFIX_PATH}:/home/mara/demo_ws/install/my_pkg:/home/mara/demo_ws/src/install/carro_pkg:/home/mara/demo_ws/install/carro_pkg:/opt/ros/foxy /usr/bin/cmake /home/mara/demo_ws/src/my_pkg -DCMAKE_INSTALL_PREFIX=/home/mara/demo_ws/install/my_pkg
[2.666s] -- The C compiler identification is GNU 9.4.0
[4.448s] -- The CXX compiler identification is GNU 9.4.0
[4.605s] -- Check for working C compiler: /usr/bin/cc
[4.790s] -- Check for working C compiler: /usr/bin/cc -- works
[4.792s] -- Detecting C compiler ABI info
[4.955s] -- Detecting C compiler ABI info - done
[4.976s] -- Detecting C compile features
[4.976s] -- Detecting C compile features - done
[4.980s] -- Check for working CXX compiler: /usr/bin/c++
[5.052s] -- Check for working CXX compiler: /usr/bin/c++ -- works
[5.053s] -- Detecting CXX compiler ABI info
[5.122s] -- Detecting CXX compiler ABI info - done
[5.134s] -- Detecting CXX compile features
[5.134s] -- Detecting CXX compile features - done
[5.352s] -- Found ament_cmake: 0.9.9 (/opt/ros/foxy/share/ament_cmake/cmake)
[6.295s] -- Found PythonInterp: /usr/bin/python3 (found suitable version "3.8.10", minimum required is "3") 
[6.295s] -- Using PYTHON_EXECUTABLE: /usr/bin/python3
[7.067s] -- Found rosidl_default_generators: 1.0.1 (/opt/ros/foxy/share/rosidl_default_generators/cmake)
[7.108s] -- Using all available rosidl_typesupport_c: rosidl_typesupport_fastrtps_c;rosidl_typesupport_introspection_c
[7.163s] -- Found rosidl_adapter: 1.2.1 (/opt/ros/foxy/share/rosidl_adapter/cmake)
[7.854s] -- Found OpenSSL: /usr/lib/x86_64-linux-gnu/libcrypto.so (found version "1.1.1f")  
[7.884s] -- Found FastRTPS: /opt/ros/foxy/include  
[8.672s] -- Using all available rosidl_typesupport_cpp: rosidl_typesupport_fastrtps_cpp;rosidl_typesupport_introspection_cpp
[8.837s] -- Found PythonInterp: /usr/bin/python3 (found version "3.8.10") 
[9.059s] CMake Error at /opt/ros/foxy/share/rosidl_adapter/cmake/rosidl_adapt_interfaces.cmake:60 (message):
[9.059s]   execute_process(/usr/bin/python3 -m rosidl_adapter --package-name my_pkg
[9.060s]   --arguments-file
[9.060s]   /home/mara/demo_ws/build/my_pkg/rosidl_adapter__arguments__my_pkg.json
[9.060s]   --output-dir /home/mara/demo_ws/build/my_pkg/rosidl_adapter/my_pkg
[9.060s]   --output-file /home/mara/demo_ws/build/my_pkg/rosidl_adapter/my_pkg.idls)
[9.060s]   returned error code 1:
[9.060s] 
[9.060s]   Error processing 'float64 distanciaX' of 'my_pkg/DistanciaDoisPontos':
[9.060s]   ''distanciaX' is an invalid field name.  It should have the pattern
[9.060s]   '^(?!.*__)(?!.*_$)[a-z][a-z0-9_]*$''
[9.060s] 
[9.060s]   Traceback (most recent call last):
[9.061s] 
[9.061s]     File "/usr/lib/python3.8/runpy.py", line 194, in _run_module_as_main
[9.061s]       return _run_code(code, main_globals, None,
[9.061s]     File "/usr/lib/python3.8/runpy.py", line 87, in _run_code
[9.061s]       exec(code, run_globals)
[9.061s]     File "/opt/ros/foxy/lib/python3.8/site-packages/rosidl_adapter/__main__.py", line 19, in <module>
[9.061s]       sys.exit(main())
[9.061s]     File "/opt/ros/foxy/lib/python3.8/site-packages/rosidl_adapter/main.py", line 53, in main
[9.061s]       abs_idl_file = convert_to_idl(
[9.061s]     File "/opt/ros/foxy/lib/python3.8/site-packages/rosidl_adapter/__init__.py", line 19, in convert_to_idl
[9.061s]       return convert_msg_to_idl(
[9.061s]     File "/opt/ros/foxy/lib/python3.8/site-packages/rosidl_adapter/msg/__init__.py", line 28, in convert_msg_to_idl
[9.061s]       msg = parse_message_string(package_name, input_file.stem, content)
[9.061s]     File "/opt/ros/foxy/lib/python3.8/site-packages/rosidl_adapter/parser.py", line 515, in parse_message_string
[9.062s]       fields.append(Field(
[9.062s]     File "/opt/ros/foxy/lib/python3.8/site-packages/rosidl_adapter/parser.py", line 353, in __init__
[9.062s]       raise NameError(
[9.062s] 
[9.062s]   NameError: 'distanciaX' is an invalid field name.  It should have the
[9.062s]   pattern '^(?!.*__)(?!.*_$)[a-z][a-z0-9_]*$'
[9.062s] 
[9.062s] Call Stack (most recent call first):
[9.062s]   /opt/ros/foxy/share/rosidl_cmake/cmake/rosidl_generate_interfaces.cmake:130 (rosidl_adapt_interfaces)
[9.062s]   CMakeLists.txt:26 (rosidl_generate_interfaces)
[9.062s] 
[9.062s] 
[9.062s] -- Configuring incomplete, errors occurred!
[9.062s] See also "/home/mara/demo_ws/build/my_pkg/CMakeFiles/CMakeOutput.log".
[9.068s] Invoked command in '/home/mara/demo_ws/build/my_pkg' returned '1': CMAKE_PREFIX_PATH=${CMAKE_PREFIX_PATH}:/home/mara/demo_ws/install/my_pkg:/home/mara/demo_ws/src/install/carro_pkg:/home/mara/demo_ws/install/carro_pkg:/opt/ros/foxy /usr/bin/cmake /home/mara/demo_ws/src/my_pkg -DCMAKE_INSTALL_PREFIX=/home/mara/demo_ws/install/my_pkg
