[1.881s] Invoking command in '/home/mara/demo_ws/src/carro-pkg': PYTHONPATH=/home/mara/demo_ws/install/carro-pkg/lib/python3.8/site-packages:${PYTHONPATH} /usr/bin/python3 setup.py egg_info --egg-base ../../build/carro-pkg build --build-base /home/mara/demo_ws/build/carro-pkg/build install --prefix /home/mara/demo_ws/install/carro-pkg --record /home/mara/demo_ws/build/carro-pkg/install.log --single-version-externally-managed
[2.164s] /usr/local/lib/python3.8/dist-packages/setuptools/dist.py:772: UserWarning: Usage of dash-separated 'script-dir' will not be supported in future versions. Please use the underscore name 'script_dir' instead
[2.164s]   warnings.warn(
[2.164s] /usr/local/lib/python3.8/dist-packages/setuptools/dist.py:772: UserWarning: Usage of dash-separated 'install-scripts' will not be supported in future versions. Please use the underscore name 'install_scripts' instead
[2.164s]   warnings.warn(
[2.752s] running egg_info
[2.814s] writing ../../build/carro-pkg/carro_pkg.egg-info/PKG-INFO
[2.864s] writing dependency_links to ../../build/carro-pkg/carro_pkg.egg-info/dependency_links.txt
[3.110s] writing requirements to ../../build/carro-pkg/carro_pkg.egg-info/requires.txt
[3.159s] writing top-level names to ../../build/carro-pkg/carro_pkg.egg-info/top_level.txt
[3.237s] reading manifest file '../../build/carro-pkg/carro_pkg.egg-info/SOURCES.txt'
[3.238s] writing manifest file '../../build/carro-pkg/carro_pkg.egg-info/SOURCES.txt'
[3.238s] running build
[3.238s] running build_py
[3.238s] copying carro-pkg/__init__.py -> /home/mara/demo_ws/build/carro-pkg/build/lib/carro-pkg
[3.238s] running install
[3.238s] /usr/local/lib/python3.8/dist-packages/setuptools/command/install.py:34: SetuptoolsDeprecationWarning: setup.py install is deprecated. Use build and pip and other standards-based tools.
[3.238s]   warnings.warn(
[3.243s] running install_lib
[3.305s] copying /home/mara/demo_ws/build/carro-pkg/build/lib/carro-pkg/__init__.py -> /home/mara/demo_ws/install/carro-pkg/lib/python3.8/site-packages/carro-pkg
[3.306s] byte-compiling /home/mara/demo_ws/install/carro-pkg/lib/python3.8/site-packages/carro-pkg/__init__.py to __init__.cpython-38.pyc
[3.306s] running install_data
[3.319s] copying resource/carro-pkg -> /home/mara/demo_ws/install/carro-pkg/share/ament_index/resource_index/packages
[3.320s] copying package.xml -> /home/mara/demo_ws/install/carro-pkg/share/carro-pkg
[3.320s] running install_egg_info
[3.394s] removing '/home/mara/demo_ws/install/carro-pkg/lib/python3.8/site-packages/carro_pkg-0.0.0-py3.8.egg-info' (and everything under it)
[3.395s] Copying ../../build/carro-pkg/carro_pkg.egg-info to /home/mara/demo_ws/install/carro-pkg/lib/python3.8/site-packages/carro_pkg-0.0.0-py3.8.egg-info
[3.395s] running install_scripts
[3.510s] writing list of installed files to '/home/mara/demo_ws/build/carro-pkg/install.log'
[3.552s] Invoked command in '/home/mara/demo_ws/src/carro-pkg' returned '0': PYTHONPATH=/home/mara/demo_ws/install/carro-pkg/lib/python3.8/site-packages:${PYTHONPATH} /usr/bin/python3 setup.py egg_info --egg-base ../../build/carro-pkg build --build-base /home/mara/demo_ws/build/carro-pkg/build install --prefix /home/mara/demo_ws/install/carro-pkg --record /home/mara/demo_ws/build/carro-pkg/install.log --single-version-externally-managed
