[0.384s] Invoking command in '/home/mara/demo_ws/src/build/mara_bringup': CMAKE_PREFIX_PATH=${CMAKE_PREFIX_PATH}:/home/mara/demo_ws/install/carro_pkg:/opt/ros/foxy /usr/bin/cmake /home/mara/demo_ws/src/MARA/mara_bringup -DCMAKE_INSTALL_PREFIX=/home/mara/demo_ws/src/install/mara_bringup
[4.551s] -- The C compiler identification is GNU 9.4.0
[6.745s] -- The CXX compiler identification is GNU 9.4.0
[6.858s] -- Check for working C compiler: /usr/bin/cc
[7.161s] -- Check for working C compiler: /usr/bin/cc -- works
[7.163s] -- Detecting C compiler ABI info
[7.286s] -- Detecting C compiler ABI info - done
[7.311s] -- Detecting C compile features
[7.312s] -- Detecting C compile features - done
[7.316s] -- Check for working CXX compiler: /usr/bin/c++
[7.430s] -- Check for working CXX compiler: /usr/bin/c++ -- works
[7.432s] -- Detecting CXX compiler ABI info
[7.555s] -- Detecting CXX compiler ABI info - done
[7.576s] -- Detecting CXX compile features
[7.577s] -- Detecting CXX compile features - done
[7.823s] -- Found ament_cmake: 0.9.9 (/opt/ros/foxy/share/ament_cmake/cmake)
[8.189s] -- Found PythonInterp: /usr/bin/python3 (found suitable version "3.8.10", minimum required is "3") 
[8.189s] -- Using PYTHON_EXECUTABLE: /usr/bin/python3
[9.609s] -- Found rclcpp: 2.4.1 (/opt/ros/foxy/share/rclcpp/cmake)
[11.069s] -- Using all available rosidl_typesupport_c: rosidl_typesupport_fastrtps_c;rosidl_typesupport_introspection_c
[11.121s] -- Found rosidl_adapter: 1.2.1 (/opt/ros/foxy/share/rosidl_adapter/cmake)
[11.423s] -- Found OpenSSL: /usr/lib/x86_64-linux-gnu/libcrypto.so (found version "1.1.1f")  
[11.459s] -- Found FastRTPS: /opt/ros/foxy/include  
[11.608s] -- Using all available rosidl_typesupport_cpp: rosidl_typesupport_fastrtps_cpp;rosidl_typesupport_introspection_cpp
[12.029s] -- Found rmw_implementation_cmake: 1.0.3 (/opt/ros/foxy/share/rmw_implementation_cmake/cmake)
[12.047s] -- Using RMW implementation 'rmw_fastrtps_cpp' as default
[12.048s] -- Looking for pthread.h
[12.132s] -- Looking for pthread.h - found
[12.132s] -- Performing Test CMAKE_HAVE_LIBC_PTHREAD
[12.207s] -- Performing Test CMAKE_HAVE_LIBC_PTHREAD - Failed
[12.207s] -- Looking for pthread_create in pthreads
[12.256s] -- Looking for pthread_create in pthreads - not found
[12.257s] -- Looking for pthread_create in pthread
[12.319s] -- Looking for pthread_create in pthread - found
[12.320s] -- Found Threads: TRUE  
[13.061s] -- Configuring done
[13.063s] -- Generating done
[13.064s] -- Build files have been written to: /home/mara/demo_ws/src/build/mara_bringup
[13.081s] Invoked command in '/home/mara/demo_ws/src/build/mara_bringup' returned '0': CMAKE_PREFIX_PATH=${CMAKE_PREFIX_PATH}:/home/mara/demo_ws/install/carro_pkg:/opt/ros/foxy /usr/bin/cmake /home/mara/demo_ws/src/MARA/mara_bringup -DCMAKE_INSTALL_PREFIX=/home/mara/demo_ws/src/install/mara_bringup
[13.082s] Invoking command in '/home/mara/demo_ws/src/build/mara_bringup': CMAKE_PREFIX_PATH=${CMAKE_PREFIX_PATH}:/home/mara/demo_ws/install/carro_pkg:/opt/ros/foxy /usr/bin/cmake --build /home/mara/demo_ws/src/build/mara_bringup -- -j8 -l8
