[0.617s] Invoking command in '/home/mara/demo_ws/build/my_pkg': CMAKE_PREFIX_PATH=${CMAKE_PREFIX_PATH}:/home/mara/demo_ws/install/carro_pkg:/home/mara/demo_ws/src/install/carro_pkg:/opt/ros/foxy /usr/bin/cmake --build /home/mara/demo_ws/build/my_pkg -- -j8 -l8
[0.642s] -- Found ament_cmake: 0.9.9 (/opt/ros/foxy/share/ament_cmake/cmake)
[0.667s] -- Found PythonInterp: /usr/bin/python3 (found suitable version "3.8.10", minimum required is "3") 
[0.667s] -- Using PYTHON_EXECUTABLE: /usr/bin/python3
[0.902s] -- Found rosidl_default_generators: 1.0.1 (/opt/ros/foxy/share/rosidl_default_generators/cmake)
[0.907s] -- Using all available rosidl_typesupport_c: rosidl_typesupport_fastrtps_c;rosidl_typesupport_introspection_c
[0.913s] -- Found rosidl_adapter: 1.2.1 (/opt/ros/foxy/share/rosidl_adapter/cmake)
[1.076s] -- Using all available rosidl_typesupport_cpp: rosidl_typesupport_fastrtps_cpp;rosidl_typesupport_introspection_cpp
[1.136s] -- Found PythonInterp: /usr/bin/python3 (found version "3.8.10") 
[1.317s] -- Found ament_cmake_ros: 0.9.2 (/opt/ros/foxy/share/ament_cmake_ros/cmake)
[1.436s] -- Using all available rosidl_typesupport_c: rosidl_typesupport_fastrtps_c;rosidl_typesupport_introspection_c
[1.443s] -- Using all available rosidl_typesupport_cpp: rosidl_typesupport_fastrtps_cpp;rosidl_typesupport_introspection_cpp
[1.476s] -- Found PythonInterp: /usr/bin/python3 (found suitable version "3.8.10", minimum required is "3.5") 
[1.476s] -- Found python_cmake_module: 0.8.1 (/opt/ros/foxy/share/python_cmake_module/cmake)
[1.504s] -- Using PYTHON_EXECUTABLE: /usr/bin/python3
[1.504s] -- Using PYTHON_INCLUDE_DIRS: /usr/include/python3.8
[1.504s] -- Using PYTHON_LIBRARIES: /usr/lib/x86_64-linux-gnu/libpython3.8.so
[1.519s] -- Found ament_lint_auto: 0.9.6 (/opt/ros/foxy/share/ament_lint_auto/cmake)
[1.528s] -- Added test 'copyright' to check source files copyright and LICENSE
[1.530s] -- Added test 'lint_cmake' to check CMake code style
[1.531s] -- Added test 'xmllint' to check XML markup files
[1.534s] -- Configuring done
[1.563s] -- Generating done
[1.676s] -- Build files have been written to: /home/mara/demo_ws/build/my_pkg
[1.710s] [  7%] Built target my_pkg__cpp
[1.710s] [ 12%] Built target my_pkg__rosidl_generator_c
[1.729s] [ 23%] Built target my_pkg__rosidl_typesupport_cpp
[1.729s] [ 33%] Built target my_pkg__rosidl_typesupport_introspection_cpp
[1.733s] [ 43%] Built target my_pkg__rosidl_typesupport_fastrtps_cpp
[1.749s] [ 61%] Built target my_pkg__rosidl_typesupport_c
[1.749s] [ 64%] Built target my_pkg__rosidl_typesupport_introspection_c
[1.756s] [ 74%] Built target my_pkg__rosidl_typesupport_fastrtps_c
[1.774s] [ 74%] Built target my_pkg
[1.792s] [ 76%] Built target my_pkg__py
[1.816s] [ 84%] Built target my_pkg__python
[1.839s] [100%] Built target my_pkg__rosidl_typesupport_fastrtps_c__pyext
[1.839s] [100%] Built target my_pkg__rosidl_typesupport_c__pyext
[1.840s] [100%] Built target my_pkg__rosidl_typesupport_introspection_c__pyext
[1.849s] Invoked command in '/home/mara/demo_ws/build/my_pkg' returned '0': CMAKE_PREFIX_PATH=${CMAKE_PREFIX_PATH}:/home/mara/demo_ws/install/carro_pkg:/home/mara/demo_ws/src/install/carro_pkg:/opt/ros/foxy /usr/bin/cmake --build /home/mara/demo_ws/build/my_pkg -- -j8 -l8
[1.913s] Invoking command in '/home/mara/demo_ws/build/my_pkg': CMAKE_PREFIX_PATH=${CMAKE_PREFIX_PATH}:/home/mara/demo_ws/install/carro_pkg:/home/mara/demo_ws/src/install/carro_pkg:/opt/ros/foxy /usr/bin/cmake --install /home/mara/demo_ws/build/my_pkg
[1.921s] -- Install configuration: ""
[1.921s] -- Up-to-date: /home/mara/demo_ws/install/my_pkg/share/ament_index/resource_index/rosidl_interfaces/my_pkg
[1.921s] -- Up-to-date: /home/mara/demo_ws/install/my_pkg/include/my_pkg
[1.921s] -- Up-to-date: /home/mara/demo_ws/install/my_pkg/include/my_pkg/msg
[1.922s] -- Up-to-date: /home/mara/demo_ws/install/my_pkg/include/my_pkg/msg/detail
[1.922s] -- Up-to-date: /home/mara/demo_ws/install/my_pkg/include/my_pkg/msg/detail/distancia_dois_pontos__type_support.h
[1.922s] -- Up-to-date: /home/mara/demo_ws/install/my_pkg/include/my_pkg/msg/detail/distancia_dois_pontos__functions.h
[1.922s] -- Up-to-date: /home/mara/demo_ws/install/my_pkg/include/my_pkg/msg/detail/distancia_dois_pontos__struct.h
[1.922s] -- Up-to-date: /home/mara/demo_ws/install/my_pkg/include/my_pkg/msg/detail/distancia_dois_pontos__functions.c
[1.922s] -- Up-to-date: /home/mara/demo_ws/install/my_pkg/include/my_pkg/msg/distancia_dois_pontos.h
[1.922s] -- Up-to-date: /home/mara/demo_ws/install/my_pkg/include/my_pkg/msg/rosidl_generator_c__visibility_control.h
[1.922s] -- Up-to-date: /home/mara/demo_ws/install/my_pkg/include/my_pkg/srv
[1.922s] -- Up-to-date: /home/mara/demo_ws/install/my_pkg/include/my_pkg/srv/detail
[1.922s] -- Up-to-date: /home/mara/demo_ws/install/my_pkg/include/my_pkg/srv/detail/distancia_euclidiana__struct.h
[1.922s] -- Up-to-date: /home/mara/demo_ws/install/my_pkg/include/my_pkg/srv/detail/distancia_euclidiana__type_support.h
[1.922s] -- Up-to-date: /home/mara/demo_ws/install/my_pkg/include/my_pkg/srv/detail/distancia_euclidiana__functions.h
[1.923s] -- Up-to-date: /home/mara/demo_ws/install/my_pkg/include/my_pkg/srv/detail/distancia_euclidiana__functions.c
[1.923s] -- Up-to-date: /home/mara/demo_ws/install/my_pkg/include/my_pkg/srv/distancia_euclidiana.h
[1.923s] -- Up-to-date: /home/mara/demo_ws/install/my_pkg/share/my_pkg/environment/library_path.sh
[1.923s] -- Installing: /home/mara/demo_ws/install/my_pkg/share/my_pkg/environment/library_path.dsv
[1.923s] -- Up-to-date: /home/mara/demo_ws/install/my_pkg/lib/libmy_pkg__rosidl_generator_c.so
[1.923s] -- Up-to-date: /home/mara/demo_ws/install/my_pkg/include/my_pkg
[1.923s] -- Up-to-date: /home/mara/demo_ws/install/my_pkg/include/my_pkg/msg
[1.923s] -- Up-to-date: /home/mara/demo_ws/install/my_pkg/include/my_pkg/msg/detail
[1.923s] -- Up-to-date: /home/mara/demo_ws/install/my_pkg/include/my_pkg/msg/detail/distancia_dois_pontos__rosidl_typesupport_fastrtps_c.h
[1.923s] -- Up-to-date: /home/mara/demo_ws/install/my_pkg/include/my_pkg/msg/rosidl_typesupport_fastrtps_c__visibility_control.h
[1.923s] -- Up-to-date: /home/mara/demo_ws/install/my_pkg/include/my_pkg/srv
[1.923s] -- Up-to-date: /home/mara/demo_ws/install/my_pkg/include/my_pkg/srv/detail
[1.924s] -- Up-to-date: /home/mara/demo_ws/install/my_pkg/include/my_pkg/srv/detail/distancia_euclidiana__rosidl_typesupport_fastrtps_c.h
[1.924s] -- Up-to-date: /home/mara/demo_ws/install/my_pkg/lib/libmy_pkg__rosidl_typesupport_fastrtps_c.so
[1.924s] -- Up-to-date: /home/mara/demo_ws/install/my_pkg/include/my_pkg
[1.924s] -- Up-to-date: /home/mara/demo_ws/install/my_pkg/include/my_pkg/msg
[1.924s] -- Up-to-date: /home/mara/demo_ws/install/my_pkg/include/my_pkg/msg/rosidl_typesupport_fastrtps_cpp__visibility_control.h
[1.924s] -- Up-to-date: /home/mara/demo_ws/install/my_pkg/include/my_pkg/msg/detail
[1.924s] -- Up-to-date: /home/mara/demo_ws/install/my_pkg/include/my_pkg/msg/detail/distancia_dois_pontos__rosidl_typesupport_fastrtps_cpp.hpp
[1.924s] -- Up-to-date: /home/mara/demo_ws/install/my_pkg/include/my_pkg/msg/detail/dds_fastrtps
[1.924s] -- Up-to-date: /home/mara/demo_ws/install/my_pkg/include/my_pkg/srv
[1.924s] -- Up-to-date: /home/mara/demo_ws/install/my_pkg/include/my_pkg/srv/detail
[1.924s] -- Up-to-date: /home/mara/demo_ws/install/my_pkg/include/my_pkg/srv/detail/distancia_euclidiana__rosidl_typesupport_fastrtps_cpp.hpp
[1.925s] -- Up-to-date: /home/mara/demo_ws/install/my_pkg/include/my_pkg/srv/detail/dds_fastrtps
[1.925s] -- Up-to-date: /home/mara/demo_ws/install/my_pkg/lib/libmy_pkg__rosidl_typesupport_fastrtps_cpp.so
[1.925s] -- Up-to-date: /home/mara/demo_ws/install/my_pkg/include/my_pkg
[1.925s] -- Up-to-date: /home/mara/demo_ws/install/my_pkg/include/my_pkg/msg
[1.925s] -- Up-to-date: /home/mara/demo_ws/install/my_pkg/include/my_pkg/msg/detail
[1.925s] -- Up-to-date: /home/mara/demo_ws/install/my_pkg/include/my_pkg/msg/detail/distancia_dois_pontos__type_support.c
[1.925s] -- Up-to-date: /home/mara/demo_ws/install/my_pkg/include/my_pkg/msg/detail/distancia_dois_pontos__rosidl_typesupport_introspection_c.h
[1.925s] -- Up-to-date: /home/mara/demo_ws/install/my_pkg/include/my_pkg/msg/rosidl_typesupport_introspection_c__visibility_control.h
[1.925s] -- Up-to-date: /home/mara/demo_ws/install/my_pkg/include/my_pkg/srv
[1.925s] -- Up-to-date: /home/mara/demo_ws/install/my_pkg/include/my_pkg/srv/detail
[1.925s] -- Up-to-date: /home/mara/demo_ws/install/my_pkg/include/my_pkg/srv/detail/distancia_euclidiana__rosidl_typesupport_introspection_c.h
[1.925s] -- Up-to-date: /home/mara/demo_ws/install/my_pkg/include/my_pkg/srv/detail/distancia_euclidiana__type_support.c
[1.925s] -- Up-to-date: /home/mara/demo_ws/install/my_pkg/lib/libmy_pkg__rosidl_typesupport_introspection_c.so
[1.925s] -- Up-to-date: /home/mara/demo_ws/install/my_pkg/lib/libmy_pkg__rosidl_typesupport_c.so
[1.926s] -- Up-to-date: /home/mara/demo_ws/install/my_pkg/include/my_pkg
[1.926s] -- Up-to-date: /home/mara/demo_ws/install/my_pkg/include/my_pkg/msg
[1.926s] -- Up-to-date: /home/mara/demo_ws/install/my_pkg/include/my_pkg/msg/detail
[1.926s] -- Up-to-date: /home/mara/demo_ws/install/my_pkg/include/my_pkg/msg/detail/distancia_dois_pontos__builder.hpp
[1.926s] -- Up-to-date: /home/mara/demo_ws/install/my_pkg/include/my_pkg/msg/detail/distancia_dois_pontos__traits.hpp
[1.926s] -- Up-to-date: /home/mara/demo_ws/install/my_pkg/include/my_pkg/msg/detail/distancia_dois_pontos__struct.hpp
[1.926s] -- Up-to-date: /home/mara/demo_ws/install/my_pkg/include/my_pkg/msg/distancia_dois_pontos.hpp
[1.926s] -- Up-to-date: /home/mara/demo_ws/install/my_pkg/include/my_pkg/srv
[1.926s] -- Up-to-date: /home/mara/demo_ws/install/my_pkg/include/my_pkg/srv/detail
[1.926s] -- Up-to-date: /home/mara/demo_ws/install/my_pkg/include/my_pkg/srv/detail/distancia_euclidiana__traits.hpp
[1.926s] -- Up-to-date: /home/mara/demo_ws/install/my_pkg/include/my_pkg/srv/detail/distancia_euclidiana__struct.hpp
[1.926s] -- Up-to-date: /home/mara/demo_ws/install/my_pkg/include/my_pkg/srv/detail/distancia_euclidiana__builder.hpp
[1.926s] -- Up-to-date: /home/mara/demo_ws/install/my_pkg/include/my_pkg/srv/distancia_euclidiana.hpp
[1.927s] -- Up-to-date: /home/mara/demo_ws/install/my_pkg/include/my_pkg
[1.927s] -- Up-to-date: /home/mara/demo_ws/install/my_pkg/include/my_pkg/msg
[1.927s] -- Up-to-date: /home/mara/demo_ws/install/my_pkg/include/my_pkg/msg/detail
[1.927s] -- Up-to-date: /home/mara/demo_ws/install/my_pkg/include/my_pkg/msg/detail/distancia_dois_pontos__rosidl_typesupport_introspection_cpp.hpp
[1.927s] -- Up-to-date: /home/mara/demo_ws/install/my_pkg/include/my_pkg/msg/detail/distancia_dois_pontos__type_support.cpp
[1.927s] -- Up-to-date: /home/mara/demo_ws/install/my_pkg/include/my_pkg/srv
[1.927s] -- Up-to-date: /home/mara/demo_ws/install/my_pkg/include/my_pkg/srv/detail
[1.927s] -- Up-to-date: /home/mara/demo_ws/install/my_pkg/include/my_pkg/srv/detail/distancia_euclidiana__type_support.cpp
[1.927s] -- Up-to-date: /home/mara/demo_ws/install/my_pkg/include/my_pkg/srv/detail/distancia_euclidiana__rosidl_typesupport_introspection_cpp.hpp
[1.927s] -- Up-to-date: /home/mara/demo_ws/install/my_pkg/lib/libmy_pkg__rosidl_typesupport_introspection_cpp.so
[1.927s] -- Up-to-date: /home/mara/demo_ws/install/my_pkg/lib/libmy_pkg__rosidl_typesupport_cpp.so
[1.927s] -- Up-to-date: /home/mara/demo_ws/install/my_pkg/share/my_pkg/environment/pythonpath.sh
[1.927s] -- Installing: /home/mara/demo_ws/install/my_pkg/share/my_pkg/environment/pythonpath.dsv
[1.927s] -- Installing: /home/mara/demo_ws/install/my_pkg/lib/python3.8/site-packages/my_pkg/__init__.py
[1.956s] Compiling '/home/mara/demo_ws/install/my_pkg/lib/python3.8/site-packages/my_pkg/__init__.py'...
[1.961s] -- Up-to-date: /home/mara/demo_ws/install/my_pkg/lib/python3.8/site-packages/my_pkg/msg
[1.961s] -- Up-to-date: /home/mara/demo_ws/install/my_pkg/lib/python3.8/site-packages/my_pkg/msg/_distancia_dois_pontos_s.c
[1.961s] -- Up-to-date: /home/mara/demo_ws/install/my_pkg/lib/python3.8/site-packages/my_pkg/msg/__init__.py
[1.961s] -- Up-to-date: /home/mara/demo_ws/install/my_pkg/lib/python3.8/site-packages/my_pkg/msg/_distancia_dois_pontos.py
[1.961s] -- Up-to-date: /home/mara/demo_ws/install/my_pkg/lib/python3.8/site-packages/my_pkg/srv
[1.961s] -- Up-to-date: /home/mara/demo_ws/install/my_pkg/lib/python3.8/site-packages/my_pkg/srv/_distancia_euclidiana.py
[1.961s] -- Up-to-date: /home/mara/demo_ws/install/my_pkg/lib/python3.8/site-packages/my_pkg/srv/__init__.py
[1.961s] -- Up-to-date: /home/mara/demo_ws/install/my_pkg/lib/python3.8/site-packages/my_pkg/srv/_distancia_euclidiana_s.c
[1.961s] -- Up-to-date: /home/mara/demo_ws/install/my_pkg/lib/python3.8/site-packages/my_pkg/my_pkg_s__rosidl_typesupport_fastrtps_c.cpython-38-x86_64-linux-gnu.so
[1.962s] -- Up-to-date: /home/mara/demo_ws/install/my_pkg/lib/python3.8/site-packages/my_pkg/my_pkg_s__rosidl_typesupport_introspection_c.cpython-38-x86_64-linux-gnu.so
[1.962s] -- Up-to-date: /home/mara/demo_ws/install/my_pkg/lib/python3.8/site-packages/my_pkg/my_pkg_s__rosidl_typesupport_c.cpython-38-x86_64-linux-gnu.so
[1.962s] -- Up-to-date: /home/mara/demo_ws/install/my_pkg/lib/libmy_pkg__python.so
[1.962s] -- Up-to-date: /home/mara/demo_ws/install/my_pkg/share/my_pkg/msg/DistanciaDoisPontos.idl
[1.962s] -- Up-to-date: /home/mara/demo_ws/install/my_pkg/share/my_pkg/srv/DistanciaEuclidiana.idl
[1.963s] -- Installing: /home/mara/demo_ws/install/my_pkg/share/my_pkg/msg/DistanciaDoisPontos.msg
[1.963s] -- Up-to-date: /home/mara/demo_ws/install/my_pkg/share/my_pkg/srv/DistanciaEuclidiana.srv
[1.963s] -- Up-to-date: /home/mara/demo_ws/install/my_pkg/share/my_pkg/srv/DistanciaEuclidiana_Request.msg
[1.963s] -- Up-to-date: /home/mara/demo_ws/install/my_pkg/share/my_pkg/srv/DistanciaEuclidiana_Response.msg
[1.963s] -- Up-to-date: /home/mara/demo_ws/install/my_pkg/share/ament_index/resource_index/package_run_dependencies/my_pkg
[1.963s] -- Installing: /home/mara/demo_ws/install/my_pkg/share/ament_index/resource_index/parent_prefix_path/my_pkg
[1.963s] -- Up-to-date: /home/mara/demo_ws/install/my_pkg/share/my_pkg/environment/ament_prefix_path.sh
[1.963s] -- Installing: /home/mara/demo_ws/install/my_pkg/share/my_pkg/environment/ament_prefix_path.dsv
[1.964s] -- Up-to-date: /home/mara/demo_ws/install/my_pkg/share/my_pkg/environment/path.sh
[1.964s] -- Installing: /home/mara/demo_ws/install/my_pkg/share/my_pkg/environment/path.dsv
[1.964s] -- Up-to-date: /home/mara/demo_ws/install/my_pkg/share/my_pkg/local_setup.bash
[1.964s] -- Up-to-date: /home/mara/demo_ws/install/my_pkg/share/my_pkg/local_setup.sh
[1.964s] -- Up-to-date: /home/mara/demo_ws/install/my_pkg/share/my_pkg/local_setup.zsh
[1.964s] -- Installing: /home/mara/demo_ws/install/my_pkg/share/my_pkg/local_setup.dsv
[1.964s] -- Installing: /home/mara/demo_ws/install/my_pkg/share/my_pkg/package.dsv
[1.964s] -- Up-to-date: /home/mara/demo_ws/install/my_pkg/share/ament_index/resource_index/packages/my_pkg
[1.964s] -- Up-to-date: /home/mara/demo_ws/install/my_pkg/share/my_pkg/cmake/my_pkg__rosidl_generator_cExport.cmake
[1.964s] -- Installing: /home/mara/demo_ws/install/my_pkg/share/my_pkg/cmake/my_pkg__rosidl_generator_cExport-noconfig.cmake
[1.965s] -- Up-to-date: /home/mara/demo_ws/install/my_pkg/share/my_pkg/cmake/my_pkg__rosidl_typesupport_introspection_cExport.cmake
[1.965s] -- Installing: /home/mara/demo_ws/install/my_pkg/share/my_pkg/cmake/my_pkg__rosidl_typesupport_introspection_cExport-noconfig.cmake
[1.965s] -- Up-to-date: /home/mara/demo_ws/install/my_pkg/share/my_pkg/cmake/my_pkg__rosidl_typesupport_cExport.cmake
[1.965s] -- Installing: /home/mara/demo_ws/install/my_pkg/share/my_pkg/cmake/my_pkg__rosidl_typesupport_cExport-noconfig.cmake
[1.965s] -- Up-to-date: /home/mara/demo_ws/install/my_pkg/share/my_pkg/cmake/my_pkg__rosidl_generator_cppExport.cmake
[1.965s] -- Up-to-date: /home/mara/demo_ws/install/my_pkg/share/my_pkg/cmake/my_pkg__rosidl_typesupport_introspection_cppExport.cmake
[1.965s] -- Installing: /home/mara/demo_ws/install/my_pkg/share/my_pkg/cmake/my_pkg__rosidl_typesupport_introspection_cppExport-noconfig.cmake
[1.965s] -- Up-to-date: /home/mara/demo_ws/install/my_pkg/share/my_pkg/cmake/my_pkg__rosidl_typesupport_cppExport.cmake
[1.966s] -- Installing: /home/mara/demo_ws/install/my_pkg/share/my_pkg/cmake/my_pkg__rosidl_typesupport_cppExport-noconfig.cmake
[1.966s] -- Up-to-date: /home/mara/demo_ws/install/my_pkg/share/my_pkg/cmake/rosidl_cmake-extras.cmake
[1.966s] -- Up-to-date: /home/mara/demo_ws/install/my_pkg/share/my_pkg/cmake/ament_cmake_export_dependencies-extras.cmake
[1.966s] -- Up-to-date: /home/mara/demo_ws/install/my_pkg/share/my_pkg/cmake/ament_cmake_export_libraries-extras.cmake
[1.966s] -- Up-to-date: /home/mara/demo_ws/install/my_pkg/share/my_pkg/cmake/ament_cmake_export_targets-extras.cmake
[1.966s] -- Up-to-date: /home/mara/demo_ws/install/my_pkg/share/my_pkg/cmake/ament_cmake_export_include_directories-extras.cmake
[1.966s] -- Up-to-date: /home/mara/demo_ws/install/my_pkg/share/my_pkg/cmake/rosidl_cmake_export_typesupport_libraries-extras.cmake
[1.966s] -- Up-to-date: /home/mara/demo_ws/install/my_pkg/share/my_pkg/cmake/rosidl_cmake_export_typesupport_targets-extras.cmake
[1.966s] -- Up-to-date: /home/mara/demo_ws/install/my_pkg/share/my_pkg/cmake/my_pkgConfig.cmake
[1.966s] -- Up-to-date: /home/mara/demo_ws/install/my_pkg/share/my_pkg/cmake/my_pkgConfig-version.cmake
[1.966s] -- Up-to-date: /home/mara/demo_ws/install/my_pkg/share/my_pkg/package.xml
[1.970s] Invoked command in '/home/mara/demo_ws/build/my_pkg' returned '0': CMAKE_PREFIX_PATH=${CMAKE_PREFIX_PATH}:/home/mara/demo_ws/install/carro_pkg:/home/mara/demo_ws/src/install/carro_pkg:/opt/ros/foxy /usr/bin/cmake --install /home/mara/demo_ws/build/my_pkg
