[1.419s] DEBUG:colcon:Command line arguments: ['/usr/bin/colcon', 'build']
[1.419s] DEBUG:colcon:Parsed command line arguments: Namespace(allow_overriding=[], ament_cmake_args=None, base_paths=['.'], build_base='build', catkin_cmake_args=None, catkin_skip_building_tests=False, cmake_args=None, cmake_clean_cache=False, cmake_clean_first=False, cmake_force_configure=False, cmake_target=None, cmake_target_skip_unavailable=False, continue_on_error=False, event_handlers=None, executor='parallel', ignore_user_meta=False, install_base='install', log_base=None, log_level=None, main=<bound method BuildVerb.main of <colcon_core.verb.build.BuildVerb object at 0x7ffac3f7ef10>>, merge_install=False, metas=['./colcon.meta'], mixin=None, mixin_files=None, mixin_verb=('build',), packages_above=None, packages_above_and_dependencies=None, packages_above_depth=None, packages_end=None, packages_ignore=None, packages_ignore_regex=None, packages_select=None, packages_select_build_failed=False, packages_select_by_dep=None, packages_select_regex=None, packages_select_test_failures=False, packages_skip=None, packages_skip_build_finished=False, packages_skip_by_dep=None, packages_skip_regex=None, packages_skip_test_passed=False, packages_skip_up_to=None, packages_start=None, packages_up_to=None, packages_up_to_regex=None, parallel_workers=8, paths=None, symlink_install=False, test_result_base=None, verb_extension=<colcon_core.verb.build.BuildVerb object at 0x7ffac3f7ef10>, verb_name='build', verb_parser=<colcon_mixin.mixin.mixin_argument.MixinArgumentDecorator object at 0x7ffac3f89550>)
[1.743s] Level 1:colcon.colcon_core.package_discovery:discover_packages(colcon_meta) check parameters
[1.744s] INFO:colcon.colcon_metadata.package_discovery.colcon_meta:Using configuration from '/home/mara/.colcon/metadata/default/Gazebo.meta'
[1.745s] INFO:colcon.colcon_metadata.package_discovery.colcon_meta:Using configuration from '/home/mara/.colcon/metadata/default/fastrtps.meta'
[1.745s] Level 1:colcon.colcon_core.package_discovery:discover_packages(recursive) check parameters
[1.745s] Level 1:colcon.colcon_core.package_discovery:discover_packages(ignore) check parameters
[1.745s] Level 1:colcon.colcon_core.package_discovery:discover_packages(path) check parameters
[1.745s] Level 1:colcon.colcon_core.package_discovery:discover_packages(colcon_meta) discover
[1.745s] Level 1:colcon.colcon_core.package_discovery:discover_packages(recursive) discover
[1.746s] INFO:colcon.colcon_core.package_discovery:Crawling recursively for packages in '/home/mara/demo_ws'
[1.746s] Level 1:colcon.colcon_core.package_identification:_identify(.) by extensions ['ignore', 'ignore_ament_install']
[1.746s] Level 1:colcon.colcon_core.package_identification:_identify(.) by extension 'ignore'
[1.746s] Level 1:colcon.colcon_core.package_identification:_identify(.) by extension 'ignore_ament_install'
[1.746s] Level 1:colcon.colcon_core.package_identification:_identify(.) by extensions ['colcon_pkg']
[1.746s] Level 1:colcon.colcon_core.package_identification:_identify(.) by extension 'colcon_pkg'
[1.746s] Level 1:colcon.colcon_core.package_identification:_identify(.) by extensions ['colcon_meta']
[1.746s] Level 1:colcon.colcon_core.package_identification:_identify(.) by extension 'colcon_meta'
[1.746s] Level 1:colcon.colcon_core.package_identification:_identify(.) by extensions ['ros']
[1.746s] Level 1:colcon.colcon_core.package_identification:_identify(.) by extension 'ros'
[2.098s] Level 1:colcon.colcon_core.package_identification:_identify(.) by extensions ['cmake', 'python']
[2.098s] Level 1:colcon.colcon_core.package_identification:_identify(.) by extension 'cmake'
[2.098s] Level 1:colcon.colcon_core.package_identification:_identify(.) by extension 'python'
[2.098s] Level 1:colcon.colcon_core.package_identification:_identify(.) by extensions ['python_setup_py']
[2.098s] Level 1:colcon.colcon_core.package_identification:_identify(.) by extension 'python_setup_py'
[2.098s] Level 1:colcon.colcon_core.package_identification:_identify(build) by extensions ['ignore', 'ignore_ament_install']
[2.098s] Level 1:colcon.colcon_core.package_identification:_identify(build) by extension 'ignore'
[2.098s] Level 1:colcon.colcon_core.package_identification:_identify(build) ignored
[2.099s] Level 1:colcon.colcon_core.package_identification:_identify(install) by extensions ['ignore', 'ignore_ament_install']
[2.099s] Level 1:colcon.colcon_core.package_identification:_identify(install) by extension 'ignore'
[2.099s] Level 1:colcon.colcon_core.package_identification:_identify(install) ignored
[2.099s] Level 1:colcon.colcon_core.package_identification:_identify(log) by extensions ['ignore', 'ignore_ament_install']
[2.099s] Level 1:colcon.colcon_core.package_identification:_identify(log) by extension 'ignore'
[2.099s] Level 1:colcon.colcon_core.package_identification:_identify(log) ignored
[2.099s] Level 1:colcon.colcon_core.package_identification:_identify(src) by extensions ['ignore', 'ignore_ament_install']
[2.099s] Level 1:colcon.colcon_core.package_identification:_identify(src) by extension 'ignore'
[2.099s] Level 1:colcon.colcon_core.package_identification:_identify(src) by extension 'ignore_ament_install'
[2.099s] Level 1:colcon.colcon_core.package_identification:_identify(src) by extensions ['colcon_pkg']
[2.099s] Level 1:colcon.colcon_core.package_identification:_identify(src) by extension 'colcon_pkg'
[2.099s] Level 1:colcon.colcon_core.package_identification:_identify(src) by extensions ['colcon_meta']
[2.099s] Level 1:colcon.colcon_core.package_identification:_identify(src) by extension 'colcon_meta'
[2.099s] Level 1:colcon.colcon_core.package_identification:_identify(src) by extensions ['ros']
[2.099s] Level 1:colcon.colcon_core.package_identification:_identify(src) by extension 'ros'
[2.099s] Level 1:colcon.colcon_core.package_identification:_identify(src) by extensions ['cmake', 'python']
[2.099s] Level 1:colcon.colcon_core.package_identification:_identify(src) by extension 'cmake'
[2.099s] Level 1:colcon.colcon_core.package_identification:_identify(src) by extension 'python'
[2.099s] Level 1:colcon.colcon_core.package_identification:_identify(src) by extensions ['python_setup_py']
[2.100s] Level 1:colcon.colcon_core.package_identification:_identify(src) by extension 'python_setup_py'
[2.114s] Level 1:colcon.colcon_core.package_identification:_identify(src/build) by extensions ['ignore', 'ignore_ament_install']
[2.114s] Level 1:colcon.colcon_core.package_identification:_identify(src/build) by extension 'ignore'
[2.114s] Level 1:colcon.colcon_core.package_identification:_identify(src/build) ignored
[2.114s] Level 1:colcon.colcon_core.package_identification:_identify(src/carro_pkg) by extensions ['ignore', 'ignore_ament_install']
[2.114s] Level 1:colcon.colcon_core.package_identification:_identify(src/carro_pkg) by extension 'ignore'
[2.115s] Level 1:colcon.colcon_core.package_identification:_identify(src/carro_pkg) by extension 'ignore_ament_install'
[2.115s] Level 1:colcon.colcon_core.package_identification:_identify(src/carro_pkg) by extensions ['colcon_pkg']
[2.115s] Level 1:colcon.colcon_core.package_identification:_identify(src/carro_pkg) by extension 'colcon_pkg'
[2.115s] Level 1:colcon.colcon_core.package_identification:_identify(src/carro_pkg) by extensions ['colcon_meta']
[2.115s] Level 1:colcon.colcon_core.package_identification:_identify(src/carro_pkg) by extension 'colcon_meta'
[2.115s] Level 1:colcon.colcon_core.package_identification:_identify(src/carro_pkg) by extensions ['ros']
[2.115s] Level 1:colcon.colcon_core.package_identification:_identify(src/carro_pkg) by extension 'ros'
[2.158s] DEBUG:colcon.colcon_core.package_identification:Package 'src/carro_pkg' with type 'ros.ament_python' and name 'carro_pkg'
[2.158s] Level 1:colcon.colcon_core.package_identification:_identify(src/install) by extensions ['ignore', 'ignore_ament_install']
[2.159s] Level 1:colcon.colcon_core.package_identification:_identify(src/install) by extension 'ignore'
[2.159s] Level 1:colcon.colcon_core.package_identification:_identify(src/install) ignored
[2.192s] Level 1:colcon.colcon_core.package_identification:_identify(src/log) by extensions ['ignore', 'ignore_ament_install']
[2.193s] Level 1:colcon.colcon_core.package_identification:_identify(src/log) by extension 'ignore'
[2.193s] Level 1:colcon.colcon_core.package_identification:_identify(src/log) ignored
[2.193s] Level 1:colcon.colcon_core.package_discovery:discover_packages(recursive) using defaults
[2.193s] Level 1:colcon.colcon_core.package_discovery:discover_packages(ignore) discover
[2.194s] Level 1:colcon.colcon_core.package_discovery:discover_packages(ignore) using defaults
[2.194s] Level 1:colcon.colcon_core.package_discovery:discover_packages(path) discover
[2.194s] Level 1:colcon.colcon_core.package_discovery:discover_packages(path) using defaults
[2.329s] Level 1:colcon.colcon_core.package_discovery:discover_packages(prefix_path) check parameters
[2.329s] Level 1:colcon.colcon_core.package_discovery:discover_packages(prefix_path) discover
[2.356s] DEBUG:colcon.colcon_installed_package_information.package_discovery:Found 1 installed packages in /home/mara/demo_ws/install
[2.356s] DEBUG:colcon.colcon_installed_package_information.package_discovery:Found 2 installed packages in /home/mara/px4_ros_com_ros2/install
[2.358s] DEBUG:colcon.colcon_installed_package_information.package_discovery:Found 342 installed packages in /opt/ros/foxy
[2.360s] Level 1:colcon.colcon_core.package_discovery:discover_packages(prefix_path) using defaults
[3.355s] Level 5:colcon.colcon_core.verb:set package 'carro_pkg' build argument 'cmake_args' from command line to 'None'
[3.355s] Level 5:colcon.colcon_core.verb:set package 'carro_pkg' build argument 'cmake_target' from command line to 'None'
[3.355s] Level 5:colcon.colcon_core.verb:set package 'carro_pkg' build argument 'cmake_target_skip_unavailable' from command line to 'False'
[3.355s] Level 5:colcon.colcon_core.verb:set package 'carro_pkg' build argument 'cmake_clean_cache' from command line to 'False'
[3.355s] Level 5:colcon.colcon_core.verb:set package 'carro_pkg' build argument 'cmake_clean_first' from command line to 'False'
[3.355s] Level 5:colcon.colcon_core.verb:set package 'carro_pkg' build argument 'cmake_force_configure' from command line to 'False'
[3.355s] Level 5:colcon.colcon_core.verb:set package 'carro_pkg' build argument 'ament_cmake_args' from command line to 'None'
[3.355s] Level 5:colcon.colcon_core.verb:set package 'carro_pkg' build argument 'catkin_cmake_args' from command line to 'None'
[3.355s] Level 5:colcon.colcon_core.verb:set package 'carro_pkg' build argument 'catkin_skip_building_tests' from command line to 'False'
[3.355s] DEBUG:colcon.colcon_core.verb:Building package 'carro_pkg' with the following arguments: {'ament_cmake_args': None, 'build_base': '/home/mara/demo_ws/build/carro_pkg', 'catkin_cmake_args': None, 'catkin_skip_building_tests': False, 'cmake_args': None, 'cmake_clean_cache': False, 'cmake_clean_first': False, 'cmake_force_configure': False, 'cmake_target': None, 'cmake_target_skip_unavailable': False, 'install_base': '/home/mara/demo_ws/install/carro_pkg', 'merge_install': False, 'path': '/home/mara/demo_ws/src/carro_pkg', 'symlink_install': False, 'test_result_base': None}
[3.356s] INFO:colcon.colcon_core.executor:Executing jobs using 'parallel' executor
[3.358s] DEBUG:colcon.colcon_parallel_executor.executor.parallel:run_until_complete
[3.358s] INFO:colcon.colcon_ros.task.ament_python.build:Building ROS package in '/home/mara/demo_ws/src/carro_pkg' with build type 'ament_python'
[3.359s] Level 1:colcon.colcon_core.shell:create_environment_hook('carro_pkg', 'ament_prefix_path')
[3.410s] INFO:colcon.colcon_core.plugin_system:Skipping extension 'colcon_core.shell.bat': Not used on non-Windows systems
[3.411s] INFO:colcon.colcon_core.shell:Creating environment hook '/home/mara/demo_ws/install/carro_pkg/share/carro_pkg/hook/ament_prefix_path.ps1'
[3.413s] INFO:colcon.colcon_core.shell:Creating environment descriptor '/home/mara/demo_ws/install/carro_pkg/share/carro_pkg/hook/ament_prefix_path.dsv'
[3.415s] INFO:colcon.colcon_core.shell:Creating environment hook '/home/mara/demo_ws/install/carro_pkg/share/carro_pkg/hook/ament_prefix_path.sh'
[3.420s] INFO:colcon.colcon_core.shell:Skip shell extension 'powershell' for command environment: Not usable outside of PowerShell
[3.420s] DEBUG:colcon.colcon_core.shell:Skip shell extension 'dsv' for command environment
[3.865s] INFO:colcon.colcon_core.task.python.build:Building Python package in '/home/mara/demo_ws/src/carro_pkg'
[3.866s] INFO:colcon.colcon_core.shell:Skip shell extension 'powershell' for command environment: Not usable outside of PowerShell
[3.866s] DEBUG:colcon.colcon_core.shell:Skip shell extension 'dsv' for command environment
[6.324s] DEBUG:colcon.colcon_core.event_handler.log_command:Invoking command in '/home/mara/demo_ws/build/carro_pkg': PYTHONPATH=/home/mara/demo_ws/install/carro_pkg/lib/python3.8/site-packages:${PYTHONPATH} /usr/bin/python3 setup.py develop --prefix /home/mara/demo_ws/install/carro_pkg --uninstall --editable --build-directory /home/mara/demo_ws/build/carro_pkg/build
[7.216s] DEBUG:colcon.colcon_core.event_handler.log_command:Invoked command in '/home/mara/demo_ws/build/carro_pkg' returned '0': PYTHONPATH=/home/mara/demo_ws/install/carro_pkg/lib/python3.8/site-packages:${PYTHONPATH} /usr/bin/python3 setup.py develop --prefix /home/mara/demo_ws/install/carro_pkg --uninstall --editable --build-directory /home/mara/demo_ws/build/carro_pkg/build
[7.217s] DEBUG:colcon.colcon_core.event_handler.log_command:Invoking command in '/home/mara/demo_ws/src/carro_pkg': PYTHONPATH=/home/mara/demo_ws/install/carro_pkg/lib/python3.8/site-packages:${PYTHONPATH} /usr/bin/python3 setup.py egg_info --egg-base ../../build/carro_pkg build --build-base /home/mara/demo_ws/build/carro_pkg/build install --prefix /home/mara/demo_ws/install/carro_pkg --record /home/mara/demo_ws/build/carro_pkg/install.log --single-version-externally-managed
[8.093s] DEBUG:colcon.colcon_core.event_handler.log_command:Invoked command in '/home/mara/demo_ws/src/carro_pkg' returned '0': PYTHONPATH=/home/mara/demo_ws/install/carro_pkg/lib/python3.8/site-packages:${PYTHONPATH} /usr/bin/python3 setup.py egg_info --egg-base ../../build/carro_pkg build --build-base /home/mara/demo_ws/build/carro_pkg/build install --prefix /home/mara/demo_ws/install/carro_pkg --record /home/mara/demo_ws/build/carro_pkg/install.log --single-version-externally-managed
[8.267s] Level 1:colcon.colcon_core.environment:checking '/home/mara/demo_ws/install/carro_pkg' for CMake module files
[8.269s] Level 1:colcon.colcon_core.environment:checking '/home/mara/demo_ws/install/carro_pkg' for CMake config files
[8.272s] Level 1:colcon.colcon_core.environment:checking '/home/mara/demo_ws/install/carro_pkg/lib'
[8.273s] Level 1:colcon.colcon_core.environment:checking '/home/mara/demo_ws/install/carro_pkg/bin'
[8.273s] Level 1:colcon.colcon_core.environment:checking '/home/mara/demo_ws/install/carro_pkg/lib/pkgconfig/carro_pkg.pc'
[8.274s] Level 1:colcon.colcon_core.environment:checking '/home/mara/demo_ws/install/carro_pkg/lib/python3.8/site-packages'
[8.274s] Level 1:colcon.colcon_core.shell:create_environment_hook('carro_pkg', 'pythonpath')
[8.279s] INFO:colcon.colcon_core.shell:Creating environment hook '/home/mara/demo_ws/install/carro_pkg/share/carro_pkg/hook/pythonpath.ps1'
[8.281s] INFO:colcon.colcon_core.shell:Creating environment descriptor '/home/mara/demo_ws/install/carro_pkg/share/carro_pkg/hook/pythonpath.dsv'
[8.283s] INFO:colcon.colcon_core.shell:Creating environment hook '/home/mara/demo_ws/install/carro_pkg/share/carro_pkg/hook/pythonpath.sh'
[8.285s] Level 1:colcon.colcon_core.environment:checking '/home/mara/demo_ws/install/carro_pkg/bin'
[8.286s] Level 1:colcon.colcon_core.environment:create_environment_scripts_only(carro_pkg)
[8.289s] INFO:colcon.colcon_core.shell:Creating package script '/home/mara/demo_ws/install/carro_pkg/share/carro_pkg/package.ps1'
[8.292s] INFO:colcon.colcon_core.shell:Creating package descriptor '/home/mara/demo_ws/install/carro_pkg/share/carro_pkg/package.dsv'
[8.321s] INFO:colcon.colcon_core.shell:Creating package script '/home/mara/demo_ws/install/carro_pkg/share/carro_pkg/package.sh'
[8.323s] INFO:colcon.colcon_core.shell:Creating package script '/home/mara/demo_ws/install/carro_pkg/share/carro_pkg/package.bash'
[8.332s] INFO:colcon.colcon_core.shell:Creating package script '/home/mara/demo_ws/install/carro_pkg/share/carro_pkg/package.zsh'
[8.336s] Level 1:colcon.colcon_core.environment:create_file_with_runtime_dependencies(/home/mara/demo_ws/install/carro_pkg/share/colcon-core/packages/carro_pkg)
[8.337s] DEBUG:colcon.colcon_parallel_executor.executor.parallel:closing loop
[8.337s] DEBUG:colcon.colcon_parallel_executor.executor.parallel:loop closed
[8.338s] DEBUG:colcon.colcon_parallel_executor.executor.parallel:run_until_complete finished with '0'
[8.338s] DEBUG:colcon.colcon_core.event_reactor:joining thread
[8.405s] INFO:colcon.colcon_core.plugin_system:Skipping extension 'colcon_notification.desktop_notification.terminal_notifier': Not used on non-Darwin systems
[8.406s] INFO:colcon.colcon_core.plugin_system:Skipping extension 'colcon_notification.desktop_notification.win32': Not used on non-Windows systems
[8.406s] INFO:colcon.colcon_notification.desktop_notification:Sending desktop notification using 'notify2'
[8.457s] DEBUG:colcon.colcon_core.event_reactor:joined thread
[8.459s] INFO:colcon.colcon_core.shell:Creating prefix script '/home/mara/demo_ws/install/local_setup.ps1'
[8.480s] INFO:colcon.colcon_core.shell:Creating prefix util module '/home/mara/demo_ws/install/_local_setup_util_ps1.py'
[8.506s] INFO:colcon.colcon_core.shell:Creating prefix chain script '/home/mara/demo_ws/install/setup.ps1'
[8.509s] INFO:colcon.colcon_core.shell:Creating prefix script '/home/mara/demo_ws/install/local_setup.sh'
[8.510s] INFO:colcon.colcon_core.shell:Creating prefix util module '/home/mara/demo_ws/install/_local_setup_util_sh.py'
[8.510s] INFO:colcon.colcon_core.shell:Creating prefix chain script '/home/mara/demo_ws/install/setup.sh'
[8.512s] INFO:colcon.colcon_core.shell:Creating prefix script '/home/mara/demo_ws/install/local_setup.bash'
[8.513s] INFO:colcon.colcon_core.shell:Creating prefix chain script '/home/mara/demo_ws/install/setup.bash'
[8.515s] INFO:colcon.colcon_core.shell:Creating prefix script '/home/mara/demo_ws/install/local_setup.zsh'
[8.516s] INFO:colcon.colcon_core.shell:Creating prefix chain script '/home/mara/demo_ws/install/setup.zsh'
