[0.013s] Invoking command in '/home/mara/demo_ws/build/carro-pkg': CMAKE_PREFIX_PATH=${CMAKE_PREFIX_PATH}:/opt/ros/foxy /usr/bin/cmake /home/mara/demo_ws/src/carro-pkg -DCMAKE_INSTALL_PREFIX=/home/mara/demo_ws/install/carro-pkg
[0.059s] -- The C compiler identification is GNU 9.4.0
[0.105s] -- The CXX compiler identification is GNU 9.4.0
[0.109s] -- Check for working C compiler: /usr/bin/cc
[0.166s] -- Check for working C compiler: /usr/bin/cc -- works
[0.167s] -- Detecting C compiler ABI info
[0.224s] -- Detecting C compiler ABI info - done
[0.235s] -- Detecting C compile features
[0.235s] -- Detecting C compile features - done
[0.238s] -- Check for working CXX compiler: /usr/bin/c++
[0.304s] -- Check for working CXX compiler: /usr/bin/c++ -- works
[0.305s] -- Detecting CXX compiler ABI info
[0.371s] -- Detecting CXX compiler ABI info - done
[0.382s] -- Detecting CXX compile features
[0.382s] -- Detecting CXX compile features - done
[0.384s] -- Found ament_cmake: 0.9.9 (/opt/ros/foxy/share/ament_cmake/cmake)
[0.406s] -- Found PythonInterp: /usr/bin/python3 (found suitable version "3.8.10", minimum required is "3") 
[0.406s] -- Using PYTHON_EXECUTABLE: /usr/bin/python3
[0.649s] CMake Error at CMakeLists.txt:20 (find_package):
[0.649s]   By not providing "Find[deps].cmake" in CMAKE_MODULE_PATH this project has
[0.649s]   asked CMake to find a package configuration file provided by "[deps]", but
[0.649s]   CMake did not find one.
[0.649s] 
[0.649s]   Could not find a package configuration file provided by "[deps]" with any
[0.650s]   of the following names:
[0.650s] 
[0.650s]     [deps]Config.cmake
[0.650s]     [deps]-config.cmake
[0.650s] 
[0.650s]   Add the installation prefix of "[deps]" to CMAKE_PREFIX_PATH or set
[0.650s]   "[deps]_DIR" to a directory containing one of the above files.  If "[deps]"
[0.650s]   provides a separate development package or SDK, be sure it has been
[0.650s]   installed.
[0.650s] 
[0.650s] 
[0.650s] -- Configuring incomplete, errors occurred!
[0.650s] See also "/home/mara/demo_ws/build/carro-pkg/CMakeFiles/CMakeOutput.log".
[0.653s] Invoked command in '/home/mara/demo_ws/build/carro-pkg' returned '1': CMAKE_PREFIX_PATH=${CMAKE_PREFIX_PATH}:/opt/ros/foxy /usr/bin/cmake /home/mara/demo_ws/src/carro-pkg -DCMAKE_INSTALL_PREFIX=/home/mara/demo_ws/install/carro-pkg
