[0.334s] Invoking command in '/home/mara/demo_ws/src/build/hros_cognition_mara_components': CMAKE_PREFIX_PATH=${CMAKE_PREFIX_PATH}:/home/mara/demo_ws/install/carro_pkg:/opt/ros/foxy /usr/bin/cmake /home/mara/demo_ws/src/MARA/hros_cognition_mara_components -DCMAKE_INSTALL_PREFIX=/home/mara/demo_ws/src/install/hros_cognition_mara_components
[4.567s] -- The C compiler identification is GNU 9.4.0
[6.765s] -- The CXX compiler identification is GNU 9.4.0
[6.881s] -- Check for working C compiler: /usr/bin/cc
[7.181s] -- Check for working C compiler: /usr/bin/cc -- works
[7.183s] -- Detecting C compiler ABI info
[7.312s] -- Detecting C compiler ABI info - done
[7.326s] -- Detecting C compile features
[7.327s] -- Detecting C compile features - done
[7.330s] -- Check for working CXX compiler: /usr/bin/c++
[7.440s] -- Check for working CXX compiler: /usr/bin/c++ -- works
[7.443s] -- Detecting CXX compiler ABI info
[7.561s] -- Detecting CXX compiler ABI info - done
[7.581s] -- Detecting CXX compile features
[7.583s] -- Detecting CXX compile features - done
[7.844s] -- Found ament_cmake: 0.9.9 (/opt/ros/foxy/share/ament_cmake/cmake)
[8.208s] -- Found PythonInterp: /usr/bin/python3 (found suitable version "3.8.10", minimum required is "3") 
[8.208s] -- Using PYTHON_EXECUTABLE: /usr/bin/python3
[9.629s] -- Found rclcpp: 2.4.1 (/opt/ros/foxy/share/rclcpp/cmake)
[11.089s] -- Using all available rosidl_typesupport_c: rosidl_typesupport_fastrtps_c;rosidl_typesupport_introspection_c
[11.142s] -- Found rosidl_adapter: 1.2.1 (/opt/ros/foxy/share/rosidl_adapter/cmake)
[11.441s] -- Found OpenSSL: /usr/lib/x86_64-linux-gnu/libcrypto.so (found version "1.1.1f")  
[11.470s] -- Found FastRTPS: /opt/ros/foxy/include  
[11.631s] -- Using all available rosidl_typesupport_cpp: rosidl_typesupport_fastrtps_cpp;rosidl_typesupport_introspection_cpp
[12.050s] -- Found rmw_implementation_cmake: 1.0.3 (/opt/ros/foxy/share/rmw_implementation_cmake/cmake)
[12.067s] -- Using RMW implementation 'rmw_fastrtps_cpp' as default
[12.068s] -- Looking for pthread.h
[12.154s] -- Looking for pthread.h - found
[12.155s] -- Performing Test CMAKE_HAVE_LIBC_PTHREAD
[12.258s] -- Performing Test CMAKE_HAVE_LIBC_PTHREAD - Failed
[12.258s] -- Looking for pthread_create in pthreads
[12.310s] -- Looking for pthread_create in pthreads - not found
[12.310s] -- Looking for pthread_create in pthread
[12.376s] -- Looking for pthread_create in pthread - found
[12.377s] -- Found Threads: TRUE  
[13.055s] -- Found rttest: 0.9.0 (/opt/ros/foxy/share/rttest/cmake)
[13.067s] CMake Error at CMakeLists.txt:16 (find_package):
[13.067s]   By not providing "Findhrim_generic_msgs.cmake" in CMAKE_MODULE_PATH this
[13.068s]   project has asked CMake to find a package configuration file provided by
[13.068s]   "hrim_generic_msgs", but CMake did not find one.
[13.068s] 
[13.068s]   Could not find a package configuration file provided by "hrim_generic_msgs"
[13.068s]   with any of the following names:
[13.068s] 
[13.068s]     hrim_generic_msgsConfig.cmake
[13.068s]     hrim_generic_msgs-config.cmake
[13.068s] 
[13.068s]   Add the installation prefix of "hrim_generic_msgs" to CMAKE_PREFIX_PATH or
[13.068s]   set "hrim_generic_msgs_DIR" to a directory containing one of the above
[13.068s]   files.  If "hrim_generic_msgs" provides a separate development package or
[13.069s]   SDK, be sure it has been installed.
[13.069s] 
[13.069s] 
[13.069s] -- Configuring incomplete, errors occurred!
[13.069s] See also "/home/mara/demo_ws/src/build/hros_cognition_mara_components/CMakeFiles/CMakeOutput.log".
[13.069s] See also "/home/mara/demo_ws/src/build/hros_cognition_mara_components/CMakeFiles/CMakeError.log".
[13.078s] Invoked command in '/home/mara/demo_ws/src/build/hros_cognition_mara_components' returned '1': CMAKE_PREFIX_PATH=${CMAKE_PREFIX_PATH}:/home/mara/demo_ws/install/carro_pkg:/opt/ros/foxy /usr/bin/cmake /home/mara/demo_ws/src/MARA/hros_cognition_mara_components -DCMAKE_INSTALL_PREFIX=/home/mara/demo_ws/src/install/hros_cognition_mara_components
