[0.387s] Invoking command in '/home/mara/demo_ws/src/build/mara_contact_publisher': CMAKE_PREFIX_PATH=${CMAKE_PREFIX_PATH}:/home/mara/demo_ws/install/carro_pkg:/opt/ros/foxy /usr/bin/cmake /home/mara/demo_ws/src/MARA/mara_contact_publisher -DCMAKE_INSTALL_PREFIX=/home/mara/demo_ws/src/install/mara_contact_publisher
[4.546s] -- The C compiler identification is GNU 9.4.0
[6.741s] -- The CXX compiler identification is GNU 9.4.0
[6.856s] -- Check for working C compiler: /usr/bin/cc
[7.158s] -- Check for working C compiler: /usr/bin/cc -- works
[7.160s] -- Detecting C compiler ABI info
[7.293s] -- Detecting C compiler ABI info - done
[7.314s] -- Detecting C compile features
[7.314s] -- Detecting C compile features - done
[7.318s] -- Check for working CXX compiler: /usr/bin/c++
[7.439s] -- Check for working CXX compiler: /usr/bin/c++ -- works
[7.441s] -- Detecting CXX compiler ABI info
[7.557s] -- Detecting CXX compiler ABI info - done
[7.575s] -- Detecting CXX compile features
[7.575s] -- Detecting CXX compile features - done
[7.817s] -- Found ament_cmake: 0.9.9 (/opt/ros/foxy/share/ament_cmake/cmake)
[8.182s] -- Found PythonInterp: /usr/bin/python3 (found suitable version "3.8.10", minimum required is "3") 
[8.182s] -- Using PYTHON_EXECUTABLE: /usr/bin/python3
[9.482s] -- Found gazebo_dev: 3.5.3 (/opt/ros/foxy/share/gazebo_dev/cmake)
[9.903s] -- Found PkgConfig: /usr/bin/pkg-config (found version "0.29.1") 
[9.933s] -- Checking for module 'bullet>=2.82'
[10.097s] --   Found bullet, version 2.88
[10.984s] -- Found ccd: /usr/include (found suitable version "2.0", minimum required is "2.0") 
[11.134s] -- Found fcl: /usr/include (found suitable version "0.5.0", minimum required is "0.3.2") 
[11.221s] -- Found assimp: /usr/include (found version "5.0.0") 
[11.494s] -- Found DART: /usr/include (Required is at least version "6.6") found components: dart 
[12.232s] -- Found Boost: /usr/lib/x86_64-linux-gnu/cmake/Boost-1.71.0/BoostConfig.cmake (found suitable version "1.71.0", minimum required is "1.40.0") found components: thread system filesystem program_options regex iostreams date_time 
[12.446s] -- Found Protobuf: /usr/lib/x86_64-linux-gnu/libprotobuf.so;-lpthread (found version "3.6.1") 
[12.580s] -- Looking for ignition-math6 -- found version 6.11.0
[12.668s] -- Searching for dependencies of ignition-math6
[12.679s] -- Looking for OGRE...
[12.682s] -- OGRE_PREFIX_WATCH changed.
[12.703s] -- Checking for module 'OGRE'
[12.737s] --   Found OGRE, version 1.9.0
[12.835s] -- Found Ogre Ghadamon (1.9.0)
[12.857s] -- Found OGRE: optimized;/usr/lib/x86_64-linux-gnu/libOgreMain.so;debug;/usr/lib/x86_64-linux-gnu/libOgreMain.so
[12.871s] -- Looking for OGRE_Paging...
[12.882s] -- Found OGRE_Paging: optimized;/usr/lib/x86_64-linux-gnu/libOgrePaging.so;debug;/usr/lib/x86_64-linux-gnu/libOgrePaging.so
[12.882s] -- Looking for OGRE_Terrain...
[12.891s] -- Found OGRE_Terrain: optimized;/usr/lib/x86_64-linux-gnu/libOgreTerrain.so;debug;/usr/lib/x86_64-linux-gnu/libOgreTerrain.so
[12.892s] -- Looking for OGRE_Property...
[12.898s] -- Found OGRE_Property: optimized;/usr/lib/x86_64-linux-gnu/libOgreProperty.so;debug;/usr/lib/x86_64-linux-gnu/libOgreProperty.so
[12.898s] -- Looking for OGRE_RTShaderSystem...
[12.905s] -- Found OGRE_RTShaderSystem: optimized;/usr/lib/x86_64-linux-gnu/libOgreRTShaderSystem.so;debug;/usr/lib/x86_64-linux-gnu/libOgreRTShaderSystem.so
[12.905s] -- Looking for OGRE_Volume...
[12.911s] -- Found OGRE_Volume: optimized;/usr/lib/x86_64-linux-gnu/libOgreVolume.so;debug;/usr/lib/x86_64-linux-gnu/libOgreVolume.so
[12.912s] -- Looking for OGRE_Overlay...
[12.918s] -- Found OGRE_Overlay: optimized;/usr/lib/x86_64-linux-gnu/libOgreOverlay.so;debug;/usr/lib/x86_64-linux-gnu/libOgreOverlay.so
[13.077s] -- Looking for ignition-math6 -- found version 6.11.0
[13.161s] -- Looking for ignition-transport8 -- found version 8.2.1
[13.162s] -- Searching for dependencies of ignition-transport8
[13.261s] -- Found Protobuf: /usr/lib/x86_64-linux-gnu/libprotobuf.so;-lpthread (found suitable version "3.6.1", minimum required is "3") 
[13.309s] -- Config-file not installed for ZeroMQ -- checking for pkg-config
[13.324s] -- Checking for module 'libzmq >= 4'
[13.502s] --   Found libzmq , version 4.3.2
[13.625s] -- Found ZeroMQ: TRUE (Required is at least version "4") 
[13.659s] -- Checking for module 'uuid'
[13.721s] --   Found uuid, version 2.34.0
[13.853s] -- Found UUID: TRUE  
[14.084s] -- Looking for ignition-msgs5 -- found version 5.9.0
[14.087s] -- Searching for dependencies of ignition-msgs5
[14.164s] -- Looking for ignition-math6 -- found version 6.11.0
[14.187s] -- Checking for module 'tinyxml2'
[14.238s] --   Found tinyxml2, version 6.2.0
[14.297s] -- Looking for ignition-msgs5 -- found version 5.9.0
[14.352s] -- Looking for ignition-common3 -- found version 3.14.0
[14.352s] -- Searching for dependencies of ignition-common3
[14.353s] -- Looking for dlfcn.h - found
[14.354s] -- Looking for libdl - found
[14.355s] -- Found DL: TRUE  
[14.364s] -- Searching for <ignition-common3> component [graphics]
[14.394s] -- Looking for ignition-common3-graphics -- found version 3.14.0
[14.395s] -- Searching for dependencies of ignition-common3-graphics
[14.395s] -- Looking for ignition-math6 -- found version 6.11.0
[14.403s] -- Looking for ignition-fuel_tools4 -- found version 4.4.0
[14.404s] -- Searching for dependencies of ignition-fuel_tools4
[14.505s] -- Found CURL: /usr/lib/x86_64-linux-gnu/libcurl.so (found version "7.68.0")  
[14.560s] -- Checking for module 'jsoncpp'
[14.588s] --   Found jsoncpp, version 1.7.4
[14.622s] -- Found JSONCPP: TRUE  
[14.649s] -- Checking for module 'libzip'
[14.672s] --   Found libzip, version 1.5.1
[14.711s] -- Found ZIP: TRUE  
[14.712s] -- Looking for ignition-common3 -- found version 3.14.0
[14.712s] -- Looking for ignition-math6 -- found version 6.11.0
[14.712s] -- Looking for ignition-msgs5 -- found version 5.9.0
[14.714s] -- Gazebo version: 11.11
[14.748s] -- Found gazebo_ros: 3.5.3 (/opt/ros/foxy/share/gazebo_ros/cmake)
[14.823s] -- Using all available rosidl_typesupport_c: rosidl_typesupport_fastrtps_c;rosidl_typesupport_introspection_c
[14.829s] -- Found rosidl_adapter: 1.2.1 (/opt/ros/foxy/share/rosidl_adapter/cmake)
[14.903s] -- Found OpenSSL: /usr/lib/x86_64-linux-gnu/libcrypto.so (found version "1.1.1f")  
[14.928s] -- Found FastRTPS: /opt/ros/foxy/include  
[15.002s] -- Using all available rosidl_typesupport_cpp: rosidl_typesupport_fastrtps_cpp;rosidl_typesupport_introspection_cpp
[15.054s] -- Found rmw_implementation_cmake: 1.0.3 (/opt/ros/foxy/share/rmw_implementation_cmake/cmake)
[15.055s] -- Using RMW implementation 'rmw_fastrtps_cpp' as default
[15.057s] -- Found Threads: TRUE  
[15.230s] -- Found gazebo_msgs: 3.5.3 (/opt/ros/foxy/share/gazebo_msgs/cmake)
[15.645s] -- Configuring done
[17.237s] -- Generating done
[17.241s] -- Build files have been written to: /home/mara/demo_ws/src/build/mara_contact_publisher
