[0.590s] Invoking command in '/home/mara/demo_ws/build/first_pkg': CMAKE_PREFIX_PATH=${CMAKE_PREFIX_PATH}:/home/mara/demo_ws/install/exec_pkg:/home/mara/demo_ws/install/carro_pkg:/home/mara/avant_ws/install/turtlebot3_teleop:/home/mara/avant_ws/install/turtlebot3_example:/home/mara/avant_ws/install/exec_pkg:/opt/ros/foxy /usr/bin/cmake /home/mara/demo_ws/src/first_pkg -DCMAKE_INSTALL_PREFIX=/home/mara/demo_ws/install/first_pkg
[0.735s] -- The C compiler identification is GNU 9.4.0
[0.876s] -- The CXX compiler identification is GNU 9.4.0
[0.881s] -- Check for working C compiler: /usr/bin/cc
[0.942s] -- Check for working C compiler: /usr/bin/cc -- works
[0.943s] -- Detecting C compiler ABI info
[1.045s] -- Detecting C compiler ABI info - done
[1.064s] -- Detecting C compile features
[1.086s] -- Detecting C compile features - done
[1.088s] -- Check for working CXX compiler: /usr/bin/c++
[1.159s] -- Check for working CXX compiler: /usr/bin/c++ -- works
[1.160s] -- Detecting CXX compiler ABI info
[1.228s] -- Detecting CXX compiler ABI info - done
[1.239s] -- Detecting CXX compile features
[1.240s] -- Detecting CXX compile features - done
[1.248s] -- Found ament_cmake: 0.9.9 (/opt/ros/foxy/share/ament_cmake/cmake)
[1.278s] -- Found PythonInterp: /usr/bin/python3 (found suitable version "3.8.10", minimum required is "3") 
[1.279s] -- Using PYTHON_EXECUTABLE: /usr/bin/python3
[1.570s] -- Found rosidl_default_generators: 1.0.1 (/opt/ros/foxy/share/rosidl_default_generators/cmake)
[1.576s] -- Using all available rosidl_typesupport_c: rosidl_typesupport_fastrtps_c;rosidl_typesupport_introspection_c
[1.614s] -- Found rosidl_adapter: 1.2.1 (/opt/ros/foxy/share/rosidl_adapter/cmake)
[2.345s] -- Found OpenSSL: /usr/lib/x86_64-linux-gnu/libcrypto.so (found version "1.1.1f")  
[2.395s] -- Found FastRTPS: /opt/ros/foxy/include  
[2.515s] -- Using all available rosidl_typesupport_cpp: rosidl_typesupport_fastrtps_cpp;rosidl_typesupport_introspection_cpp
[2.566s] -- Found PythonInterp: /usr/bin/python3 (found version "3.8.10") 
[2.729s] -- Found ament_cmake_ros: 0.9.2 (/opt/ros/foxy/share/ament_cmake_ros/cmake)
[2.827s] -- Using all available rosidl_typesupport_c: rosidl_typesupport_fastrtps_c;rosidl_typesupport_introspection_c
[2.835s] -- Using all available rosidl_typesupport_cpp: rosidl_typesupport_fastrtps_cpp;rosidl_typesupport_introspection_cpp
[2.861s] -- Found PythonInterp: /usr/bin/python3 (found suitable version "3.8.10", minimum required is "3.5") 
[2.864s] -- Found python_cmake_module: 0.8.1 (/opt/ros/foxy/share/python_cmake_module/cmake)
[2.895s] -- Found PythonLibs: /usr/lib/x86_64-linux-gnu/libpython3.8.so (found suitable version "3.8.10", minimum required is "3.5") 
[2.895s] -- Using PYTHON_EXECUTABLE: /usr/bin/python3
[2.895s] -- Using PYTHON_INCLUDE_DIRS: /usr/include/python3.8
[2.895s] -- Using PYTHON_LIBRARIES: /usr/lib/x86_64-linux-gnu/libpython3.8.so
[2.921s] -- Found PythonExtra: .so  
[3.218s] -- Found ament_lint_auto: 0.9.6 (/opt/ros/foxy/share/ament_lint_auto/cmake)
[3.249s] -- Added test 'copyright' to check source files copyright and LICENSE
[3.250s] -- Added test 'lint_cmake' to check CMake code style
[3.252s] -- Added test 'xmllint' to check XML markup files
[3.256s] -- Configuring done
[3.282s] -- Generating done
[3.285s] -- Build files have been written to: /home/mara/demo_ws/build/first_pkg
[3.290s] Invoked command in '/home/mara/demo_ws/build/first_pkg' returned '0': CMAKE_PREFIX_PATH=${CMAKE_PREFIX_PATH}:/home/mara/demo_ws/install/exec_pkg:/home/mara/demo_ws/install/carro_pkg:/home/mara/avant_ws/install/turtlebot3_teleop:/home/mara/avant_ws/install/turtlebot3_example:/home/mara/avant_ws/install/exec_pkg:/opt/ros/foxy /usr/bin/cmake /home/mara/demo_ws/src/first_pkg -DCMAKE_INSTALL_PREFIX=/home/mara/demo_ws/install/first_pkg
[3.293s] Invoking command in '/home/mara/demo_ws/build/first_pkg': CMAKE_PREFIX_PATH=${CMAKE_PREFIX_PATH}:/home/mara/demo_ws/install/exec_pkg:/home/mara/demo_ws/install/carro_pkg:/home/mara/avant_ws/install/turtlebot3_teleop:/home/mara/avant_ws/install/turtlebot3_example:/home/mara/avant_ws/install/exec_pkg:/opt/ros/foxy /usr/bin/cmake --build /home/mara/demo_ws/build/first_pkg -- -j8 -l8
[3.328s] [  3%] [34m[1mGenerating C code for ROS interfaces[0m
[3.329s] [35m[1mScanning dependencies of target first_pkg__cpp[0m
[3.338s] [  6%] [34m[1mGenerating C++ code for ROS interfaces[0m
[3.595s] [  6%] Built target first_pkg__cpp
[3.595s] [35m[1mScanning dependencies of target first_pkg__rosidl_generator_c[0m
[3.605s] [ 12%] [34m[1mGenerating C++ type support dispatch for ROS interfaces[0m
[3.605s] [ 12%] [34m[1mGenerating C++ introspection for ROS interfaces[0m
[3.607s] [ 16%] [34m[1mGenerating C++ type support for eProsima Fast-RTPS[0m
[3.608s] [ 19%] [32mBuilding C object CMakeFiles/first_pkg__rosidl_generator_c.dir/rosidl_generator_c/first_pkg/msg/detail/distancia_dois_pontos__functions.c.o[0m
[3.640s] [ 22%] [32m[1mLinking C shared library libfirst_pkg__rosidl_generator_c.so[0m
[3.696s] [ 22%] Built target first_pkg__rosidl_generator_c
[3.705s] [ 25%] [34m[1mGenerating C introspection for ROS interfaces[0m
[3.710s] [ 29%] [34m[1mGenerating C type support dispatch for ROS interfaces[0m
[3.984s] [35m[1mScanning dependencies of target first_pkg__rosidl_typesupport_cpp[0m
[3.994s] [ 32%] [32mBuilding CXX object CMakeFiles/first_pkg__rosidl_typesupport_cpp.dir/rosidl_typesupport_cpp/first_pkg/msg/distancia_dois_pontos__type_support.cpp.o[0m
[3.995s] [35m[1mScanning dependencies of target first_pkg__rosidl_typesupport_c[0m
[4.005s] [ 35%] [32mBuilding CXX object CMakeFiles/first_pkg__rosidl_typesupport_c.dir/rosidl_typesupport_c/first_pkg/msg/distancia_dois_pontos__type_support.cpp.o[0m
[4.033s] [ 38%] [32m[1mLinking CXX shared library libfirst_pkg__rosidl_typesupport_c.so[0m
[4.064s] [35m[1mScanning dependencies of target first_pkg__rosidl_typesupport_introspection_c[0m
[4.064s] [35m[1mScanning dependencies of target first_pkg__rosidl_typesupport_fastrtps_cpp[0m
[4.072s] [35m[1mScanning dependencies of target first_pkg__rosidl_typesupport_introspection_cpp[0m
[4.078s] [ 45%] Built target first_pkg__rosidl_typesupport_c
[4.078s] [ 45%] [32mBuilding CXX object CMakeFiles/first_pkg__rosidl_typesupport_fastrtps_cpp.dir/rosidl_typesupport_fastrtps_cpp/first_pkg/msg/detail/dds_fastrtps/distancia_dois_pontos__type_support.cpp.o[0m
[4.078s] [ 45%] [32mBuilding C object CMakeFiles/first_pkg__rosidl_typesupport_introspection_c.dir/rosidl_typesupport_introspection_c/first_pkg/msg/detail/distancia_dois_pontos__type_support.c.o[0m
[4.085s] [ 48%] [32mBuilding CXX object CMakeFiles/first_pkg__rosidl_typesupport_introspection_cpp.dir/rosidl_typesupport_introspection_cpp/first_pkg/msg/detail/distancia_dois_pontos__type_support.cpp.o[0m
[4.106s] [ 51%] [32m[1mLinking C shared library libfirst_pkg__rosidl_typesupport_introspection_c.so[0m
[4.131s] [ 51%] Built target first_pkg__rosidl_typesupport_introspection_c
[4.275s] [ 54%] [32m[1mLinking CXX shared library libfirst_pkg__rosidl_typesupport_cpp.so[0m
[4.309s] [ 54%] Built target first_pkg__rosidl_typesupport_cpp
[4.344s] [ 58%] [32m[1mLinking CXX shared library libfirst_pkg__rosidl_typesupport_introspection_cpp.so[0m
[4.379s] [ 58%] Built target first_pkg__rosidl_typesupport_introspection_cpp
[4.443s] [ 61%] [32m[1mLinking CXX shared library libfirst_pkg__rosidl_typesupport_fastrtps_cpp.so[0m
[4.523s] [ 61%] Built target first_pkg__rosidl_typesupport_fastrtps_cpp
[4.533s] [ 64%] [34m[1mGenerating C type support for eProsima Fast-RTPS[0m
[4.760s] [35m[1mScanning dependencies of target first_pkg__rosidl_typesupport_fastrtps_c[0m
[4.771s] [ 67%] [32mBuilding CXX object CMakeFiles/first_pkg__rosidl_typesupport_fastrtps_c.dir/rosidl_typesupport_fastrtps_c/first_pkg/msg/detail/distancia_dois_pontos__type_support_c.cpp.o[0m
[5.079s] [ 70%] [32m[1mLinking CXX shared library libfirst_pkg__rosidl_typesupport_fastrtps_c.so[0m
[5.161s] [ 70%] Built target first_pkg__rosidl_typesupport_fastrtps_c
[5.172s] [35m[1mScanning dependencies of target first_pkg[0m
[5.182s] [ 70%] Built target first_pkg
[5.193s] [35m[1mScanning dependencies of target first_pkg__py[0m
[5.204s] [ 74%] [34m[1mGenerating Python code for ROS interfaces[0m
[7.518s] [ 74%] Built target first_pkg__py
[7.528s] [35m[1mScanning dependencies of target first_pkg__python[0m
[7.576s] [ 77%] [32mBuilding C object CMakeFiles/first_pkg__python.dir/rosidl_generator_py/first_pkg/msg/_distancia_dois_pontos_s.c.o[0m
[7.680s] [ 80%] [32m[1mLinking C shared library rosidl_generator_py/first_pkg/libfirst_pkg__python.so[0m
[7.734s] [ 80%] Built target first_pkg__python
[7.748s] [35m[1mScanning dependencies of target first_pkg__rosidl_typesupport_c__pyext[0m
[7.748s] [35m[1mScanning dependencies of target first_pkg__rosidl_typesupport_fastrtps_c__pyext[0m
[7.749s] [35m[1mScanning dependencies of target first_pkg__rosidl_typesupport_introspection_c__pyext[0m
[7.774s] [ 83%] [32mBuilding C object CMakeFiles/first_pkg__rosidl_typesupport_c__pyext.dir/rosidl_generator_py/first_pkg/_first_pkg_s.ep.rosidl_typesupport_c.c.o[0m
[7.778s] [ 87%] [32mBuilding C object CMakeFiles/first_pkg__rosidl_typesupport_fastrtps_c__pyext.dir/rosidl_generator_py/first_pkg/_first_pkg_s.ep.rosidl_typesupport_fastrtps_c.c.o[0m
[7.789s] [ 90%] [32mBuilding C object CMakeFiles/first_pkg__rosidl_typesupport_introspection_c__pyext.dir/rosidl_generator_py/first_pkg/_first_pkg_s.ep.rosidl_typesupport_introspection_c.c.o[0m
[7.891s] [ 93%] [32m[1mLinking C shared library rosidl_generator_py/first_pkg/first_pkg_s__rosidl_typesupport_c.cpython-38-x86_64-linux-gnu.so[0m
[7.901s] [ 96%] [32m[1mLinking CXX shared library rosidl_generator_py/first_pkg/first_pkg_s__rosidl_typesupport_fastrtps_c.cpython-38-x86_64-linux-gnu.so[0m
[7.913s] [100%] [32m[1mLinking C shared library rosidl_generator_py/first_pkg/first_pkg_s__rosidl_typesupport_introspection_c.cpython-38-x86_64-linux-gnu.so[0m
[7.937s] [100%] Built target first_pkg__rosidl_typesupport_c__pyext
[7.962s] [100%] Built target first_pkg__rosidl_typesupport_introspection_c__pyext
[7.968s] [100%] Built target first_pkg__rosidl_typesupport_fastrtps_c__pyext
[7.979s] Invoked command in '/home/mara/demo_ws/build/first_pkg' returned '0': CMAKE_PREFIX_PATH=${CMAKE_PREFIX_PATH}:/home/mara/demo_ws/install/exec_pkg:/home/mara/demo_ws/install/carro_pkg:/home/mara/avant_ws/install/turtlebot3_teleop:/home/mara/avant_ws/install/turtlebot3_example:/home/mara/avant_ws/install/exec_pkg:/opt/ros/foxy /usr/bin/cmake --build /home/mara/demo_ws/build/first_pkg -- -j8 -l8
[8.032s] Invoking command in '/home/mara/demo_ws/build/first_pkg': CMAKE_PREFIX_PATH=${CMAKE_PREFIX_PATH}:/home/mara/demo_ws/install/exec_pkg:/home/mara/demo_ws/install/carro_pkg:/home/mara/avant_ws/install/turtlebot3_teleop:/home/mara/avant_ws/install/turtlebot3_example:/home/mara/avant_ws/install/exec_pkg:/opt/ros/foxy /usr/bin/cmake --install /home/mara/demo_ws/build/first_pkg
[8.040s] -- Install configuration: ""
[8.040s] -- Installing: /home/mara/demo_ws/install/first_pkg/share/ament_index/resource_index/rosidl_interfaces/first_pkg
[8.041s] -- Installing: /home/mara/demo_ws/install/first_pkg/include/first_pkg
[8.041s] -- Installing: /home/mara/demo_ws/install/first_pkg/include/first_pkg/msg
[8.041s] -- Installing: /home/mara/demo_ws/install/first_pkg/include/first_pkg/msg/detail
[8.041s] -- Installing: /home/mara/demo_ws/install/first_pkg/include/first_pkg/msg/detail/distancia_dois_pontos__type_support.h
[8.041s] -- Installing: /home/mara/demo_ws/install/first_pkg/include/first_pkg/msg/detail/distancia_dois_pontos__functions.h
[8.041s] -- Installing: /home/mara/demo_ws/install/first_pkg/include/first_pkg/msg/detail/distancia_dois_pontos__struct.h
[8.041s] -- Installing: /home/mara/demo_ws/install/first_pkg/include/first_pkg/msg/detail/distancia_dois_pontos__functions.c
[8.041s] -- Installing: /home/mara/demo_ws/install/first_pkg/include/first_pkg/msg/distancia_dois_pontos.h
[8.041s] -- Installing: /home/mara/demo_ws/install/first_pkg/include/first_pkg/msg/rosidl_generator_c__visibility_control.h
[8.041s] -- Installing: /home/mara/demo_ws/install/first_pkg/share/first_pkg/environment/library_path.sh
[8.042s] -- Installing: /home/mara/demo_ws/install/first_pkg/share/first_pkg/environment/library_path.dsv
[8.042s] -- Installing: /home/mara/demo_ws/install/first_pkg/lib/libfirst_pkg__rosidl_generator_c.so
[8.042s] -- Set runtime path of "/home/mara/demo_ws/install/first_pkg/lib/libfirst_pkg__rosidl_generator_c.so" to ""
[8.042s] -- Up-to-date: /home/mara/demo_ws/install/first_pkg/include/first_pkg
[8.042s] -- Up-to-date: /home/mara/demo_ws/install/first_pkg/include/first_pkg/msg
[8.042s] -- Up-to-date: /home/mara/demo_ws/install/first_pkg/include/first_pkg/msg/detail
[8.042s] -- Installing: /home/mara/demo_ws/install/first_pkg/include/first_pkg/msg/detail/distancia_dois_pontos__rosidl_typesupport_fastrtps_c.h
[8.042s] -- Installing: /home/mara/demo_ws/install/first_pkg/include/first_pkg/msg/rosidl_typesupport_fastrtps_c__visibility_control.h
[8.042s] -- Installing: /home/mara/demo_ws/install/first_pkg/lib/libfirst_pkg__rosidl_typesupport_fastrtps_c.so
[8.043s] -- Set runtime path of "/home/mara/demo_ws/install/first_pkg/lib/libfirst_pkg__rosidl_typesupport_fastrtps_c.so" to ""
[8.043s] -- Up-to-date: /home/mara/demo_ws/install/first_pkg/include/first_pkg
[8.043s] -- Up-to-date: /home/mara/demo_ws/install/first_pkg/include/first_pkg/msg
[8.043s] -- Installing: /home/mara/demo_ws/install/first_pkg/include/first_pkg/msg/rosidl_typesupport_fastrtps_cpp__visibility_control.h
[8.043s] -- Up-to-date: /home/mara/demo_ws/install/first_pkg/include/first_pkg/msg/detail
[8.043s] -- Installing: /home/mara/demo_ws/install/first_pkg/include/first_pkg/msg/detail/distancia_dois_pontos__rosidl_typesupport_fastrtps_cpp.hpp
[8.043s] -- Installing: /home/mara/demo_ws/install/first_pkg/include/first_pkg/msg/detail/dds_fastrtps
[8.043s] -- Installing: /home/mara/demo_ws/install/first_pkg/lib/libfirst_pkg__rosidl_typesupport_fastrtps_cpp.so
[8.043s] -- Set runtime path of "/home/mara/demo_ws/install/first_pkg/lib/libfirst_pkg__rosidl_typesupport_fastrtps_cpp.so" to ""
[8.043s] -- Up-to-date: /home/mara/demo_ws/install/first_pkg/include/first_pkg
[8.044s] -- Up-to-date: /home/mara/demo_ws/install/first_pkg/include/first_pkg/msg
[8.044s] -- Up-to-date: /home/mara/demo_ws/install/first_pkg/include/first_pkg/msg/detail
[8.044s] -- Installing: /home/mara/demo_ws/install/first_pkg/include/first_pkg/msg/detail/distancia_dois_pontos__type_support.c
[8.044s] -- Installing: /home/mara/demo_ws/install/first_pkg/include/first_pkg/msg/detail/distancia_dois_pontos__rosidl_typesupport_introspection_c.h
[8.044s] -- Installing: /home/mara/demo_ws/install/first_pkg/include/first_pkg/msg/rosidl_typesupport_introspection_c__visibility_control.h
[8.044s] -- Installing: /home/mara/demo_ws/install/first_pkg/lib/libfirst_pkg__rosidl_typesupport_introspection_c.so
[8.044s] -- Set runtime path of "/home/mara/demo_ws/install/first_pkg/lib/libfirst_pkg__rosidl_typesupport_introspection_c.so" to ""
[8.044s] -- Installing: /home/mara/demo_ws/install/first_pkg/lib/libfirst_pkg__rosidl_typesupport_c.so
[8.044s] -- Set runtime path of "/home/mara/demo_ws/install/first_pkg/lib/libfirst_pkg__rosidl_typesupport_c.so" to ""
[8.045s] -- Up-to-date: /home/mara/demo_ws/install/first_pkg/include/first_pkg
[8.045s] -- Up-to-date: /home/mara/demo_ws/install/first_pkg/include/first_pkg/msg
[8.045s] -- Up-to-date: /home/mara/demo_ws/install/first_pkg/include/first_pkg/msg/detail
[8.045s] -- Installing: /home/mara/demo_ws/install/first_pkg/include/first_pkg/msg/detail/distancia_dois_pontos__builder.hpp
[8.045s] -- Installing: /home/mara/demo_ws/install/first_pkg/include/first_pkg/msg/detail/distancia_dois_pontos__traits.hpp
[8.045s] -- Installing: /home/mara/demo_ws/install/first_pkg/include/first_pkg/msg/detail/distancia_dois_pontos__struct.hpp
[8.045s] -- Installing: /home/mara/demo_ws/install/first_pkg/include/first_pkg/msg/distancia_dois_pontos.hpp
[8.045s] -- Up-to-date: /home/mara/demo_ws/install/first_pkg/include/first_pkg
[8.045s] -- Up-to-date: /home/mara/demo_ws/install/first_pkg/include/first_pkg/msg
[8.045s] -- Up-to-date: /home/mara/demo_ws/install/first_pkg/include/first_pkg/msg/detail
[8.045s] -- Installing: /home/mara/demo_ws/install/first_pkg/include/first_pkg/msg/detail/distancia_dois_pontos__rosidl_typesupport_introspection_cpp.hpp
[8.045s] -- Installing: /home/mara/demo_ws/install/first_pkg/include/first_pkg/msg/detail/distancia_dois_pontos__type_support.cpp
[8.046s] -- Installing: /home/mara/demo_ws/install/first_pkg/lib/libfirst_pkg__rosidl_typesupport_introspection_cpp.so
[8.046s] -- Set runtime path of "/home/mara/demo_ws/install/first_pkg/lib/libfirst_pkg__rosidl_typesupport_introspection_cpp.so" to ""
[8.046s] -- Installing: /home/mara/demo_ws/install/first_pkg/lib/libfirst_pkg__rosidl_typesupport_cpp.so
[8.046s] -- Set runtime path of "/home/mara/demo_ws/install/first_pkg/lib/libfirst_pkg__rosidl_typesupport_cpp.so" to ""
[8.046s] -- Installing: /home/mara/demo_ws/install/first_pkg/share/first_pkg/environment/pythonpath.sh
[8.046s] -- Installing: /home/mara/demo_ws/install/first_pkg/share/first_pkg/environment/pythonpath.dsv
[8.046s] -- Installing: /home/mara/demo_ws/install/first_pkg/lib/python3.8/site-packages/first_pkg/__init__.py
[8.078s] Compiling '/home/mara/demo_ws/install/first_pkg/lib/python3.8/site-packages/first_pkg/__init__.py'...
[8.083s] -- Installing: /home/mara/demo_ws/install/first_pkg/lib/python3.8/site-packages/first_pkg/msg
[8.083s] -- Installing: /home/mara/demo_ws/install/first_pkg/lib/python3.8/site-packages/first_pkg/msg/_distancia_dois_pontos_s.c
[8.083s] -- Installing: /home/mara/demo_ws/install/first_pkg/lib/python3.8/site-packages/first_pkg/msg/__init__.py
[8.083s] -- Installing: /home/mara/demo_ws/install/first_pkg/lib/python3.8/site-packages/first_pkg/msg/_distancia_dois_pontos.py
[8.083s] -- Installing: /home/mara/demo_ws/install/first_pkg/lib/python3.8/site-packages/first_pkg/first_pkg_s__rosidl_typesupport_fastrtps_c.cpython-38-x86_64-linux-gnu.so
[8.084s] -- Set runtime path of "/home/mara/demo_ws/install/first_pkg/lib/python3.8/site-packages/first_pkg/first_pkg_s__rosidl_typesupport_fastrtps_c.cpython-38-x86_64-linux-gnu.so" to ""
[8.084s] -- Installing: /home/mara/demo_ws/install/first_pkg/lib/python3.8/site-packages/first_pkg/first_pkg_s__rosidl_typesupport_introspection_c.cpython-38-x86_64-linux-gnu.so
[8.084s] -- Set runtime path of "/home/mara/demo_ws/install/first_pkg/lib/python3.8/site-packages/first_pkg/first_pkg_s__rosidl_typesupport_introspection_c.cpython-38-x86_64-linux-gnu.so" to ""
[8.085s] -- Installing: /home/mara/demo_ws/install/first_pkg/lib/python3.8/site-packages/first_pkg/first_pkg_s__rosidl_typesupport_c.cpython-38-x86_64-linux-gnu.so
[8.085s] -- Set runtime path of "/home/mara/demo_ws/install/first_pkg/lib/python3.8/site-packages/first_pkg/first_pkg_s__rosidl_typesupport_c.cpython-38-x86_64-linux-gnu.so" to ""
[8.085s] -- Installing: /home/mara/demo_ws/install/first_pkg/lib/libfirst_pkg__python.so
[8.086s] -- Set runtime path of "/home/mara/demo_ws/install/first_pkg/lib/libfirst_pkg__python.so" to ""
[8.086s] -- Installing: /home/mara/demo_ws/install/first_pkg/share/first_pkg/msg/DistanciaDoisPontos.idl
[8.086s] -- Installing: /home/mara/demo_ws/install/first_pkg/share/first_pkg/msg/DistanciaDoisPontos.msg
[8.086s] -- Installing: /home/mara/demo_ws/install/first_pkg/share/ament_index/resource_index/package_run_dependencies/first_pkg
[8.086s] -- Installing: /home/mara/demo_ws/install/first_pkg/share/ament_index/resource_index/parent_prefix_path/first_pkg
[8.087s] -- Installing: /home/mara/demo_ws/install/first_pkg/share/first_pkg/environment/ament_prefix_path.sh
[8.087s] -- Installing: /home/mara/demo_ws/install/first_pkg/share/first_pkg/environment/ament_prefix_path.dsv
[8.087s] -- Installing: /home/mara/demo_ws/install/first_pkg/share/first_pkg/environment/path.sh
[8.087s] -- Installing: /home/mara/demo_ws/install/first_pkg/share/first_pkg/environment/path.dsv
[8.087s] -- Installing: /home/mara/demo_ws/install/first_pkg/share/first_pkg/local_setup.bash
[8.087s] -- Installing: /home/mara/demo_ws/install/first_pkg/share/first_pkg/local_setup.sh
[8.087s] -- Installing: /home/mara/demo_ws/install/first_pkg/share/first_pkg/local_setup.zsh
[8.088s] -- Installing: /home/mara/demo_ws/install/first_pkg/share/first_pkg/local_setup.dsv
[8.088s] -- Installing: /home/mara/demo_ws/install/first_pkg/share/first_pkg/package.dsv
[8.088s] -- Installing: /home/mara/demo_ws/install/first_pkg/share/ament_index/resource_index/packages/first_pkg
[8.088s] -- Installing: /home/mara/demo_ws/install/first_pkg/share/first_pkg/cmake/first_pkg__rosidl_generator_cExport.cmake
[8.088s] -- Installing: /home/mara/demo_ws/install/first_pkg/share/first_pkg/cmake/first_pkg__rosidl_generator_cExport-noconfig.cmake
[8.089s] -- Installing: /home/mara/demo_ws/install/first_pkg/share/first_pkg/cmake/first_pkg__rosidl_typesupport_introspection_cExport.cmake
[8.089s] -- Installing: /home/mara/demo_ws/install/first_pkg/share/first_pkg/cmake/first_pkg__rosidl_typesupport_introspection_cExport-noconfig.cmake
[8.089s] -- Installing: /home/mara/demo_ws/install/first_pkg/share/first_pkg/cmake/first_pkg__rosidl_typesupport_cExport.cmake
[8.089s] -- Installing: /home/mara/demo_ws/install/first_pkg/share/first_pkg/cmake/first_pkg__rosidl_typesupport_cExport-noconfig.cmake
[8.089s] -- Installing: /home/mara/demo_ws/install/first_pkg/share/first_pkg/cmake/first_pkg__rosidl_generator_cppExport.cmake
[8.089s] -- Installing: /home/mara/demo_ws/install/first_pkg/share/first_pkg/cmake/first_pkg__rosidl_typesupport_introspection_cppExport.cmake
[8.090s] -- Installing: /home/mara/demo_ws/install/first_pkg/share/first_pkg/cmake/first_pkg__rosidl_typesupport_introspection_cppExport-noconfig.cmake
[8.090s] -- Installing: /home/mara/demo_ws/install/first_pkg/share/first_pkg/cmake/first_pkg__rosidl_typesupport_cppExport.cmake
[8.090s] -- Installing: /home/mara/demo_ws/install/first_pkg/share/first_pkg/cmake/first_pkg__rosidl_typesupport_cppExport-noconfig.cmake
[8.090s] -- Installing: /home/mara/demo_ws/install/first_pkg/share/first_pkg/cmake/rosidl_cmake-extras.cmake
[8.090s] -- Installing: /home/mara/demo_ws/install/first_pkg/share/first_pkg/cmake/ament_cmake_export_dependencies-extras.cmake
[8.090s] -- Installing: /home/mara/demo_ws/install/first_pkg/share/first_pkg/cmake/ament_cmake_export_libraries-extras.cmake
[8.091s] -- Installing: /home/mara/demo_ws/install/first_pkg/share/first_pkg/cmake/ament_cmake_export_targets-extras.cmake
[8.091s] -- Installing: /home/mara/demo_ws/install/first_pkg/share/first_pkg/cmake/ament_cmake_export_include_directories-extras.cmake
[8.091s] -- Installing: /home/mara/demo_ws/install/first_pkg/share/first_pkg/cmake/rosidl_cmake_export_typesupport_libraries-extras.cmake
[8.091s] -- Installing: /home/mara/demo_ws/install/first_pkg/share/first_pkg/cmake/rosidl_cmake_export_typesupport_targets-extras.cmake
[8.091s] -- Installing: /home/mara/demo_ws/install/first_pkg/share/first_pkg/cmake/first_pkgConfig.cmake
[8.091s] -- Installing: /home/mara/demo_ws/install/first_pkg/share/first_pkg/cmake/first_pkgConfig-version.cmake
[8.091s] -- Installing: /home/mara/demo_ws/install/first_pkg/share/first_pkg/package.xml
[8.096s] Invoked command in '/home/mara/demo_ws/build/first_pkg' returned '0': CMAKE_PREFIX_PATH=${CMAKE_PREFIX_PATH}:/home/mara/demo_ws/install/exec_pkg:/home/mara/demo_ws/install/carro_pkg:/home/mara/avant_ws/install/turtlebot3_teleop:/home/mara/avant_ws/install/turtlebot3_example:/home/mara/avant_ws/install/exec_pkg:/opt/ros/foxy /usr/bin/cmake --install /home/mara/demo_ws/build/first_pkg
