[2.881s] Invoking command in '/home/mara/demo_ws/src/carro-pkg': PYTHONPATH=/home/mara/demo_ws/install/carro-pkg/lib/python3.8/site-packages:${PYTHONPATH} /usr/bin/python3 setup.py egg_info --egg-base ../../build/carro-pkg build --build-base /home/mara/demo_ws/build/carro-pkg/build install --prefix /home/mara/demo_ws/install/carro-pkg --record /home/mara/demo_ws/build/carro-pkg/install.log --single-version-externally-managed
[3.161s] /usr/local/lib/python3.8/dist-packages/setuptools/dist.py:772: UserWarning: Usage of dash-separated 'script-dir' will not be supported in future versions. Please use the underscore name 'script_dir' instead
[3.161s]   warnings.warn(
[3.162s] /usr/local/lib/python3.8/dist-packages/setuptools/dist.py:772: UserWarning: Usage of dash-separated 'install-scripts' will not be supported in future versions. Please use the underscore name 'install_scripts' instead
[3.162s]   warnings.warn(
[3.742s] running egg_info
[3.743s] creating ../../build/carro-pkg/carro_pkg.egg-info
[3.805s] writing ../../build/carro-pkg/carro_pkg.egg-info/PKG-INFO
[3.855s] writing dependency_links to ../../build/carro-pkg/carro_pkg.egg-info/dependency_links.txt
[4.097s] writing requirements to ../../build/carro-pkg/carro_pkg.egg-info/requires.txt
[4.145s] writing top-level names to ../../build/carro-pkg/carro_pkg.egg-info/top_level.txt
[4.147s] writing manifest file '../../build/carro-pkg/carro_pkg.egg-info/SOURCES.txt'
[4.233s] reading manifest file '../../build/carro-pkg/carro_pkg.egg-info/SOURCES.txt'
[4.234s] writing manifest file '../../build/carro-pkg/carro_pkg.egg-info/SOURCES.txt'
[4.234s] running build
[4.234s] running build_py
[4.234s] creating /home/mara/demo_ws/build/carro-pkg/build
[4.234s] creating /home/mara/demo_ws/build/carro-pkg/build/lib
[4.234s] creating /home/mara/demo_ws/build/carro-pkg/build/lib/carro-pkg
[4.234s] copying carro-pkg/__init__.py -> /home/mara/demo_ws/build/carro-pkg/build/lib/carro-pkg
[4.235s] running install
[4.235s] /usr/local/lib/python3.8/dist-packages/setuptools/command/install.py:34: SetuptoolsDeprecationWarning: setup.py install is deprecated. Use build and pip and other standards-based tools.
[4.235s]   warnings.warn(
[4.239s] running install_lib
[4.313s] creating /home/mara/demo_ws/install/carro-pkg/lib/python3.8/site-packages/carro-pkg
[4.313s] copying /home/mara/demo_ws/build/carro-pkg/build/lib/carro-pkg/__init__.py -> /home/mara/demo_ws/install/carro-pkg/lib/python3.8/site-packages/carro-pkg
[4.314s] byte-compiling /home/mara/demo_ws/install/carro-pkg/lib/python3.8/site-packages/carro-pkg/__init__.py to __init__.cpython-38.pyc
[4.314s] running install_data
[4.328s] creating /home/mara/demo_ws/install/carro-pkg/share/ament_index
[4.328s] creating /home/mara/demo_ws/install/carro-pkg/share/ament_index/resource_index
[4.328s] creating /home/mara/demo_ws/install/carro-pkg/share/ament_index/resource_index/packages
[4.328s] copying resource/carro-pkg -> /home/mara/demo_ws/install/carro-pkg/share/ament_index/resource_index/packages
[4.328s] copying package.xml -> /home/mara/demo_ws/install/carro-pkg/share/carro-pkg
[4.328s] running install_egg_info
[4.392s] Copying ../../build/carro-pkg/carro_pkg.egg-info to /home/mara/demo_ws/install/carro-pkg/lib/python3.8/site-packages/carro_pkg-0.0.0-py3.8.egg-info
[4.392s] running install_scripts
[4.507s] writing list of installed files to '/home/mara/demo_ws/build/carro-pkg/install.log'
[4.549s] Invoked command in '/home/mara/demo_ws/src/carro-pkg' returned '0': PYTHONPATH=/home/mara/demo_ws/install/carro-pkg/lib/python3.8/site-packages:${PYTHONPATH} /usr/bin/python3 setup.py egg_info --egg-base ../../build/carro-pkg build --build-base /home/mara/demo_ws/build/carro-pkg/build install --prefix /home/mara/demo_ws/install/carro-pkg --record /home/mara/demo_ws/build/carro-pkg/install.log --single-version-externally-managed
