running egg_info
creating ../../build/exec_pkg/exec_pkg.egg-info
writing manifest file '../../build/exec_pkg/exec_pkg.egg-info/SOURCES.txt'
writing manifest file '../../build/exec_pkg/exec_pkg.egg-info/SOURCES.txt'
running build
running build_py
creating /home/mara/demo_ws/build/exec_pkg/build
creating /home/mara/demo_ws/build/exec_pkg/build/lib
creating /home/mara/demo_ws/build/exec_pkg/build/lib/exec_pkg
copying exec_pkg/__init__.py -> /home/mara/demo_ws/build/exec_pkg/build/lib/exec_pkg
running install
running install_lib
creating /home/mara/demo_ws/install/exec_pkg/lib/python3.8/site-packages/exec_pkg
byte-compiling /home/mara/demo_ws/install/exec_pkg/lib/python3.8/site-packages/exec_pkg/__init__.py to __init__.cpython-38.pyc
running install_data
creating /home/mara/demo_ws/install/exec_pkg/share/ament_index
creating /home/mara/demo_ws/install/exec_pkg/share/ament_index/resource_index
creating /home/mara/demo_ws/install/exec_pkg/share/ament_index/resource_index/packages
copying resource/exec_pkg -> /home/mara/demo_ws/install/exec_pkg/share/ament_index/resource_index/packages
copying package.xml -> /home/mara/demo_ws/install/exec_pkg/share/exec_pkg
running install_egg_info
Copying ../../build/exec_pkg/exec_pkg.egg-info to /home/mara/demo_ws/install/exec_pkg/lib/python3.8/site-packages/exec_pkg-0.0.0-py3.8.egg-info
running install_scripts
writing list of installed files to '/home/mara/demo_ws/build/exec_pkg/install.log'
