[0.145s] DEBUG:colcon:Command line arguments: ['/usr/bin/colcon', 'build']
[0.145s] DEBUG:colcon:Parsed command line arguments: Namespace(allow_overriding=[], ament_cmake_args=None, base_paths=['.'], build_base='build', catkin_cmake_args=None, catkin_skip_building_tests=False, cmake_args=None, cmake_clean_cache=False, cmake_clean_first=False, cmake_force_configure=False, cmake_target=None, cmake_target_skip_unavailable=False, continue_on_error=False, event_handlers=None, executor='parallel', ignore_user_meta=False, install_base='install', log_base=None, log_level=None, main=<bound method BuildVerb.main of <colcon_core.verb.build.BuildVerb object at 0x7fe383967f10>>, merge_install=False, metas=['./colcon.meta'], mixin=None, mixin_files=None, mixin_verb=('build',), packages_above=None, packages_above_and_dependencies=None, packages_above_depth=None, packages_end=None, packages_ignore=None, packages_ignore_regex=None, packages_select=None, packages_select_build_failed=False, packages_select_by_dep=None, packages_select_regex=None, packages_select_test_failures=False, packages_skip=None, packages_skip_build_finished=False, packages_skip_by_dep=None, packages_skip_regex=None, packages_skip_test_passed=False, packages_skip_up_to=None, packages_start=None, packages_up_to=None, packages_up_to_regex=None, parallel_workers=8, paths=None, symlink_install=False, test_result_base=None, verb_extension=<colcon_core.verb.build.BuildVerb object at 0x7fe383967f10>, verb_name='build', verb_parser=<colcon_mixin.mixin.mixin_argument.MixinArgumentDecorator object at 0x7fe383972550>)
[0.194s] Level 1:colcon.colcon_core.package_discovery:discover_packages(colcon_meta) check parameters
[0.194s] INFO:colcon.colcon_metadata.package_discovery.colcon_meta:Using configuration from '/home/mara/.colcon/metadata/default/Gazebo.meta'
[0.195s] INFO:colcon.colcon_metadata.package_discovery.colcon_meta:Using configuration from '/home/mara/.colcon/metadata/default/fastrtps.meta'
[0.195s] Level 1:colcon.colcon_core.package_discovery:discover_packages(recursive) check parameters
[0.195s] Level 1:colcon.colcon_core.package_discovery:discover_packages(ignore) check parameters
[0.195s] Level 1:colcon.colcon_core.package_discovery:discover_packages(path) check parameters
[0.195s] Level 1:colcon.colcon_core.package_discovery:discover_packages(colcon_meta) discover
[0.195s] Level 1:colcon.colcon_core.package_discovery:discover_packages(recursive) discover
[0.195s] INFO:colcon.colcon_core.package_discovery:Crawling recursively for packages in '/home/mara/demo_ws/src'
[0.195s] Level 1:colcon.colcon_core.package_identification:_identify(.) by extensions ['ignore', 'ignore_ament_install']
[0.195s] Level 1:colcon.colcon_core.package_identification:_identify(.) by extension 'ignore'
[0.195s] Level 1:colcon.colcon_core.package_identification:_identify(.) by extension 'ignore_ament_install'
[0.195s] Level 1:colcon.colcon_core.package_identification:_identify(.) by extensions ['colcon_pkg']
[0.196s] Level 1:colcon.colcon_core.package_identification:_identify(.) by extension 'colcon_pkg'
[0.196s] Level 1:colcon.colcon_core.package_identification:_identify(.) by extensions ['colcon_meta']
[0.196s] Level 1:colcon.colcon_core.package_identification:_identify(.) by extension 'colcon_meta'
[0.196s] Level 1:colcon.colcon_core.package_identification:_identify(.) by extensions ['ros']
[0.196s] Level 1:colcon.colcon_core.package_identification:_identify(.) by extension 'ros'
[0.257s] Level 1:colcon.colcon_core.package_identification:_identify(.) by extensions ['cmake', 'python']
[0.257s] Level 1:colcon.colcon_core.package_identification:_identify(.) by extension 'cmake'
[0.257s] Level 1:colcon.colcon_core.package_identification:_identify(.) by extension 'python'
[0.257s] Level 1:colcon.colcon_core.package_identification:_identify(.) by extensions ['python_setup_py']
[0.257s] Level 1:colcon.colcon_core.package_identification:_identify(.) by extension 'python_setup_py'
[0.257s] Level 1:colcon.colcon_core.package_identification:_identify(MARA) by extensions ['ignore', 'ignore_ament_install']
[0.258s] Level 1:colcon.colcon_core.package_identification:_identify(MARA) by extension 'ignore'
[0.258s] Level 1:colcon.colcon_core.package_identification:_identify(MARA) by extension 'ignore_ament_install'
[0.258s] Level 1:colcon.colcon_core.package_identification:_identify(MARA) by extensions ['colcon_pkg']
[0.258s] Level 1:colcon.colcon_core.package_identification:_identify(MARA) by extension 'colcon_pkg'
[0.258s] Level 1:colcon.colcon_core.package_identification:_identify(MARA) by extensions ['colcon_meta']
[0.258s] Level 1:colcon.colcon_core.package_identification:_identify(MARA) by extension 'colcon_meta'
[0.258s] Level 1:colcon.colcon_core.package_identification:_identify(MARA) by extensions ['ros']
[0.258s] Level 1:colcon.colcon_core.package_identification:_identify(MARA) by extension 'ros'
[0.258s] Level 1:colcon.colcon_core.package_identification:_identify(MARA) by extensions ['cmake', 'python']
[0.258s] Level 1:colcon.colcon_core.package_identification:_identify(MARA) by extension 'cmake'
[0.258s] Level 1:colcon.colcon_core.package_identification:_identify(MARA) by extension 'python'
[0.258s] Level 1:colcon.colcon_core.package_identification:_identify(MARA) by extensions ['python_setup_py']
[0.258s] Level 1:colcon.colcon_core.package_identification:_identify(MARA) by extension 'python_setup_py'
[0.258s] Level 1:colcon.colcon_core.package_identification:_identify(MARA/hros_cognition_mara_components) by extensions ['ignore', 'ignore_ament_install']
[0.258s] Level 1:colcon.colcon_core.package_identification:_identify(MARA/hros_cognition_mara_components) by extension 'ignore'
[0.258s] Level 1:colcon.colcon_core.package_identification:_identify(MARA/hros_cognition_mara_components) by extension 'ignore_ament_install'
[0.258s] Level 1:colcon.colcon_core.package_identification:_identify(MARA/hros_cognition_mara_components) by extensions ['colcon_pkg']
[0.258s] Level 1:colcon.colcon_core.package_identification:_identify(MARA/hros_cognition_mara_components) by extension 'colcon_pkg'
[0.258s] Level 1:colcon.colcon_core.package_identification:_identify(MARA/hros_cognition_mara_components) by extensions ['colcon_meta']
[0.258s] Level 1:colcon.colcon_core.package_identification:_identify(MARA/hros_cognition_mara_components) by extension 'colcon_meta'
[0.258s] Level 1:colcon.colcon_core.package_identification:_identify(MARA/hros_cognition_mara_components) by extensions ['ros']
[0.259s] Level 1:colcon.colcon_core.package_identification:_identify(MARA/hros_cognition_mara_components) by extension 'ros'
[0.261s] DEBUG:colcon.colcon_core.package_identification:Package 'MARA/hros_cognition_mara_components' with type 'ros.ament_cmake' and name 'hros_cognition_mara_components'
[0.261s] Level 1:colcon.colcon_core.package_identification:_identify(MARA/individual_trajectories_bridge) by extensions ['ignore', 'ignore_ament_install']
[0.261s] Level 1:colcon.colcon_core.package_identification:_identify(MARA/individual_trajectories_bridge) by extension 'ignore'
[0.261s] Level 1:colcon.colcon_core.package_identification:_identify(MARA/individual_trajectories_bridge) by extension 'ignore_ament_install'
[0.261s] Level 1:colcon.colcon_core.package_identification:_identify(MARA/individual_trajectories_bridge) by extensions ['colcon_pkg']
[0.261s] Level 1:colcon.colcon_core.package_identification:_identify(MARA/individual_trajectories_bridge) by extension 'colcon_pkg'
[0.261s] Level 1:colcon.colcon_core.package_identification:_identify(MARA/individual_trajectories_bridge) by extensions ['colcon_meta']
[0.261s] Level 1:colcon.colcon_core.package_identification:_identify(MARA/individual_trajectories_bridge) by extension 'colcon_meta'
[0.261s] Level 1:colcon.colcon_core.package_identification:_identify(MARA/individual_trajectories_bridge) by extensions ['ros']
[0.261s] Level 1:colcon.colcon_core.package_identification:_identify(MARA/individual_trajectories_bridge) by extension 'ros'
[0.262s] DEBUG:colcon.colcon_core.package_identification:Package 'MARA/individual_trajectories_bridge' with type 'ros.ament_cmake' and name 'individual_trajectories_bridge'
[0.262s] Level 1:colcon.colcon_core.package_identification:_identify(MARA/mara_bringup) by extensions ['ignore', 'ignore_ament_install']
[0.262s] Level 1:colcon.colcon_core.package_identification:_identify(MARA/mara_bringup) by extension 'ignore'
[0.262s] Level 1:colcon.colcon_core.package_identification:_identify(MARA/mara_bringup) by extension 'ignore_ament_install'
[0.262s] Level 1:colcon.colcon_core.package_identification:_identify(MARA/mara_bringup) by extensions ['colcon_pkg']
[0.262s] Level 1:colcon.colcon_core.package_identification:_identify(MARA/mara_bringup) by extension 'colcon_pkg'
[0.262s] Level 1:colcon.colcon_core.package_identification:_identify(MARA/mara_bringup) by extensions ['colcon_meta']
[0.262s] Level 1:colcon.colcon_core.package_identification:_identify(MARA/mara_bringup) by extension 'colcon_meta'
[0.262s] Level 1:colcon.colcon_core.package_identification:_identify(MARA/mara_bringup) by extensions ['ros']
[0.262s] Level 1:colcon.colcon_core.package_identification:_identify(MARA/mara_bringup) by extension 'ros'
[0.263s] DEBUG:colcon.colcon_core.package_identification:Package 'MARA/mara_bringup' with type 'ros.ament_cmake' and name 'mara_bringup'
[0.263s] Level 1:colcon.colcon_core.package_identification:_identify(MARA/mara_contact_publisher) by extensions ['ignore', 'ignore_ament_install']
[0.263s] Level 1:colcon.colcon_core.package_identification:_identify(MARA/mara_contact_publisher) by extension 'ignore'
[0.263s] Level 1:colcon.colcon_core.package_identification:_identify(MARA/mara_contact_publisher) by extension 'ignore_ament_install'
[0.263s] Level 1:colcon.colcon_core.package_identification:_identify(MARA/mara_contact_publisher) by extensions ['colcon_pkg']
[0.263s] Level 1:colcon.colcon_core.package_identification:_identify(MARA/mara_contact_publisher) by extension 'colcon_pkg'
[0.263s] Level 1:colcon.colcon_core.package_identification:_identify(MARA/mara_contact_publisher) by extensions ['colcon_meta']
[0.263s] Level 1:colcon.colcon_core.package_identification:_identify(MARA/mara_contact_publisher) by extension 'colcon_meta'
[0.263s] Level 1:colcon.colcon_core.package_identification:_identify(MARA/mara_contact_publisher) by extensions ['ros']
[0.263s] Level 1:colcon.colcon_core.package_identification:_identify(MARA/mara_contact_publisher) by extension 'ros'
[0.264s] DEBUG:colcon.colcon_core.package_identification:Package 'MARA/mara_contact_publisher' with type 'ros.ament_cmake' and name 'mara_contact_publisher'
[0.264s] Level 1:colcon.colcon_core.package_identification:_identify(MARA/mara_description) by extensions ['ignore', 'ignore_ament_install']
[0.264s] Level 1:colcon.colcon_core.package_identification:_identify(MARA/mara_description) by extension 'ignore'
[0.264s] Level 1:colcon.colcon_core.package_identification:_identify(MARA/mara_description) by extension 'ignore_ament_install'
[0.264s] Level 1:colcon.colcon_core.package_identification:_identify(MARA/mara_description) by extensions ['colcon_pkg']
[0.264s] Level 1:colcon.colcon_core.package_identification:_identify(MARA/mara_description) by extension 'colcon_pkg'
[0.264s] Level 1:colcon.colcon_core.package_identification:_identify(MARA/mara_description) by extensions ['colcon_meta']
[0.264s] Level 1:colcon.colcon_core.package_identification:_identify(MARA/mara_description) by extension 'colcon_meta'
[0.264s] Level 1:colcon.colcon_core.package_identification:_identify(MARA/mara_description) by extensions ['ros']
[0.264s] Level 1:colcon.colcon_core.package_identification:_identify(MARA/mara_description) by extension 'ros'
[0.264s] DEBUG:colcon.colcon_core.package_identification:Package 'MARA/mara_description' with type 'ros.ament_cmake' and name 'mara_description'
[0.265s] Level 1:colcon.colcon_core.package_identification:_identify(MARA/mara_gazebo) by extensions ['ignore', 'ignore_ament_install']
[0.265s] Level 1:colcon.colcon_core.package_identification:_identify(MARA/mara_gazebo) by extension 'ignore'
[0.265s] Level 1:colcon.colcon_core.package_identification:_identify(MARA/mara_gazebo) by extension 'ignore_ament_install'
[0.265s] Level 1:colcon.colcon_core.package_identification:_identify(MARA/mara_gazebo) by extensions ['colcon_pkg']
[0.265s] Level 1:colcon.colcon_core.package_identification:_identify(MARA/mara_gazebo) by extension 'colcon_pkg'
[0.265s] Level 1:colcon.colcon_core.package_identification:_identify(MARA/mara_gazebo) by extensions ['colcon_meta']
[0.265s] Level 1:colcon.colcon_core.package_identification:_identify(MARA/mara_gazebo) by extension 'colcon_meta'
[0.265s] Level 1:colcon.colcon_core.package_identification:_identify(MARA/mara_gazebo) by extensions ['ros']
[0.265s] Level 1:colcon.colcon_core.package_identification:_identify(MARA/mara_gazebo) by extension 'ros'
[0.265s] DEBUG:colcon.colcon_core.package_identification:Package 'MARA/mara_gazebo' with type 'ros.ament_cmake' and name 'mara_gazebo'
[0.265s] Level 1:colcon.colcon_core.package_identification:_identify(MARA/mara_gazebo_plugins) by extensions ['ignore', 'ignore_ament_install']
[0.266s] Level 1:colcon.colcon_core.package_identification:_identify(MARA/mara_gazebo_plugins) by extension 'ignore'
[0.266s] Level 1:colcon.colcon_core.package_identification:_identify(MARA/mara_gazebo_plugins) by extension 'ignore_ament_install'
[0.266s] Level 1:colcon.colcon_core.package_identification:_identify(MARA/mara_gazebo_plugins) by extensions ['colcon_pkg']
[0.266s] Level 1:colcon.colcon_core.package_identification:_identify(MARA/mara_gazebo_plugins) by extension 'colcon_pkg'
[0.266s] Level 1:colcon.colcon_core.package_identification:_identify(MARA/mara_gazebo_plugins) by extensions ['colcon_meta']
[0.266s] Level 1:colcon.colcon_core.package_identification:_identify(MARA/mara_gazebo_plugins) by extension 'colcon_meta'
[0.266s] Level 1:colcon.colcon_core.package_identification:_identify(MARA/mara_gazebo_plugins) by extensions ['ros']
[0.266s] Level 1:colcon.colcon_core.package_identification:_identify(MARA/mara_gazebo_plugins) by extension 'ros'
[0.267s] DEBUG:colcon.colcon_core.package_identification:Package 'MARA/mara_gazebo_plugins' with type 'ros.ament_cmake' and name 'mara_gazebo_plugins'
[0.267s] Level 1:colcon.colcon_core.package_identification:_identify(MARA/mara_utils_scripts) by extensions ['ignore', 'ignore_ament_install']
[0.267s] Level 1:colcon.colcon_core.package_identification:_identify(MARA/mara_utils_scripts) by extension 'ignore'
[0.267s] Level 1:colcon.colcon_core.package_identification:_identify(MARA/mara_utils_scripts) by extension 'ignore_ament_install'
[0.267s] Level 1:colcon.colcon_core.package_identification:_identify(MARA/mara_utils_scripts) by extensions ['colcon_pkg']
[0.267s] Level 1:colcon.colcon_core.package_identification:_identify(MARA/mara_utils_scripts) by extension 'colcon_pkg'
[0.267s] Level 1:colcon.colcon_core.package_identification:_identify(MARA/mara_utils_scripts) by extensions ['colcon_meta']
[0.267s] Level 1:colcon.colcon_core.package_identification:_identify(MARA/mara_utils_scripts) by extension 'colcon_meta'
[0.267s] Level 1:colcon.colcon_core.package_identification:_identify(MARA/mara_utils_scripts) by extensions ['ros']
[0.267s] Level 1:colcon.colcon_core.package_identification:_identify(MARA/mara_utils_scripts) by extension 'ros'
[0.268s] DEBUG:colcon.colcon_core.package_identification:Package 'MARA/mara_utils_scripts' with type 'ros.ament_cmake' and name 'mara_utils_scripts'
[0.268s] Level 1:colcon.colcon_core.package_identification:_identify(build) by extensions ['ignore', 'ignore_ament_install']
[0.268s] Level 1:colcon.colcon_core.package_identification:_identify(build) by extension 'ignore'
[0.268s] Level 1:colcon.colcon_core.package_identification:_identify(build) ignored
[0.268s] Level 1:colcon.colcon_core.package_identification:_identify(carro_pkg) by extensions ['ignore', 'ignore_ament_install']
[0.268s] Level 1:colcon.colcon_core.package_identification:_identify(carro_pkg) by extension 'ignore'
[0.268s] Level 1:colcon.colcon_core.package_identification:_identify(carro_pkg) by extension 'ignore_ament_install'
[0.268s] Level 1:colcon.colcon_core.package_identification:_identify(carro_pkg) by extensions ['colcon_pkg']
[0.268s] Level 1:colcon.colcon_core.package_identification:_identify(carro_pkg) by extension 'colcon_pkg'
[0.268s] Level 1:colcon.colcon_core.package_identification:_identify(carro_pkg) by extensions ['colcon_meta']
[0.268s] Level 1:colcon.colcon_core.package_identification:_identify(carro_pkg) by extension 'colcon_meta'
[0.268s] Level 1:colcon.colcon_core.package_identification:_identify(carro_pkg) by extensions ['ros']
[0.268s] Level 1:colcon.colcon_core.package_identification:_identify(carro_pkg) by extension 'ros'
[0.269s] DEBUG:colcon.colcon_core.package_identification:Package 'carro_pkg' with type 'ros.ament_python' and name 'carro_pkg'
[0.269s] Level 1:colcon.colcon_core.package_identification:_identify(install) by extensions ['ignore', 'ignore_ament_install']
[0.269s] Level 1:colcon.colcon_core.package_identification:_identify(install) by extension 'ignore'
[0.269s] Level 1:colcon.colcon_core.package_identification:_identify(install) ignored
[0.269s] Level 1:colcon.colcon_core.package_identification:_identify(log) by extensions ['ignore', 'ignore_ament_install']
[0.269s] Level 1:colcon.colcon_core.package_identification:_identify(log) by extension 'ignore'
[0.269s] Level 1:colcon.colcon_core.package_identification:_identify(log) ignored
[0.269s] Level 1:colcon.colcon_core.package_discovery:discover_packages(recursive) using defaults
[0.269s] Level 1:colcon.colcon_core.package_discovery:discover_packages(ignore) discover
[0.269s] Level 1:colcon.colcon_core.package_discovery:discover_packages(ignore) using defaults
[0.269s] Level 1:colcon.colcon_core.package_discovery:discover_packages(path) discover
[0.269s] Level 1:colcon.colcon_core.package_discovery:discover_packages(path) using defaults
[0.287s] Level 1:colcon.colcon_core.package_discovery:discover_packages(prefix_path) check parameters
[0.287s] Level 1:colcon.colcon_core.package_discovery:discover_packages(prefix_path) discover
[0.289s] DEBUG:colcon.colcon_installed_package_information.package_discovery:Found 1 installed packages in /home/mara/demo_ws/install
[0.289s] DEBUG:colcon.colcon_installed_package_information.package_discovery:Found 2 installed packages in /home/mara/px4_ros_com_ros2/install
[0.290s] DEBUG:colcon.colcon_installed_package_information.package_discovery:Found 342 installed packages in /opt/ros/foxy
[0.292s] Level 1:colcon.colcon_core.package_discovery:discover_packages(prefix_path) using defaults
[0.361s] Level 5:colcon.colcon_core.verb:set package 'carro_pkg' build argument 'cmake_args' from command line to 'None'
[0.361s] Level 5:colcon.colcon_core.verb:set package 'carro_pkg' build argument 'cmake_target' from command line to 'None'
[0.361s] Level 5:colcon.colcon_core.verb:set package 'carro_pkg' build argument 'cmake_target_skip_unavailable' from command line to 'False'
[0.361s] Level 5:colcon.colcon_core.verb:set package 'carro_pkg' build argument 'cmake_clean_cache' from command line to 'False'
[0.361s] Level 5:colcon.colcon_core.verb:set package 'carro_pkg' build argument 'cmake_clean_first' from command line to 'False'
[0.361s] Level 5:colcon.colcon_core.verb:set package 'carro_pkg' build argument 'cmake_force_configure' from command line to 'False'
[0.361s] Level 5:colcon.colcon_core.verb:set package 'carro_pkg' build argument 'ament_cmake_args' from command line to 'None'
[0.361s] Level 5:colcon.colcon_core.verb:set package 'carro_pkg' build argument 'catkin_cmake_args' from command line to 'None'
[0.361s] Level 5:colcon.colcon_core.verb:set package 'carro_pkg' build argument 'catkin_skip_building_tests' from command line to 'False'
[0.361s] DEBUG:colcon.colcon_core.verb:Building package 'carro_pkg' with the following arguments: {'ament_cmake_args': None, 'build_base': '/home/mara/demo_ws/src/build/carro_pkg', 'catkin_cmake_args': None, 'catkin_skip_building_tests': False, 'cmake_args': None, 'cmake_clean_cache': False, 'cmake_clean_first': False, 'cmake_force_configure': False, 'cmake_target': None, 'cmake_target_skip_unavailable': False, 'install_base': '/home/mara/demo_ws/src/install/carro_pkg', 'merge_install': False, 'path': '/home/mara/demo_ws/src/carro_pkg', 'symlink_install': False, 'test_result_base': None}
[0.362s] Level 5:colcon.colcon_core.verb:set package 'hros_cognition_mara_components' build argument 'cmake_args' from command line to 'None'
[0.362s] Level 5:colcon.colcon_core.verb:set package 'hros_cognition_mara_components' build argument 'cmake_target' from command line to 'None'
[0.362s] Level 5:colcon.colcon_core.verb:set package 'hros_cognition_mara_components' build argument 'cmake_target_skip_unavailable' from command line to 'False'
[0.362s] Level 5:colcon.colcon_core.verb:set package 'hros_cognition_mara_components' build argument 'cmake_clean_cache' from command line to 'False'
[0.362s] Level 5:colcon.colcon_core.verb:set package 'hros_cognition_mara_components' build argument 'cmake_clean_first' from command line to 'False'
[0.362s] Level 5:colcon.colcon_core.verb:set package 'hros_cognition_mara_components' build argument 'cmake_force_configure' from command line to 'False'
[0.362s] Level 5:colcon.colcon_core.verb:set package 'hros_cognition_mara_components' build argument 'ament_cmake_args' from command line to 'None'
[0.362s] Level 5:colcon.colcon_core.verb:set package 'hros_cognition_mara_components' build argument 'catkin_cmake_args' from command line to 'None'
[0.362s] Level 5:colcon.colcon_core.verb:set package 'hros_cognition_mara_components' build argument 'catkin_skip_building_tests' from command line to 'False'
[0.362s] DEBUG:colcon.colcon_core.verb:Building package 'hros_cognition_mara_components' with the following arguments: {'ament_cmake_args': None, 'build_base': '/home/mara/demo_ws/src/build/hros_cognition_mara_components', 'catkin_cmake_args': None, 'catkin_skip_building_tests': False, 'cmake_args': None, 'cmake_clean_cache': False, 'cmake_clean_first': False, 'cmake_force_configure': False, 'cmake_target': None, 'cmake_target_skip_unavailable': False, 'install_base': '/home/mara/demo_ws/src/install/hros_cognition_mara_components', 'merge_install': False, 'path': '/home/mara/demo_ws/src/MARA/hros_cognition_mara_components', 'symlink_install': False, 'test_result_base': None}
[0.363s] Level 5:colcon.colcon_core.verb:set package 'individual_trajectories_bridge' build argument 'cmake_args' from command line to 'None'
[0.363s] Level 5:colcon.colcon_core.verb:set package 'individual_trajectories_bridge' build argument 'cmake_target' from command line to 'None'
[0.363s] Level 5:colcon.colcon_core.verb:set package 'individual_trajectories_bridge' build argument 'cmake_target_skip_unavailable' from command line to 'False'
[0.363s] Level 5:colcon.colcon_core.verb:set package 'individual_trajectories_bridge' build argument 'cmake_clean_cache' from command line to 'False'
[0.363s] Level 5:colcon.colcon_core.verb:set package 'individual_trajectories_bridge' build argument 'cmake_clean_first' from command line to 'False'
[0.363s] Level 5:colcon.colcon_core.verb:set package 'individual_trajectories_bridge' build argument 'cmake_force_configure' from command line to 'False'
[0.363s] Level 5:colcon.colcon_core.verb:set package 'individual_trajectories_bridge' build argument 'ament_cmake_args' from command line to 'None'
[0.363s] Level 5:colcon.colcon_core.verb:set package 'individual_trajectories_bridge' build argument 'catkin_cmake_args' from command line to 'None'
[0.363s] Level 5:colcon.colcon_core.verb:set package 'individual_trajectories_bridge' build argument 'catkin_skip_building_tests' from command line to 'False'
[0.363s] DEBUG:colcon.colcon_core.verb:Building package 'individual_trajectories_bridge' with the following arguments: {'ament_cmake_args': None, 'build_base': '/home/mara/demo_ws/src/build/individual_trajectories_bridge', 'catkin_cmake_args': None, 'catkin_skip_building_tests': False, 'cmake_args': None, 'cmake_clean_cache': False, 'cmake_clean_first': False, 'cmake_force_configure': False, 'cmake_target': None, 'cmake_target_skip_unavailable': False, 'install_base': '/home/mara/demo_ws/src/install/individual_trajectories_bridge', 'merge_install': False, 'path': '/home/mara/demo_ws/src/MARA/individual_trajectories_bridge', 'symlink_install': False, 'test_result_base': None}
[0.364s] Level 5:colcon.colcon_core.verb:set package 'mara_bringup' build argument 'cmake_args' from command line to 'None'
[0.364s] Level 5:colcon.colcon_core.verb:set package 'mara_bringup' build argument 'cmake_target' from command line to 'None'
[0.364s] Level 5:colcon.colcon_core.verb:set package 'mara_bringup' build argument 'cmake_target_skip_unavailable' from command line to 'False'
[0.364s] Level 5:colcon.colcon_core.verb:set package 'mara_bringup' build argument 'cmake_clean_cache' from command line to 'False'
[0.364s] Level 5:colcon.colcon_core.verb:set package 'mara_bringup' build argument 'cmake_clean_first' from command line to 'False'
[0.364s] Level 5:colcon.colcon_core.verb:set package 'mara_bringup' build argument 'cmake_force_configure' from command line to 'False'
[0.364s] Level 5:colcon.colcon_core.verb:set package 'mara_bringup' build argument 'ament_cmake_args' from command line to 'None'
[0.364s] Level 5:colcon.colcon_core.verb:set package 'mara_bringup' build argument 'catkin_cmake_args' from command line to 'None'
[0.364s] Level 5:colcon.colcon_core.verb:set package 'mara_bringup' build argument 'catkin_skip_building_tests' from command line to 'False'
[0.364s] DEBUG:colcon.colcon_core.verb:Building package 'mara_bringup' with the following arguments: {'ament_cmake_args': None, 'build_base': '/home/mara/demo_ws/src/build/mara_bringup', 'catkin_cmake_args': None, 'catkin_skip_building_tests': False, 'cmake_args': None, 'cmake_clean_cache': False, 'cmake_clean_first': False, 'cmake_force_configure': False, 'cmake_target': None, 'cmake_target_skip_unavailable': False, 'install_base': '/home/mara/demo_ws/src/install/mara_bringup', 'merge_install': False, 'path': '/home/mara/demo_ws/src/MARA/mara_bringup', 'symlink_install': False, 'test_result_base': None}
[0.365s] Level 5:colcon.colcon_core.verb:set package 'mara_contact_publisher' build argument 'cmake_args' from command line to 'None'
[0.365s] Level 5:colcon.colcon_core.verb:set package 'mara_contact_publisher' build argument 'cmake_target' from command line to 'None'
[0.365s] Level 5:colcon.colcon_core.verb:set package 'mara_contact_publisher' build argument 'cmake_target_skip_unavailable' from command line to 'False'
[0.365s] Level 5:colcon.colcon_core.verb:set package 'mara_contact_publisher' build argument 'cmake_clean_cache' from command line to 'False'
[0.365s] Level 5:colcon.colcon_core.verb:set package 'mara_contact_publisher' build argument 'cmake_clean_first' from command line to 'False'
[0.365s] Level 5:colcon.colcon_core.verb:set package 'mara_contact_publisher' build argument 'cmake_force_configure' from command line to 'False'
[0.365s] Level 5:colcon.colcon_core.verb:set package 'mara_contact_publisher' build argument 'ament_cmake_args' from command line to 'None'
[0.365s] Level 5:colcon.colcon_core.verb:set package 'mara_contact_publisher' build argument 'catkin_cmake_args' from command line to 'None'
[0.365s] Level 5:colcon.colcon_core.verb:set package 'mara_contact_publisher' build argument 'catkin_skip_building_tests' from command line to 'False'
[0.365s] DEBUG:colcon.colcon_core.verb:Building package 'mara_contact_publisher' with the following arguments: {'ament_cmake_args': None, 'build_base': '/home/mara/demo_ws/src/build/mara_contact_publisher', 'catkin_cmake_args': None, 'catkin_skip_building_tests': False, 'cmake_args': None, 'cmake_clean_cache': False, 'cmake_clean_first': False, 'cmake_force_configure': False, 'cmake_target': None, 'cmake_target_skip_unavailable': False, 'install_base': '/home/mara/demo_ws/src/install/mara_contact_publisher', 'merge_install': False, 'path': '/home/mara/demo_ws/src/MARA/mara_contact_publisher', 'symlink_install': False, 'test_result_base': None}
[0.365s] Level 5:colcon.colcon_core.verb:set package 'mara_description' build argument 'cmake_args' from command line to 'None'
[0.365s] Level 5:colcon.colcon_core.verb:set package 'mara_description' build argument 'cmake_target' from command line to 'None'
[0.365s] Level 5:colcon.colcon_core.verb:set package 'mara_description' build argument 'cmake_target_skip_unavailable' from command line to 'False'
[0.365s] Level 5:colcon.colcon_core.verb:set package 'mara_description' build argument 'cmake_clean_cache' from command line to 'False'
[0.365s] Level 5:colcon.colcon_core.verb:set package 'mara_description' build argument 'cmake_clean_first' from command line to 'False'
[0.365s] Level 5:colcon.colcon_core.verb:set package 'mara_description' build argument 'cmake_force_configure' from command line to 'False'
[0.366s] Level 5:colcon.colcon_core.verb:set package 'mara_description' build argument 'ament_cmake_args' from command line to 'None'
[0.366s] Level 5:colcon.colcon_core.verb:set package 'mara_description' build argument 'catkin_cmake_args' from command line to 'None'
[0.366s] Level 5:colcon.colcon_core.verb:set package 'mara_description' build argument 'catkin_skip_building_tests' from command line to 'False'
[0.366s] DEBUG:colcon.colcon_core.verb:Building package 'mara_description' with the following arguments: {'ament_cmake_args': None, 'build_base': '/home/mara/demo_ws/src/build/mara_description', 'catkin_cmake_args': None, 'catkin_skip_building_tests': False, 'cmake_args': None, 'cmake_clean_cache': False, 'cmake_clean_first': False, 'cmake_force_configure': False, 'cmake_target': None, 'cmake_target_skip_unavailable': False, 'install_base': '/home/mara/demo_ws/src/install/mara_description', 'merge_install': False, 'path': '/home/mara/demo_ws/src/MARA/mara_description', 'symlink_install': False, 'test_result_base': None}
[0.366s] Level 5:colcon.colcon_core.verb:set package 'mara_gazebo' build argument 'cmake_args' from command line to 'None'
[0.366s] Level 5:colcon.colcon_core.verb:set package 'mara_gazebo' build argument 'cmake_target' from command line to 'None'
[0.366s] Level 5:colcon.colcon_core.verb:set package 'mara_gazebo' build argument 'cmake_target_skip_unavailable' from command line to 'False'
[0.366s] Level 5:colcon.colcon_core.verb:set package 'mara_gazebo' build argument 'cmake_clean_cache' from command line to 'False'
[0.366s] Level 5:colcon.colcon_core.verb:set package 'mara_gazebo' build argument 'cmake_clean_first' from command line to 'False'
[0.366s] Level 5:colcon.colcon_core.verb:set package 'mara_gazebo' build argument 'cmake_force_configure' from command line to 'False'
[0.366s] Level 5:colcon.colcon_core.verb:set package 'mara_gazebo' build argument 'ament_cmake_args' from command line to 'None'
[0.367s] Level 5:colcon.colcon_core.verb:set package 'mara_gazebo' build argument 'catkin_cmake_args' from command line to 'None'
[0.367s] Level 5:colcon.colcon_core.verb:set package 'mara_gazebo' build argument 'catkin_skip_building_tests' from command line to 'False'
[0.367s] DEBUG:colcon.colcon_core.verb:Building package 'mara_gazebo' with the following arguments: {'ament_cmake_args': None, 'build_base': '/home/mara/demo_ws/src/build/mara_gazebo', 'catkin_cmake_args': None, 'catkin_skip_building_tests': False, 'cmake_args': None, 'cmake_clean_cache': False, 'cmake_clean_first': False, 'cmake_force_configure': False, 'cmake_target': None, 'cmake_target_skip_unavailable': False, 'install_base': '/home/mara/demo_ws/src/install/mara_gazebo', 'merge_install': False, 'path': '/home/mara/demo_ws/src/MARA/mara_gazebo', 'symlink_install': False, 'test_result_base': None}
[0.367s] Level 5:colcon.colcon_core.verb:set package 'mara_gazebo_plugins' build argument 'cmake_args' from command line to 'None'
[0.367s] Level 5:colcon.colcon_core.verb:set package 'mara_gazebo_plugins' build argument 'cmake_target' from command line to 'None'
[0.367s] Level 5:colcon.colcon_core.verb:set package 'mara_gazebo_plugins' build argument 'cmake_target_skip_unavailable' from command line to 'False'
[0.367s] Level 5:colcon.colcon_core.verb:set package 'mara_gazebo_plugins' build argument 'cmake_clean_cache' from command line to 'False'
[0.367s] Level 5:colcon.colcon_core.verb:set package 'mara_gazebo_plugins' build argument 'cmake_clean_first' from command line to 'False'
[0.367s] Level 5:colcon.colcon_core.verb:set package 'mara_gazebo_plugins' build argument 'cmake_force_configure' from command line to 'False'
[0.367s] Level 5:colcon.colcon_core.verb:set package 'mara_gazebo_plugins' build argument 'ament_cmake_args' from command line to 'None'
[0.367s] Level 5:colcon.colcon_core.verb:set package 'mara_gazebo_plugins' build argument 'catkin_cmake_args' from command line to 'None'
[0.367s] Level 5:colcon.colcon_core.verb:set package 'mara_gazebo_plugins' build argument 'catkin_skip_building_tests' from command line to 'False'
[0.367s] DEBUG:colcon.colcon_core.verb:Building package 'mara_gazebo_plugins' with the following arguments: {'ament_cmake_args': None, 'build_base': '/home/mara/demo_ws/src/build/mara_gazebo_plugins', 'catkin_cmake_args': None, 'catkin_skip_building_tests': False, 'cmake_args': None, 'cmake_clean_cache': False, 'cmake_clean_first': False, 'cmake_force_configure': False, 'cmake_target': None, 'cmake_target_skip_unavailable': False, 'install_base': '/home/mara/demo_ws/src/install/mara_gazebo_plugins', 'merge_install': False, 'path': '/home/mara/demo_ws/src/MARA/mara_gazebo_plugins', 'symlink_install': False, 'test_result_base': None}
[0.368s] Level 5:colcon.colcon_core.verb:set package 'mara_utils_scripts' build argument 'cmake_args' from command line to 'None'
[0.368s] Level 5:colcon.colcon_core.verb:set package 'mara_utils_scripts' build argument 'cmake_target' from command line to 'None'
[0.368s] Level 5:colcon.colcon_core.verb:set package 'mara_utils_scripts' build argument 'cmake_target_skip_unavailable' from command line to 'False'
[0.368s] Level 5:colcon.colcon_core.verb:set package 'mara_utils_scripts' build argument 'cmake_clean_cache' from command line to 'False'
[0.368s] Level 5:colcon.colcon_core.verb:set package 'mara_utils_scripts' build argument 'cmake_clean_first' from command line to 'False'
[0.368s] Level 5:colcon.colcon_core.verb:set package 'mara_utils_scripts' build argument 'cmake_force_configure' from command line to 'False'
[0.368s] Level 5:colcon.colcon_core.verb:set package 'mara_utils_scripts' build argument 'ament_cmake_args' from command line to 'None'
[0.368s] Level 5:colcon.colcon_core.verb:set package 'mara_utils_scripts' build argument 'catkin_cmake_args' from command line to 'None'
[0.368s] Level 5:colcon.colcon_core.verb:set package 'mara_utils_scripts' build argument 'catkin_skip_building_tests' from command line to 'False'
[0.368s] DEBUG:colcon.colcon_core.verb:Building package 'mara_utils_scripts' with the following arguments: {'ament_cmake_args': None, 'build_base': '/home/mara/demo_ws/src/build/mara_utils_scripts', 'catkin_cmake_args': None, 'catkin_skip_building_tests': False, 'cmake_args': None, 'cmake_clean_cache': False, 'cmake_clean_first': False, 'cmake_force_configure': False, 'cmake_target': None, 'cmake_target_skip_unavailable': False, 'install_base': '/home/mara/demo_ws/src/install/mara_utils_scripts', 'merge_install': False, 'path': '/home/mara/demo_ws/src/MARA/mara_utils_scripts', 'symlink_install': False, 'test_result_base': None}
[0.369s] INFO:colcon.colcon_core.executor:Executing jobs using 'parallel' executor
[0.371s] DEBUG:colcon.colcon_parallel_executor.executor.parallel:run_until_complete
[0.371s] INFO:colcon.colcon_ros.task.ament_python.build:Building ROS package in '/home/mara/demo_ws/src/carro_pkg' with build type 'ament_python'
[0.371s] Level 1:colcon.colcon_core.shell:create_environment_hook('carro_pkg', 'ament_prefix_path')
[0.375s] INFO:colcon.colcon_core.plugin_system:Skipping extension 'colcon_core.shell.bat': Not used on non-Windows systems
[0.375s] INFO:colcon.colcon_core.shell:Creating environment hook '/home/mara/demo_ws/src/install/carro_pkg/share/carro_pkg/hook/ament_prefix_path.ps1'
[0.400s] INFO:colcon.colcon_core.shell:Creating environment descriptor '/home/mara/demo_ws/src/install/carro_pkg/share/carro_pkg/hook/ament_prefix_path.dsv'
[0.402s] INFO:colcon.colcon_core.shell:Creating environment hook '/home/mara/demo_ws/src/install/carro_pkg/share/carro_pkg/hook/ament_prefix_path.sh'
[0.405s] INFO:colcon.colcon_core.shell:Skip shell extension 'powershell' for command environment: Not usable outside of PowerShell
[0.405s] DEBUG:colcon.colcon_core.shell:Skip shell extension 'dsv' for command environment
[0.419s] INFO:colcon.colcon_ros.task.ament_cmake.build:Building ROS package in '/home/mara/demo_ws/src/MARA/hros_cognition_mara_components' with build type 'ament_cmake'
[0.419s] INFO:colcon.colcon_cmake.task.cmake.build:Building CMake package in '/home/mara/demo_ws/src/MARA/hros_cognition_mara_components'
[0.421s] INFO:colcon.colcon_core.shell:Skip shell extension 'powershell' for command environment: Not usable outside of PowerShell
[0.421s] DEBUG:colcon.colcon_core.shell:Skip shell extension 'dsv' for command environment
[0.430s] INFO:colcon.colcon_ros.task.ament_cmake.build:Building ROS package in '/home/mara/demo_ws/src/MARA/individual_trajectories_bridge' with build type 'ament_cmake'
[0.430s] INFO:colcon.colcon_cmake.task.cmake.build:Building CMake package in '/home/mara/demo_ws/src/MARA/individual_trajectories_bridge'
[0.431s] INFO:colcon.colcon_core.shell:Skip shell extension 'powershell' for command environment: Not usable outside of PowerShell
[0.432s] DEBUG:colcon.colcon_core.shell:Skip shell extension 'dsv' for command environment
[0.438s] INFO:colcon.colcon_ros.task.ament_cmake.build:Building ROS package in '/home/mara/demo_ws/src/MARA/mara_bringup' with build type 'ament_cmake'
[0.439s] INFO:colcon.colcon_cmake.task.cmake.build:Building CMake package in '/home/mara/demo_ws/src/MARA/mara_bringup'
[0.440s] INFO:colcon.colcon_core.shell:Skip shell extension 'powershell' for command environment: Not usable outside of PowerShell
[0.440s] DEBUG:colcon.colcon_core.shell:Skip shell extension 'dsv' for command environment
[0.445s] INFO:colcon.colcon_ros.task.ament_cmake.build:Building ROS package in '/home/mara/demo_ws/src/MARA/mara_contact_publisher' with build type 'ament_cmake'
[0.446s] INFO:colcon.colcon_cmake.task.cmake.build:Building CMake package in '/home/mara/demo_ws/src/MARA/mara_contact_publisher'
[0.446s] INFO:colcon.colcon_core.shell:Skip shell extension 'powershell' for command environment: Not usable outside of PowerShell
[0.447s] DEBUG:colcon.colcon_core.shell:Skip shell extension 'dsv' for command environment
[0.452s] INFO:colcon.colcon_ros.task.ament_cmake.build:Building ROS package in '/home/mara/demo_ws/src/MARA/mara_description' with build type 'ament_cmake'
[0.452s] INFO:colcon.colcon_cmake.task.cmake.build:Building CMake package in '/home/mara/demo_ws/src/MARA/mara_description'
[0.453s] INFO:colcon.colcon_core.shell:Skip shell extension 'powershell' for command environment: Not usable outside of PowerShell
[0.453s] DEBUG:colcon.colcon_core.shell:Skip shell extension 'dsv' for command environment
[0.459s] INFO:colcon.colcon_ros.task.ament_cmake.build:Building ROS package in '/home/mara/demo_ws/src/MARA/mara_gazebo' with build type 'ament_cmake'
[0.459s] INFO:colcon.colcon_cmake.task.cmake.build:Building CMake package in '/home/mara/demo_ws/src/MARA/mara_gazebo'
[0.460s] INFO:colcon.colcon_core.shell:Skip shell extension 'powershell' for command environment: Not usable outside of PowerShell
[0.460s] DEBUG:colcon.colcon_core.shell:Skip shell extension 'dsv' for command environment
[0.466s] INFO:colcon.colcon_ros.task.ament_cmake.build:Building ROS package in '/home/mara/demo_ws/src/MARA/mara_gazebo_plugins' with build type 'ament_cmake'
[0.467s] INFO:colcon.colcon_cmake.task.cmake.build:Building CMake package in '/home/mara/demo_ws/src/MARA/mara_gazebo_plugins'
[0.467s] INFO:colcon.colcon_core.shell:Skip shell extension 'powershell' for command environment: Not usable outside of PowerShell
[0.468s] DEBUG:colcon.colcon_core.shell:Skip shell extension 'dsv' for command environment
[0.744s] INFO:colcon.colcon_core.task.python.build:Building Python package in '/home/mara/demo_ws/src/carro_pkg'
[0.745s] INFO:colcon.colcon_core.shell:Skip shell extension 'powershell' for command environment: Not usable outside of PowerShell
[0.745s] DEBUG:colcon.colcon_core.shell:Skip shell extension 'dsv' for command environment
[0.753s] DEBUG:colcon.colcon_core.event_handler.log_command:Invoking command in '/home/mara/demo_ws/src/build/hros_cognition_mara_components': CMAKE_PREFIX_PATH=${CMAKE_PREFIX_PATH}:/home/mara/demo_ws/install/carro_pkg:/opt/ros/foxy /usr/bin/cmake /home/mara/demo_ws/src/MARA/hros_cognition_mara_components -DCMAKE_INSTALL_PREFIX=/home/mara/demo_ws/src/install/hros_cognition_mara_components
[0.811s] DEBUG:colcon.colcon_core.event_handler.log_command:Invoking command in '/home/mara/demo_ws/src/build/individual_trajectories_bridge': CMAKE_PREFIX_PATH=${CMAKE_PREFIX_PATH}:/home/mara/demo_ws/install/carro_pkg:/opt/ros/foxy /usr/bin/cmake /home/mara/demo_ws/src/MARA/individual_trajectories_bridge -DCMAKE_INSTALL_PREFIX=/home/mara/demo_ws/src/install/individual_trajectories_bridge
[0.825s] DEBUG:colcon.colcon_core.event_handler.log_command:Invoking command in '/home/mara/demo_ws/src/build/mara_bringup': CMAKE_PREFIX_PATH=${CMAKE_PREFIX_PATH}:/home/mara/demo_ws/install/carro_pkg:/opt/ros/foxy /usr/bin/cmake /home/mara/demo_ws/src/MARA/mara_bringup -DCMAKE_INSTALL_PREFIX=/home/mara/demo_ws/src/install/mara_bringup
[0.833s] DEBUG:colcon.colcon_core.event_handler.log_command:Invoking command in '/home/mara/demo_ws/src/build/mara_contact_publisher': CMAKE_PREFIX_PATH=${CMAKE_PREFIX_PATH}:/home/mara/demo_ws/install/carro_pkg:/opt/ros/foxy /usr/bin/cmake /home/mara/demo_ws/src/MARA/mara_contact_publisher -DCMAKE_INSTALL_PREFIX=/home/mara/demo_ws/src/install/mara_contact_publisher
[0.839s] DEBUG:colcon.colcon_core.event_handler.log_command:Invoking command in '/home/mara/demo_ws/src/build/mara_description': CMAKE_PREFIX_PATH=${CMAKE_PREFIX_PATH}:/home/mara/demo_ws/install/carro_pkg:/opt/ros/foxy /usr/bin/cmake /home/mara/demo_ws/src/MARA/mara_description -DCMAKE_INSTALL_PREFIX=/home/mara/demo_ws/src/install/mara_description
[0.844s] DEBUG:colcon.colcon_core.event_handler.log_command:Invoking command in '/home/mara/demo_ws/src/build/mara_gazebo': CMAKE_PREFIX_PATH=${CMAKE_PREFIX_PATH}:/home/mara/demo_ws/install/carro_pkg:/opt/ros/foxy /usr/bin/cmake /home/mara/demo_ws/src/MARA/mara_gazebo -DCMAKE_INSTALL_PREFIX=/home/mara/demo_ws/src/install/mara_gazebo
[0.848s] DEBUG:colcon.colcon_core.event_handler.log_command:Invoking command in '/home/mara/demo_ws/src/build/mara_gazebo_plugins': CMAKE_PREFIX_PATH=${CMAKE_PREFIX_PATH}:/home/mara/demo_ws/install/carro_pkg:/opt/ros/foxy /usr/bin/cmake /home/mara/demo_ws/src/MARA/mara_gazebo_plugins -DCMAKE_INSTALL_PREFIX=/home/mara/demo_ws/src/install/mara_gazebo_plugins
[1.458s] DEBUG:colcon.colcon_core.event_handler.log_command:Invoking command in '/home/mara/demo_ws/src/carro_pkg': PYTHONPATH=/home/mara/demo_ws/src/install/carro_pkg/lib/python3.8/site-packages:${PYTHONPATH} /usr/bin/python3 setup.py egg_info --egg-base ../build/carro_pkg build --build-base /home/mara/demo_ws/src/build/carro_pkg/build install --prefix /home/mara/demo_ws/src/install/carro_pkg --record /home/mara/demo_ws/src/build/carro_pkg/install.log --single-version-externally-managed
[11.413s] DEBUG:colcon.colcon_core.event_handler.log_command:Invoked command in '/home/mara/demo_ws/src/build/mara_gazebo' returned '0': CMAKE_PREFIX_PATH=${CMAKE_PREFIX_PATH}:/home/mara/demo_ws/install/carro_pkg:/opt/ros/foxy /usr/bin/cmake /home/mara/demo_ws/src/MARA/mara_gazebo -DCMAKE_INSTALL_PREFIX=/home/mara/demo_ws/src/install/mara_gazebo
[11.428s] DEBUG:colcon.colcon_core.event_handler.log_command:Invoking command in '/home/mara/demo_ws/src/build/mara_gazebo': CMAKE_PREFIX_PATH=${CMAKE_PREFIX_PATH}:/home/mara/demo_ws/install/carro_pkg:/opt/ros/foxy /usr/bin/cmake --build /home/mara/demo_ws/src/build/mara_gazebo -- -j8 -l8
[11.429s] DEBUG:colcon.colcon_core.event_handler.log_command:Invoked command in '/home/mara/demo_ws/src/build/mara_description' returned '0': CMAKE_PREFIX_PATH=${CMAKE_PREFIX_PATH}:/home/mara/demo_ws/install/carro_pkg:/opt/ros/foxy /usr/bin/cmake /home/mara/demo_ws/src/MARA/mara_description -DCMAKE_INSTALL_PREFIX=/home/mara/demo_ws/src/install/mara_description
[11.431s] DEBUG:colcon.colcon_core.event_handler.log_command:Invoking command in '/home/mara/demo_ws/src/build/mara_description': CMAKE_PREFIX_PATH=${CMAKE_PREFIX_PATH}:/home/mara/demo_ws/install/carro_pkg:/opt/ros/foxy /usr/bin/cmake --build /home/mara/demo_ws/src/build/mara_description -- -j8 -l8
[11.431s] DEBUG:colcon.colcon_core.event_handler.log_command:Invoked command in '/home/mara/demo_ws/src/carro_pkg' returned '0': PYTHONPATH=/home/mara/demo_ws/src/install/carro_pkg/lib/python3.8/site-packages:${PYTHONPATH} /usr/bin/python3 setup.py egg_info --egg-base ../build/carro_pkg build --build-base /home/mara/demo_ws/src/build/carro_pkg/build install --prefix /home/mara/demo_ws/src/install/carro_pkg --record /home/mara/demo_ws/src/build/carro_pkg/install.log --single-version-externally-managed
[11.432s] Level 1:colcon.colcon_core.environment:checking '/home/mara/demo_ws/src/install/carro_pkg' for CMake module files
[11.433s] Level 1:colcon.colcon_core.environment:checking '/home/mara/demo_ws/src/install/carro_pkg' for CMake config files
[11.464s] Level 1:colcon.colcon_core.environment:checking '/home/mara/demo_ws/src/install/carro_pkg/lib'
[11.464s] Level 1:colcon.colcon_core.environment:checking '/home/mara/demo_ws/src/install/carro_pkg/bin'
[11.465s] Level 1:colcon.colcon_core.environment:checking '/home/mara/demo_ws/src/install/carro_pkg/lib/pkgconfig/carro_pkg.pc'
[11.465s] Level 1:colcon.colcon_core.environment:checking '/home/mara/demo_ws/src/install/carro_pkg/lib/python3.8/site-packages'
[11.465s] Level 1:colcon.colcon_core.shell:create_environment_hook('carro_pkg', 'pythonpath')
[11.465s] INFO:colcon.colcon_core.shell:Creating environment hook '/home/mara/demo_ws/src/install/carro_pkg/share/carro_pkg/hook/pythonpath.ps1'
[11.466s] INFO:colcon.colcon_core.shell:Creating environment descriptor '/home/mara/demo_ws/src/install/carro_pkg/share/carro_pkg/hook/pythonpath.dsv'
[11.466s] INFO:colcon.colcon_core.shell:Creating environment hook '/home/mara/demo_ws/src/install/carro_pkg/share/carro_pkg/hook/pythonpath.sh'
[11.467s] Level 1:colcon.colcon_core.environment:checking '/home/mara/demo_ws/src/install/carro_pkg/bin'
[11.467s] Level 1:colcon.colcon_core.environment:create_environment_scripts_only(carro_pkg)
[11.468s] INFO:colcon.colcon_core.shell:Creating package script '/home/mara/demo_ws/src/install/carro_pkg/share/carro_pkg/package.ps1'
[11.468s] INFO:colcon.colcon_core.shell:Creating package descriptor '/home/mara/demo_ws/src/install/carro_pkg/share/carro_pkg/package.dsv'
[11.469s] INFO:colcon.colcon_core.shell:Creating package script '/home/mara/demo_ws/src/install/carro_pkg/share/carro_pkg/package.sh'
[11.470s] INFO:colcon.colcon_core.shell:Creating package script '/home/mara/demo_ws/src/install/carro_pkg/share/carro_pkg/package.bash'
[11.493s] INFO:colcon.colcon_core.shell:Creating package script '/home/mara/demo_ws/src/install/carro_pkg/share/carro_pkg/package.zsh'
[11.494s] Level 1:colcon.colcon_core.environment:create_file_with_runtime_dependencies(/home/mara/demo_ws/src/install/carro_pkg/share/colcon-core/packages/carro_pkg)
[11.496s] INFO:colcon.colcon_ros.task.ament_cmake.build:Building ROS package in '/home/mara/demo_ws/src/MARA/mara_utils_scripts' with build type 'ament_cmake'
[11.496s] INFO:colcon.colcon_cmake.task.cmake.build:Building CMake package in '/home/mara/demo_ws/src/MARA/mara_utils_scripts'
[11.496s] INFO:colcon.colcon_core.shell:Skip shell extension 'powershell' for command environment: Not usable outside of PowerShell
[11.497s] DEBUG:colcon.colcon_core.shell:Skip shell extension 'dsv' for command environment
[11.505s] DEBUG:colcon.colcon_core.event_handler.log_command:Invoked command in '/home/mara/demo_ws/src/build/mara_gazebo' returned '0': CMAKE_PREFIX_PATH=${CMAKE_PREFIX_PATH}:/home/mara/demo_ws/install/carro_pkg:/opt/ros/foxy /usr/bin/cmake --build /home/mara/demo_ws/src/build/mara_gazebo -- -j8 -l8
[11.511s] DEBUG:colcon.colcon_core.event_handler.log_command:Invoked command in '/home/mara/demo_ws/src/build/mara_description' returned '0': CMAKE_PREFIX_PATH=${CMAKE_PREFIX_PATH}:/home/mara/demo_ws/install/carro_pkg:/opt/ros/foxy /usr/bin/cmake --build /home/mara/demo_ws/src/build/mara_description -- -j8 -l8
[11.519s] DEBUG:colcon.colcon_core.event_handler.log_command:Invoking command in '/home/mara/demo_ws/src/build/mara_utils_scripts': CMAKE_PREFIX_PATH=${CMAKE_PREFIX_PATH}:/home/mara/demo_ws/install/carro_pkg:/opt/ros/foxy /usr/bin/cmake /home/mara/demo_ws/src/MARA/mara_utils_scripts -DCMAKE_INSTALL_PREFIX=/home/mara/demo_ws/src/install/mara_utils_scripts
[11.549s] DEBUG:colcon.colcon_core.event_handler.log_command:Invoking command in '/home/mara/demo_ws/src/build/mara_gazebo': CMAKE_PREFIX_PATH=${CMAKE_PREFIX_PATH}:/home/mara/demo_ws/install/carro_pkg:/opt/ros/foxy /usr/bin/cmake --install /home/mara/demo_ws/src/build/mara_gazebo
[11.552s] DEBUG:colcon.colcon_core.event_handler.log_command:Invoking command in '/home/mara/demo_ws/src/build/mara_description': CMAKE_PREFIX_PATH=${CMAKE_PREFIX_PATH}:/home/mara/demo_ws/install/carro_pkg:/opt/ros/foxy /usr/bin/cmake --install /home/mara/demo_ws/src/build/mara_description
[12.399s] DEBUG:colcon.colcon_core.event_handler.log_command:Invoked command in '/home/mara/demo_ws/src/build/mara_utils_scripts' returned '0': CMAKE_PREFIX_PATH=${CMAKE_PREFIX_PATH}:/home/mara/demo_ws/install/carro_pkg:/opt/ros/foxy /usr/bin/cmake /home/mara/demo_ws/src/MARA/mara_utils_scripts -DCMAKE_INSTALL_PREFIX=/home/mara/demo_ws/src/install/mara_utils_scripts
[12.404s] Level 1:colcon.colcon_core.environment:create_environment_scripts_only(mara_gazebo)
[12.405s] Level 1:colcon.colcon_core.environment:checking '/home/mara/demo_ws/src/install/mara_gazebo' for CMake module files
[12.407s] Level 1:colcon.colcon_core.environment:checking '/home/mara/demo_ws/src/install/mara_gazebo' for CMake config files
[12.411s] Level 1:colcon.colcon_core.shell:create_environment_hook('mara_gazebo', 'cmake_prefix_path')
[12.412s] INFO:colcon.colcon_core.shell:Creating environment hook '/home/mara/demo_ws/src/install/mara_gazebo/share/mara_gazebo/hook/cmake_prefix_path.ps1'
[12.412s] INFO:colcon.colcon_core.shell:Creating environment descriptor '/home/mara/demo_ws/src/install/mara_gazebo/share/mara_gazebo/hook/cmake_prefix_path.dsv'
[12.413s] INFO:colcon.colcon_core.shell:Creating environment hook '/home/mara/demo_ws/src/install/mara_gazebo/share/mara_gazebo/hook/cmake_prefix_path.sh'
[12.414s] Level 1:colcon.colcon_core.environment:checking '/home/mara/demo_ws/src/install/mara_gazebo/bin'
[12.414s] Level 1:colcon.colcon_core.environment:checking '/home/mara/demo_ws/src/install/mara_gazebo/lib/pkgconfig/mara_gazebo.pc'
[12.414s] Level 1:colcon.colcon_core.environment:checking '/home/mara/demo_ws/src/install/mara_gazebo/lib/python3.8/site-packages'
[12.415s] Level 1:colcon.colcon_core.environment:checking '/home/mara/demo_ws/src/install/mara_gazebo/bin'
[12.416s] INFO:colcon.colcon_core.shell:Creating package script '/home/mara/demo_ws/src/install/mara_gazebo/share/mara_gazebo/package.ps1'
[12.417s] INFO:colcon.colcon_core.shell:Creating package descriptor '/home/mara/demo_ws/src/install/mara_gazebo/share/mara_gazebo/package.dsv'
[12.418s] INFO:colcon.colcon_core.shell:Creating package script '/home/mara/demo_ws/src/install/mara_gazebo/share/mara_gazebo/package.sh'
[12.419s] INFO:colcon.colcon_core.shell:Creating package script '/home/mara/demo_ws/src/install/mara_gazebo/share/mara_gazebo/package.bash'
[12.420s] INFO:colcon.colcon_core.shell:Creating package script '/home/mara/demo_ws/src/install/mara_gazebo/share/mara_gazebo/package.zsh'
[12.420s] Level 1:colcon.colcon_core.environment:create_file_with_runtime_dependencies(/home/mara/demo_ws/src/install/mara_gazebo/share/colcon-core/packages/mara_gazebo)
[12.424s] Level 1:colcon.colcon_core.environment:create_environment_scripts_only(mara_description)
[12.427s] Level 1:colcon.colcon_core.environment:checking '/home/mara/demo_ws/src/install/mara_description' for CMake module files
[12.428s] DEBUG:colcon.colcon_core.event_handler.log_command:Invoking command in '/home/mara/demo_ws/src/build/mara_utils_scripts': CMAKE_PREFIX_PATH=${CMAKE_PREFIX_PATH}:/home/mara/demo_ws/install/carro_pkg:/opt/ros/foxy /usr/bin/cmake --build /home/mara/demo_ws/src/build/mara_utils_scripts -- -j8 -l8
[12.429s] DEBUG:colcon.colcon_core.event_handler.log_command:Invoked command in '/home/mara/demo_ws/src/build/mara_gazebo' returned '0': CMAKE_PREFIX_PATH=${CMAKE_PREFIX_PATH}:/home/mara/demo_ws/install/carro_pkg:/opt/ros/foxy /usr/bin/cmake --install /home/mara/demo_ws/src/build/mara_gazebo
[12.429s] DEBUG:colcon.colcon_core.event_handler.log_command:Invoked command in '/home/mara/demo_ws/src/build/mara_description' returned '0': CMAKE_PREFIX_PATH=${CMAKE_PREFIX_PATH}:/home/mara/demo_ws/install/carro_pkg:/opt/ros/foxy /usr/bin/cmake --install /home/mara/demo_ws/src/build/mara_description
[12.429s] Level 1:colcon.colcon_core.environment:checking '/home/mara/demo_ws/src/install/mara_description' for CMake config files
[12.430s] Level 1:colcon.colcon_core.shell:create_environment_hook('mara_description', 'cmake_prefix_path')
[12.431s] INFO:colcon.colcon_core.shell:Creating environment hook '/home/mara/demo_ws/src/install/mara_description/share/mara_description/hook/cmake_prefix_path.ps1'
[12.432s] INFO:colcon.colcon_core.shell:Creating environment descriptor '/home/mara/demo_ws/src/install/mara_description/share/mara_description/hook/cmake_prefix_path.dsv'
[12.432s] INFO:colcon.colcon_core.shell:Creating environment hook '/home/mara/demo_ws/src/install/mara_description/share/mara_description/hook/cmake_prefix_path.sh'
[12.433s] Level 1:colcon.colcon_core.environment:checking '/home/mara/demo_ws/src/install/mara_description/bin'
[12.433s] Level 1:colcon.colcon_core.environment:checking '/home/mara/demo_ws/src/install/mara_description/lib/pkgconfig/mara_description.pc'
[12.433s] Level 1:colcon.colcon_core.environment:checking '/home/mara/demo_ws/src/install/mara_description/lib/python3.8/site-packages'
[12.433s] Level 1:colcon.colcon_core.environment:checking '/home/mara/demo_ws/src/install/mara_description/bin'
[12.434s] INFO:colcon.colcon_core.shell:Creating package script '/home/mara/demo_ws/src/install/mara_description/share/mara_description/package.ps1'
[12.434s] INFO:colcon.colcon_core.shell:Creating package descriptor '/home/mara/demo_ws/src/install/mara_description/share/mara_description/package.dsv'
[12.435s] INFO:colcon.colcon_core.shell:Creating package script '/home/mara/demo_ws/src/install/mara_description/share/mara_description/package.sh'
[12.435s] INFO:colcon.colcon_core.shell:Creating package script '/home/mara/demo_ws/src/install/mara_description/share/mara_description/package.bash'
[12.435s] INFO:colcon.colcon_core.shell:Creating package script '/home/mara/demo_ws/src/install/mara_description/share/mara_description/package.zsh'
[12.435s] Level 1:colcon.colcon_core.environment:create_file_with_runtime_dependencies(/home/mara/demo_ws/src/install/mara_description/share/colcon-core/packages/mara_description)
[12.442s] DEBUG:colcon.colcon_core.event_handler.log_command:Invoked command in '/home/mara/demo_ws/src/build/mara_utils_scripts' returned '0': CMAKE_PREFIX_PATH=${CMAKE_PREFIX_PATH}:/home/mara/demo_ws/install/carro_pkg:/opt/ros/foxy /usr/bin/cmake --build /home/mara/demo_ws/src/build/mara_utils_scripts -- -j8 -l8
[12.447s] Level 1:colcon.colcon_core.environment:create_environment_scripts_only(mara_gazebo)
[12.448s] Level 1:colcon.colcon_core.environment:checking '/home/mara/demo_ws/src/install/mara_gazebo' for CMake module files
[12.449s] Level 1:colcon.colcon_core.environment:checking '/home/mara/demo_ws/src/install/mara_gazebo' for CMake config files
[12.449s] Level 1:colcon.colcon_core.shell:create_environment_hook('mara_gazebo', 'cmake_prefix_path')
[12.450s] INFO:colcon.colcon_core.shell:Creating environment hook '/home/mara/demo_ws/src/install/mara_gazebo/share/mara_gazebo/hook/cmake_prefix_path.ps1'
[12.451s] INFO:colcon.colcon_core.shell:Creating environment descriptor '/home/mara/demo_ws/src/install/mara_gazebo/share/mara_gazebo/hook/cmake_prefix_path.dsv'
[12.451s] INFO:colcon.colcon_core.shell:Creating environment hook '/home/mara/demo_ws/src/install/mara_gazebo/share/mara_gazebo/hook/cmake_prefix_path.sh'
[12.452s] Level 1:colcon.colcon_core.environment:checking '/home/mara/demo_ws/src/install/mara_gazebo/bin'
[12.452s] Level 1:colcon.colcon_core.environment:checking '/home/mara/demo_ws/src/install/mara_gazebo/lib/pkgconfig/mara_gazebo.pc'
[12.452s] Level 1:colcon.colcon_core.environment:checking '/home/mara/demo_ws/src/install/mara_gazebo/lib/python3.8/site-packages'
[12.453s] Level 1:colcon.colcon_core.environment:checking '/home/mara/demo_ws/src/install/mara_gazebo/bin'
[12.454s] INFO:colcon.colcon_core.shell:Creating package script '/home/mara/demo_ws/src/install/mara_gazebo/share/mara_gazebo/package.ps1'
[12.454s] INFO:colcon.colcon_core.shell:Creating package descriptor '/home/mara/demo_ws/src/install/mara_gazebo/share/mara_gazebo/package.dsv'
[12.455s] INFO:colcon.colcon_core.shell:Creating package script '/home/mara/demo_ws/src/install/mara_gazebo/share/mara_gazebo/package.sh'
[12.455s] INFO:colcon.colcon_core.shell:Creating package script '/home/mara/demo_ws/src/install/mara_gazebo/share/mara_gazebo/package.bash'
[12.468s] INFO:colcon.colcon_core.shell:Creating package script '/home/mara/demo_ws/src/install/mara_gazebo/share/mara_gazebo/package.zsh'
[12.469s] Level 1:colcon.colcon_core.environment:create_file_with_runtime_dependencies(/home/mara/demo_ws/src/install/mara_gazebo/share/colcon-core/packages/mara_gazebo)
[12.471s] Level 1:colcon.colcon_core.environment:create_environment_scripts_only(mara_description)
[12.472s] Level 1:colcon.colcon_core.environment:checking '/home/mara/demo_ws/src/install/mara_description' for CMake module files
[12.472s] Level 1:colcon.colcon_core.environment:checking '/home/mara/demo_ws/src/install/mara_description' for CMake config files
[12.473s] Level 1:colcon.colcon_core.shell:create_environment_hook('mara_description', 'cmake_prefix_path')
[12.473s] INFO:colcon.colcon_core.shell:Creating environment hook '/home/mara/demo_ws/src/install/mara_description/share/mara_description/hook/cmake_prefix_path.ps1'
[12.474s] INFO:colcon.colcon_core.shell:Creating environment descriptor '/home/mara/demo_ws/src/install/mara_description/share/mara_description/hook/cmake_prefix_path.dsv'
[12.474s] INFO:colcon.colcon_core.shell:Creating environment hook '/home/mara/demo_ws/src/install/mara_description/share/mara_description/hook/cmake_prefix_path.sh'
[12.474s] Level 1:colcon.colcon_core.environment:checking '/home/mara/demo_ws/src/install/mara_description/bin'
[12.474s] Level 1:colcon.colcon_core.environment:checking '/home/mara/demo_ws/src/install/mara_description/lib/pkgconfig/mara_description.pc'
[12.475s] Level 1:colcon.colcon_core.environment:checking '/home/mara/demo_ws/src/install/mara_description/lib/python3.8/site-packages'
[12.475s] Level 1:colcon.colcon_core.environment:checking '/home/mara/demo_ws/src/install/mara_description/bin'
[12.475s] INFO:colcon.colcon_core.shell:Creating package script '/home/mara/demo_ws/src/install/mara_description/share/mara_description/package.ps1'
[12.476s] INFO:colcon.colcon_core.shell:Creating package descriptor '/home/mara/demo_ws/src/install/mara_description/share/mara_description/package.dsv'
[12.476s] INFO:colcon.colcon_core.shell:Creating package script '/home/mara/demo_ws/src/install/mara_description/share/mara_description/package.sh'
[12.477s] INFO:colcon.colcon_core.shell:Creating package script '/home/mara/demo_ws/src/install/mara_description/share/mara_description/package.bash'
[12.486s] INFO:colcon.colcon_core.shell:Creating package script '/home/mara/demo_ws/src/install/mara_description/share/mara_description/package.zsh'
[12.487s] Level 1:colcon.colcon_core.environment:create_file_with_runtime_dependencies(/home/mara/demo_ws/src/install/mara_description/share/colcon-core/packages/mara_description)
[12.491s] DEBUG:colcon.colcon_core.event_handler.log_command:Invoking command in '/home/mara/demo_ws/src/build/mara_utils_scripts': CMAKE_PREFIX_PATH=${CMAKE_PREFIX_PATH}:/home/mara/demo_ws/install/carro_pkg:/opt/ros/foxy /usr/bin/cmake --install /home/mara/demo_ws/src/build/mara_utils_scripts
[12.507s] Level 1:colcon.colcon_core.environment:create_environment_scripts_only(mara_utils_scripts)
[12.509s] Level 1:colcon.colcon_core.environment:checking '/home/mara/demo_ws/src/install/mara_utils_scripts' for CMake module files
[12.510s] DEBUG:colcon.colcon_core.event_handler.log_command:Invoked command in '/home/mara/demo_ws/src/build/mara_utils_scripts' returned '0': CMAKE_PREFIX_PATH=${CMAKE_PREFIX_PATH}:/home/mara/demo_ws/install/carro_pkg:/opt/ros/foxy /usr/bin/cmake --install /home/mara/demo_ws/src/build/mara_utils_scripts
[12.510s] Level 1:colcon.colcon_core.environment:checking '/home/mara/demo_ws/src/install/mara_utils_scripts' for CMake config files
[12.511s] Level 1:colcon.colcon_core.shell:create_environment_hook('mara_utils_scripts', 'cmake_prefix_path')
[12.511s] INFO:colcon.colcon_core.shell:Creating environment hook '/home/mara/demo_ws/src/install/mara_utils_scripts/share/mara_utils_scripts/hook/cmake_prefix_path.ps1'
[12.512s] INFO:colcon.colcon_core.shell:Creating environment descriptor '/home/mara/demo_ws/src/install/mara_utils_scripts/share/mara_utils_scripts/hook/cmake_prefix_path.dsv'
[12.513s] INFO:colcon.colcon_core.shell:Creating environment hook '/home/mara/demo_ws/src/install/mara_utils_scripts/share/mara_utils_scripts/hook/cmake_prefix_path.sh'
[12.513s] Level 1:colcon.colcon_core.environment:checking '/home/mara/demo_ws/src/install/mara_utils_scripts/lib'
[12.514s] Level 1:colcon.colcon_core.environment:checking '/home/mara/demo_ws/src/install/mara_utils_scripts/bin'
[12.514s] Level 1:colcon.colcon_core.environment:checking '/home/mara/demo_ws/src/install/mara_utils_scripts/lib/pkgconfig/mara_utils_scripts.pc'
[12.514s] Level 1:colcon.colcon_core.environment:checking '/home/mara/demo_ws/src/install/mara_utils_scripts/lib/python3.8/site-packages'
[12.514s] Level 1:colcon.colcon_core.environment:checking '/home/mara/demo_ws/src/install/mara_utils_scripts/bin'
[12.516s] INFO:colcon.colcon_core.shell:Creating package script '/home/mara/demo_ws/src/install/mara_utils_scripts/share/mara_utils_scripts/package.ps1'
[12.516s] INFO:colcon.colcon_core.shell:Creating package descriptor '/home/mara/demo_ws/src/install/mara_utils_scripts/share/mara_utils_scripts/package.dsv'
[12.517s] INFO:colcon.colcon_core.shell:Creating package script '/home/mara/demo_ws/src/install/mara_utils_scripts/share/mara_utils_scripts/package.sh'
[12.517s] INFO:colcon.colcon_core.shell:Creating package script '/home/mara/demo_ws/src/install/mara_utils_scripts/share/mara_utils_scripts/package.bash'
[12.518s] INFO:colcon.colcon_core.shell:Creating package script '/home/mara/demo_ws/src/install/mara_utils_scripts/share/mara_utils_scripts/package.zsh'
[12.518s] Level 1:colcon.colcon_core.environment:create_file_with_runtime_dependencies(/home/mara/demo_ws/src/install/mara_utils_scripts/share/colcon-core/packages/mara_utils_scripts)
[12.545s] Level 1:colcon.colcon_core.environment:create_environment_scripts_only(mara_utils_scripts)
[12.546s] Level 1:colcon.colcon_core.environment:checking '/home/mara/demo_ws/src/install/mara_utils_scripts' for CMake module files
[12.547s] Level 1:colcon.colcon_core.environment:checking '/home/mara/demo_ws/src/install/mara_utils_scripts' for CMake config files
[12.548s] Level 1:colcon.colcon_core.shell:create_environment_hook('mara_utils_scripts', 'cmake_prefix_path')
[12.548s] INFO:colcon.colcon_core.shell:Creating environment hook '/home/mara/demo_ws/src/install/mara_utils_scripts/share/mara_utils_scripts/hook/cmake_prefix_path.ps1'
[12.549s] INFO:colcon.colcon_core.shell:Creating environment descriptor '/home/mara/demo_ws/src/install/mara_utils_scripts/share/mara_utils_scripts/hook/cmake_prefix_path.dsv'
[12.549s] INFO:colcon.colcon_core.shell:Creating environment hook '/home/mara/demo_ws/src/install/mara_utils_scripts/share/mara_utils_scripts/hook/cmake_prefix_path.sh'
[12.550s] Level 1:colcon.colcon_core.environment:checking '/home/mara/demo_ws/src/install/mara_utils_scripts/lib'
[12.550s] Level 1:colcon.colcon_core.environment:checking '/home/mara/demo_ws/src/install/mara_utils_scripts/bin'
[12.551s] Level 1:colcon.colcon_core.environment:checking '/home/mara/demo_ws/src/install/mara_utils_scripts/lib/pkgconfig/mara_utils_scripts.pc'
[12.551s] Level 1:colcon.colcon_core.environment:checking '/home/mara/demo_ws/src/install/mara_utils_scripts/lib/python3.8/site-packages'
[12.551s] Level 1:colcon.colcon_core.environment:checking '/home/mara/demo_ws/src/install/mara_utils_scripts/bin'
[12.552s] INFO:colcon.colcon_core.shell:Creating package script '/home/mara/demo_ws/src/install/mara_utils_scripts/share/mara_utils_scripts/package.ps1'
[12.553s] INFO:colcon.colcon_core.shell:Creating package descriptor '/home/mara/demo_ws/src/install/mara_utils_scripts/share/mara_utils_scripts/package.dsv'
[12.554s] INFO:colcon.colcon_core.shell:Creating package script '/home/mara/demo_ws/src/install/mara_utils_scripts/share/mara_utils_scripts/package.sh'
[12.555s] INFO:colcon.colcon_core.shell:Creating package script '/home/mara/demo_ws/src/install/mara_utils_scripts/share/mara_utils_scripts/package.bash'
[12.555s] INFO:colcon.colcon_core.shell:Creating package script '/home/mara/demo_ws/src/install/mara_utils_scripts/share/mara_utils_scripts/package.zsh'
[12.556s] Level 1:colcon.colcon_core.environment:create_file_with_runtime_dependencies(/home/mara/demo_ws/src/install/mara_utils_scripts/share/colcon-core/packages/mara_utils_scripts)
[13.497s] DEBUG:colcon.colcon_core.event_handler.log_command:Invoked command in '/home/mara/demo_ws/src/build/hros_cognition_mara_components' returned '1': CMAKE_PREFIX_PATH=${CMAKE_PREFIX_PATH}:/home/mara/demo_ws/install/carro_pkg:/opt/ros/foxy /usr/bin/cmake /home/mara/demo_ws/src/MARA/hros_cognition_mara_components -DCMAKE_INSTALL_PREFIX=/home/mara/demo_ws/src/install/hros_cognition_mara_components
[13.512s] Level 1:colcon.colcon_core.environment:create_environment_scripts_only(hros_cognition_mara_components)
[13.513s] Level 1:colcon.colcon_core.environment:checking '/home/mara/demo_ws/src/install/hros_cognition_mara_components' for CMake module files
[13.514s] Level 1:colcon.colcon_core.environment:checking '/home/mara/demo_ws/src/install/hros_cognition_mara_components' for CMake config files
[13.514s] Level 1:colcon.colcon_core.environment:checking '/home/mara/demo_ws/src/install/hros_cognition_mara_components/bin'
[13.515s] Level 1:colcon.colcon_core.environment:checking '/home/mara/demo_ws/src/install/hros_cognition_mara_components/lib/pkgconfig/hros_cognition_mara_components.pc'
[13.515s] Level 1:colcon.colcon_core.environment:checking '/home/mara/demo_ws/src/install/hros_cognition_mara_components/lib/python3.8/site-packages'
[13.515s] Level 1:colcon.colcon_core.environment:checking '/home/mara/demo_ws/src/install/hros_cognition_mara_components/bin'
[13.516s] INFO:colcon.colcon_core.shell:Creating package script '/home/mara/demo_ws/src/install/hros_cognition_mara_components/share/hros_cognition_mara_components/package.ps1'
[13.517s] INFO:colcon.colcon_core.shell:Creating package descriptor '/home/mara/demo_ws/src/install/hros_cognition_mara_components/share/hros_cognition_mara_components/package.dsv'
[13.517s] INFO:colcon.colcon_core.shell:Creating package script '/home/mara/demo_ws/src/install/hros_cognition_mara_components/share/hros_cognition_mara_components/package.sh'
[13.517s] INFO:colcon.colcon_core.shell:Creating package script '/home/mara/demo_ws/src/install/hros_cognition_mara_components/share/hros_cognition_mara_components/package.bash'
[13.517s] INFO:colcon.colcon_core.shell:Creating package script '/home/mara/demo_ws/src/install/hros_cognition_mara_components/share/hros_cognition_mara_components/package.zsh'
[13.518s] Level 1:colcon.colcon_core.environment:create_file_with_runtime_dependencies(/home/mara/demo_ws/src/install/hros_cognition_mara_components/share/colcon-core/packages/hros_cognition_mara_components)
[13.521s] DEBUG:colcon.colcon_core.event_handler.log_command:Invoked command in '/home/mara/demo_ws/src/build/mara_bringup' returned '0': CMAKE_PREFIX_PATH=${CMAKE_PREFIX_PATH}:/home/mara/demo_ws/install/carro_pkg:/opt/ros/foxy /usr/bin/cmake /home/mara/demo_ws/src/MARA/mara_bringup -DCMAKE_INSTALL_PREFIX=/home/mara/demo_ws/src/install/mara_bringup
[13.522s] DEBUG:colcon.colcon_core.event_handler.log_command:Invoking command in '/home/mara/demo_ws/src/build/mara_bringup': CMAKE_PREFIX_PATH=${CMAKE_PREFIX_PATH}:/home/mara/demo_ws/install/carro_pkg:/opt/ros/foxy /usr/bin/cmake --build /home/mara/demo_ws/src/build/mara_bringup -- -j8 -l8
[17.711s] DEBUG:colcon.colcon_parallel_executor.executor.parallel:closing loop
[17.711s] DEBUG:colcon.colcon_parallel_executor.executor.parallel:loop closed
[17.711s] DEBUG:colcon.colcon_parallel_executor.executor.parallel:run_until_complete finished with '1'
[17.711s] DEBUG:colcon.colcon_core.event_reactor:joining thread
[17.720s] INFO:colcon.colcon_core.plugin_system:Skipping extension 'colcon_notification.desktop_notification.terminal_notifier': Not used on non-Darwin systems
[17.720s] INFO:colcon.colcon_core.plugin_system:Skipping extension 'colcon_notification.desktop_notification.win32': Not used on non-Windows systems
[17.720s] INFO:colcon.colcon_notification.desktop_notification:Sending desktop notification using 'notify2'
[17.739s] DEBUG:colcon.colcon_core.event_reactor:joined thread
[17.740s] INFO:colcon.colcon_core.shell:Creating prefix script '/home/mara/demo_ws/src/install/local_setup.ps1'
[17.741s] INFO:colcon.colcon_core.shell:Creating prefix util module '/home/mara/demo_ws/src/install/_local_setup_util_ps1.py'
[17.744s] INFO:colcon.colcon_core.shell:Creating prefix chain script '/home/mara/demo_ws/src/install/setup.ps1'
[17.746s] INFO:colcon.colcon_core.shell:Creating prefix script '/home/mara/demo_ws/src/install/local_setup.sh'
[17.747s] INFO:colcon.colcon_core.shell:Creating prefix util module '/home/mara/demo_ws/src/install/_local_setup_util_sh.py'
[17.747s] INFO:colcon.colcon_core.shell:Creating prefix chain script '/home/mara/demo_ws/src/install/setup.sh'
[17.749s] INFO:colcon.colcon_core.shell:Creating prefix script '/home/mara/demo_ws/src/install/local_setup.bash'
[17.750s] INFO:colcon.colcon_core.shell:Creating prefix chain script '/home/mara/demo_ws/src/install/setup.bash'
[17.751s] INFO:colcon.colcon_core.shell:Creating prefix script '/home/mara/demo_ws/src/install/local_setup.zsh'
[17.751s] INFO:colcon.colcon_core.shell:Creating prefix chain script '/home/mara/demo_ws/src/install/setup.zsh'
