[0.147s] DEBUG:colcon:Command line arguments: ['/usr/bin/colcon', 'build']
[0.147s] DEBUG:colcon:Parsed command line arguments: Namespace(allow_overriding=[], ament_cmake_args=None, base_paths=['.'], build_base='build', catkin_cmake_args=None, catkin_skip_building_tests=False, cmake_args=None, cmake_clean_cache=False, cmake_clean_first=False, cmake_force_configure=False, cmake_target=None, cmake_target_skip_unavailable=False, continue_on_error=False, event_handlers=None, executor='parallel', ignore_user_meta=False, install_base='install', log_base=None, log_level=None, main=<bound method BuildVerb.main of <colcon_core.verb.build.BuildVerb object at 0x7faa89acd670>>, merge_install=False, metas=['./colcon.meta'], mixin=None, mixin_files=None, mixin_verb=('build',), packages_above=None, packages_above_and_dependencies=None, packages_above_depth=None, packages_end=None, packages_ignore=None, packages_ignore_regex=None, packages_select=None, packages_select_build_failed=False, packages_select_by_dep=None, packages_select_regex=None, packages_select_test_failures=False, packages_skip=None, packages_skip_build_finished=False, packages_skip_by_dep=None, packages_skip_regex=None, packages_skip_test_passed=False, packages_skip_up_to=None, packages_start=None, packages_up_to=None, packages_up_to_regex=None, parallel_workers=8, paths=None, symlink_install=False, test_result_base=None, verb_extension=<colcon_core.verb.build.BuildVerb object at 0x7faa89acd670>, verb_name='build', verb_parser=<colcon_mixin.mixin.mixin_argument.MixinArgumentDecorator object at 0x7faa89acdcd0>)
[0.165s] Level 1:colcon.colcon_core.package_discovery:discover_packages(colcon_meta) check parameters
[0.166s] INFO:colcon.colcon_metadata.package_discovery.colcon_meta:Using configuration from '/home/mara/.colcon/metadata/default/Gazebo.meta'
[0.166s] INFO:colcon.colcon_metadata.package_discovery.colcon_meta:Using configuration from '/home/mara/.colcon/metadata/default/fastrtps.meta'
[0.166s] Level 1:colcon.colcon_core.package_discovery:discover_packages(recursive) check parameters
[0.166s] Level 1:colcon.colcon_core.package_discovery:discover_packages(ignore) check parameters
[0.166s] Level 1:colcon.colcon_core.package_discovery:discover_packages(path) check parameters
[0.166s] Level 1:colcon.colcon_core.package_discovery:discover_packages(colcon_meta) discover
[0.166s] Level 1:colcon.colcon_core.package_discovery:discover_packages(recursive) discover
[0.166s] INFO:colcon.colcon_core.package_discovery:Crawling recursively for packages in '/home/mara/demo_ws/src'
[0.166s] Level 1:colcon.colcon_core.package_identification:_identify(.) by extensions ['ignore', 'ignore_ament_install']
[0.167s] Level 1:colcon.colcon_core.package_identification:_identify(.) by extension 'ignore'
[0.167s] Level 1:colcon.colcon_core.package_identification:_identify(.) by extension 'ignore_ament_install'
[0.167s] Level 1:colcon.colcon_core.package_identification:_identify(.) by extensions ['colcon_pkg']
[0.167s] Level 1:colcon.colcon_core.package_identification:_identify(.) by extension 'colcon_pkg'
[0.167s] Level 1:colcon.colcon_core.package_identification:_identify(.) by extensions ['colcon_meta']
[0.167s] Level 1:colcon.colcon_core.package_identification:_identify(.) by extension 'colcon_meta'
[0.167s] Level 1:colcon.colcon_core.package_identification:_identify(.) by extensions ['ros']
[0.167s] Level 1:colcon.colcon_core.package_identification:_identify(.) by extension 'ros'
[0.227s] Level 1:colcon.colcon_core.package_identification:_identify(.) by extensions ['cmake', 'python']
[0.227s] Level 1:colcon.colcon_core.package_identification:_identify(.) by extension 'cmake'
[0.227s] Level 1:colcon.colcon_core.package_identification:_identify(.) by extension 'python'
[0.227s] Level 1:colcon.colcon_core.package_identification:_identify(.) by extensions ['python_setup_py']
[0.227s] Level 1:colcon.colcon_core.package_identification:_identify(.) by extension 'python_setup_py'
[0.227s] Level 1:colcon.colcon_core.package_identification:_identify(build) by extensions ['ignore', 'ignore_ament_install']
[0.227s] Level 1:colcon.colcon_core.package_identification:_identify(build) by extension 'ignore'
[0.227s] Level 1:colcon.colcon_core.package_identification:_identify(build) ignored
[0.227s] Level 1:colcon.colcon_core.package_identification:_identify(carro_pkg) by extensions ['ignore', 'ignore_ament_install']
[0.227s] Level 1:colcon.colcon_core.package_identification:_identify(carro_pkg) by extension 'ignore'
[0.227s] Level 1:colcon.colcon_core.package_identification:_identify(carro_pkg) by extension 'ignore_ament_install'
[0.227s] Level 1:colcon.colcon_core.package_identification:_identify(carro_pkg) by extensions ['colcon_pkg']
[0.227s] Level 1:colcon.colcon_core.package_identification:_identify(carro_pkg) by extension 'colcon_pkg'
[0.227s] Level 1:colcon.colcon_core.package_identification:_identify(carro_pkg) by extensions ['colcon_meta']
[0.227s] Level 1:colcon.colcon_core.package_identification:_identify(carro_pkg) by extension 'colcon_meta'
[0.227s] Level 1:colcon.colcon_core.package_identification:_identify(carro_pkg) by extensions ['ros']
[0.228s] Level 1:colcon.colcon_core.package_identification:_identify(carro_pkg) by extension 'ros'
[0.229s] DEBUG:colcon.colcon_core.package_identification:Package 'carro_pkg' with type 'ros.ament_python' and name 'carro_pkg'
[0.229s] Level 1:colcon.colcon_core.package_identification:_identify(install) by extensions ['ignore', 'ignore_ament_install']
[0.230s] Level 1:colcon.colcon_core.package_identification:_identify(install) by extension 'ignore'
[0.230s] Level 1:colcon.colcon_core.package_identification:_identify(install) ignored
[0.230s] Level 1:colcon.colcon_core.package_identification:_identify(log) by extensions ['ignore', 'ignore_ament_install']
[0.230s] Level 1:colcon.colcon_core.package_identification:_identify(log) by extension 'ignore'
[0.230s] Level 1:colcon.colcon_core.package_identification:_identify(log) ignored
[0.230s] Level 1:colcon.colcon_core.package_discovery:discover_packages(recursive) using defaults
[0.230s] Level 1:colcon.colcon_core.package_discovery:discover_packages(ignore) discover
[0.230s] Level 1:colcon.colcon_core.package_discovery:discover_packages(ignore) using defaults
[0.230s] Level 1:colcon.colcon_core.package_discovery:discover_packages(path) discover
[0.230s] Level 1:colcon.colcon_core.package_discovery:discover_packages(path) using defaults
[0.248s] Level 1:colcon.colcon_core.package_discovery:discover_packages(prefix_path) check parameters
[0.248s] Level 1:colcon.colcon_core.package_discovery:discover_packages(prefix_path) discover
[0.249s] DEBUG:colcon.colcon_installed_package_information.package_discovery:Found 2 installed packages in /home/mara/px4_ros_com_ros2/install
[0.251s] DEBUG:colcon.colcon_installed_package_information.package_discovery:Found 291 installed packages in /opt/ros/foxy
[0.252s] Level 1:colcon.colcon_core.package_discovery:discover_packages(prefix_path) using defaults
[0.313s] Level 5:colcon.colcon_core.verb:set package 'carro_pkg' build argument 'cmake_args' from command line to 'None'
[0.313s] Level 5:colcon.colcon_core.verb:set package 'carro_pkg' build argument 'cmake_target' from command line to 'None'
[0.313s] Level 5:colcon.colcon_core.verb:set package 'carro_pkg' build argument 'cmake_target_skip_unavailable' from command line to 'False'
[0.313s] Level 5:colcon.colcon_core.verb:set package 'carro_pkg' build argument 'cmake_clean_cache' from command line to 'False'
[0.313s] Level 5:colcon.colcon_core.verb:set package 'carro_pkg' build argument 'cmake_clean_first' from command line to 'False'
[0.313s] Level 5:colcon.colcon_core.verb:set package 'carro_pkg' build argument 'cmake_force_configure' from command line to 'False'
[0.313s] Level 5:colcon.colcon_core.verb:set package 'carro_pkg' build argument 'ament_cmake_args' from command line to 'None'
[0.313s] Level 5:colcon.colcon_core.verb:set package 'carro_pkg' build argument 'catkin_cmake_args' from command line to 'None'
[0.313s] Level 5:colcon.colcon_core.verb:set package 'carro_pkg' build argument 'catkin_skip_building_tests' from command line to 'False'
[0.313s] DEBUG:colcon.colcon_core.verb:Building package 'carro_pkg' with the following arguments: {'ament_cmake_args': None, 'build_base': '/home/mara/demo_ws/src/build/carro_pkg', 'catkin_cmake_args': None, 'catkin_skip_building_tests': False, 'cmake_args': None, 'cmake_clean_cache': False, 'cmake_clean_first': False, 'cmake_force_configure': False, 'cmake_target': None, 'cmake_target_skip_unavailable': False, 'install_base': '/home/mara/demo_ws/src/install/carro_pkg', 'merge_install': False, 'path': '/home/mara/demo_ws/src/carro_pkg', 'symlink_install': False, 'test_result_base': None}
[0.314s] INFO:colcon.colcon_core.executor:Executing jobs using 'parallel' executor
[0.316s] DEBUG:colcon.colcon_parallel_executor.executor.parallel:run_until_complete
[0.316s] INFO:colcon.colcon_ros.task.ament_python.build:Building ROS package in '/home/mara/demo_ws/src/carro_pkg' with build type 'ament_python'
[0.316s] Level 1:colcon.colcon_core.shell:create_environment_hook('carro_pkg', 'ament_prefix_path')
[0.319s] INFO:colcon.colcon_core.plugin_system:Skipping extension 'colcon_core.shell.bat': Not used on non-Windows systems
[0.319s] INFO:colcon.colcon_core.shell:Creating environment hook '/home/mara/demo_ws/src/install/carro_pkg/share/carro_pkg/hook/ament_prefix_path.ps1'
[0.320s] INFO:colcon.colcon_core.shell:Creating environment descriptor '/home/mara/demo_ws/src/install/carro_pkg/share/carro_pkg/hook/ament_prefix_path.dsv'
[0.320s] INFO:colcon.colcon_core.shell:Creating environment hook '/home/mara/demo_ws/src/install/carro_pkg/share/carro_pkg/hook/ament_prefix_path.sh'
[0.321s] INFO:colcon.colcon_core.shell:Skip shell extension 'powershell' for command environment: Not usable outside of PowerShell
[0.321s] DEBUG:colcon.colcon_core.shell:Skip shell extension 'dsv' for command environment
[0.595s] INFO:colcon.colcon_core.task.python.build:Building Python package in '/home/mara/demo_ws/src/carro_pkg'
[0.596s] INFO:colcon.colcon_core.shell:Skip shell extension 'powershell' for command environment: Not usable outside of PowerShell
[0.597s] DEBUG:colcon.colcon_core.shell:Skip shell extension 'dsv' for command environment
[1.006s] DEBUG:colcon.colcon_core.event_handler.log_command:Invoking command in '/home/mara/demo_ws/src/carro_pkg': PYTHONPATH=/home/mara/demo_ws/src/install/carro_pkg/lib/python3.8/site-packages:${PYTHONPATH} /usr/bin/python3 setup.py egg_info --egg-base ../build/carro_pkg build --build-base /home/mara/demo_ws/src/build/carro_pkg/build install --prefix /home/mara/demo_ws/src/install/carro_pkg --record /home/mara/demo_ws/src/build/carro_pkg/install.log --single-version-externally-managed
[1.311s] DEBUG:colcon.colcon_core.event_handler.log_command:Invoked command in '/home/mara/demo_ws/src/carro_pkg' returned '0': PYTHONPATH=/home/mara/demo_ws/src/install/carro_pkg/lib/python3.8/site-packages:${PYTHONPATH} /usr/bin/python3 setup.py egg_info --egg-base ../build/carro_pkg build --build-base /home/mara/demo_ws/src/build/carro_pkg/build install --prefix /home/mara/demo_ws/src/install/carro_pkg --record /home/mara/demo_ws/src/build/carro_pkg/install.log --single-version-externally-managed
[1.314s] Level 1:colcon.colcon_core.environment:checking '/home/mara/demo_ws/src/install/carro_pkg' for CMake module files
[1.314s] Level 1:colcon.colcon_core.environment:checking '/home/mara/demo_ws/src/install/carro_pkg' for CMake config files
[1.315s] Level 1:colcon.colcon_core.environment:checking '/home/mara/demo_ws/src/install/carro_pkg/lib'
[1.315s] Level 1:colcon.colcon_core.environment:checking '/home/mara/demo_ws/src/install/carro_pkg/bin'
[1.315s] Level 1:colcon.colcon_core.environment:checking '/home/mara/demo_ws/src/install/carro_pkg/lib/pkgconfig/carro_pkg.pc'
[1.315s] Level 1:colcon.colcon_core.environment:checking '/home/mara/demo_ws/src/install/carro_pkg/lib/python3.8/site-packages'
[1.315s] Level 1:colcon.colcon_core.shell:create_environment_hook('carro_pkg', 'pythonpath')
[1.316s] INFO:colcon.colcon_core.shell:Creating environment hook '/home/mara/demo_ws/src/install/carro_pkg/share/carro_pkg/hook/pythonpath.ps1'
[1.316s] INFO:colcon.colcon_core.shell:Creating environment descriptor '/home/mara/demo_ws/src/install/carro_pkg/share/carro_pkg/hook/pythonpath.dsv'
[1.317s] INFO:colcon.colcon_core.shell:Creating environment hook '/home/mara/demo_ws/src/install/carro_pkg/share/carro_pkg/hook/pythonpath.sh'
[1.317s] Level 1:colcon.colcon_core.environment:checking '/home/mara/demo_ws/src/install/carro_pkg/bin'
[1.317s] Level 1:colcon.colcon_core.environment:create_environment_scripts_only(carro_pkg)
[1.318s] INFO:colcon.colcon_core.shell:Creating package script '/home/mara/demo_ws/src/install/carro_pkg/share/carro_pkg/package.ps1'
[1.319s] INFO:colcon.colcon_core.shell:Creating package descriptor '/home/mara/demo_ws/src/install/carro_pkg/share/carro_pkg/package.dsv'
[1.319s] INFO:colcon.colcon_core.shell:Creating package script '/home/mara/demo_ws/src/install/carro_pkg/share/carro_pkg/package.sh'
[1.320s] INFO:colcon.colcon_core.shell:Creating package script '/home/mara/demo_ws/src/install/carro_pkg/share/carro_pkg/package.bash'
[1.321s] INFO:colcon.colcon_core.shell:Creating package script '/home/mara/demo_ws/src/install/carro_pkg/share/carro_pkg/package.zsh'
[1.321s] Level 1:colcon.colcon_core.environment:create_file_with_runtime_dependencies(/home/mara/demo_ws/src/install/carro_pkg/share/colcon-core/packages/carro_pkg)
[1.321s] DEBUG:colcon.colcon_parallel_executor.executor.parallel:closing loop
[1.322s] DEBUG:colcon.colcon_parallel_executor.executor.parallel:loop closed
[1.322s] DEBUG:colcon.colcon_parallel_executor.executor.parallel:run_until_complete finished with '0'
[1.322s] DEBUG:colcon.colcon_core.event_reactor:joining thread
[1.328s] INFO:colcon.colcon_core.plugin_system:Skipping extension 'colcon_notification.desktop_notification.terminal_notifier': Not used on non-Darwin systems
[1.328s] INFO:colcon.colcon_core.plugin_system:Skipping extension 'colcon_notification.desktop_notification.win32': Not used on non-Windows systems
[1.328s] INFO:colcon.colcon_notification.desktop_notification:Sending desktop notification using 'notify2'
[1.344s] DEBUG:colcon.colcon_core.event_reactor:joined thread
[1.344s] INFO:colcon.colcon_core.shell:Creating prefix script '/home/mara/demo_ws/src/install/local_setup.ps1'
[1.345s] INFO:colcon.colcon_core.shell:Creating prefix util module '/home/mara/demo_ws/src/install/_local_setup_util_ps1.py'
[1.346s] INFO:colcon.colcon_core.shell:Creating prefix chain script '/home/mara/demo_ws/src/install/setup.ps1'
[1.347s] INFO:colcon.colcon_core.shell:Creating prefix script '/home/mara/demo_ws/src/install/local_setup.sh'
[1.348s] INFO:colcon.colcon_core.shell:Creating prefix util module '/home/mara/demo_ws/src/install/_local_setup_util_sh.py'
[1.348s] INFO:colcon.colcon_core.shell:Creating prefix chain script '/home/mara/demo_ws/src/install/setup.sh'
[1.349s] INFO:colcon.colcon_core.shell:Creating prefix script '/home/mara/demo_ws/src/install/local_setup.bash'
[1.350s] INFO:colcon.colcon_core.shell:Creating prefix chain script '/home/mara/demo_ws/src/install/setup.bash'
[1.351s] INFO:colcon.colcon_core.shell:Creating prefix script '/home/mara/demo_ws/src/install/local_setup.zsh'
[1.351s] INFO:colcon.colcon_core.shell:Creating prefix chain script '/home/mara/demo_ws/src/install/setup.zsh'
