[2.208s] Invoking command in '/home/mara/demo_ws/src/carro_pkg': PYTHONPATH=/home/mara/demo_ws/install/carro_pkg/lib/python3.8/site-packages:${PYTHONPATH} /usr/bin/python3 setup.py egg_info --egg-base ../../build/carro_pkg build --build-base /home/mara/demo_ws/build/carro_pkg/build install --prefix /home/mara/demo_ws/install/carro_pkg --record /home/mara/demo_ws/build/carro_pkg/install.log --single-version-externally-managed
[3.224s] running egg_info
[3.299s] writing ../../build/carro_pkg/carro_pkg.egg-info/PKG-INFO
[3.359s] writing dependency_links to ../../build/carro_pkg/carro_pkg.egg-info/dependency_links.txt
[3.656s] writing requirements to ../../build/carro_pkg/carro_pkg.egg-info/requires.txt
[3.715s] writing top-level names to ../../build/carro_pkg/carro_pkg.egg-info/top_level.txt
[3.808s] reading manifest file '../../build/carro_pkg/carro_pkg.egg-info/SOURCES.txt'
[3.809s] writing manifest file '../../build/carro_pkg/carro_pkg.egg-info/SOURCES.txt'
[3.809s] running build
[3.809s] running build_py
[3.809s] running install
[3.809s] /usr/local/lib/python3.8/dist-packages/setuptools/command/install.py:34: SetuptoolsDeprecationWarning: setup.py install is deprecated. Use build and pip and other standards-based tools.
[3.809s]   warnings.warn(
[3.815s] running install_lib
[3.891s] running install_data
[3.906s] running install_egg_info
[3.991s] removing '/home/mara/demo_ws/install/carro_pkg/lib/python3.8/site-packages/carro_pkg-0.0.0-py3.8.egg-info' (and everything under it)
[3.991s] Copying ../../build/carro_pkg/carro_pkg.egg-info to /home/mara/demo_ws/install/carro_pkg/lib/python3.8/site-packages/carro_pkg-0.0.0-py3.8.egg-info
[3.992s] running install_scripts
[4.128s] writing list of installed files to '/home/mara/demo_ws/build/carro_pkg/install.log'
[4.170s] Invoked command in '/home/mara/demo_ws/src/carro_pkg' returned '0': PYTHONPATH=/home/mara/demo_ws/install/carro_pkg/lib/python3.8/site-packages:${PYTHONPATH} /usr/bin/python3 setup.py egg_info --egg-base ../../build/carro_pkg build --build-base /home/mara/demo_ws/build/carro_pkg/build install --prefix /home/mara/demo_ws/install/carro_pkg --record /home/mara/demo_ws/build/carro_pkg/install.log --single-version-externally-managed
