-- The C compiler identification is GNU 9.4.0
-- The CXX compiler identification is GNU 9.4.0
-- Check for working C compiler: /usr/bin/cc
-- Check for working C compiler: /usr/bin/cc -- works
-- Detecting C compiler ABI info
-- Detecting C compiler ABI info - done
-- Detecting C compile features
-- Detecting C compile features - done
-- Check for working CXX compiler: /usr/bin/c++
-- Check for working CXX compiler: /usr/bin/c++ -- works
-- Detecting CXX compiler ABI info
-- Detecting CXX compiler ABI info - done
-- Detecting CXX compile features
-- Detecting CXX compile features - done
-- Found ament_cmake: 0.9.9 (/opt/ros/foxy/share/ament_cmake/cmake)
-- Found PythonInterp: /usr/bin/python3 (found suitable version "3.8.10", minimum required is "3") 
-- Using PYTHON_EXECUTABLE: /usr/bin/python3
-- Found urdf: 2.4.0 (/opt/ros/foxy/share/urdf/cmake)
-- Configuring done
-- Generating done
-- Build files have been written to: /home/mara/demo_ws/src/build/mara_gazebo
-- Install configuration: ""
-- Installing: /home/mara/demo_ws/src/install/mara_gazebo/share/mara_gazebo/launch
-- Installing: /home/mara/demo_ws/src/install/mara_gazebo/share/mara_gazebo/launch/mara.launch.py
-- Installing: /home/mara/demo_ws/src/install/mara_gazebo/share/ament_index/resource_index/package_run_dependencies/mara_gazebo
-- Installing: /home/mara/demo_ws/src/install/mara_gazebo/share/ament_index/resource_index/parent_prefix_path/mara_gazebo
-- Installing: /home/mara/demo_ws/src/install/mara_gazebo/share/mara_gazebo/environment/ament_prefix_path.sh
-- Installing: /home/mara/demo_ws/src/install/mara_gazebo/share/mara_gazebo/environment/ament_prefix_path.dsv
-- Installing: /home/mara/demo_ws/src/install/mara_gazebo/share/mara_gazebo/environment/path.sh
-- Installing: /home/mara/demo_ws/src/install/mara_gazebo/share/mara_gazebo/environment/path.dsv
-- Installing: /home/mara/demo_ws/src/install/mara_gazebo/share/mara_gazebo/local_setup.bash
-- Installing: /home/mara/demo_ws/src/install/mara_gazebo/share/mara_gazebo/local_setup.sh
-- Installing: /home/mara/demo_ws/src/install/mara_gazebo/share/mara_gazebo/local_setup.zsh
-- Installing: /home/mara/demo_ws/src/install/mara_gazebo/share/mara_gazebo/local_setup.dsv
-- Installing: /home/mara/demo_ws/src/install/mara_gazebo/share/mara_gazebo/package.dsv
-- Installing: /home/mara/demo_ws/src/install/mara_gazebo/share/ament_index/resource_index/packages/mara_gazebo
-- Installing: /home/mara/demo_ws/src/install/mara_gazebo/share/mara_gazebo/cmake/ament_cmake_export_dependencies-extras.cmake
-- Installing: /home/mara/demo_ws/src/install/mara_gazebo/share/mara_gazebo/cmake/mara_gazeboConfig.cmake
-- Installing: /home/mara/demo_ws/src/install/mara_gazebo/share/mara_gazebo/cmake/mara_gazeboConfig-version.cmake
-- Installing: /home/mara/demo_ws/src/install/mara_gazebo/share/mara_gazebo/package.xml
