[0.385s] Invoking command in '/home/mara/demo_ws/src/build/mara_gazebo': CMAKE_PREFIX_PATH=${CMAKE_PREFIX_PATH}:/home/mara/demo_ws/install/carro_pkg:/opt/ros/foxy /usr/bin/cmake /home/mara/demo_ws/src/MARA/mara_gazebo -DCMAKE_INSTALL_PREFIX=/home/mara/demo_ws/src/install/mara_gazebo
[4.534s] -- The C compiler identification is GNU 9.4.0
[6.727s] -- The CXX compiler identification is GNU 9.4.0
[6.842s] -- Check for working C compiler: /usr/bin/cc
[7.127s] -- Check for working C compiler: /usr/bin/cc -- works
[7.129s] -- Detecting C compiler ABI info
[7.273s] -- Detecting C compiler ABI info - done
[7.295s] -- Detecting C compile features
[7.296s] -- Detecting C compile features - done
[7.300s] -- Check for working CXX compiler: /usr/bin/c++
[7.413s] -- Check for working CXX compiler: /usr/bin/c++ -- works
[7.421s] -- Detecting CXX compiler ABI info
[7.529s] -- Detecting CXX compiler ABI info - done
[7.549s] -- Detecting CXX compile features
[7.550s] -- Detecting CXX compile features - done
[7.805s] -- Found ament_cmake: 0.9.9 (/opt/ros/foxy/share/ament_cmake/cmake)
[8.169s] -- Found PythonInterp: /usr/bin/python3 (found suitable version "3.8.10", minimum required is "3") 
[8.170s] -- Using PYTHON_EXECUTABLE: /usr/bin/python3
[9.615s] -- Found urdf: 2.4.0 (/opt/ros/foxy/share/urdf/cmake)
[10.877s] -- Configuring done
[10.879s] -- Generating done
[10.880s] -- Build files have been written to: /home/mara/demo_ws/src/build/mara_gazebo
[10.953s] Invoked command in '/home/mara/demo_ws/src/build/mara_gazebo' returned '0': CMAKE_PREFIX_PATH=${CMAKE_PREFIX_PATH}:/home/mara/demo_ws/install/carro_pkg:/opt/ros/foxy /usr/bin/cmake /home/mara/demo_ws/src/MARA/mara_gazebo -DCMAKE_INSTALL_PREFIX=/home/mara/demo_ws/src/install/mara_gazebo
[10.969s] Invoking command in '/home/mara/demo_ws/src/build/mara_gazebo': CMAKE_PREFIX_PATH=${CMAKE_PREFIX_PATH}:/home/mara/demo_ws/install/carro_pkg:/opt/ros/foxy /usr/bin/cmake --build /home/mara/demo_ws/src/build/mara_gazebo -- -j8 -l8
[11.045s] Invoked command in '/home/mara/demo_ws/src/build/mara_gazebo' returned '0': CMAKE_PREFIX_PATH=${CMAKE_PREFIX_PATH}:/home/mara/demo_ws/install/carro_pkg:/opt/ros/foxy /usr/bin/cmake --build /home/mara/demo_ws/src/build/mara_gazebo -- -j8 -l8
[11.090s] Invoking command in '/home/mara/demo_ws/src/build/mara_gazebo': CMAKE_PREFIX_PATH=${CMAKE_PREFIX_PATH}:/home/mara/demo_ws/install/carro_pkg:/opt/ros/foxy /usr/bin/cmake --install /home/mara/demo_ws/src/build/mara_gazebo
[11.942s] -- Install configuration: ""
[11.943s] -- Installing: /home/mara/demo_ws/src/install/mara_gazebo/share/mara_gazebo/launch
[11.943s] -- Installing: /home/mara/demo_ws/src/install/mara_gazebo/share/mara_gazebo/launch/mara.launch.py
[11.943s] -- Installing: /home/mara/demo_ws/src/install/mara_gazebo/share/ament_index/resource_index/package_run_dependencies/mara_gazebo
[11.943s] -- Installing: /home/mara/demo_ws/src/install/mara_gazebo/share/ament_index/resource_index/parent_prefix_path/mara_gazebo
[11.943s] -- Installing: /home/mara/demo_ws/src/install/mara_gazebo/share/mara_gazebo/environment/ament_prefix_path.sh
[11.943s] -- Installing: /home/mara/demo_ws/src/install/mara_gazebo/share/mara_gazebo/environment/ament_prefix_path.dsv
[11.943s] -- Installing: /home/mara/demo_ws/src/install/mara_gazebo/share/mara_gazebo/environment/path.sh
[11.943s] -- Installing: /home/mara/demo_ws/src/install/mara_gazebo/share/mara_gazebo/environment/path.dsv
[11.943s] -- Installing: /home/mara/demo_ws/src/install/mara_gazebo/share/mara_gazebo/local_setup.bash
[11.943s] -- Installing: /home/mara/demo_ws/src/install/mara_gazebo/share/mara_gazebo/local_setup.sh
[11.944s] -- Installing: /home/mara/demo_ws/src/install/mara_gazebo/share/mara_gazebo/local_setup.zsh
[11.944s] -- Installing: /home/mara/demo_ws/src/install/mara_gazebo/share/mara_gazebo/local_setup.dsv
[11.944s] -- Installing: /home/mara/demo_ws/src/install/mara_gazebo/share/mara_gazebo/package.dsv
[11.947s] -- Installing: /home/mara/demo_ws/src/install/mara_gazebo/share/ament_index/resource_index/packages/mara_gazebo
[11.947s] -- Installing: /home/mara/demo_ws/src/install/mara_gazebo/share/mara_gazebo/cmake/ament_cmake_export_dependencies-extras.cmake
[11.947s] -- Installing: /home/mara/demo_ws/src/install/mara_gazebo/share/mara_gazebo/cmake/mara_gazeboConfig.cmake
[11.947s] -- Installing: /home/mara/demo_ws/src/install/mara_gazebo/share/mara_gazebo/cmake/mara_gazeboConfig-version.cmake
[11.947s] -- Installing: /home/mara/demo_ws/src/install/mara_gazebo/share/mara_gazebo/package.xml
[11.969s] Invoked command in '/home/mara/demo_ws/src/build/mara_gazebo' returned '0': CMAKE_PREFIX_PATH=${CMAKE_PREFIX_PATH}:/home/mara/demo_ws/install/carro_pkg:/opt/ros/foxy /usr/bin/cmake --install /home/mara/demo_ws/src/build/mara_gazebo
