[0.154s] DEBUG:colcon:Command line arguments: ['/usr/bin/colcon', 'build', '--symlink-install', '--packages-select', 'carro_pkg']
[0.154s] DEBUG:colcon:Parsed command line arguments: Namespace(allow_overriding=[], ament_cmake_args=None, base_paths=['.'], build_base='build', catkin_cmake_args=None, catkin_skip_building_tests=False, cmake_args=None, cmake_clean_cache=False, cmake_clean_first=False, cmake_force_configure=False, cmake_target=None, cmake_target_skip_unavailable=False, continue_on_error=False, event_handlers=None, executor='parallel', ignore_user_meta=False, install_base='install', log_base=None, log_level=None, main=<bound method BuildVerb.main of <colcon_core.verb.build.BuildVerb object at 0x7f2f6fc11b50>>, merge_install=False, metas=['./colcon.meta'], mixin=None, mixin_files=None, mixin_verb=('build',), packages_above=None, packages_above_and_dependencies=None, packages_above_depth=None, packages_end=None, packages_ignore=None, packages_ignore_regex=None, packages_select=['carro_pkg'], packages_select_build_failed=False, packages_select_by_dep=None, packages_select_regex=None, packages_select_test_failures=False, packages_skip=None, packages_skip_build_finished=False, packages_skip_by_dep=None, packages_skip_regex=None, packages_skip_test_passed=False, packages_skip_up_to=None, packages_start=None, packages_up_to=None, packages_up_to_regex=None, parallel_workers=8, paths=None, symlink_install=True, test_result_base=None, verb_extension=<colcon_core.verb.build.BuildVerb object at 0x7f2f6fc11b50>, verb_name='build', verb_parser=<colcon_mixin.mixin.mixin_argument.MixinArgumentDecorator object at 0x7f2f6fc1e160>)
[0.174s] Level 1:colcon.colcon_core.package_discovery:discover_packages(colcon_meta) check parameters
[0.175s] INFO:colcon.colcon_metadata.package_discovery.colcon_meta:Using configuration from '/home/mara/.colcon/metadata/default/Gazebo.meta'
[0.175s] INFO:colcon.colcon_metadata.package_discovery.colcon_meta:Using configuration from '/home/mara/.colcon/metadata/default/fastrtps.meta'
[0.175s] Level 1:colcon.colcon_core.package_discovery:discover_packages(recursive) check parameters
[0.175s] Level 1:colcon.colcon_core.package_discovery:discover_packages(ignore) check parameters
[0.175s] Level 1:colcon.colcon_core.package_discovery:discover_packages(path) check parameters
[0.175s] Level 1:colcon.colcon_core.package_discovery:discover_packages(colcon_meta) discover
[0.176s] Level 1:colcon.colcon_core.package_discovery:discover_packages(recursive) discover
[0.176s] INFO:colcon.colcon_core.package_discovery:Crawling recursively for packages in '/home/mara/demo_ws'
[0.176s] Level 1:colcon.colcon_core.package_identification:_identify(.) by extensions ['ignore', 'ignore_ament_install']
[0.176s] Level 1:colcon.colcon_core.package_identification:_identify(.) by extension 'ignore'
[0.176s] Level 1:colcon.colcon_core.package_identification:_identify(.) by extension 'ignore_ament_install'
[0.176s] Level 1:colcon.colcon_core.package_identification:_identify(.) by extensions ['colcon_pkg']
[0.176s] Level 1:colcon.colcon_core.package_identification:_identify(.) by extension 'colcon_pkg'
[0.176s] Level 1:colcon.colcon_core.package_identification:_identify(.) by extensions ['colcon_meta']
[0.176s] Level 1:colcon.colcon_core.package_identification:_identify(.) by extension 'colcon_meta'
[0.176s] Level 1:colcon.colcon_core.package_identification:_identify(.) by extensions ['ros']
[0.176s] Level 1:colcon.colcon_core.package_identification:_identify(.) by extension 'ros'
[0.242s] Level 1:colcon.colcon_core.package_identification:_identify(.) by extensions ['cmake', 'python']
[0.242s] Level 1:colcon.colcon_core.package_identification:_identify(.) by extension 'cmake'
[0.243s] Level 1:colcon.colcon_core.package_identification:_identify(.) by extension 'python'
[0.243s] Level 1:colcon.colcon_core.package_identification:_identify(.) by extensions ['python_setup_py']
[0.243s] Level 1:colcon.colcon_core.package_identification:_identify(.) by extension 'python_setup_py'
[0.243s] Level 1:colcon.colcon_core.package_identification:_identify(build) by extensions ['ignore', 'ignore_ament_install']
[0.243s] Level 1:colcon.colcon_core.package_identification:_identify(build) by extension 'ignore'
[0.243s] Level 1:colcon.colcon_core.package_identification:_identify(build) ignored
[0.243s] Level 1:colcon.colcon_core.package_identification:_identify(install) by extensions ['ignore', 'ignore_ament_install']
[0.243s] Level 1:colcon.colcon_core.package_identification:_identify(install) by extension 'ignore'
[0.244s] Level 1:colcon.colcon_core.package_identification:_identify(install) ignored
[0.244s] Level 1:colcon.colcon_core.package_identification:_identify(log) by extensions ['ignore', 'ignore_ament_install']
[0.244s] Level 1:colcon.colcon_core.package_identification:_identify(log) by extension 'ignore'
[0.244s] Level 1:colcon.colcon_core.package_identification:_identify(log) ignored
[0.244s] Level 1:colcon.colcon_core.package_identification:_identify(src) by extensions ['ignore', 'ignore_ament_install']
[0.244s] Level 1:colcon.colcon_core.package_identification:_identify(src) by extension 'ignore'
[0.244s] Level 1:colcon.colcon_core.package_identification:_identify(src) by extension 'ignore_ament_install'
[0.244s] Level 1:colcon.colcon_core.package_identification:_identify(src) by extensions ['colcon_pkg']
[0.244s] Level 1:colcon.colcon_core.package_identification:_identify(src) by extension 'colcon_pkg'
[0.244s] Level 1:colcon.colcon_core.package_identification:_identify(src) by extensions ['colcon_meta']
[0.244s] Level 1:colcon.colcon_core.package_identification:_identify(src) by extension 'colcon_meta'
[0.244s] Level 1:colcon.colcon_core.package_identification:_identify(src) by extensions ['ros']
[0.244s] Level 1:colcon.colcon_core.package_identification:_identify(src) by extension 'ros'
[0.245s] Level 1:colcon.colcon_core.package_identification:_identify(src) by extensions ['cmake', 'python']
[0.245s] Level 1:colcon.colcon_core.package_identification:_identify(src) by extension 'cmake'
[0.245s] Level 1:colcon.colcon_core.package_identification:_identify(src) by extension 'python'
[0.245s] Level 1:colcon.colcon_core.package_identification:_identify(src) by extensions ['python_setup_py']
[0.245s] Level 1:colcon.colcon_core.package_identification:_identify(src) by extension 'python_setup_py'
[0.245s] Level 1:colcon.colcon_core.package_identification:_identify(src/build) by extensions ['ignore', 'ignore_ament_install']
[0.245s] Level 1:colcon.colcon_core.package_identification:_identify(src/build) by extension 'ignore'
[0.245s] Level 1:colcon.colcon_core.package_identification:_identify(src/build) ignored
[0.245s] Level 1:colcon.colcon_core.package_identification:_identify(src/carro_pkg) by extensions ['ignore', 'ignore_ament_install']
[0.245s] Level 1:colcon.colcon_core.package_identification:_identify(src/carro_pkg) by extension 'ignore'
[0.246s] Level 1:colcon.colcon_core.package_identification:_identify(src/carro_pkg) by extension 'ignore_ament_install'
[0.246s] Level 1:colcon.colcon_core.package_identification:_identify(src/carro_pkg) by extensions ['colcon_pkg']
[0.246s] Level 1:colcon.colcon_core.package_identification:_identify(src/carro_pkg) by extension 'colcon_pkg'
[0.246s] Level 1:colcon.colcon_core.package_identification:_identify(src/carro_pkg) by extensions ['colcon_meta']
[0.246s] Level 1:colcon.colcon_core.package_identification:_identify(src/carro_pkg) by extension 'colcon_meta'
[0.246s] Level 1:colcon.colcon_core.package_identification:_identify(src/carro_pkg) by extensions ['ros']
[0.246s] Level 1:colcon.colcon_core.package_identification:_identify(src/carro_pkg) by extension 'ros'
[0.248s] DEBUG:colcon.colcon_core.package_identification:Package 'src/carro_pkg' with type 'ros.ament_python' and name 'carro_pkg'
[0.248s] Level 1:colcon.colcon_core.package_identification:_identify(src/install) by extensions ['ignore', 'ignore_ament_install']
[0.248s] Level 1:colcon.colcon_core.package_identification:_identify(src/install) by extension 'ignore'
[0.248s] Level 1:colcon.colcon_core.package_identification:_identify(src/install) ignored
[0.249s] Level 1:colcon.colcon_core.package_identification:_identify(src/log) by extensions ['ignore', 'ignore_ament_install']
[0.249s] Level 1:colcon.colcon_core.package_identification:_identify(src/log) by extension 'ignore'
[0.249s] Level 1:colcon.colcon_core.package_identification:_identify(src/log) ignored
[0.249s] Level 1:colcon.colcon_core.package_identification:_identify(src/model_control) by extensions ['ignore', 'ignore_ament_install']
[0.249s] Level 1:colcon.colcon_core.package_identification:_identify(src/model_control) by extension 'ignore'
[0.249s] Level 1:colcon.colcon_core.package_identification:_identify(src/model_control) by extension 'ignore_ament_install'
[0.249s] Level 1:colcon.colcon_core.package_identification:_identify(src/model_control) by extensions ['colcon_pkg']
[0.249s] Level 1:colcon.colcon_core.package_identification:_identify(src/model_control) by extension 'colcon_pkg'
[0.249s] Level 1:colcon.colcon_core.package_identification:_identify(src/model_control) by extensions ['colcon_meta']
[0.249s] Level 1:colcon.colcon_core.package_identification:_identify(src/model_control) by extension 'colcon_meta'
[0.250s] Level 1:colcon.colcon_core.package_identification:_identify(src/model_control) by extensions ['ros']
[0.250s] Level 1:colcon.colcon_core.package_identification:_identify(src/model_control) by extension 'ros'
[0.250s] DEBUG:colcon.colcon_core.package_identification:Package 'src/model_control' with type 'ros.ament_python' and name 'model_control'
[0.250s] Level 1:colcon.colcon_core.package_discovery:discover_packages(recursive) using defaults
[0.250s] Level 1:colcon.colcon_core.package_discovery:discover_packages(ignore) discover
[0.250s] Level 1:colcon.colcon_core.package_discovery:discover_packages(ignore) using defaults
[0.250s] Level 1:colcon.colcon_core.package_discovery:discover_packages(path) discover
[0.250s] Level 1:colcon.colcon_core.package_discovery:discover_packages(path) using defaults
[0.270s] INFO:colcon.colcon_core.package_selection:Skipping not selected package 'model_control' in 'src/model_control'
[0.270s] Level 1:colcon.colcon_core.package_discovery:discover_packages(prefix_path) check parameters
[0.270s] Level 1:colcon.colcon_core.package_discovery:discover_packages(prefix_path) discover
[0.273s] DEBUG:colcon.colcon_installed_package_information.package_discovery:Found 2 installed packages in /home/mara/demo_ws/install
[0.273s] DEBUG:colcon.colcon_installed_package_information.package_discovery:Found 2 installed packages in /home/mara/px4_ros_com_ros2/install
[0.275s] DEBUG:colcon.colcon_installed_package_information.package_discovery:Found 295 installed packages in /opt/ros/foxy
[0.276s] Level 1:colcon.colcon_core.package_discovery:discover_packages(prefix_path) using defaults
[0.345s] Level 5:colcon.colcon_core.verb:set package 'carro_pkg' build argument 'cmake_args' from command line to 'None'
[0.345s] Level 5:colcon.colcon_core.verb:set package 'carro_pkg' build argument 'cmake_target' from command line to 'None'
[0.345s] Level 5:colcon.colcon_core.verb:set package 'carro_pkg' build argument 'cmake_target_skip_unavailable' from command line to 'False'
[0.345s] Level 5:colcon.colcon_core.verb:set package 'carro_pkg' build argument 'cmake_clean_cache' from command line to 'False'
[0.345s] Level 5:colcon.colcon_core.verb:set package 'carro_pkg' build argument 'cmake_clean_first' from command line to 'False'
[0.345s] Level 5:colcon.colcon_core.verb:set package 'carro_pkg' build argument 'cmake_force_configure' from command line to 'False'
[0.345s] Level 5:colcon.colcon_core.verb:set package 'carro_pkg' build argument 'ament_cmake_args' from command line to 'None'
[0.345s] Level 5:colcon.colcon_core.verb:set package 'carro_pkg' build argument 'catkin_cmake_args' from command line to 'None'
[0.345s] Level 5:colcon.colcon_core.verb:set package 'carro_pkg' build argument 'catkin_skip_building_tests' from command line to 'False'
[0.345s] DEBUG:colcon.colcon_core.verb:Building package 'carro_pkg' with the following arguments: {'ament_cmake_args': None, 'build_base': '/home/mara/demo_ws/build/carro_pkg', 'catkin_cmake_args': None, 'catkin_skip_building_tests': False, 'cmake_args': None, 'cmake_clean_cache': False, 'cmake_clean_first': False, 'cmake_force_configure': False, 'cmake_target': None, 'cmake_target_skip_unavailable': False, 'install_base': '/home/mara/demo_ws/install/carro_pkg', 'merge_install': False, 'path': '/home/mara/demo_ws/src/carro_pkg', 'symlink_install': True, 'test_result_base': None}
[0.346s] INFO:colcon.colcon_core.executor:Executing jobs using 'parallel' executor
[0.348s] DEBUG:colcon.colcon_parallel_executor.executor.parallel:run_until_complete
[0.348s] INFO:colcon.colcon_ros.task.ament_python.build:Building ROS package in '/home/mara/demo_ws/src/carro_pkg' with build type 'ament_python'
[0.349s] Level 1:colcon.colcon_core.shell:create_environment_hook('carro_pkg', 'ament_prefix_path')
[0.352s] INFO:colcon.colcon_core.plugin_system:Skipping extension 'colcon_core.shell.bat': Not used on non-Windows systems
[0.352s] INFO:colcon.colcon_core.shell:Creating environment hook '/home/mara/demo_ws/install/carro_pkg/share/carro_pkg/hook/ament_prefix_path.ps1'
[0.353s] INFO:colcon.colcon_core.shell:Creating environment descriptor '/home/mara/demo_ws/install/carro_pkg/share/carro_pkg/hook/ament_prefix_path.dsv'
[0.353s] INFO:colcon.colcon_core.shell:Creating environment hook '/home/mara/demo_ws/install/carro_pkg/share/carro_pkg/hook/ament_prefix_path.sh'
[0.354s] INFO:colcon.colcon_core.shell:Skip shell extension 'powershell' for command environment: Not usable outside of PowerShell
[0.354s] DEBUG:colcon.colcon_core.shell:Skip shell extension 'dsv' for command environment
[0.657s] INFO:colcon.colcon_core.task.python.build:Building Python package in '/home/mara/demo_ws/src/carro_pkg'
[0.658s] INFO:colcon.colcon_core.shell:Skip shell extension 'powershell' for command environment: Not usable outside of PowerShell
[0.658s] DEBUG:colcon.colcon_core.shell:Skip shell extension 'dsv' for command environment
[1.103s] DEBUG:colcon.colcon_core.task.python.build:While undoing a previous installation files outside the Python library path are being ignored: /home/mara/demo_ws/install/carro_pkg/share/ament_index/resource_index/packages/carro_pkg
[1.103s] DEBUG:colcon.colcon_core.task.python.build:While undoing a previous installation files outside the Python library path are being ignored: /home/mara/demo_ws/install/carro_pkg/share/carro_pkg/package.xml
[1.108s] DEBUG:colcon.colcon_core.event_handler.log_command:Invoking command in '/home/mara/demo_ws/build/carro_pkg': PYTHONPATH=/home/mara/demo_ws/install/carro_pkg/lib/python3.8/site-packages:${PYTHONPATH} /usr/bin/python3 setup.py develop --prefix /home/mara/demo_ws/install/carro_pkg --editable --build-directory /home/mara/demo_ws/build/carro_pkg/build --no-deps install_data --install-dir /home/mara/demo_ws/install/carro_pkg
[1.658s] Level 1:colcon.colcon_core.shell:create_environment_hook('carro_pkg', 'pythonpath_develop')
[1.659s] INFO:colcon.colcon_core.shell:Creating environment hook '/home/mara/demo_ws/build/carro_pkg/share/carro_pkg/hook/pythonpath_develop.ps1'
[1.660s] DEBUG:colcon.colcon_core.event_handler.log_command:Invoked command in '/home/mara/demo_ws/build/carro_pkg' returned '0': PYTHONPATH=/home/mara/demo_ws/install/carro_pkg/lib/python3.8/site-packages:${PYTHONPATH} /usr/bin/python3 setup.py develop --prefix /home/mara/demo_ws/install/carro_pkg --editable --build-directory /home/mara/demo_ws/build/carro_pkg/build --no-deps install_data --install-dir /home/mara/demo_ws/install/carro_pkg
[1.660s] INFO:colcon.colcon_core.shell:Creating environment descriptor '/home/mara/demo_ws/build/carro_pkg/share/carro_pkg/hook/pythonpath_develop.dsv'
[1.661s] INFO:colcon.colcon_core.shell:Creating environment hook '/home/mara/demo_ws/build/carro_pkg/share/carro_pkg/hook/pythonpath_develop.sh'
[1.665s] Level 1:colcon.colcon_core.environment:checking '/home/mara/demo_ws/install/carro_pkg' for CMake module files
[1.666s] Level 1:colcon.colcon_core.environment:checking '/home/mara/demo_ws/install/carro_pkg' for CMake config files
[1.666s] Level 1:colcon.colcon_core.environment:checking '/home/mara/demo_ws/install/carro_pkg/lib'
[1.667s] Level 1:colcon.colcon_core.environment:checking '/home/mara/demo_ws/install/carro_pkg/bin'
[1.667s] Level 1:colcon.colcon_core.environment:checking '/home/mara/demo_ws/install/carro_pkg/lib/pkgconfig/carro_pkg.pc'
[1.667s] Level 1:colcon.colcon_core.environment:checking '/home/mara/demo_ws/install/carro_pkg/lib/python3.8/site-packages'
[1.667s] Level 1:colcon.colcon_core.shell:create_environment_hook('carro_pkg', 'pythonpath')
[1.668s] INFO:colcon.colcon_core.shell:Creating environment hook '/home/mara/demo_ws/install/carro_pkg/share/carro_pkg/hook/pythonpath.ps1'
[1.668s] INFO:colcon.colcon_core.shell:Creating environment descriptor '/home/mara/demo_ws/install/carro_pkg/share/carro_pkg/hook/pythonpath.dsv'
[1.669s] INFO:colcon.colcon_core.shell:Creating environment hook '/home/mara/demo_ws/install/carro_pkg/share/carro_pkg/hook/pythonpath.sh'
[1.669s] Level 1:colcon.colcon_core.environment:checking '/home/mara/demo_ws/install/carro_pkg/bin'
[1.669s] Level 1:colcon.colcon_core.environment:create_environment_scripts_only(carro_pkg)
[1.670s] INFO:colcon.colcon_core.shell:Creating package script '/home/mara/demo_ws/install/carro_pkg/share/carro_pkg/package.ps1'
[1.671s] INFO:colcon.colcon_core.shell:Creating package descriptor '/home/mara/demo_ws/install/carro_pkg/share/carro_pkg/package.dsv'
[1.671s] INFO:colcon.colcon_core.shell:Creating package script '/home/mara/demo_ws/install/carro_pkg/share/carro_pkg/package.sh'
[1.672s] INFO:colcon.colcon_core.shell:Creating package script '/home/mara/demo_ws/install/carro_pkg/share/carro_pkg/package.bash'
[1.673s] INFO:colcon.colcon_core.shell:Creating package script '/home/mara/demo_ws/install/carro_pkg/share/carro_pkg/package.zsh'
[1.674s] Level 1:colcon.colcon_core.environment:create_file_with_runtime_dependencies(/home/mara/demo_ws/install/carro_pkg/share/colcon-core/packages/carro_pkg)
[1.674s] DEBUG:colcon.colcon_parallel_executor.executor.parallel:closing loop
[1.675s] DEBUG:colcon.colcon_parallel_executor.executor.parallel:loop closed
[1.675s] DEBUG:colcon.colcon_parallel_executor.executor.parallel:run_until_complete finished with '0'
[1.675s] DEBUG:colcon.colcon_core.event_reactor:joining thread
[1.683s] INFO:colcon.colcon_core.plugin_system:Skipping extension 'colcon_notification.desktop_notification.terminal_notifier': Not used on non-Darwin systems
[1.683s] INFO:colcon.colcon_core.plugin_system:Skipping extension 'colcon_notification.desktop_notification.win32': Not used on non-Windows systems
[1.683s] INFO:colcon.colcon_notification.desktop_notification:Sending desktop notification using 'notify2'
[1.698s] DEBUG:colcon.colcon_core.event_reactor:joined thread
[1.699s] INFO:colcon.colcon_core.shell:Creating prefix script '/home/mara/demo_ws/install/local_setup.ps1'
[1.700s] INFO:colcon.colcon_core.shell:Creating prefix util module '/home/mara/demo_ws/install/_local_setup_util_ps1.py'
[1.701s] INFO:colcon.colcon_core.shell:Creating prefix chain script '/home/mara/demo_ws/install/setup.ps1'
[1.703s] INFO:colcon.colcon_core.shell:Creating prefix script '/home/mara/demo_ws/install/local_setup.sh'
[1.704s] INFO:colcon.colcon_core.shell:Creating prefix util module '/home/mara/demo_ws/install/_local_setup_util_sh.py'
[1.704s] INFO:colcon.colcon_core.shell:Creating prefix chain script '/home/mara/demo_ws/install/setup.sh'
[1.706s] INFO:colcon.colcon_core.shell:Creating prefix script '/home/mara/demo_ws/install/local_setup.bash'
[1.707s] INFO:colcon.colcon_core.shell:Creating prefix chain script '/home/mara/demo_ws/install/setup.bash'
[1.708s] INFO:colcon.colcon_core.shell:Creating prefix script '/home/mara/demo_ws/install/local_setup.zsh'
[1.708s] INFO:colcon.colcon_core.shell:Creating prefix chain script '/home/mara/demo_ws/install/setup.zsh'
