[4.659s] DEBUG:colcon:Command line arguments: ['/usr/bin/colcon', 'build']
[4.659s] DEBUG:colcon:Parsed command line arguments: Namespace(allow_overriding=[], ament_cmake_args=None, base_paths=['.'], build_base='build', catkin_cmake_args=None, catkin_skip_building_tests=False, cmake_args=None, cmake_clean_cache=False, cmake_clean_first=False, cmake_force_configure=False, cmake_target=None, cmake_target_skip_unavailable=False, continue_on_error=False, event_handlers=None, executor='parallel', ignore_user_meta=False, install_base='install', log_base=None, log_level=None, main=<bound method BuildVerb.main of <colcon_core.verb.build.BuildVerb object at 0x7facc1eda8e0>>, merge_install=False, metas=['./colcon.meta'], mixin=None, mixin_files=None, mixin_verb=('build',), packages_above=None, packages_above_and_dependencies=None, packages_above_depth=None, packages_end=None, packages_ignore=None, packages_ignore_regex=None, packages_select=None, packages_select_build_failed=False, packages_select_by_dep=None, packages_select_regex=None, packages_select_test_failures=False, packages_skip=None, packages_skip_build_finished=False, packages_skip_by_dep=None, packages_skip_regex=None, packages_skip_test_passed=False, packages_skip_up_to=None, packages_start=None, packages_up_to=None, packages_up_to_regex=None, parallel_workers=8, paths=None, symlink_install=False, test_result_base=None, verb_extension=<colcon_core.verb.build.BuildVerb object at 0x7facc1eda8e0>, verb_name='build', verb_parser=<colcon_mixin.mixin.mixin_argument.MixinArgumentDecorator object at 0x7facc1edaeb0>)
[5.218s] Level 1:colcon.colcon_core.package_discovery:discover_packages(colcon_meta) check parameters
[5.222s] INFO:colcon.colcon_metadata.package_discovery.colcon_meta:Using configuration from '/home/mara/.colcon/metadata/default/Gazebo.meta'
[5.225s] INFO:colcon.colcon_metadata.package_discovery.colcon_meta:Using configuration from '/home/mara/.colcon/metadata/default/fastrtps.meta'
[5.225s] Level 1:colcon.colcon_core.package_discovery:discover_packages(recursive) check parameters
[5.225s] Level 1:colcon.colcon_core.package_discovery:discover_packages(ignore) check parameters
[5.226s] Level 1:colcon.colcon_core.package_discovery:discover_packages(path) check parameters
[5.226s] Level 1:colcon.colcon_core.package_discovery:discover_packages(colcon_meta) discover
[5.226s] Level 1:colcon.colcon_core.package_discovery:discover_packages(recursive) discover
[5.226s] INFO:colcon.colcon_core.package_discovery:Crawling recursively for packages in '/home/mara/demo_ws'
[5.227s] Level 1:colcon.colcon_core.package_identification:_identify(.) by extensions ['ignore', 'ignore_ament_install']
[5.227s] Level 1:colcon.colcon_core.package_identification:_identify(.) by extension 'ignore'
[5.227s] Level 1:colcon.colcon_core.package_identification:_identify(.) by extension 'ignore_ament_install'
[5.228s] Level 1:colcon.colcon_core.package_identification:_identify(.) by extensions ['colcon_pkg']
[5.228s] Level 1:colcon.colcon_core.package_identification:_identify(.) by extension 'colcon_pkg'
[5.228s] Level 1:colcon.colcon_core.package_identification:_identify(.) by extensions ['colcon_meta']
[5.228s] Level 1:colcon.colcon_core.package_identification:_identify(.) by extension 'colcon_meta'
[5.228s] Level 1:colcon.colcon_core.package_identification:_identify(.) by extensions ['ros']
[5.228s] Level 1:colcon.colcon_core.package_identification:_identify(.) by extension 'ros'
[5.496s] Level 1:colcon.colcon_core.package_identification:_identify(.) by extensions ['cmake', 'python']
[5.496s] Level 1:colcon.colcon_core.package_identification:_identify(.) by extension 'cmake'
[5.496s] Level 1:colcon.colcon_core.package_identification:_identify(.) by extension 'python'
[5.496s] Level 1:colcon.colcon_core.package_identification:_identify(.) by extensions ['python_setup_py']
[5.496s] Level 1:colcon.colcon_core.package_identification:_identify(.) by extension 'python_setup_py'
[5.496s] Level 1:colcon.colcon_core.package_identification:_identify(build) by extensions ['ignore', 'ignore_ament_install']
[5.496s] Level 1:colcon.colcon_core.package_identification:_identify(build) by extension 'ignore'
[5.496s] Level 1:colcon.colcon_core.package_identification:_identify(build) ignored
[5.496s] Level 1:colcon.colcon_core.package_identification:_identify(install) by extensions ['ignore', 'ignore_ament_install']
[5.496s] Level 1:colcon.colcon_core.package_identification:_identify(install) by extension 'ignore'
[5.496s] Level 1:colcon.colcon_core.package_identification:_identify(install) ignored
[5.496s] Level 1:colcon.colcon_core.package_identification:_identify(log) by extensions ['ignore', 'ignore_ament_install']
[5.497s] Level 1:colcon.colcon_core.package_identification:_identify(log) by extension 'ignore'
[5.497s] Level 1:colcon.colcon_core.package_identification:_identify(log) ignored
[5.497s] Level 1:colcon.colcon_core.package_identification:_identify(src) by extensions ['ignore', 'ignore_ament_install']
[5.497s] Level 1:colcon.colcon_core.package_identification:_identify(src) by extension 'ignore'
[5.497s] Level 1:colcon.colcon_core.package_identification:_identify(src) by extension 'ignore_ament_install'
[5.497s] Level 1:colcon.colcon_core.package_identification:_identify(src) by extensions ['colcon_pkg']
[5.497s] Level 1:colcon.colcon_core.package_identification:_identify(src) by extension 'colcon_pkg'
[5.497s] Level 1:colcon.colcon_core.package_identification:_identify(src) by extensions ['colcon_meta']
[5.497s] Level 1:colcon.colcon_core.package_identification:_identify(src) by extension 'colcon_meta'
[5.497s] Level 1:colcon.colcon_core.package_identification:_identify(src) by extensions ['ros']
[5.497s] Level 1:colcon.colcon_core.package_identification:_identify(src) by extension 'ros'
[5.497s] Level 1:colcon.colcon_core.package_identification:_identify(src) by extensions ['cmake', 'python']
[5.497s] Level 1:colcon.colcon_core.package_identification:_identify(src) by extension 'cmake'
[5.497s] Level 1:colcon.colcon_core.package_identification:_identify(src) by extension 'python'
[5.497s] Level 1:colcon.colcon_core.package_identification:_identify(src) by extensions ['python_setup_py']
[5.497s] Level 1:colcon.colcon_core.package_identification:_identify(src) by extension 'python_setup_py'
[5.529s] Level 1:colcon.colcon_core.package_identification:_identify(src/build) by extensions ['ignore', 'ignore_ament_install']
[5.529s] Level 1:colcon.colcon_core.package_identification:_identify(src/build) by extension 'ignore'
[5.529s] Level 1:colcon.colcon_core.package_identification:_identify(src/build) ignored
[5.529s] Level 1:colcon.colcon_core.package_identification:_identify(src/carro_pkg) by extensions ['ignore', 'ignore_ament_install']
[5.530s] Level 1:colcon.colcon_core.package_identification:_identify(src/carro_pkg) by extension 'ignore'
[5.530s] Level 1:colcon.colcon_core.package_identification:_identify(src/carro_pkg) by extension 'ignore_ament_install'
[5.530s] Level 1:colcon.colcon_core.package_identification:_identify(src/carro_pkg) by extensions ['colcon_pkg']
[5.530s] Level 1:colcon.colcon_core.package_identification:_identify(src/carro_pkg) by extension 'colcon_pkg'
[5.530s] Level 1:colcon.colcon_core.package_identification:_identify(src/carro_pkg) by extensions ['colcon_meta']
[5.530s] Level 1:colcon.colcon_core.package_identification:_identify(src/carro_pkg) by extension 'colcon_meta'
[5.530s] Level 1:colcon.colcon_core.package_identification:_identify(src/carro_pkg) by extensions ['ros']
[5.530s] Level 1:colcon.colcon_core.package_identification:_identify(src/carro_pkg) by extension 'ros'
[5.626s] DEBUG:colcon.colcon_core.package_identification:Package 'src/carro_pkg' with type 'ros.ament_python' and name 'carro_pkg'
[5.627s] Level 1:colcon.colcon_core.package_identification:_identify(src/install) by extensions ['ignore', 'ignore_ament_install']
[5.627s] Level 1:colcon.colcon_core.package_identification:_identify(src/install) by extension 'ignore'
[5.627s] Level 1:colcon.colcon_core.package_identification:_identify(src/install) ignored
[5.628s] Level 1:colcon.colcon_core.package_identification:_identify(src/log) by extensions ['ignore', 'ignore_ament_install']
[5.629s] Level 1:colcon.colcon_core.package_identification:_identify(src/log) by extension 'ignore'
[5.629s] Level 1:colcon.colcon_core.package_identification:_identify(src/log) ignored
[5.643s] Level 1:colcon.colcon_core.package_identification:_identify(src/model_control) by extensions ['ignore', 'ignore_ament_install']
[5.644s] Level 1:colcon.colcon_core.package_identification:_identify(src/model_control) by extension 'ignore'
[5.644s] Level 1:colcon.colcon_core.package_identification:_identify(src/model_control) by extension 'ignore_ament_install'
[5.644s] Level 1:colcon.colcon_core.package_identification:_identify(src/model_control) by extensions ['colcon_pkg']
[5.645s] Level 1:colcon.colcon_core.package_identification:_identify(src/model_control) by extension 'colcon_pkg'
[5.645s] Level 1:colcon.colcon_core.package_identification:_identify(src/model_control) by extensions ['colcon_meta']
[5.645s] Level 1:colcon.colcon_core.package_identification:_identify(src/model_control) by extension 'colcon_meta'
[5.645s] Level 1:colcon.colcon_core.package_identification:_identify(src/model_control) by extensions ['ros']
[5.646s] Level 1:colcon.colcon_core.package_identification:_identify(src/model_control) by extension 'ros'
[5.671s] DEBUG:colcon.colcon_core.package_identification:Package 'src/model_control' with type 'ros.ament_python' and name 'model_control'
[5.672s] Level 1:colcon.colcon_core.package_discovery:discover_packages(recursive) using defaults
[5.672s] Level 1:colcon.colcon_core.package_discovery:discover_packages(ignore) discover
[5.672s] Level 1:colcon.colcon_core.package_discovery:discover_packages(ignore) using defaults
[5.672s] Level 1:colcon.colcon_core.package_discovery:discover_packages(path) discover
[5.672s] Level 1:colcon.colcon_core.package_discovery:discover_packages(path) using defaults
[5.931s] Level 1:colcon.colcon_core.package_discovery:discover_packages(prefix_path) check parameters
[5.931s] Level 1:colcon.colcon_core.package_discovery:discover_packages(prefix_path) discover
[5.987s] DEBUG:colcon.colcon_installed_package_information.package_discovery:Found 2 installed packages in /home/mara/demo_ws/install
[5.989s] DEBUG:colcon.colcon_installed_package_information.package_discovery:Found 2 installed packages in /home/mara/px4_ros_com_ros2/install
[5.995s] DEBUG:colcon.colcon_installed_package_information.package_discovery:Found 295 installed packages in /opt/ros/foxy
[6.001s] Level 1:colcon.colcon_core.package_discovery:discover_packages(prefix_path) using defaults
[7.193s] Level 5:colcon.colcon_core.verb:set package 'carro_pkg' build argument 'cmake_args' from command line to 'None'
[7.193s] Level 5:colcon.colcon_core.verb:set package 'carro_pkg' build argument 'cmake_target' from command line to 'None'
[7.193s] Level 5:colcon.colcon_core.verb:set package 'carro_pkg' build argument 'cmake_target_skip_unavailable' from command line to 'False'
[7.193s] Level 5:colcon.colcon_core.verb:set package 'carro_pkg' build argument 'cmake_clean_cache' from command line to 'False'
[7.194s] Level 5:colcon.colcon_core.verb:set package 'carro_pkg' build argument 'cmake_clean_first' from command line to 'False'
[7.194s] Level 5:colcon.colcon_core.verb:set package 'carro_pkg' build argument 'cmake_force_configure' from command line to 'False'
[7.194s] Level 5:colcon.colcon_core.verb:set package 'carro_pkg' build argument 'ament_cmake_args' from command line to 'None'
[7.194s] Level 5:colcon.colcon_core.verb:set package 'carro_pkg' build argument 'catkin_cmake_args' from command line to 'None'
[7.194s] Level 5:colcon.colcon_core.verb:set package 'carro_pkg' build argument 'catkin_skip_building_tests' from command line to 'False'
[7.194s] DEBUG:colcon.colcon_core.verb:Building package 'carro_pkg' with the following arguments: {'ament_cmake_args': None, 'build_base': '/home/mara/demo_ws/build/carro_pkg', 'catkin_cmake_args': None, 'catkin_skip_building_tests': False, 'cmake_args': None, 'cmake_clean_cache': False, 'cmake_clean_first': False, 'cmake_force_configure': False, 'cmake_target': None, 'cmake_target_skip_unavailable': False, 'install_base': '/home/mara/demo_ws/install/carro_pkg', 'merge_install': False, 'path': '/home/mara/demo_ws/src/carro_pkg', 'symlink_install': False, 'test_result_base': None}
[7.196s] Level 5:colcon.colcon_core.verb:set package 'model_control' build argument 'cmake_args' from command line to 'None'
[7.197s] Level 5:colcon.colcon_core.verb:set package 'model_control' build argument 'cmake_target' from command line to 'None'
[7.197s] Level 5:colcon.colcon_core.verb:set package 'model_control' build argument 'cmake_target_skip_unavailable' from command line to 'False'
[7.197s] Level 5:colcon.colcon_core.verb:set package 'model_control' build argument 'cmake_clean_cache' from command line to 'False'
[7.197s] Level 5:colcon.colcon_core.verb:set package 'model_control' build argument 'cmake_clean_first' from command line to 'False'
[7.197s] Level 5:colcon.colcon_core.verb:set package 'model_control' build argument 'cmake_force_configure' from command line to 'False'
[7.197s] Level 5:colcon.colcon_core.verb:set package 'model_control' build argument 'ament_cmake_args' from command line to 'None'
[7.197s] Level 5:colcon.colcon_core.verb:set package 'model_control' build argument 'catkin_cmake_args' from command line to 'None'
[7.197s] Level 5:colcon.colcon_core.verb:set package 'model_control' build argument 'catkin_skip_building_tests' from command line to 'False'
[7.197s] DEBUG:colcon.colcon_core.verb:Building package 'model_control' with the following arguments: {'ament_cmake_args': None, 'build_base': '/home/mara/demo_ws/build/model_control', 'catkin_cmake_args': None, 'catkin_skip_building_tests': False, 'cmake_args': None, 'cmake_clean_cache': False, 'cmake_clean_first': False, 'cmake_force_configure': False, 'cmake_target': None, 'cmake_target_skip_unavailable': False, 'install_base': '/home/mara/demo_ws/install/model_control', 'merge_install': False, 'path': '/home/mara/demo_ws/src/model_control', 'symlink_install': False, 'test_result_base': None}
[7.198s] INFO:colcon.colcon_core.executor:Executing jobs using 'parallel' executor
[7.203s] DEBUG:colcon.colcon_parallel_executor.executor.parallel:run_until_complete
[7.203s] INFO:colcon.colcon_ros.task.ament_python.build:Building ROS package in '/home/mara/demo_ws/src/carro_pkg' with build type 'ament_python'
[7.204s] Level 1:colcon.colcon_core.shell:create_environment_hook('carro_pkg', 'ament_prefix_path')
[7.273s] INFO:colcon.colcon_core.plugin_system:Skipping extension 'colcon_core.shell.bat': Not used on non-Windows systems
[7.274s] INFO:colcon.colcon_core.shell:Creating environment hook '/home/mara/demo_ws/install/carro_pkg/share/carro_pkg/hook/ament_prefix_path.ps1'
[7.319s] INFO:colcon.colcon_core.shell:Creating environment descriptor '/home/mara/demo_ws/install/carro_pkg/share/carro_pkg/hook/ament_prefix_path.dsv'
[7.323s] INFO:colcon.colcon_core.shell:Creating environment hook '/home/mara/demo_ws/install/carro_pkg/share/carro_pkg/hook/ament_prefix_path.sh'
[7.326s] INFO:colcon.colcon_core.shell:Skip shell extension 'powershell' for command environment: Not usable outside of PowerShell
[7.326s] DEBUG:colcon.colcon_core.shell:Skip shell extension 'dsv' for command environment
[7.342s] INFO:colcon.colcon_ros.task.ament_python.build:Building ROS package in '/home/mara/demo_ws/src/model_control' with build type 'ament_python'
[7.342s] Level 1:colcon.colcon_core.shell:create_environment_hook('model_control', 'ament_prefix_path')
[7.344s] INFO:colcon.colcon_core.shell:Creating environment hook '/home/mara/demo_ws/install/model_control/share/model_control/hook/ament_prefix_path.ps1'
[7.345s] INFO:colcon.colcon_core.shell:Creating environment descriptor '/home/mara/demo_ws/install/model_control/share/model_control/hook/ament_prefix_path.dsv'
[7.345s] INFO:colcon.colcon_core.shell:Creating environment hook '/home/mara/demo_ws/install/model_control/share/model_control/hook/ament_prefix_path.sh'
[7.347s] INFO:colcon.colcon_core.shell:Skip shell extension 'powershell' for command environment: Not usable outside of PowerShell
[7.347s] DEBUG:colcon.colcon_core.shell:Skip shell extension 'dsv' for command environment
[7.930s] INFO:colcon.colcon_core.task.python.build:Building Python package in '/home/mara/demo_ws/src/carro_pkg'
[7.931s] INFO:colcon.colcon_core.shell:Skip shell extension 'powershell' for command environment: Not usable outside of PowerShell
[7.931s] DEBUG:colcon.colcon_core.shell:Skip shell extension 'dsv' for command environment
[8.239s] INFO:colcon.colcon_core.task.python.build:Building Python package in '/home/mara/demo_ws/src/model_control'
[8.240s] INFO:colcon.colcon_core.shell:Skip shell extension 'powershell' for command environment: Not usable outside of PowerShell
[8.240s] DEBUG:colcon.colcon_core.shell:Skip shell extension 'dsv' for command environment
[11.223s] DEBUG:colcon.colcon_core.event_handler.log_command:Invoking command in '/home/mara/demo_ws/src/carro_pkg': PYTHONPATH=/home/mara/demo_ws/install/carro_pkg/lib/python3.8/site-packages:${PYTHONPATH} /usr/bin/python3 setup.py egg_info --egg-base ../../build/carro_pkg build --build-base /home/mara/demo_ws/build/carro_pkg/build install --prefix /home/mara/demo_ws/install/carro_pkg --record /home/mara/demo_ws/build/carro_pkg/install.log --single-version-externally-managed
[11.241s] DEBUG:colcon.colcon_core.event_handler.log_command:Invoking command in '/home/mara/demo_ws/src/model_control': PYTHONPATH=/home/mara/demo_ws/install/model_control/lib/python3.8/site-packages:${PYTHONPATH} /usr/bin/python3 setup.py egg_info --egg-base ../../build/model_control build --build-base /home/mara/demo_ws/build/model_control/build install --prefix /home/mara/demo_ws/install/model_control --record /home/mara/demo_ws/build/model_control/install.log --single-version-externally-managed
[11.932s] DEBUG:colcon.colcon_core.event_handler.log_command:Invoked command in '/home/mara/demo_ws/src/carro_pkg' returned '0': PYTHONPATH=/home/mara/demo_ws/install/carro_pkg/lib/python3.8/site-packages:${PYTHONPATH} /usr/bin/python3 setup.py egg_info --egg-base ../../build/carro_pkg build --build-base /home/mara/demo_ws/build/carro_pkg/build install --prefix /home/mara/demo_ws/install/carro_pkg --record /home/mara/demo_ws/build/carro_pkg/install.log --single-version-externally-managed
[12.228s] Level 1:colcon.colcon_core.environment:checking '/home/mara/demo_ws/install/carro_pkg' for CMake module files
[12.230s] Level 1:colcon.colcon_core.environment:checking '/home/mara/demo_ws/install/carro_pkg' for CMake config files
[12.233s] Level 1:colcon.colcon_core.environment:checking '/home/mara/demo_ws/install/carro_pkg/lib'
[12.234s] Level 1:colcon.colcon_core.environment:checking '/home/mara/demo_ws/install/carro_pkg/bin'
[12.234s] Level 1:colcon.colcon_core.environment:checking '/home/mara/demo_ws/install/carro_pkg/lib/pkgconfig/carro_pkg.pc'
[12.235s] Level 1:colcon.colcon_core.environment:checking '/home/mara/demo_ws/install/carro_pkg/lib/python3.8/site-packages'
[12.236s] Level 1:colcon.colcon_core.shell:create_environment_hook('carro_pkg', 'pythonpath')
[12.239s] INFO:colcon.colcon_core.shell:Creating environment hook '/home/mara/demo_ws/install/carro_pkg/share/carro_pkg/hook/pythonpath.ps1'
[12.241s] INFO:colcon.colcon_core.shell:Creating environment descriptor '/home/mara/demo_ws/install/carro_pkg/share/carro_pkg/hook/pythonpath.dsv'
[12.242s] INFO:colcon.colcon_core.shell:Creating environment hook '/home/mara/demo_ws/install/carro_pkg/share/carro_pkg/hook/pythonpath.sh'
[12.244s] Level 1:colcon.colcon_core.environment:checking '/home/mara/demo_ws/install/carro_pkg/bin'
[12.244s] Level 1:colcon.colcon_core.environment:create_environment_scripts_only(carro_pkg)
[12.246s] INFO:colcon.colcon_core.shell:Creating package script '/home/mara/demo_ws/install/carro_pkg/share/carro_pkg/package.ps1'
[12.276s] INFO:colcon.colcon_core.shell:Creating package descriptor '/home/mara/demo_ws/install/carro_pkg/share/carro_pkg/package.dsv'
[12.291s] INFO:colcon.colcon_core.shell:Creating package script '/home/mara/demo_ws/install/carro_pkg/share/carro_pkg/package.sh'
[12.295s] INFO:colcon.colcon_core.shell:Creating package script '/home/mara/demo_ws/install/carro_pkg/share/carro_pkg/package.bash'
[12.331s] INFO:colcon.colcon_core.shell:Creating package script '/home/mara/demo_ws/install/carro_pkg/share/carro_pkg/package.zsh'
[12.338s] Level 1:colcon.colcon_core.environment:create_file_with_runtime_dependencies(/home/mara/demo_ws/install/carro_pkg/share/colcon-core/packages/carro_pkg)
[12.346s] Level 1:colcon.colcon_core.environment:checking '/home/mara/demo_ws/install/model_control' for CMake module files
[12.349s] DEBUG:colcon.colcon_core.event_handler.log_command:Invoked command in '/home/mara/demo_ws/src/model_control' returned '0': PYTHONPATH=/home/mara/demo_ws/install/model_control/lib/python3.8/site-packages:${PYTHONPATH} /usr/bin/python3 setup.py egg_info --egg-base ../../build/model_control build --build-base /home/mara/demo_ws/build/model_control/build install --prefix /home/mara/demo_ws/install/model_control --record /home/mara/demo_ws/build/model_control/install.log --single-version-externally-managed
[12.350s] Level 1:colcon.colcon_core.environment:checking '/home/mara/demo_ws/install/model_control' for CMake config files
[12.352s] Level 1:colcon.colcon_core.environment:checking '/home/mara/demo_ws/install/model_control/lib'
[12.353s] Level 1:colcon.colcon_core.environment:checking '/home/mara/demo_ws/install/model_control/bin'
[12.353s] Level 1:colcon.colcon_core.environment:checking '/home/mara/demo_ws/install/model_control/lib/pkgconfig/model_control.pc'
[12.354s] Level 1:colcon.colcon_core.environment:checking '/home/mara/demo_ws/install/model_control/lib/python3.8/site-packages'
[12.354s] Level 1:colcon.colcon_core.shell:create_environment_hook('model_control', 'pythonpath')
[12.355s] INFO:colcon.colcon_core.shell:Creating environment hook '/home/mara/demo_ws/install/model_control/share/model_control/hook/pythonpath.ps1'
[12.356s] INFO:colcon.colcon_core.shell:Creating environment descriptor '/home/mara/demo_ws/install/model_control/share/model_control/hook/pythonpath.dsv'
[12.356s] INFO:colcon.colcon_core.shell:Creating environment hook '/home/mara/demo_ws/install/model_control/share/model_control/hook/pythonpath.sh'
[12.357s] Level 1:colcon.colcon_core.environment:checking '/home/mara/demo_ws/install/model_control/bin'
[12.357s] Level 1:colcon.colcon_core.environment:create_environment_scripts_only(model_control)
[12.358s] INFO:colcon.colcon_core.shell:Creating package script '/home/mara/demo_ws/install/model_control/share/model_control/package.ps1'
[12.359s] INFO:colcon.colcon_core.shell:Creating package descriptor '/home/mara/demo_ws/install/model_control/share/model_control/package.dsv'
[12.360s] INFO:colcon.colcon_core.shell:Creating package script '/home/mara/demo_ws/install/model_control/share/model_control/package.sh'
[12.360s] INFO:colcon.colcon_core.shell:Creating package script '/home/mara/demo_ws/install/model_control/share/model_control/package.bash'
[12.361s] INFO:colcon.colcon_core.shell:Creating package script '/home/mara/demo_ws/install/model_control/share/model_control/package.zsh'
[12.361s] Level 1:colcon.colcon_core.environment:create_file_with_runtime_dependencies(/home/mara/demo_ws/install/model_control/share/colcon-core/packages/model_control)
[12.361s] DEBUG:colcon.colcon_parallel_executor.executor.parallel:closing loop
[12.362s] DEBUG:colcon.colcon_parallel_executor.executor.parallel:loop closed
[12.362s] DEBUG:colcon.colcon_parallel_executor.executor.parallel:run_until_complete finished with '0'
[12.362s] DEBUG:colcon.colcon_core.event_reactor:joining thread
[12.385s] INFO:colcon.colcon_core.plugin_system:Skipping extension 'colcon_notification.desktop_notification.terminal_notifier': Not used on non-Darwin systems
[12.385s] INFO:colcon.colcon_core.plugin_system:Skipping extension 'colcon_notification.desktop_notification.win32': Not used on non-Windows systems
[12.385s] INFO:colcon.colcon_notification.desktop_notification:Sending desktop notification using 'notify2'
[12.403s] DEBUG:colcon.colcon_core.event_reactor:joined thread
[12.404s] INFO:colcon.colcon_core.shell:Creating prefix script '/home/mara/demo_ws/install/local_setup.ps1'
[12.429s] INFO:colcon.colcon_core.shell:Creating prefix util module '/home/mara/demo_ws/install/_local_setup_util_ps1.py'
[12.431s] INFO:colcon.colcon_core.shell:Creating prefix chain script '/home/mara/demo_ws/install/setup.ps1'
[12.459s] INFO:colcon.colcon_core.shell:Creating prefix script '/home/mara/demo_ws/install/local_setup.sh'
[12.461s] INFO:colcon.colcon_core.shell:Creating prefix util module '/home/mara/demo_ws/install/_local_setup_util_sh.py'
[12.463s] INFO:colcon.colcon_core.shell:Creating prefix chain script '/home/mara/demo_ws/install/setup.sh'
[12.472s] INFO:colcon.colcon_core.shell:Creating prefix script '/home/mara/demo_ws/install/local_setup.bash'
[12.481s] INFO:colcon.colcon_core.shell:Creating prefix chain script '/home/mara/demo_ws/install/setup.bash'
[12.510s] INFO:colcon.colcon_core.shell:Creating prefix script '/home/mara/demo_ws/install/local_setup.zsh'
[12.512s] INFO:colcon.colcon_core.shell:Creating prefix chain script '/home/mara/demo_ws/install/setup.zsh'
