[  2%] Built target my_pkg__cpp
[ 12%] Built target my_pkg__rosidl_generator_c
[ 23%] Built target my_pkg__rosidl_typesupport_cpp
[ 33%] Built target my_pkg__rosidl_typesupport_introspection_cpp
[ 43%] Built target my_pkg__rosidl_typesupport_fastrtps_cpp
[ 53%] Built target my_pkg__rosidl_typesupport_introspection_c
[ 64%] Built target my_pkg__rosidl_typesupport_c
[ 74%] Built target my_pkg__rosidl_typesupport_fastrtps_c
[ 74%] Built target my_pkg
[ 76%] Built target my_pkg__py
[ 84%] Built target my_pkg__python
[ 89%] Built target my_pkg__rosidl_typesupport_fastrtps_c__pyext
[ 97%] Built target my_pkg__rosidl_typesupport_c__pyext
[100%] Built target my_pkg__rosidl_typesupport_introspection_c__pyext
-- Install configuration: ""
-- Up-to-date: /home/mara/demo_ws/install/my_pkg/share/ament_index/resource_index/rosidl_interfaces/my_pkg
-- Up-to-date: /home/mara/demo_ws/install/my_pkg/include/my_pkg
-- Up-to-date: /home/mara/demo_ws/install/my_pkg/include/my_pkg/msg
-- Up-to-date: /home/mara/demo_ws/install/my_pkg/include/my_pkg/msg/detail
-- Up-to-date: /home/mara/demo_ws/install/my_pkg/include/my_pkg/msg/detail/distancia_dois_pontos__type_support.h
-- Up-to-date: /home/mara/demo_ws/install/my_pkg/include/my_pkg/msg/detail/distancia_dois_pontos__functions.h
-- Up-to-date: /home/mara/demo_ws/install/my_pkg/include/my_pkg/msg/detail/distancia_dois_pontos__struct.h
-- Up-to-date: /home/mara/demo_ws/install/my_pkg/include/my_pkg/msg/detail/distancia_dois_pontos__functions.c
-- Up-to-date: /home/mara/demo_ws/install/my_pkg/include/my_pkg/msg/distancia_dois_pontos.h
-- Up-to-date: /home/mara/demo_ws/install/my_pkg/include/my_pkg/msg/rosidl_generator_c__visibility_control.h
-- Up-to-date: /home/mara/demo_ws/install/my_pkg/include/my_pkg/srv
-- Up-to-date: /home/mara/demo_ws/install/my_pkg/include/my_pkg/srv/detail
-- Up-to-date: /home/mara/demo_ws/install/my_pkg/include/my_pkg/srv/detail/distancia_euclidiana__struct.h
-- Up-to-date: /home/mara/demo_ws/install/my_pkg/include/my_pkg/srv/detail/distancia_euclidiana__type_support.h
-- Up-to-date: /home/mara/demo_ws/install/my_pkg/include/my_pkg/srv/detail/distancia_euclidiana__functions.h
-- Up-to-date: /home/mara/demo_ws/install/my_pkg/include/my_pkg/srv/detail/distancia_euclidiana__functions.c
-- Up-to-date: /home/mara/demo_ws/install/my_pkg/include/my_pkg/srv/distancia_euclidiana.h
-- Up-to-date: /home/mara/demo_ws/install/my_pkg/share/my_pkg/environment/library_path.sh
-- Up-to-date: /home/mara/demo_ws/install/my_pkg/share/my_pkg/environment/library_path.dsv
-- Up-to-date: /home/mara/demo_ws/install/my_pkg/lib/libmy_pkg__rosidl_generator_c.so
-- Up-to-date: /home/mara/demo_ws/install/my_pkg/include/my_pkg
-- Up-to-date: /home/mara/demo_ws/install/my_pkg/include/my_pkg/msg
-- Up-to-date: /home/mara/demo_ws/install/my_pkg/include/my_pkg/msg/detail
-- Up-to-date: /home/mara/demo_ws/install/my_pkg/include/my_pkg/msg/detail/distancia_dois_pontos__rosidl_typesupport_fastrtps_c.h
-- Up-to-date: /home/mara/demo_ws/install/my_pkg/include/my_pkg/msg/rosidl_typesupport_fastrtps_c__visibility_control.h
-- Up-to-date: /home/mara/demo_ws/install/my_pkg/include/my_pkg/srv
-- Up-to-date: /home/mara/demo_ws/install/my_pkg/include/my_pkg/srv/detail
-- Up-to-date: /home/mara/demo_ws/install/my_pkg/include/my_pkg/srv/detail/distancia_euclidiana__rosidl_typesupport_fastrtps_c.h
-- Up-to-date: /home/mara/demo_ws/install/my_pkg/lib/libmy_pkg__rosidl_typesupport_fastrtps_c.so
-- Up-to-date: /home/mara/demo_ws/install/my_pkg/include/my_pkg
-- Up-to-date: /home/mara/demo_ws/install/my_pkg/include/my_pkg/msg
-- Up-to-date: /home/mara/demo_ws/install/my_pkg/include/my_pkg/msg/rosidl_typesupport_fastrtps_cpp__visibility_control.h
-- Up-to-date: /home/mara/demo_ws/install/my_pkg/include/my_pkg/msg/detail
-- Up-to-date: /home/mara/demo_ws/install/my_pkg/include/my_pkg/msg/detail/distancia_dois_pontos__rosidl_typesupport_fastrtps_cpp.hpp
-- Up-to-date: /home/mara/demo_ws/install/my_pkg/include/my_pkg/msg/detail/dds_fastrtps
-- Up-to-date: /home/mara/demo_ws/install/my_pkg/include/my_pkg/srv
-- Up-to-date: /home/mara/demo_ws/install/my_pkg/include/my_pkg/srv/detail
-- Up-to-date: /home/mara/demo_ws/install/my_pkg/include/my_pkg/srv/detail/distancia_euclidiana__rosidl_typesupport_fastrtps_cpp.hpp
-- Up-to-date: /home/mara/demo_ws/install/my_pkg/include/my_pkg/srv/detail/dds_fastrtps
-- Up-to-date: /home/mara/demo_ws/install/my_pkg/lib/libmy_pkg__rosidl_typesupport_fastrtps_cpp.so
-- Up-to-date: /home/mara/demo_ws/install/my_pkg/include/my_pkg
-- Up-to-date: /home/mara/demo_ws/install/my_pkg/include/my_pkg/msg
-- Up-to-date: /home/mara/demo_ws/install/my_pkg/include/my_pkg/msg/detail
-- Up-to-date: /home/mara/demo_ws/install/my_pkg/include/my_pkg/msg/detail/distancia_dois_pontos__type_support.c
-- Up-to-date: /home/mara/demo_ws/install/my_pkg/include/my_pkg/msg/detail/distancia_dois_pontos__rosidl_typesupport_introspection_c.h
-- Up-to-date: /home/mara/demo_ws/install/my_pkg/include/my_pkg/msg/rosidl_typesupport_introspection_c__visibility_control.h
-- Up-to-date: /home/mara/demo_ws/install/my_pkg/include/my_pkg/srv
-- Up-to-date: /home/mara/demo_ws/install/my_pkg/include/my_pkg/srv/detail
-- Up-to-date: /home/mara/demo_ws/install/my_pkg/include/my_pkg/srv/detail/distancia_euclidiana__rosidl_typesupport_introspection_c.h
-- Up-to-date: /home/mara/demo_ws/install/my_pkg/include/my_pkg/srv/detail/distancia_euclidiana__type_support.c
-- Up-to-date: /home/mara/demo_ws/install/my_pkg/lib/libmy_pkg__rosidl_typesupport_introspection_c.so
-- Up-to-date: /home/mara/demo_ws/install/my_pkg/lib/libmy_pkg__rosidl_typesupport_c.so
-- Up-to-date: /home/mara/demo_ws/install/my_pkg/include/my_pkg
-- Up-to-date: /home/mara/demo_ws/install/my_pkg/include/my_pkg/msg
-- Up-to-date: /home/mara/demo_ws/install/my_pkg/include/my_pkg/msg/detail
-- Up-to-date: /home/mara/demo_ws/install/my_pkg/include/my_pkg/msg/detail/distancia_dois_pontos__builder.hpp
-- Up-to-date: /home/mara/demo_ws/install/my_pkg/include/my_pkg/msg/detail/distancia_dois_pontos__traits.hpp
-- Up-to-date: /home/mara/demo_ws/install/my_pkg/include/my_pkg/msg/detail/distancia_dois_pontos__struct.hpp
-- Up-to-date: /home/mara/demo_ws/install/my_pkg/include/my_pkg/msg/distancia_dois_pontos.hpp
-- Up-to-date: /home/mara/demo_ws/install/my_pkg/include/my_pkg/srv
-- Up-to-date: /home/mara/demo_ws/install/my_pkg/include/my_pkg/srv/detail
-- Up-to-date: /home/mara/demo_ws/install/my_pkg/include/my_pkg/srv/detail/distancia_euclidiana__traits.hpp
-- Up-to-date: /home/mara/demo_ws/install/my_pkg/include/my_pkg/srv/detail/distancia_euclidiana__struct.hpp
-- Up-to-date: /home/mara/demo_ws/install/my_pkg/include/my_pkg/srv/detail/distancia_euclidiana__builder.hpp
-- Up-to-date: /home/mara/demo_ws/install/my_pkg/include/my_pkg/srv/distancia_euclidiana.hpp
-- Up-to-date: /home/mara/demo_ws/install/my_pkg/include/my_pkg
-- Up-to-date: /home/mara/demo_ws/install/my_pkg/include/my_pkg/msg
-- Up-to-date: /home/mara/demo_ws/install/my_pkg/include/my_pkg/msg/detail
-- Up-to-date: /home/mara/demo_ws/install/my_pkg/include/my_pkg/msg/detail/distancia_dois_pontos__rosidl_typesupport_introspection_cpp.hpp
-- Up-to-date: /home/mara/demo_ws/install/my_pkg/include/my_pkg/msg/detail/distancia_dois_pontos__type_support.cpp
-- Up-to-date: /home/mara/demo_ws/install/my_pkg/include/my_pkg/srv
-- Up-to-date: /home/mara/demo_ws/install/my_pkg/include/my_pkg/srv/detail
-- Up-to-date: /home/mara/demo_ws/install/my_pkg/include/my_pkg/srv/detail/distancia_euclidiana__type_support.cpp
-- Up-to-date: /home/mara/demo_ws/install/my_pkg/include/my_pkg/srv/detail/distancia_euclidiana__rosidl_typesupport_introspection_cpp.hpp
-- Up-to-date: /home/mara/demo_ws/install/my_pkg/lib/libmy_pkg__rosidl_typesupport_introspection_cpp.so
-- Up-to-date: /home/mara/demo_ws/install/my_pkg/lib/libmy_pkg__rosidl_typesupport_cpp.so
-- Up-to-date: /home/mara/demo_ws/install/my_pkg/share/my_pkg/environment/pythonpath.sh
-- Up-to-date: /home/mara/demo_ws/install/my_pkg/share/my_pkg/environment/pythonpath.dsv
-- Up-to-date: /home/mara/demo_ws/install/my_pkg/lib/python3.8/site-packages/my_pkg/__init__.py
-- Up-to-date: /home/mara/demo_ws/install/my_pkg/lib/python3.8/site-packages/my_pkg/msg
-- Up-to-date: /home/mara/demo_ws/install/my_pkg/lib/python3.8/site-packages/my_pkg/msg/_distancia_dois_pontos_s.c
-- Up-to-date: /home/mara/demo_ws/install/my_pkg/lib/python3.8/site-packages/my_pkg/msg/__init__.py
-- Up-to-date: /home/mara/demo_ws/install/my_pkg/lib/python3.8/site-packages/my_pkg/msg/_distancia_dois_pontos.py
-- Up-to-date: /home/mara/demo_ws/install/my_pkg/lib/python3.8/site-packages/my_pkg/srv
-- Up-to-date: /home/mara/demo_ws/install/my_pkg/lib/python3.8/site-packages/my_pkg/srv/_distancia_euclidiana.py
-- Up-to-date: /home/mara/demo_ws/install/my_pkg/lib/python3.8/site-packages/my_pkg/srv/__init__.py
-- Up-to-date: /home/mara/demo_ws/install/my_pkg/lib/python3.8/site-packages/my_pkg/srv/_distancia_euclidiana_s.c
-- Up-to-date: /home/mara/demo_ws/install/my_pkg/lib/python3.8/site-packages/my_pkg/my_pkg_s__rosidl_typesupport_fastrtps_c.cpython-38-x86_64-linux-gnu.so
-- Up-to-date: /home/mara/demo_ws/install/my_pkg/lib/python3.8/site-packages/my_pkg/my_pkg_s__rosidl_typesupport_introspection_c.cpython-38-x86_64-linux-gnu.so
-- Up-to-date: /home/mara/demo_ws/install/my_pkg/lib/python3.8/site-packages/my_pkg/my_pkg_s__rosidl_typesupport_c.cpython-38-x86_64-linux-gnu.so
-- Up-to-date: /home/mara/demo_ws/install/my_pkg/lib/libmy_pkg__python.so
-- Up-to-date: /home/mara/demo_ws/install/my_pkg/share/my_pkg/msg/DistanciaDoisPontos.idl
-- Up-to-date: /home/mara/demo_ws/install/my_pkg/share/my_pkg/srv/DistanciaEuclidiana.idl
-- Up-to-date: /home/mara/demo_ws/install/my_pkg/share/my_pkg/msg/DistanciaDoisPontos.msg
-- Up-to-date: /home/mara/demo_ws/install/my_pkg/share/my_pkg/srv/DistanciaEuclidiana.srv
-- Up-to-date: /home/mara/demo_ws/install/my_pkg/share/my_pkg/srv/DistanciaEuclidiana_Request.msg
-- Up-to-date: /home/mara/demo_ws/install/my_pkg/share/my_pkg/srv/DistanciaEuclidiana_Response.msg
-- Up-to-date: /home/mara/demo_ws/install/my_pkg/share/ament_index/resource_index/package_run_dependencies/my_pkg
-- Up-to-date: /home/mara/demo_ws/install/my_pkg/share/ament_index/resource_index/parent_prefix_path/my_pkg
-- Up-to-date: /home/mara/demo_ws/install/my_pkg/share/my_pkg/environment/ament_prefix_path.sh
-- Up-to-date: /home/mara/demo_ws/install/my_pkg/share/my_pkg/environment/ament_prefix_path.dsv
-- Up-to-date: /home/mara/demo_ws/install/my_pkg/share/my_pkg/environment/path.sh
-- Up-to-date: /home/mara/demo_ws/install/my_pkg/share/my_pkg/environment/path.dsv
-- Up-to-date: /home/mara/demo_ws/install/my_pkg/share/my_pkg/local_setup.bash
-- Up-to-date: /home/mara/demo_ws/install/my_pkg/share/my_pkg/local_setup.sh
-- Up-to-date: /home/mara/demo_ws/install/my_pkg/share/my_pkg/local_setup.zsh
-- Up-to-date: /home/mara/demo_ws/install/my_pkg/share/my_pkg/local_setup.dsv
-- Up-to-date: /home/mara/demo_ws/install/my_pkg/share/my_pkg/package.dsv
-- Up-to-date: /home/mara/demo_ws/install/my_pkg/share/ament_index/resource_index/packages/my_pkg
-- Up-to-date: /home/mara/demo_ws/install/my_pkg/share/my_pkg/cmake/my_pkg__rosidl_generator_cExport.cmake
-- Up-to-date: /home/mara/demo_ws/install/my_pkg/share/my_pkg/cmake/my_pkg__rosidl_generator_cExport-noconfig.cmake
-- Up-to-date: /home/mara/demo_ws/install/my_pkg/share/my_pkg/cmake/my_pkg__rosidl_typesupport_introspection_cExport.cmake
-- Up-to-date: /home/mara/demo_ws/install/my_pkg/share/my_pkg/cmake/my_pkg__rosidl_typesupport_introspection_cExport-noconfig.cmake
-- Up-to-date: /home/mara/demo_ws/install/my_pkg/share/my_pkg/cmake/my_pkg__rosidl_typesupport_cExport.cmake
-- Up-to-date: /home/mara/demo_ws/install/my_pkg/share/my_pkg/cmake/my_pkg__rosidl_typesupport_cExport-noconfig.cmake
-- Up-to-date: /home/mara/demo_ws/install/my_pkg/share/my_pkg/cmake/my_pkg__rosidl_generator_cppExport.cmake
-- Up-to-date: /home/mara/demo_ws/install/my_pkg/share/my_pkg/cmake/my_pkg__rosidl_typesupport_introspection_cppExport.cmake
-- Up-to-date: /home/mara/demo_ws/install/my_pkg/share/my_pkg/cmake/my_pkg__rosidl_typesupport_introspection_cppExport-noconfig.cmake
-- Up-to-date: /home/mara/demo_ws/install/my_pkg/share/my_pkg/cmake/my_pkg__rosidl_typesupport_cppExport.cmake
-- Up-to-date: /home/mara/demo_ws/install/my_pkg/share/my_pkg/cmake/my_pkg__rosidl_typesupport_cppExport-noconfig.cmake
-- Up-to-date: /home/mara/demo_ws/install/my_pkg/share/my_pkg/cmake/rosidl_cmake-extras.cmake
-- Up-to-date: /home/mara/demo_ws/install/my_pkg/share/my_pkg/cmake/ament_cmake_export_dependencies-extras.cmake
-- Up-to-date: /home/mara/demo_ws/install/my_pkg/share/my_pkg/cmake/ament_cmake_export_libraries-extras.cmake
-- Up-to-date: /home/mara/demo_ws/install/my_pkg/share/my_pkg/cmake/ament_cmake_export_targets-extras.cmake
-- Up-to-date: /home/mara/demo_ws/install/my_pkg/share/my_pkg/cmake/ament_cmake_export_include_directories-extras.cmake
-- Up-to-date: /home/mara/demo_ws/install/my_pkg/share/my_pkg/cmake/rosidl_cmake_export_typesupport_libraries-extras.cmake
-- Up-to-date: /home/mara/demo_ws/install/my_pkg/share/my_pkg/cmake/rosidl_cmake_export_typesupport_targets-extras.cmake
-- Up-to-date: /home/mara/demo_ws/install/my_pkg/share/my_pkg/cmake/my_pkgConfig.cmake
-- Up-to-date: /home/mara/demo_ws/install/my_pkg/share/my_pkg/cmake/my_pkgConfig-version.cmake
-- Up-to-date: /home/mara/demo_ws/install/my_pkg/share/my_pkg/package.xml
