[0.644s] Invoking command in '/home/mara/demo_ws/build/my_pkg': CMAKE_PREFIX_PATH=${CMAKE_PREFIX_PATH}:/home/mara/demo_ws/install/carro_pkg:/home/mara/demo_ws/src/install/carro_pkg:/opt/ros/foxy /usr/bin/cmake --build /home/mara/demo_ws/build/my_pkg -- -j8 -l8
[0.702s] [  2%] Built target my_pkg__cpp
[0.703s] [ 12%] Built target my_pkg__rosidl_generator_c
[0.730s] [ 23%] Built target my_pkg__rosidl_typesupport_cpp
[0.732s] [ 33%] Built target my_pkg__rosidl_typesupport_introspection_cpp
[0.740s] [ 43%] Built target my_pkg__rosidl_typesupport_fastrtps_cpp
[0.761s] [ 53%] Built target my_pkg__rosidl_typesupport_introspection_c
[0.764s] [ 64%] Built target my_pkg__rosidl_typesupport_c
[0.770s] [ 74%] Built target my_pkg__rosidl_typesupport_fastrtps_c
[0.791s] [ 74%] Built target my_pkg
[0.814s] [ 76%] Built target my_pkg__py
[0.841s] [ 84%] Built target my_pkg__python
[0.876s] [ 89%] Built target my_pkg__rosidl_typesupport_fastrtps_c__pyext
[0.878s] [ 97%] Built target my_pkg__rosidl_typesupport_c__pyext
[0.878s] [100%] Built target my_pkg__rosidl_typesupport_introspection_c__pyext
[0.891s] Invoked command in '/home/mara/demo_ws/build/my_pkg' returned '0': CMAKE_PREFIX_PATH=${CMAKE_PREFIX_PATH}:/home/mara/demo_ws/install/carro_pkg:/home/mara/demo_ws/src/install/carro_pkg:/opt/ros/foxy /usr/bin/cmake --build /home/mara/demo_ws/build/my_pkg -- -j8 -l8
[0.971s] Invoking command in '/home/mara/demo_ws/build/my_pkg': CMAKE_PREFIX_PATH=${CMAKE_PREFIX_PATH}:/home/mara/demo_ws/install/carro_pkg:/home/mara/demo_ws/src/install/carro_pkg:/opt/ros/foxy /usr/bin/cmake --install /home/mara/demo_ws/build/my_pkg
[0.983s] -- Install configuration: ""
[0.983s] -- Up-to-date: /home/mara/demo_ws/install/my_pkg/share/ament_index/resource_index/rosidl_interfaces/my_pkg
[0.984s] -- Up-to-date: /home/mara/demo_ws/install/my_pkg/include/my_pkg
[0.984s] -- Up-to-date: /home/mara/demo_ws/install/my_pkg/include/my_pkg/msg
[0.984s] -- Up-to-date: /home/mara/demo_ws/install/my_pkg/include/my_pkg/msg/detail
[0.984s] -- Up-to-date: /home/mara/demo_ws/install/my_pkg/include/my_pkg/msg/detail/distancia_dois_pontos__type_support.h
[0.984s] -- Up-to-date: /home/mara/demo_ws/install/my_pkg/include/my_pkg/msg/detail/distancia_dois_pontos__functions.h
[0.984s] -- Up-to-date: /home/mara/demo_ws/install/my_pkg/include/my_pkg/msg/detail/distancia_dois_pontos__struct.h
[0.985s] -- Up-to-date: /home/mara/demo_ws/install/my_pkg/include/my_pkg/msg/detail/distancia_dois_pontos__functions.c
[0.985s] -- Up-to-date: /home/mara/demo_ws/install/my_pkg/include/my_pkg/msg/distancia_dois_pontos.h
[0.985s] -- Up-to-date: /home/mara/demo_ws/install/my_pkg/include/my_pkg/msg/rosidl_generator_c__visibility_control.h
[0.985s] -- Up-to-date: /home/mara/demo_ws/install/my_pkg/include/my_pkg/srv
[0.985s] -- Up-to-date: /home/mara/demo_ws/install/my_pkg/include/my_pkg/srv/detail
[0.986s] -- Up-to-date: /home/mara/demo_ws/install/my_pkg/include/my_pkg/srv/detail/distancia_euclidiana__struct.h
[0.986s] -- Up-to-date: /home/mara/demo_ws/install/my_pkg/include/my_pkg/srv/detail/distancia_euclidiana__type_support.h
[0.986s] -- Up-to-date: /home/mara/demo_ws/install/my_pkg/include/my_pkg/srv/detail/distancia_euclidiana__functions.h
[0.986s] -- Up-to-date: /home/mara/demo_ws/install/my_pkg/include/my_pkg/srv/detail/distancia_euclidiana__functions.c
[0.986s] -- Up-to-date: /home/mara/demo_ws/install/my_pkg/include/my_pkg/srv/distancia_euclidiana.h
[0.987s] -- Up-to-date: /home/mara/demo_ws/install/my_pkg/share/my_pkg/environment/library_path.sh
[0.987s] -- Up-to-date: /home/mara/demo_ws/install/my_pkg/share/my_pkg/environment/library_path.dsv
[0.987s] -- Up-to-date: /home/mara/demo_ws/install/my_pkg/lib/libmy_pkg__rosidl_generator_c.so
[0.987s] -- Up-to-date: /home/mara/demo_ws/install/my_pkg/include/my_pkg
[0.987s] -- Up-to-date: /home/mara/demo_ws/install/my_pkg/include/my_pkg/msg
[0.988s] -- Up-to-date: /home/mara/demo_ws/install/my_pkg/include/my_pkg/msg/detail
[0.988s] -- Up-to-date: /home/mara/demo_ws/install/my_pkg/include/my_pkg/msg/detail/distancia_dois_pontos__rosidl_typesupport_fastrtps_c.h
[0.988s] -- Up-to-date: /home/mara/demo_ws/install/my_pkg/include/my_pkg/msg/rosidl_typesupport_fastrtps_c__visibility_control.h
[0.989s] -- Up-to-date: /home/mara/demo_ws/install/my_pkg/include/my_pkg/srv
[0.989s] -- Up-to-date: /home/mara/demo_ws/install/my_pkg/include/my_pkg/srv/detail
[0.989s] -- Up-to-date: /home/mara/demo_ws/install/my_pkg/include/my_pkg/srv/detail/distancia_euclidiana__rosidl_typesupport_fastrtps_c.h
[0.989s] -- Up-to-date: /home/mara/demo_ws/install/my_pkg/lib/libmy_pkg__rosidl_typesupport_fastrtps_c.so
[0.989s] -- Up-to-date: /home/mara/demo_ws/install/my_pkg/include/my_pkg
[0.989s] -- Up-to-date: /home/mara/demo_ws/install/my_pkg/include/my_pkg/msg
[0.990s] -- Up-to-date: /home/mara/demo_ws/install/my_pkg/include/my_pkg/msg/rosidl_typesupport_fastrtps_cpp__visibility_control.h
[0.990s] -- Up-to-date: /home/mara/demo_ws/install/my_pkg/include/my_pkg/msg/detail
[0.990s] -- Up-to-date: /home/mara/demo_ws/install/my_pkg/include/my_pkg/msg/detail/distancia_dois_pontos__rosidl_typesupport_fastrtps_cpp.hpp
[0.990s] -- Up-to-date: /home/mara/demo_ws/install/my_pkg/include/my_pkg/msg/detail/dds_fastrtps
[0.990s] -- Up-to-date: /home/mara/demo_ws/install/my_pkg/include/my_pkg/srv
[0.990s] -- Up-to-date: /home/mara/demo_ws/install/my_pkg/include/my_pkg/srv/detail
[0.990s] -- Up-to-date: /home/mara/demo_ws/install/my_pkg/include/my_pkg/srv/detail/distancia_euclidiana__rosidl_typesupport_fastrtps_cpp.hpp
[0.991s] -- Up-to-date: /home/mara/demo_ws/install/my_pkg/include/my_pkg/srv/detail/dds_fastrtps
[0.991s] -- Up-to-date: /home/mara/demo_ws/install/my_pkg/lib/libmy_pkg__rosidl_typesupport_fastrtps_cpp.so
[0.991s] -- Up-to-date: /home/mara/demo_ws/install/my_pkg/include/my_pkg
[0.991s] -- Up-to-date: /home/mara/demo_ws/install/my_pkg/include/my_pkg/msg
[0.991s] -- Up-to-date: /home/mara/demo_ws/install/my_pkg/include/my_pkg/msg/detail
[0.991s] -- Up-to-date: /home/mara/demo_ws/install/my_pkg/include/my_pkg/msg/detail/distancia_dois_pontos__type_support.c
[0.991s] -- Up-to-date: /home/mara/demo_ws/install/my_pkg/include/my_pkg/msg/detail/distancia_dois_pontos__rosidl_typesupport_introspection_c.h
[0.992s] -- Up-to-date: /home/mara/demo_ws/install/my_pkg/include/my_pkg/msg/rosidl_typesupport_introspection_c__visibility_control.h
[0.992s] -- Up-to-date: /home/mara/demo_ws/install/my_pkg/include/my_pkg/srv
[0.992s] -- Up-to-date: /home/mara/demo_ws/install/my_pkg/include/my_pkg/srv/detail
[0.992s] -- Up-to-date: /home/mara/demo_ws/install/my_pkg/include/my_pkg/srv/detail/distancia_euclidiana__rosidl_typesupport_introspection_c.h
[0.992s] -- Up-to-date: /home/mara/demo_ws/install/my_pkg/include/my_pkg/srv/detail/distancia_euclidiana__type_support.c
[0.992s] -- Up-to-date: /home/mara/demo_ws/install/my_pkg/lib/libmy_pkg__rosidl_typesupport_introspection_c.so
[0.993s] -- Up-to-date: /home/mara/demo_ws/install/my_pkg/lib/libmy_pkg__rosidl_typesupport_c.so
[0.993s] -- Up-to-date: /home/mara/demo_ws/install/my_pkg/include/my_pkg
[0.993s] -- Up-to-date: /home/mara/demo_ws/install/my_pkg/include/my_pkg/msg
[0.993s] -- Up-to-date: /home/mara/demo_ws/install/my_pkg/include/my_pkg/msg/detail
[0.993s] -- Up-to-date: /home/mara/demo_ws/install/my_pkg/include/my_pkg/msg/detail/distancia_dois_pontos__builder.hpp
[0.993s] -- Up-to-date: /home/mara/demo_ws/install/my_pkg/include/my_pkg/msg/detail/distancia_dois_pontos__traits.hpp
[0.994s] -- Up-to-date: /home/mara/demo_ws/install/my_pkg/include/my_pkg/msg/detail/distancia_dois_pontos__struct.hpp
[0.994s] -- Up-to-date: /home/mara/demo_ws/install/my_pkg/include/my_pkg/msg/distancia_dois_pontos.hpp
[0.994s] -- Up-to-date: /home/mara/demo_ws/install/my_pkg/include/my_pkg/srv
[0.994s] -- Up-to-date: /home/mara/demo_ws/install/my_pkg/include/my_pkg/srv/detail
[0.994s] -- Up-to-date: /home/mara/demo_ws/install/my_pkg/include/my_pkg/srv/detail/distancia_euclidiana__traits.hpp
[0.994s] -- Up-to-date: /home/mara/demo_ws/install/my_pkg/include/my_pkg/srv/detail/distancia_euclidiana__struct.hpp
[0.994s] -- Up-to-date: /home/mara/demo_ws/install/my_pkg/include/my_pkg/srv/detail/distancia_euclidiana__builder.hpp
[0.995s] -- Up-to-date: /home/mara/demo_ws/install/my_pkg/include/my_pkg/srv/distancia_euclidiana.hpp
[0.995s] -- Up-to-date: /home/mara/demo_ws/install/my_pkg/include/my_pkg
[0.995s] -- Up-to-date: /home/mara/demo_ws/install/my_pkg/include/my_pkg/msg
[0.995s] -- Up-to-date: /home/mara/demo_ws/install/my_pkg/include/my_pkg/msg/detail
[0.995s] -- Up-to-date: /home/mara/demo_ws/install/my_pkg/include/my_pkg/msg/detail/distancia_dois_pontos__rosidl_typesupport_introspection_cpp.hpp
[0.995s] -- Up-to-date: /home/mara/demo_ws/install/my_pkg/include/my_pkg/msg/detail/distancia_dois_pontos__type_support.cpp
[0.996s] -- Up-to-date: /home/mara/demo_ws/install/my_pkg/include/my_pkg/srv
[0.996s] -- Up-to-date: /home/mara/demo_ws/install/my_pkg/include/my_pkg/srv/detail
[0.996s] -- Up-to-date: /home/mara/demo_ws/install/my_pkg/include/my_pkg/srv/detail/distancia_euclidiana__type_support.cpp
[0.996s] -- Up-to-date: /home/mara/demo_ws/install/my_pkg/include/my_pkg/srv/detail/distancia_euclidiana__rosidl_typesupport_introspection_cpp.hpp
[0.996s] -- Up-to-date: /home/mara/demo_ws/install/my_pkg/lib/libmy_pkg__rosidl_typesupport_introspection_cpp.so
[0.996s] -- Up-to-date: /home/mara/demo_ws/install/my_pkg/lib/libmy_pkg__rosidl_typesupport_cpp.so
[0.996s] -- Up-to-date: /home/mara/demo_ws/install/my_pkg/share/my_pkg/environment/pythonpath.sh
[0.997s] -- Up-to-date: /home/mara/demo_ws/install/my_pkg/share/my_pkg/environment/pythonpath.dsv
[0.997s] -- Up-to-date: /home/mara/demo_ws/install/my_pkg/lib/python3.8/site-packages/my_pkg/__init__.py
[1.029s] -- Up-to-date: /home/mara/demo_ws/install/my_pkg/lib/python3.8/site-packages/my_pkg/msg
[1.029s] -- Up-to-date: /home/mara/demo_ws/install/my_pkg/lib/python3.8/site-packages/my_pkg/msg/_distancia_dois_pontos_s.c
[1.030s] -- Up-to-date: /home/mara/demo_ws/install/my_pkg/lib/python3.8/site-packages/my_pkg/msg/__init__.py
[1.030s] -- Up-to-date: /home/mara/demo_ws/install/my_pkg/lib/python3.8/site-packages/my_pkg/msg/_distancia_dois_pontos.py
[1.030s] -- Up-to-date: /home/mara/demo_ws/install/my_pkg/lib/python3.8/site-packages/my_pkg/srv
[1.030s] -- Up-to-date: /home/mara/demo_ws/install/my_pkg/lib/python3.8/site-packages/my_pkg/srv/_distancia_euclidiana.py
[1.030s] -- Up-to-date: /home/mara/demo_ws/install/my_pkg/lib/python3.8/site-packages/my_pkg/srv/__init__.py
[1.030s] -- Up-to-date: /home/mara/demo_ws/install/my_pkg/lib/python3.8/site-packages/my_pkg/srv/_distancia_euclidiana_s.c
[1.030s] -- Up-to-date: /home/mara/demo_ws/install/my_pkg/lib/python3.8/site-packages/my_pkg/my_pkg_s__rosidl_typesupport_fastrtps_c.cpython-38-x86_64-linux-gnu.so
[1.031s] -- Up-to-date: /home/mara/demo_ws/install/my_pkg/lib/python3.8/site-packages/my_pkg/my_pkg_s__rosidl_typesupport_introspection_c.cpython-38-x86_64-linux-gnu.so
[1.031s] -- Up-to-date: /home/mara/demo_ws/install/my_pkg/lib/python3.8/site-packages/my_pkg/my_pkg_s__rosidl_typesupport_c.cpython-38-x86_64-linux-gnu.so
[1.032s] -- Up-to-date: /home/mara/demo_ws/install/my_pkg/lib/libmy_pkg__python.so
[1.032s] -- Up-to-date: /home/mara/demo_ws/install/my_pkg/share/my_pkg/msg/DistanciaDoisPontos.idl
[1.032s] -- Up-to-date: /home/mara/demo_ws/install/my_pkg/share/my_pkg/srv/DistanciaEuclidiana.idl
[1.033s] -- Up-to-date: /home/mara/demo_ws/install/my_pkg/share/my_pkg/msg/DistanciaDoisPontos.msg
[1.033s] -- Up-to-date: /home/mara/demo_ws/install/my_pkg/share/my_pkg/srv/DistanciaEuclidiana.srv
[1.033s] -- Up-to-date: /home/mara/demo_ws/install/my_pkg/share/my_pkg/srv/DistanciaEuclidiana_Request.msg
[1.033s] -- Up-to-date: /home/mara/demo_ws/install/my_pkg/share/my_pkg/srv/DistanciaEuclidiana_Response.msg
[1.033s] -- Up-to-date: /home/mara/demo_ws/install/my_pkg/share/ament_index/resource_index/package_run_dependencies/my_pkg
[1.033s] -- Up-to-date: /home/mara/demo_ws/install/my_pkg/share/ament_index/resource_index/parent_prefix_path/my_pkg
[1.034s] -- Up-to-date: /home/mara/demo_ws/install/my_pkg/share/my_pkg/environment/ament_prefix_path.sh
[1.034s] -- Up-to-date: /home/mara/demo_ws/install/my_pkg/share/my_pkg/environment/ament_prefix_path.dsv
[1.034s] -- Up-to-date: /home/mara/demo_ws/install/my_pkg/share/my_pkg/environment/path.sh
[1.034s] -- Up-to-date: /home/mara/demo_ws/install/my_pkg/share/my_pkg/environment/path.dsv
[1.034s] -- Up-to-date: /home/mara/demo_ws/install/my_pkg/share/my_pkg/local_setup.bash
[1.034s] -- Up-to-date: /home/mara/demo_ws/install/my_pkg/share/my_pkg/local_setup.sh
[1.034s] -- Up-to-date: /home/mara/demo_ws/install/my_pkg/share/my_pkg/local_setup.zsh
[1.035s] -- Up-to-date: /home/mara/demo_ws/install/my_pkg/share/my_pkg/local_setup.dsv
[1.035s] -- Up-to-date: /home/mara/demo_ws/install/my_pkg/share/my_pkg/package.dsv
[1.035s] -- Up-to-date: /home/mara/demo_ws/install/my_pkg/share/ament_index/resource_index/packages/my_pkg
[1.035s] -- Up-to-date: /home/mara/demo_ws/install/my_pkg/share/my_pkg/cmake/my_pkg__rosidl_generator_cExport.cmake
[1.035s] -- Up-to-date: /home/mara/demo_ws/install/my_pkg/share/my_pkg/cmake/my_pkg__rosidl_generator_cExport-noconfig.cmake
[1.035s] -- Up-to-date: /home/mara/demo_ws/install/my_pkg/share/my_pkg/cmake/my_pkg__rosidl_typesupport_introspection_cExport.cmake
[1.036s] -- Up-to-date: /home/mara/demo_ws/install/my_pkg/share/my_pkg/cmake/my_pkg__rosidl_typesupport_introspection_cExport-noconfig.cmake
[1.036s] -- Up-to-date: /home/mara/demo_ws/install/my_pkg/share/my_pkg/cmake/my_pkg__rosidl_typesupport_cExport.cmake
[1.036s] -- Up-to-date: /home/mara/demo_ws/install/my_pkg/share/my_pkg/cmake/my_pkg__rosidl_typesupport_cExport-noconfig.cmake
[1.036s] -- Up-to-date: /home/mara/demo_ws/install/my_pkg/share/my_pkg/cmake/my_pkg__rosidl_generator_cppExport.cmake
[1.036s] -- Up-to-date: /home/mara/demo_ws/install/my_pkg/share/my_pkg/cmake/my_pkg__rosidl_typesupport_introspection_cppExport.cmake
[1.036s] -- Up-to-date: /home/mara/demo_ws/install/my_pkg/share/my_pkg/cmake/my_pkg__rosidl_typesupport_introspection_cppExport-noconfig.cmake
[1.036s] -- Up-to-date: /home/mara/demo_ws/install/my_pkg/share/my_pkg/cmake/my_pkg__rosidl_typesupport_cppExport.cmake
[1.036s] -- Up-to-date: /home/mara/demo_ws/install/my_pkg/share/my_pkg/cmake/my_pkg__rosidl_typesupport_cppExport-noconfig.cmake
[1.037s] -- Up-to-date: /home/mara/demo_ws/install/my_pkg/share/my_pkg/cmake/rosidl_cmake-extras.cmake
[1.037s] -- Up-to-date: /home/mara/demo_ws/install/my_pkg/share/my_pkg/cmake/ament_cmake_export_dependencies-extras.cmake
[1.038s] -- Up-to-date: /home/mara/demo_ws/install/my_pkg/share/my_pkg/cmake/ament_cmake_export_libraries-extras.cmake
[1.039s] -- Up-to-date: /home/mara/demo_ws/install/my_pkg/share/my_pkg/cmake/ament_cmake_export_targets-extras.cmake
[1.039s] -- Up-to-date: /home/mara/demo_ws/install/my_pkg/share/my_pkg/cmake/ament_cmake_export_include_directories-extras.cmake
[1.040s] -- Up-to-date: /home/mara/demo_ws/install/my_pkg/share/my_pkg/cmake/rosidl_cmake_export_typesupport_libraries-extras.cmake
[1.040s] -- Up-to-date: /home/mara/demo_ws/install/my_pkg/share/my_pkg/cmake/rosidl_cmake_export_typesupport_targets-extras.cmake
[1.040s] -- Up-to-date: /home/mara/demo_ws/install/my_pkg/share/my_pkg/cmake/my_pkgConfig.cmake
[1.040s] -- Up-to-date: /home/mara/demo_ws/install/my_pkg/share/my_pkg/cmake/my_pkgConfig-version.cmake
[1.041s] -- Up-to-date: /home/mara/demo_ws/install/my_pkg/share/my_pkg/package.xml
[1.041s] Invoked command in '/home/mara/demo_ws/build/my_pkg' returned '0': CMAKE_PREFIX_PATH=${CMAKE_PREFIX_PATH}:/home/mara/demo_ws/install/carro_pkg:/home/mara/demo_ws/src/install/carro_pkg:/opt/ros/foxy /usr/bin/cmake --install /home/mara/demo_ws/build/my_pkg
